IOR-3.2.0: MPI Coordinated Test of Parallel I/O
Began               : Thu Jun  6 16:00:49 2019
Command line        : /glade/work/kpaul/software/ncar-ior/bin/ior -a POSIX -w -r -C -i10 -g -t 256m -b 1024m -e -F
Machine             : Linux r11i3n24
TestID              : 0
StartTime           : Thu Jun  6 16:00:49 2019
Path                : /gpfs/fs1/scratch/kpaul/ior_scaling
FS                  : 15000.0 TiB   Used FS: 59.5%   Inodes: 2355.6 Mi   Used Inodes: 62.6%

Options: 
api                 : POSIX
apiVersion          : 
test filename       : testFile
access              : file-per-process
type                : independent
segments            : 1
ordering in a file  : sequential
ordering inter file : constant task offset
task offset         : 1
tasks               : 2
clients per node    : 1
repetitions         : 10
xfersize            : 256 MiB
blocksize           : 1 GiB
aggregate filesize  : 2 GiB

Results: 

access    bw(MiB/s)  block(KiB) xfer(KiB)  open(s)    wr/rd(s)   close(s)   total(s)   iter
------    ---------  ---------- ---------  --------   --------   --------   --------   ----
write     6788       1048576    262144     0.001836   0.299811   0.000043   0.301708   0   
read      7096       1048576    262144     0.006069   0.282477   0.000045   0.288606   0   
remove    -          -          -          -          -          -          0.004093   0   
write     6148       1048576    262144     0.005529   0.327536   0.000044   0.333127   1   
read      7088       1048576    262144     0.004674   0.284190   0.000042   0.288921   1   
remove    -          -          -          -          -          -          0.004785   1   
write     6010       1048576    262144     0.004798   0.335933   0.000041   0.340793   2   
read      7204       1048576    262144     0.005158   0.279064   0.000044   0.284285   2   
remove    -          -          -          -          -          -          0.004794   2   
write     2912.35    1048576    262144     0.005207   0.697941   0.000045   0.703211   3   
read      7043       1048576    262144     0.003939   0.286781   0.000045   0.290784   3   
remove    -          -          -          -          -          -          0.003932   3   
write     5814       1048576    262144     0.004463   0.347752   0.000044   0.352278   4   
read      6664       1048576    262144     0.004517   0.302744   0.000044   0.307324   4   
remove    -          -          -          -          -          -          0.005540   4   
write     6251       1048576    262144     0.005122   0.322445   0.000045   0.327631   5   
read      7137       1048576    262144     0.004738   0.282175   0.000043   0.286973   5   
remove    -          -          -          -          -          -          0.004176   5   
write     6598       1048576    262144     0.004868   0.305452   0.000045   0.310382   6   
read      7086       1048576    262144     0.006581   0.282392   0.000042   0.289033   6   
remove    -          -          -          -          -          -          0.003680   6   
write     4247       1048576    262144     0.006647   0.475555   0.000045   0.482264   7   
read      7081       1048576    262144     0.004754   0.284414   0.000044   0.289233   7   
remove    -          -          -          -          -          -          0.004702   7   
write     6204       1048576    262144     0.004537   0.325505   0.000045   0.330103   8   
read      7020       1048576    262144     0.004487   0.287186   0.000046   0.291735   8   
remove    -          -          -          -          -          -          0.004327   8   
write     3767       1048576    262144     0.004660   0.538999   0.000045   0.543720   9   
read      7133       1048576    262144     0.006006   0.281056   0.000041   0.287121   9   
remove    -          -          -          -          -          -          0.004177   9   
Max Write: 6788.01 MiB/sec (7117.75 MB/sec)
Max Read:  7204.04 MiB/sec (7553.98 MB/sec)

Summary of all tests:
Operation   Max(MiB)   Min(MiB)  Mean(MiB)     StdDev   Max(OPs)   Min(OPs)  Mean(OPs)     StdDev    Mean(s) Test# #Tasks tPN reps fPP reord reordoff reordrand seed segcnt   blksiz    xsize aggs(MiB)   API RefNum
write        6788.01    2912.35    5473.79    1263.61      26.52      11.38      21.38       4.94    0.40252     0      2   1   10   1     1        1         0    0      1 1073741824 268435456    2048.0 POSIX      0
read         7204.04    6663.97    7055.17     139.15      28.14      26.03      27.56       0.54    0.29040     0      2   1   10   1     1        1         0    0      1 1073741824 268435456    2048.0 POSIX      0
Finished            : Thu Jun  6 16:00:57 2019
