IOR-3.2.0: MPI Coordinated Test of Parallel I/O
Began               : Thu Jun  6 17:03:46 2019
Command line        : /glade/work/kpaul/software/ncar-ior/bin/ior -a POSIX -w -r -C -i10 -g -t 128m -b 1024m -e -F
Machine             : Linux r8i1n21
TestID              : 0
StartTime           : Thu Jun  6 17:03:46 2019
Path                : /gpfs/fs1/scratch/kpaul/ior_scaling
FS                  : 15000.0 TiB   Used FS: 59.6%   Inodes: 2355.6 Mi   Used Inodes: 62.6%

Options: 
api                 : POSIX
apiVersion          : 
test filename       : testFile
access              : file-per-process
type                : independent
segments            : 1
ordering in a file  : sequential
ordering inter file : constant task offset
task offset         : 1
tasks               : 8
clients per node    : 1
repetitions         : 10
xfersize            : 128 MiB
blocksize           : 1 GiB
aggregate filesize  : 8 GiB

Results: 

access    bw(MiB/s)  block(KiB) xfer(KiB)  open(s)    wr/rd(s)   close(s)   total(s)   iter
------    ---------  ---------- ---------  --------   --------   --------   --------   ----
write     22095      1048576    131072     0.002467   0.368215   0.000055   0.370758   0   
read      24506      1048576    131072     0.010753   0.323453   0.000063   0.334284   0   
remove    -          -          -          -          -          -          0.005856   0   
write     14020      1048576    131072     0.008646   0.575512   0.000144   0.584320   1   
read      26027      1048576    131072     0.008344   0.306336   0.000054   0.314756   1   
remove    -          -          -          -          -          -          0.006102   1   
write     13958      1048576    131072     0.006148   0.580678   0.000070   0.586924   2   
read      25752      1048576    131072     0.009471   0.308566   0.000053   0.318111   2   
remove    -          -          -          -          -          -          0.006415   2   
write     21058      1048576    131072     0.007352   0.381601   0.000053   0.389024   3   
read      26113      1048576    131072     0.009274   0.304375   0.000047   0.313714   3   
remove    -          -          -          -          -          -          0.006105   3   
write     16667      1048576    131072     0.005675   0.485749   0.000058   0.491504   4   
read      25854      1048576    131072     0.009850   0.306923   0.000054   0.316851   4   
remove    -          -          -          -          -          -          0.006519   4   
write     14769      1048576    131072     0.006707   0.547838   0.000089   0.554659   5   
read      25639      1048576    131072     0.009238   0.310206   0.000052   0.319517   5   
remove    -          -          -          -          -          -          0.006105   5   
write     21078      1048576    131072     0.005949   0.382614   0.000056   0.388646   6   
read      25723      1048576    131072     0.009820   0.308577   0.000050   0.318465   6   
remove    -          -          -          -          -          -          0.005704   6   
write     18735      1048576    131072     0.006412   0.430778   0.000053   0.437265   7   
read      25348      1048576    131072     0.009948   0.313152   0.000054   0.323178   7   
remove    -          -          -          -          -          -          0.005281   7   
write     21554      1048576    131072     0.006004   0.373992   0.000058   0.380076   8   
read      26161      1048576    131072     0.009690   0.303367   0.000055   0.313133   8   
remove    -          -          -          -          -          -          0.006587   8   
write     18496      1048576    131072     0.038551   0.404299   0.000054   0.442917   9   
read      25863      1048576    131072     0.010163   0.306504   0.000053   0.316743   9   
remove    -          -          -          -          -          -          0.006395   9   
Max Write: 22095.30 MiB/sec (23168.60 MB/sec)
Max Read:  26161.40 MiB/sec (27432.22 MB/sec)

Summary of all tests:
Operation   Max(MiB)   Min(MiB)  Mean(MiB)     StdDev   Max(OPs)   Min(OPs)  Mean(OPs)     StdDev    Mean(s) Test# #Tasks tPN reps fPP reord reordoff reordrand seed segcnt   blksiz    xsize aggs(MiB)   API RefNum
write       22095.30   13957.51   18242.91    3046.61     172.62     109.04     142.52      23.80    0.46261     0      8   1   10   1     1        1         0    0      1 1073741824 134217728    8192.0 POSIX      0
read        26161.40   24506.13   25698.69     457.88     204.39     191.45     200.77       3.58    0.31888     0      8   1   10   1     1        1         0    0      1 1073741824 134217728    8192.0 POSIX      0
Finished            : Thu Jun  6 17:03:54 2019
