IOR-3.2.0: MPI Coordinated Test of Parallel I/O
Began               : Thu Jun  6 16:03:10 2019
Command line        : /glade/work/kpaul/software/ncar-ior/bin/ior -a NCMPI -w -r -C -i10 -g -t 256m -b 1024m
Machine             : Linux r11i3n24
TestID              : 0
StartTime           : Thu Jun  6 16:03:10 2019
Path                : /gpfs/fs1/scratch/kpaul/ior_scaling
FS                  : 15000.0 TiB   Used FS: 59.5%   Inodes: 2355.6 Mi   Used Inodes: 62.6%

Options: 
api                 : NCMPI
apiVersion          : 1.11.0 of 19 Dec 2018
test filename       : testFile
access              : single-shared-file
type                : independent
segments            : 1
ordering in a file  : sequential
ordering inter file : constant task offset
task offset         : 1
tasks               : 2
clients per node    : 1
repetitions         : 10
xfersize            : 256 MiB
blocksize           : 1 GiB
aggregate filesize  : 2 GiB

Results: 

access    bw(MiB/s)  block(KiB) xfer(KiB)  open(s)    wr/rd(s)   close(s)   total(s)   iter
------    ---------  ---------- ---------  --------   --------   --------   --------   ----
write     4652       1048576    262144     0.007615   0.430942   0.001706   0.440279   0   
read      6485       1048576    262144     0.000784   0.314360   0.000659   0.315816   0   
remove    -          -          -          -          -          -          0.002536   0   
write     3808       1048576    262144     0.004615   0.532486   0.000728   0.537843   1   
read      4913       1048576    262144     0.000623   0.415446   0.000755   0.416839   1   
remove    -          -          -          -          -          -          0.002199   1   
write     4583       1048576    262144     0.004929   0.435474   0.006462   0.446889   2   
read      4517       1048576    262144     0.005422   0.446073   0.001927   0.453437   2   
remove    -          -          -          -          -          -          0.002846   2   
write     5447       1048576    262144     0.006383   0.368737   0.000878   0.376014   3   
read      5200       1048576    262144     0.000646   0.392500   0.000692   0.393852   3   
remove    -          -          -          -          -          -          0.003123   3   
write     4552       1048576    262144     0.006015   0.443017   0.000832   0.449879   4   
read      4736       1048576    262144     0.000555   0.430998   0.000825   0.432392   4   
remove    -          -          -          -          -          -          0.003216   4   
write     5441       1048576    262144     0.006070   0.369411   0.000893   0.376390   5   
read      4958       1048576    262144     0.000594   0.411626   0.000840   0.413074   5   
remove    -          -          -          -          -          -          0.001662   5   
write     5444       1048576    262144     0.006618   0.368717   0.000822   0.376173   6   
read      5281       1048576    262144     0.000618   0.386310   0.000877   0.387816   6   
remove    -          -          -          -          -          -          0.003306   6   
write     5850       1048576    262144     0.006404   0.342829   0.000817   0.350067   7   
read      5397       1048576    262144     0.000630   0.377955   0.000837   0.379435   7   
remove    -          -          -          -          -          -          0.002756   7   
write     5214       1048576    262144     0.005975   0.385511   0.001318   0.392819   8   
read      5926       1048576    262144     0.000627   0.344062   0.000867   0.345570   8   
remove    -          -          -          -          -          -          0.002693   8   
write     5179       1048576    262144     0.007673   0.386991   0.000772   0.395453   9   
read      5415       1048576    262144     0.000536   0.376880   0.000774   0.378202   9   
remove    -          -          -          -          -          -          0.004201   9   
Max Write: 5850.31 MiB/sec (6134.50 MB/sec)
Max Read:  6484.79 MiB/sec (6799.79 MB/sec)

Summary of all tests:
Operation   Max(MiB)   Min(MiB)  Mean(MiB)     StdDev   Max(OPs)   Min(OPs)  Mean(OPs)     StdDev    Mean(s) Test# #Tasks tPN reps fPP reord reordoff reordrand seed segcnt   blksiz    xsize aggs(MiB)   API RefNum
write        5850.31    3807.80    5016.94     575.02      22.85      14.87      19.60       2.25    0.41418     0      2   1   10   0     1        1         0    0      1 1073741824 268435456    2048.0 NCMPI      0
read         6484.79    4516.61    5282.88     549.93      25.33      17.64      20.64       2.15    0.39164     0      2   1   10   0     1        1         0    0      1 1073741824 268435456    2048.0 NCMPI      0
Finished            : Thu Jun  6 16:03:19 2019
