IOR-3.2.0: MPI Coordinated Test of Parallel I/O
Began               : Thu Jun  6 15:59:06 2019
Command line        : /glade/work/kpaul/software/ncar-ior/bin/ior -a NCMPI -w -r -C -i10 -g -t 64m -b 256m
Machine             : Linux r11i3n24
TestID              : 0
StartTime           : Thu Jun  6 15:59:06 2019
Path                : /gpfs/fs1/scratch/kpaul/ior_scaling
FS                  : 15000.0 TiB   Used FS: 59.5%   Inodes: 2355.6 Mi   Used Inodes: 62.6%

Options: 
api                 : NCMPI
apiVersion          : 1.11.0 of 19 Dec 2018
test filename       : testFile
access              : single-shared-file
type                : independent
segments            : 1
ordering in a file  : sequential
ordering inter file : constant task offset
task offset         : 1
tasks               : 2
clients per node    : 1
repetitions         : 10
xfersize            : 64 MiB
blocksize           : 256 MiB
aggregate filesize  : 512 MiB

Results: 

access    bw(MiB/s)  block(KiB) xfer(KiB)  open(s)    wr/rd(s)   close(s)   total(s)   iter
------    ---------  ---------- ---------  --------   --------   --------   --------   ----
write     3556.72    262144     65536      0.008086   0.134327   0.001525   0.143953   0   
read      5713       262144     65536      0.000863   0.087935   0.000808   0.089620   0   
remove    -          -          -          -          -          -          0.001706   0   
write     2593.52    262144     65536      0.004733   0.158372   0.034295   0.197415   1   
read      3683       262144     65536      0.020648   0.106839   0.011502   0.139003   1   
remove    -          -          -          -          -          -          0.002058   1   
write     3695       262144     65536      0.004223   0.133541   0.000774   0.138555   2   
read      4104       262144     65536      0.000533   0.123424   0.000802   0.124770   2   
remove    -          -          -          -          -          -          0.001491   2   
write     3035.71    262144     65536      0.004488   0.143551   0.020606   0.168659   3   
read      3868       262144     65536      0.004608   0.116136   0.011622   0.132381   3   
remove    -          -          -          -          -          -          0.002525   3   
write     2975.48    262144     65536      0.005293   0.166121   0.000644   0.172073   4   
read      7165       262144     65536      0.000550   0.070303   0.000588   0.071458   4   
remove    -          -          -          -          -          -          0.001769   4   
write     4325       262144     65536      0.005861   0.111744   0.000752   0.118371   5   
read      6207       262144     65536      0.000567   0.068076   0.013831   0.082488   5   
remove    -          -          -          -          -          -          0.001470   5   
write     4985       262144     65536      0.006191   0.095574   0.000930   0.102709   6   
read      3900       262144     65536      0.000619   0.078889   0.051750   0.131273   6   
remove    -          -          -          -          -          -          0.001789   6   
write     3551.02    262144     65536      0.005861   0.137402   0.000907   0.144184   7   
read      6989       262144     65536      0.000586   0.071945   0.000710   0.073255   7   
remove    -          -          -          -          -          -          0.001510   7   
write     5048       262144     65536      0.006012   0.094472   0.000937   0.101436   8   
read      7229       262144     65536      0.000613   0.069380   0.000815   0.070823   8   
remove    -          -          -          -          -          -          0.001828   8   
write     3411.55    262144     65536      0.006180   0.143003   0.000882   0.150078   9   
read      5237       262144     65536      0.000649   0.066689   0.030412   0.097764   9   
remove    -          -          -          -          -          -          0.001448   9   
Max Write: 5047.53 MiB/sec (5292.71 MB/sec)
Max Read:  7229.32 MiB/sec (7580.50 MB/sec)

Summary of all tests:
Operation   Max(MiB)   Min(MiB)  Mean(MiB)     StdDev   Max(OPs)   Min(OPs)  Mean(OPs)     StdDev    Mean(s) Test# #Tasks tPN reps fPP reord reordoff reordrand seed segcnt   blksiz    xsize aggs(MiB)   API RefNum
write        5047.53    2593.52    3717.72     785.58      78.87      40.52      58.09      12.27    0.14374     0      2   1   10   0     1        1         0    0      1 268435456 67108864     512.0 NCMPI      0
read         7229.32    3683.37    5409.57    1377.96     112.96      57.55      84.52      21.53    0.10128     0      2   1   10   0     1        1         0    0      1 268435456 67108864     512.0 NCMPI      0
Finished            : Thu Jun  6 15:59:09 2019
