IOR-3.2.0: MPI Coordinated Test of Parallel I/O
Began               : Wed Jun 12 09:07:48 2019
Command line        : /glade/work/kpaul/software/ncar-ior/bin/ior -a NCMPI -w -r -C -i10 -g -t 128m -b 256m
Machine             : Linux r5i0n9
TestID              : 0
StartTime           : Wed Jun 12 09:07:48 2019
Path                : /gpfs/fs1/scratch/kpaul/ior_scaling
FS                  : 15000.0 TiB   Used FS: 60.4%   Inodes: 2355.6 Mi   Used Inodes: 61.5%

Options: 
api                 : NCMPI
apiVersion          : 1.11.0 of 19 Dec 2018
test filename       : testFile
access              : single-shared-file
type                : independent
segments            : 1
ordering in a file  : sequential
ordering inter file : constant task offset
task offset         : 1
tasks               : 64
clients per node    : 1
repetitions         : 10
xfersize            : 128 MiB
blocksize           : 256 MiB
aggregate filesize  : 16 GiB

Results: 

access    bw(MiB/s)  block(KiB) xfer(KiB)  open(s)    wr/rd(s)   close(s)   total(s)   iter
------    ---------  ---------- ---------  --------   --------   --------   --------   ----
write     5984       262144     131072     0.018605   2.72       0.002066   2.74       0   
read      26652      262144     131072     0.019040   0.592061   0.003641   0.614749   0   
remove    -          -          -          -          -          -          0.027933   0   
write     4630       262144     131072     0.025465   3.51       0.001354   3.54       1   
read      18511      262144     131072     0.026394   0.793001   0.065688   0.885095   1   
remove    -          -          -          -          -          -          0.009053   1   
write     4024       262144     131072     0.010416   4.06       0.001900   4.07       2   
read      26358      262144     131072     0.003950   0.606825   0.010818   0.621605   2   
remove    -          -          -          -          -          -          0.009210   2   
write     7244       262144     131072     0.010561   2.24       0.008337   2.26       3   
read      31083      262144     131072     0.001948   0.506843   0.018320   0.527109   3   
remove    -          -          -          -          -          -          0.004422   3   
write     5649       262144     131072     0.013556   2.87       0.015776   2.90       4   
read      16124      262144     131072     0.029465   0.880524   0.106149   1.02       4   
remove    -          -          -          -          -          -          0.010105   4   
write     7269       262144     131072     0.011363   2.24       0.001473   2.25       5   
read      22679      262144     131072     0.005011   0.633366   0.084065   0.722435   5   
remove    -          -          -          -          -          -          0.024896   5   
write     3236.58    262144     131072     0.011200   4.94       0.111912   5.06       6   
read      12232      262144     131072     0.029914   1.24       0.071412   1.34       6   
remove    -          -          -          -          -          -          0.009289   6   
write     6964       262144     131072     0.012884   2.34       0.000829   2.35       7   
read      24760      262144     131072     0.001968   0.566528   0.093234   0.661723   7   
remove    -          -          -          -          -          -          0.007553   7   
write     8069       262144     131072     0.011008   2.02       0.002366   2.03       8   
read      16148      262144     131072     0.006297   0.933644   0.074725   1.01       8   
remove    -          -          -          -          -          -          0.011594   8   
write     6007       262144     131072     0.010593   2.71       0.002228   2.73       9   
read      18994      262144     131072     0.006135   0.755422   0.101011   0.862571   9   
remove    -          -          -          -          -          -          0.026777   9   
Max Write: 8068.89 MiB/sec (8460.85 MB/sec)
Max Read:  31082.77 MiB/sec (32592.65 MB/sec)

Summary of all tests:
Operation   Max(MiB)   Min(MiB)  Mean(MiB)     StdDev   Max(OPs)   Min(OPs)  Mean(OPs)     StdDev    Mean(s) Test# #Tasks tPN reps fPP reord reordoff reordrand seed segcnt   blksiz    xsize aggs(MiB)   API RefNum
write        8068.89    3236.58    5907.74    1477.17      63.04      25.29      46.15      11.54    2.99362     0     64   1   10   0     1        1         0    0      1 268435456 134217728   16384.0 NCMPI      0
read        31082.77   12231.70   21353.89    5589.54     242.83      95.56     166.83      43.67    0.82655     0     64   1   10   0     1        1         0    0      1 268435456 134217728   16384.0 NCMPI      0
Finished            : Wed Jun 12 09:08:27 2019
