IOR-3.2.0: MPI Coordinated Test of Parallel I/O
Began               : Thu Jun  6 15:21:53 2019
Command line        : /glade/work/kpaul/software/ncar-ior/bin/ior -a HDF5 -w -r -C -i10 -g -t 256m -b 256m -c
Machine             : Linux r1i1n0
TestID              : 0
StartTime           : Thu Jun  6 15:21:53 2019
Path                : /gpfs/fs1/scratch/kpaul/ior_scaling
FS                  : 15000.0 TiB   Used FS: 59.5%   Inodes: 2355.6 Mi   Used Inodes: 62.6%

Options: 
api                 : HDF5
apiVersion          : 1.8.21 (Parallel)
test filename       : testFile
access              : single-shared-file
type                : collective
segments            : 1
ordering in a file  : sequential
ordering inter file : constant task offset
task offset         : 1
tasks               : 1
clients per node    : 1
repetitions         : 10
xfersize            : 256 MiB
blocksize           : 256 MiB
aggregate filesize  : 256 MiB

Results: 

access    bw(MiB/s)  block(KiB) xfer(KiB)  open(s)    wr/rd(s)   close(s)   total(s)   iter
------    ---------  ---------- ---------  --------   --------   --------   --------   ----
write     2207.70    262144     262144     0.001921   0.113729   0.000307   0.115958   0   
read      70.25      262144     262144     0.000484   3.64       0.000141   3.64       0   
remove    -          -          -          -          -          -          0.000217   0   
write     2157.12    262144     262144     0.002392   0.116034   0.000249   0.118677   1   
read      73.90      262144     262144     0.000398   3.46       0.000138   3.46       1   
remove    -          -          -          -          -          -          0.000189   1   
write     2214.13    262144     262144     0.001496   0.113878   0.000246   0.115621   2   
read      70.09      262144     262144     0.000413   3.65       0.000145   3.65       2   
remove    -          -          -          -          -          -          0.000239   2   
write     2225.24    262144     262144     0.001195   0.113608   0.000239   0.115044   3   
read      73.89      262144     262144     0.000399   3.46       0.000142   3.46       3   
remove    -          -          -          -          -          -          0.000258   3   
write     2211.77    262144     262144     0.001080   0.114409   0.000254   0.115744   4   
read      73.88      262144     262144     0.000357   3.46       0.000141   3.46       4   
remove    -          -          -          -          -          -          0.000250   4   
write     2197.98    262144     262144     0.001080   0.115141   0.000249   0.116471   5   
read      73.89      262144     262144     0.000441   3.46       0.000139   3.46       5   
remove    -          -          -          -          -          -          0.000256   5   
write     2221.66    262144     262144     0.001108   0.113883   0.000238   0.115229   6   
read      73.87      262144     262144     0.001212   3.46       0.000143   3.47       6   
remove    -          -          -          -          -          -          0.000200   6   
write     2214.62    262144     262144     0.001702   0.113654   0.000238   0.115595   7   
read      73.89      262144     262144     0.000393   3.46       0.000143   3.46       7   
remove    -          -          -          -          -          -          0.000169   7   
write     2227.43    262144     262144     0.001052   0.113631   0.000247   0.114931   8   
read      73.90      262144     262144     0.000361   3.46       0.000142   3.46       8   
remove    -          -          -          -          -          -          0.000161   8   
write     2102.89    262144     262144     0.000935   0.120569   0.000233   0.121737   9   
read      73.88      262144     262144     0.000376   3.46       0.000142   3.46       9   
remove    -          -          -          -          -          -          0.000180   9   
Max Write: 2227.43 MiB/sec (2335.63 MB/sec)
Max Read:  73.90 MiB/sec (77.49 MB/sec)

Summary of all tests:
Operation   Max(MiB)   Min(MiB)  Mean(MiB)     StdDev   Max(OPs)   Min(OPs)  Mean(OPs)     StdDev    Mean(s) Test# #Tasks tPN reps fPP reord reordoff reordrand seed segcnt   blksiz    xsize aggs(MiB)   API RefNum
write        2227.43    2102.89    2198.05      37.02       8.70       8.21       8.59       0.14    0.11650     0      1   1   10   0     1        1         0    0      1 268435456 268435456     256.0 HDF5      0
read           73.90      70.09      73.15       1.49       0.29       0.27       0.29       0.01    3.50135     0      1   1   10   0     1        1         0    0      1 268435456 268435456     256.0 HDF5      0
Finished            : Thu Jun  6 15:22:30 2019
