IOR-3.2.0: MPI Coordinated Test of Parallel I/O
Began               : Thu Jun  6 17:18:11 2019
Command line        : /glade/work/kpaul/software/ncar-ior/bin/ior -a NCMPI -w -r -C -i10 -g -t 8m -b 16m
Machine             : Linux r14i0n9
TestID              : 0
StartTime           : Thu Jun  6 17:18:11 2019
Path                : /gpfs/fs1/scratch/kpaul/ior_scaling
FS                  : 15000.0 TiB   Used FS: 59.6%   Inodes: 2355.6 Mi   Used Inodes: 62.6%

Options: 
api                 : NCMPI
apiVersion          : 1.11.0 of 19 Dec 2018
test filename       : testFile
access              : single-shared-file
type                : independent
segments            : 1
ordering in a file  : sequential
ordering inter file : constant task offset
task offset         : 1
tasks               : 16
clients per node    : 1
repetitions         : 10
xfersize            : 8 MiB
blocksize           : 16 MiB
aggregate filesize  : 256 MiB

Results: 

access    bw(MiB/s)  block(KiB) xfer(KiB)  open(s)    wr/rd(s)   close(s)   total(s)   iter
------    ---------  ---------- ---------  --------   --------   --------   --------   ----
write     445.99     16384      8192       0.010340   0.559770   0.003905   0.574009   0   
read      6244       16384      8192       0.001177   0.036933   0.002898   0.041000   0   
remove    -          -          -          -          -          -          0.001995   0   
write     469.04     16384      8192       0.027204   0.510158   0.008439   0.545793   1   
read      20832      16384      8192       0.000963   0.009080   0.002245   0.012289   1   
remove    -          -          -          -          -          -          0.002340   1   
write     299.11     16384      8192       0.006737   0.846177   0.002971   0.855876   2   
read      2328.17    16384      8192       0.003952   0.103198   0.002809   0.109957   2   
remove    -          -          -          -          -          -          0.011097   2   
write     365.93     16384      8192       0.006263   0.669070   0.024270   0.699596   3   
read      2244.18    16384      8192       0.000871   0.110924   0.002276   0.114073   3   
remove    -          -          -          -          -          -          0.005898   3   
write     516.75     16384      8192       0.010321   0.466866   0.018223   0.495404   4   
read      1737.37    16384      8192       0.002499   0.110199   0.034651   0.147349   4   
remove    -          -          -          -          -          -          0.005181   4   
write     721.25     16384      8192       0.006145   0.345896   0.002902   0.354940   5   
read      3858       16384      8192       0.001004   0.063048   0.002306   0.066349   5   
remove    -          -          -          -          -          -          0.001814   5   
write     607.51     16384      8192       0.005978   0.411830   0.003592   0.421391   6   
read      2376.52    16384      8192       0.000937   0.106152   0.000636   0.107721   6   
remove    -          -          -          -          -          -          0.002587   6   
write     672.00     16384      8192       0.006403   0.372914   0.001642   0.380952   7   
read      8289       16384      8192       0.004759   0.022059   0.004078   0.030884   7   
remove    -          -          -          -          -          -          0.004295   7   
write     464.61     16384      8192       0.006386   0.531357   0.013252   0.550997   8   
read      3080.62    16384      8192       0.000934   0.081477   0.000688   0.083100   8   
remove    -          -          -          -          -          -          0.004274   8   
write     540.44     16384      8192       0.006265   0.419334   0.048094   0.473688   9   
read      2304.37    16384      8192       0.001022   0.107339   0.002737   0.111093   9   
remove    -          -          -          -          -          -          0.001869   9   
Max Write: 721.25 MiB/sec (756.28 MB/sec)
Max Read:  20832.34 MiB/sec (21844.29 MB/sec)

Summary of all tests:
Operation   Max(MiB)   Min(MiB)  Mean(MiB)     StdDev   Max(OPs)   Min(OPs)  Mean(OPs)     StdDev    Mean(s) Test# #Tasks tPN reps fPP reord reordoff reordrand seed segcnt   blksiz    xsize aggs(MiB)   API RefNum
write         721.25     299.11     510.26     124.26      90.16      37.39      63.78      15.53    0.53526     0     16   1   10   0     1        1         0    0      1 16777216  8388608     256.0 NCMPI      0
read        20832.34    1737.37    5329.50    5535.86    2604.04     217.17     666.19     691.98    0.08238     0     16   1   10   0     1        1         0    0      1 16777216  8388608     256.0 NCMPI      0
Finished            : Thu Jun  6 17:18:17 2019
