IOR-3.2.0: MPI Coordinated Test of Parallel I/O
Began               : Thu Jun  6 15:20:34 2019
Command line        : /glade/work/kpaul/software/ncar-ior/bin/ior -a NCMPI -w -r -C -i10 -g -t 64m -b 64m
Machine             : Linux r1i1n0
TestID              : 0
StartTime           : Thu Jun  6 15:20:34 2019
Path                : /gpfs/fs1/scratch/kpaul/ior_scaling
FS                  : 15000.0 TiB   Used FS: 59.5%   Inodes: 2355.6 Mi   Used Inodes: 62.6%

Options: 
api                 : NCMPI
apiVersion          : 1.11.0 of 19 Dec 2018
test filename       : testFile
access              : single-shared-file
type                : independent
segments            : 1
ordering in a file  : sequential
ordering inter file : constant task offset
task offset         : 1
tasks               : 1
clients per node    : 1
repetitions         : 10
xfersize            : 64 MiB
blocksize           : 64 MiB
aggregate filesize  : 64 MiB

Results: 

access    bw(MiB/s)  block(KiB) xfer(KiB)  open(s)    wr/rd(s)   close(s)   total(s)   iter
------    ---------  ---------- ---------  --------   --------   --------   --------   ----
write     1379.98    65536      65536      0.000553   0.045278   0.000544   0.046378   0   
read      1255.35    65536      65536      0.000391   0.050516   0.000073   0.050982   0   
remove    -          -          -          -          -          -          0.000398   0   
write     1136.82    65536      65536      0.000320   0.055483   0.000492   0.056297   1   
read      1831.05    65536      65536      0.000306   0.034565   0.000079   0.034953   1   
remove    -          -          -          -          -          -          0.000467   1   
write     1514.54    65536      65536      0.000344   0.041340   0.000572   0.042257   2   
read      1525.09    65536      65536      0.000289   0.041604   0.000070   0.041965   2   
remove    -          -          -          -          -          -          0.000483   2   
write     876.20     65536      65536      0.000311   0.072228   0.000503   0.073043   3   
read      1496.21    65536      65536      0.000330   0.042373   0.000070   0.042775   3   
remove    -          -          -          -          -          -          0.000478   3   
write     1493.21    65536      65536      0.000324   0.041929   0.000606   0.042861   4   
read      2419.96    65536      65536      0.000279   0.026095   0.000071   0.026447   4   
remove    -          -          -          -          -          -          0.000485   4   
write     1316.29    65536      65536      0.000320   0.047732   0.000567   0.048622   5   
read      1793.60    65536      65536      0.000300   0.035313   0.000068   0.035682   5   
remove    -          -          -          -          -          -          0.000383   5   
write     1315.59    65536      65536      0.000300   0.047795   0.000550   0.048647   6   
read      1034.12    65536      65536      0.000344   0.061476   0.000066   0.061888   6   
remove    -          -          -          -          -          -          0.000508   6   
write     1225.51    65536      65536      0.000286   0.051373   0.000563   0.052223   7   
read      1961.43    65536      65536      0.000339   0.032220   0.000069   0.032629   7   
remove    -          -          -          -          -          -          0.000481   7   
write     1295.79    65536      65536      0.000355   0.048526   0.000509   0.049391   8   
read      183.45     65536      65536      0.000313   0.348476   0.000083   0.348874   8   
remove    -          -          -          -          -          -          0.001280   8   
write     457.76     65536      65536      0.000515   0.138824   0.000470   0.139811   9   
read      1693.22    65536      65536      0.000356   0.037370   0.000070   0.037798   9   
remove    -          -          -          -          -          -          0.000363   9   
Max Write: 1514.54 MiB/sec (1588.11 MB/sec)
Max Read:  2419.96 MiB/sec (2537.51 MB/sec)

Summary of all tests:
Operation   Max(MiB)   Min(MiB)  Mean(MiB)     StdDev   Max(OPs)   Min(OPs)  Mean(OPs)     StdDev    Mean(s) Test# #Tasks tPN reps fPP reord reordoff reordrand seed segcnt   blksiz    xsize aggs(MiB)   API RefNum
write        1514.54     457.76    1201.17     302.28      23.66       7.15      18.77       4.72    0.05995     0      1   1   10   0     1        1         0    0      1 67108864 67108864      64.0 NCMPI      0
read         2419.96     183.45    1519.35     574.41      37.81       2.87      23.74       8.98    0.07140     0      1   1   10   0     1        1         0    0      1 67108864 67108864      64.0 NCMPI      0
Finished            : Thu Jun  6 15:20:35 2019
