IOR-3.2.0: MPI Coordinated Test of Parallel I/O
Began               : Thu Jun  6 16:06:53 2019
Command line        : /glade/work/kpaul/software/ncar-ior/bin/ior -a POSIX -w -r -C -i10 -g -t 128m -b 1024m -e -F
Machine             : Linux r11i3n24
TestID              : 0
StartTime           : Thu Jun  6 16:06:53 2019
Path                : /gpfs/fs1/scratch/kpaul/ior_scaling
FS                  : 15000.0 TiB   Used FS: 59.5%   Inodes: 2355.6 Mi   Used Inodes: 62.6%

Options: 
api                 : POSIX
apiVersion          : 
test filename       : testFile
access              : file-per-process
type                : independent
segments            : 1
ordering in a file  : sequential
ordering inter file : constant task offset
task offset         : 1
tasks               : 2
clients per node    : 1
repetitions         : 10
xfersize            : 128 MiB
blocksize           : 1 GiB
aggregate filesize  : 2 GiB

Results: 

access    bw(MiB/s)  block(KiB) xfer(KiB)  open(s)    wr/rd(s)   close(s)   total(s)   iter
------    ---------  ---------- ---------  --------   --------   --------   --------   ----
write     4573       1048576    131072     0.002978   0.444797   0.000046   0.447838   0   
read      6910       1048576    131072     0.003155   0.293162   0.000045   0.296379   0   
remove    -          -          -          -          -          -          0.004271   0   
write     6847       1048576    131072     0.004768   0.294256   0.000047   0.299088   1   
read      6528       1048576    131072     0.005403   0.308248   0.000042   0.313710   1   
remove    -          -          -          -          -          -          0.004611   1   
write     4361       1048576    131072     0.005368   0.464164   0.000048   0.469597   2   
read      6845       1048576    131072     0.003841   0.295281   0.000045   0.299184   2   
remove    -          -          -          -          -          -          0.004520   2   
write     6761       1048576    131072     0.005254   0.297618   0.000045   0.302935   3   
read      6746       1048576    131072     0.003035   0.300481   0.000046   0.303585   3   
remove    -          -          -          -          -          -          0.007418   3   
write     5620       1048576    131072     0.004975   0.359349   0.000045   0.364387   4   
read      7480       1048576    131072     0.003124   0.270594   0.000045   0.273782   4   
remove    -          -          -          -          -          -          0.004377   4   
write     5948       1048576    131072     0.005083   0.339199   0.000044   0.344344   5   
read      7517       1048576    131072     0.002419   0.269973   0.000048   0.272456   5   
remove    -          -          -          -          -          -          0.004798   5   
write     6836       1048576    131072     0.005850   0.293647   0.000052   0.299571   6   
read      7342       1048576    131072     0.003518   0.275342   0.000049   0.278927   6   
remove    -          -          -          -          -          -          0.004492   6   
write     7087       1048576    131072     0.004922   0.284009   0.000043   0.288992   7   
read      7486       1048576    131072     0.003120   0.270400   0.000046   0.273582   7   
remove    -          -          -          -          -          -          0.004548   7   
write     6981       1048576    131072     0.004875   0.288448   0.000045   0.293385   8   
read      7422       1048576    131072     0.003391   0.272500   0.000047   0.275954   8   
remove    -          -          -          -          -          -          0.004396   8   
write     5652       1048576    131072     0.004680   0.357605   0.000049   0.362354   9   
read      7257       1048576    131072     0.003540   0.278624   0.000046   0.282227   9   
remove    -          -          -          -          -          -          0.004346   9   
Max Write: 7086.70 MiB/sec (7430.95 MB/sec)
Max Read:  7516.80 MiB/sec (7881.94 MB/sec)

Summary of all tests:
Operation   Max(MiB)   Min(MiB)  Mean(MiB)     StdDev   Max(OPs)   Min(OPs)  Mean(OPs)     StdDev    Mean(s) Test# #Tasks tPN reps fPP reord reordoff reordrand seed segcnt   blksiz    xsize aggs(MiB)   API RefNum
write        7086.70    4361.18    6066.59     953.11      55.36      34.07      47.40       7.45    0.34725     0      2   1   10   1     1        1         0    0      1 1073741824 134217728    2048.0 POSIX      0
read         7516.80    6528.31    7153.33     343.31      58.73      51.00      55.89       2.68    0.28698     0      2   1   10   1     1        1         0    0      1 1073741824 134217728    2048.0 POSIX      0
Finished            : Thu Jun  6 16:07:00 2019
