IOR-3.2.0: MPI Coordinated Test of Parallel I/O
Began               : Wed Jun 12 09:14:44 2019
Command line        : /glade/work/kpaul/software/ncar-ior/bin/ior -a Z5 -w -r -C -i10 -g -t 32m -b 128m
Machine             : Linux r5i0n9
TestID              : 0
StartTime           : Wed Jun 12 09:14:44 2019
Path                : /gpfs/fs1/scratch/kpaul/ior_scaling
FS                  : 15000.0 TiB   Used FS: 60.4%   Inodes: 2355.6 Mi   Used Inodes: 61.5%

Options: 
api                 : Z5
apiVersion          : (null)
test filename       : testFile
access              : single-shared-file
type                : independent
segments            : 1
ordering in a file  : sequential
ordering inter file : constant task offset
task offset         : 1
tasks               : 64
clients per node    : 1
repetitions         : 10
xfersize            : 32 MiB
blocksize           : 128 MiB
aggregate filesize  : 8 GiB

Results: 

access    bw(MiB/s)  block(KiB) xfer(KiB)  open(s)    wr/rd(s)   close(s)   total(s)   iter
------    ---------  ---------- ---------  --------   --------   --------   --------   ----
write     21147      131072     32768      0.009666   0.377611   0.000076   0.387387   0   
read      4804       131072     32768      0.000028   1.71       0.000026   1.71       0   
remove    -          -          -          -          -          -          0.414966   0   
write     20711      131072     32768      0.000359   0.394100   0.001062   0.395542   1   
read      4865       131072     32768      0.001007   1.68       0.000034   1.68       1   
remove    -          -          -          -          -          -          0.385362   1   
write     20920      131072     32768      0.000363   0.391183   0.000032   0.391595   2   
read      4847       131072     32768      0.000025   1.69       0.000040   1.69       2   
remove    -          -          -          -          -          -          0.404811   2   
write     21306      131072     32768      0.000348   0.384087   0.000034   0.384485   3   
read      5147       131072     32768      0.000026   1.59       0.000026   1.59       3   
remove    -          -          -          -          -          -          0.408297   3   
write     21606      131072     32768      0.000345   0.378758   0.000030   0.379153   4   
read      4946       131072     32768      0.000040   1.66       0.000036   1.66       4   
remove    -          -          -          -          -          -          0.386634   4   
write     21629      131072     32768      0.000347   0.378205   0.000160   0.378752   5   
read      4586       131072     32768      0.000137   1.79       0.000048   1.79       5   
remove    -          -          -          -          -          -          0.416221   5   
write     22355      131072     32768      0.000834   0.365554   0.000037   0.366443   6   
read      4273       131072     32768      0.000034   1.92       0.000025   1.92       6   
remove    -          -          -          -          -          -          0.368023   6   
write     19978      131072     32768      0.000343   0.409633   0.000045   0.410042   7   
read      3645       131072     32768      0.000035   2.25       0.000048   2.25       7   
remove    -          -          -          -          -          -          0.411417   7   
write     17303      131072     32768      0.000353   0.472959   0.000091   0.473436   8   
read      4326       131072     32768      0.000037   1.89       0.000029   1.89       8   
remove    -          -          -          -          -          -          0.415849   8   
write     15726      131072     32768      0.000353   0.520501   0.000040   0.520927   9   
read      4697       131072     32768      0.000040   1.74       0.000035   1.74       9   
remove    -          -          -          -          -          -          0.386001   9   
Max Write: 22355.48 MiB/sec (23441.42 MB/sec)
Max Read:  5146.79 MiB/sec (5396.81 MB/sec)

Summary of all tests:
Operation   Max(MiB)   Min(MiB)  Mean(MiB)     StdDev   Max(OPs)   Min(OPs)  Mean(OPs)     StdDev    Mean(s) Test# #Tasks tPN reps fPP reord reordoff reordrand seed segcnt   blksiz    xsize aggs(MiB)   API RefNum
write       22355.48   15725.83   20268.16    1999.40     698.61     491.43     633.38      62.48    0.40878     0     64   1   10   0     1        1         0    0      1 134217728 33554432    8192.0  Z5      0
read         5146.79    3644.53    4613.55     411.65     160.84     113.89     144.17      12.86    1.79161     0     64   1   10   0     1        1         0    0      1 134217728 33554432    8192.0  Z5      0
Finished            : Wed Jun 12 09:15:10 2019
