IOR-3.2.0: MPI Coordinated Test of Parallel I/O
Began               : Thu Jun  6 16:20:38 2019
Command line        : /glade/work/kpaul/software/ncar-ior/bin/ior -a NCMPI -w -r -C -i10 -g -t 32m -b 32m
Machine             : Linux r8i1n18
TestID              : 0
StartTime           : Thu Jun  6 16:20:38 2019
Path                : /gpfs/fs1/scratch/kpaul/ior_scaling
FS                  : 15000.0 TiB   Used FS: 59.5%   Inodes: 2355.6 Mi   Used Inodes: 62.6%

Options: 
api                 : NCMPI
apiVersion          : 1.11.0 of 19 Dec 2018
test filename       : testFile
access              : single-shared-file
type                : independent
segments            : 1
ordering in a file  : sequential
ordering inter file : constant task offset
task offset         : 1
tasks               : 4
clients per node    : 1
repetitions         : 10
xfersize            : 32 MiB
blocksize           : 32 MiB
aggregate filesize  : 128 MiB

Results: 

access    bw(MiB/s)  block(KiB) xfer(KiB)  open(s)    wr/rd(s)   close(s)   total(s)   iter
------    ---------  ---------- ---------  --------   --------   --------   --------   ----
write     670.08     32768      32768      0.008213   0.178074   0.004720   0.191021   0   
read      1730.63    32768      32768      0.003774   0.069642   0.000531   0.073962   0   
remove    -          -          -          -          -          -          0.005394   0   
write     886.28     32768      32768      0.006269   0.135194   0.002945   0.144424   1   
read      3517.27    32768      32768      0.000665   0.035174   0.000541   0.036392   1   
remove    -          -          -          -          -          -          0.003701   1   
write     525.40     32768      32768      0.005951   0.234901   0.002755   0.243623   2   
read      2502.44    32768      32768      0.000625   0.049845   0.000667   0.051150   2   
remove    -          -          -          -          -          -          0.003540   2   
write     759.95     32768      32768      0.006186   0.157821   0.004411   0.168433   3   
read      2190.37    32768      32768      0.003403   0.054293   0.000729   0.058438   3   
remove    -          -          -          -          -          -          0.005481   3   
write     785.30     32768      32768      0.006172   0.152155   0.004656   0.162996   4   
read      2072.25    32768      32768      0.003574   0.057433   0.000747   0.061769   4   
remove    -          -          -          -          -          -          0.005430   4   
write     1248.49    32768      32768      0.005846   0.096193   0.000469   0.102524   5   
read      3286.98    32768      32768      0.000585   0.037714   0.000629   0.038942   5   
remove    -          -          -          -          -          -          0.003497   5   
write     1005.81    32768      32768      0.005770   0.119266   0.002209   0.127260   6   
read      660.84     32768      32768      0.000572   0.192393   0.000714   0.193692   6   
remove    -          -          -          -          -          -          0.003737   6   
write     982.60     32768      32768      0.005589   0.105722   0.018943   0.130267   7   
read      5447       32768      32768      0.000635   0.022134   0.000716   0.023497   7   
remove    -          -          -          -          -          -          0.003475   7   
write     905.56     32768      32768      0.009590   0.130917   0.000826   0.141349   8   
read      4063       32768      32768      0.000661   0.030137   0.000695   0.031505   8   
remove    -          -          -          -          -          -          0.003789   8   
write     2246.05    32768      32768      0.006091   0.048393   0.002490   0.056989   9   
read      3105.10    32768      32768      0.000681   0.039763   0.000765   0.041222   9   
remove    -          -          -          -          -          -          0.003529   9   
Max Write: 2246.05 MiB/sec (2355.15 MB/sec)
Max Read:  5447.47 MiB/sec (5712.09 MB/sec)

Summary of all tests:
Operation   Max(MiB)   Min(MiB)  Mean(MiB)     StdDev   Max(OPs)   Min(OPs)  Mean(OPs)     StdDev    Mean(s) Test# #Tasks tPN reps fPP reord reordoff reordrand seed segcnt   blksiz    xsize aggs(MiB)   API RefNum
write        2246.05     525.40    1001.55     455.45      70.19      16.42      31.30      14.23    0.14689     0      4   1   10   0     1        1         0    0      1 33554432 33554432     128.0 NCMPI      0
read         5447.47     660.84    2857.62    1269.83     170.23      20.65      89.30      39.68    0.06106     0      4   1   10   0     1        1         0    0      1 33554432 33554432     128.0 NCMPI      0
Finished            : Thu Jun  6 16:20:40 2019
