IOR-3.2.0: MPI Coordinated Test of Parallel I/O
Began               : Thu Jun  6 16:17:26 2019
Command line        : /glade/work/kpaul/software/ncar-ior/bin/ior -a NCMPI -w -r -C -i10 -g -t 16m -b 16m
Machine             : Linux r8i1n18
TestID              : 0
StartTime           : Thu Jun  6 16:17:26 2019
Path                : /gpfs/fs1/scratch/kpaul/ior_scaling
FS                  : 15000.0 TiB   Used FS: 59.5%   Inodes: 2355.6 Mi   Used Inodes: 62.6%

Options: 
api                 : NCMPI
apiVersion          : 1.11.0 of 19 Dec 2018
test filename       : testFile
access              : single-shared-file
type                : independent
segments            : 1
ordering in a file  : sequential
ordering inter file : constant task offset
task offset         : 1
tasks               : 4
clients per node    : 1
repetitions         : 10
xfersize            : 16 MiB
blocksize           : 16 MiB
aggregate filesize  : 64 MiB

Results: 

access    bw(MiB/s)  block(KiB) xfer(KiB)  open(s)    wr/rd(s)   close(s)   total(s)   iter
------    ---------  ---------- ---------  --------   --------   --------   --------   ----
write     331.15     16384      16384      0.008546   0.182055   0.002657   0.193264   0   
read      1751.00    16384      16384      0.000910   0.035010   0.000624   0.036550   0   
remove    -          -          -          -          -          -          0.004874   0   
write     0.354687   16384      16384      0.005634   180.43     0.000592   180.44     1   
read      2236.02    16384      16384      0.000635   0.027408   0.000598   0.028622   1   
remove    -          -          -          -          -          -          0.004621   1   
write     470.08     16384      16384      0.005538   0.125449   0.005191   0.136148   2   
read      2239.95    16384      16384      0.000575   0.027571   0.000474   0.028572   2   
remove    -          -          -          -          -          -          0.003362   2   
write     535.57     16384      16384      0.005141   0.113700   0.000703   0.119498   3   
read      1228.70    16384      16384      0.000634   0.050931   0.000541   0.052088   3   
remove    -          -          -          -          -          -          0.002374   3   
write     410.80     16384      16384      0.005674   0.147805   0.002334   0.155794   4   
read      966.25     16384      16384      0.000608   0.065190   0.000469   0.066235   4   
remove    -          -          -          -          -          -          0.005859   4   
write     207.20     16384      16384      0.004943   0.303629   0.000344   0.308873   5   
read      576.66     16384      16384      0.000611   0.109603   0.000802   0.110985   5   
remove    -          -          -          -          -          -          0.003604   5   
write     646.97     16384      16384      0.005823   0.092713   0.000426   0.098923   6   
read      981.80     16384      16384      0.000688   0.063949   0.000597   0.065186   6   
remove    -          -          -          -          -          -          0.004256   6   
write     795.30     16384      16384      0.006084   0.073410   0.000996   0.080473   7   
read      1854.86    16384      16384      0.000633   0.033220   0.000698   0.034504   7   
remove    -          -          -          -          -          -          0.003551   7   
write     567.65     16384      16384      0.005702   0.099657   0.007436   0.112746   8   
read      1688.47    16384      16384      0.003864   0.033310   0.000761   0.037904   8   
remove    -          -          -          -          -          -          0.005548   8   
write     892.98     16384      16384      0.005657   0.062795   0.003249   0.071670   9   
read      2258.28    16384      16384      0.000557   0.027360   0.000456   0.028340   9   
remove    -          -          -          -          -          -          0.003068   9   
Max Write: 892.98 MiB/sec (936.36 MB/sec)
Max Read:  2258.28 MiB/sec (2367.98 MB/sec)

Summary of all tests:
Operation   Max(MiB)   Min(MiB)  Mean(MiB)     StdDev   Max(OPs)   Min(OPs)  Mean(OPs)     StdDev    Mean(s) Test# #Tasks tPN reps fPP reord reordoff reordrand seed segcnt   blksiz    xsize aggs(MiB)   API RefNum
write         892.98       0.35     485.81     252.94      55.81       0.02      30.36      15.81   18.17182     0      4   1   10   0     1        1         0    0      1 16777216 16777216      64.0 NCMPI      0
read         2258.28     576.66    1578.20     575.08     141.14      36.04      98.64      35.94    0.04890     0      4   1   10   0     1        1         0    0      1 16777216 16777216      64.0 NCMPI      0
Finished            : Thu Jun  6 16:20:28 2019
