IOR-3.2.0: MPI Coordinated Test of Parallel I/O
Began               : Thu Jun  6 17:14:28 2019
Command line        : /glade/work/kpaul/software/ncar-ior/bin/ior -a HDF5 -w -r -C -i10 -g -t 16m -b 16m -c
Machine             : Linux r14i0n9
TestID              : 0
StartTime           : Thu Jun  6 17:14:28 2019
Path                : /gpfs/fs1/scratch/kpaul/ior_scaling
FS                  : 15000.0 TiB   Used FS: 59.6%   Inodes: 2355.6 Mi   Used Inodes: 62.6%

Options: 
api                 : HDF5
apiVersion          : 1.8.21 (Parallel)
test filename       : testFile
access              : single-shared-file
type                : collective
segments            : 1
ordering in a file  : sequential
ordering inter file : constant task offset
task offset         : 1
tasks               : 16
clients per node    : 1
repetitions         : 10
xfersize            : 16 MiB
blocksize           : 16 MiB
aggregate filesize  : 256 MiB

Results: 

access    bw(MiB/s)  block(KiB) xfer(KiB)  open(s)    wr/rd(s)   close(s)   total(s)   iter
------    ---------  ---------- ---------  --------   --------   --------   --------   ----
write     567.11     16384      16384      0.007634   0.359656   0.084114   0.451411   0   
read      2330.06    16384      16384      0.015533   0.094163   0.000168   0.109869   0   
remove    -          -          -          -          -          -          0.000312   0   
write     1245.01    16384      16384      0.003194   0.114275   0.088144   0.205621   1   
read      3504.53    16384      16384      0.039773   0.033087   0.000184   0.073048   1   
remove    -          -          -          -          -          -          0.000422   1   
write     1380.18    16384      16384      0.003377   0.135688   0.046410   0.185483   2   
read      7068       16384      16384      0.013371   0.022633   0.000206   0.036218   2   
remove    -          -          -          -          -          -          0.000280   2   
write     1620.53    16384      16384      0.003227   0.112622   0.042117   0.157973   3   
read      7281       16384      16384      0.013889   0.021043   0.000222   0.035161   3   
remove    -          -          -          -          -          -          0.000387   3   
write     1686.63    16384      16384      0.002851   0.104081   0.044839   0.151782   4   
read      7316       16384      16384      0.013415   0.021403   0.000167   0.034992   4   
remove    -          -          -          -          -          -          0.000344   4   
write     1470.31    16384      16384      0.002993   0.134659   0.036451   0.174113   5   
read      5261       16384      16384      0.013417   0.035062   0.000174   0.048662   5   
remove    -          -          -          -          -          -          0.000321   5   
write     1606.37    16384      16384      0.003078   0.104848   0.051434   0.159366   6   
read      3990       16384      16384      0.014715   0.049249   0.000180   0.064153   6   
remove    -          -          -          -          -          -          0.000344   6   
write     1885.83    16384      16384      0.003331   0.096375   0.036033   0.135749   7   
read      6995       16384      16384      0.013738   0.022686   0.000167   0.036597   7   
remove    -          -          -          -          -          -          0.000320   7   
write     1391.32    16384      16384      0.004481   0.107612   0.071896   0.183998   8   
read      2571.70    16384      16384      0.013145   0.086180   0.000213   0.099545   8   
remove    -          -          -          -          -          -          0.000351   8   
write     1835.34    16384      16384      0.002900   0.108711   0.027870   0.139483   9   
read      7086       16384      16384      0.013372   0.022584   0.000165   0.036129   9   
remove    -          -          -          -          -          -          0.000367   9   
Max Write: 1885.83 MiB/sec (1977.43 MB/sec)
Max Read:  7316.05 MiB/sec (7671.44 MB/sec)

Summary of all tests:
Operation   Max(MiB)   Min(MiB)  Mean(MiB)     StdDev   Max(OPs)   Min(OPs)  Mean(OPs)     StdDev    Mean(s) Test# #Tasks tPN reps fPP reord reordoff reordrand seed segcnt   blksiz    xsize aggs(MiB)   API RefNum
write        1885.83     567.11    1468.86     357.02     117.86      35.44      91.80      22.31    0.19450     0     16   1   10   0     1        1         0    0      1 16777216 16777216     256.0 HDF5      0
read         7316.05    2330.06    5340.34    1958.69     457.25     145.63     333.77     122.42    0.05744     0     16   1   10   0     1        1         0    0      1 16777216 16777216     256.0 HDF5      0
Finished            : Thu Jun  6 17:14:31 2019
