IOR-3.2.0: MPI Coordinated Test of Parallel I/O
Began               : Thu Jun  6 17:29:38 2019
Command line        : /glade/work/kpaul/software/ncar-ior/bin/ior -a Z5 -w -r -C -i10 -g -t 256m -b 1024m
Machine             : Linux r14i0n9
TestID              : 0
StartTime           : Thu Jun  6 17:29:38 2019
Path                : /gpfs/fs1/scratch/kpaul/ior_scaling
FS                  : 15000.0 TiB   Used FS: 59.6%   Inodes: 2355.6 Mi   Used Inodes: 62.6%

Options: 
api                 : Z5
apiVersion          : (null)
test filename       : testFile
access              : single-shared-file
type                : independent
segments            : 1
ordering in a file  : sequential
ordering inter file : constant task offset
task offset         : 1
tasks               : 16
clients per node    : 1
repetitions         : 10
xfersize            : 256 MiB
blocksize           : 1 GiB
aggregate filesize  : 16 GiB

Results: 

access    bw(MiB/s)  block(KiB) xfer(KiB)  open(s)    wr/rd(s)   close(s)   total(s)   iter
------    ---------  ---------- ---------  --------   --------   --------   --------   ----
write     1776.44    1048576    262144     0.006790   9.22       0.000024   9.22       0   
read      1331.81    1048576    262144     0.000017   12.30      0.000026   12.30      0   
remove    -          -          -          -          -          -          0.092907   0   
write     491.00     1048576    262144     0.000525   33.37      0.000033   33.37      1   
read      1381.23    1048576    262144     0.000031   11.86      0.000041   11.86      1   
remove    -          -          -          -          -          -          0.083860   1   
write     576.66     1048576    262144     0.000514   28.41      0.000049   28.41      2   
read      1398.35    1048576    262144     0.000066   11.72      0.000053   11.72      2   
remove    -          -          -          -          -          -          0.090655   2   
write     230.64     1048576    262144     0.000510   71.04      0.000086   71.04      3   
read      1363.94    1048576    262144     0.000085   12.01      0.000088   12.01      3   
remove    -          -          -          -          -          -          0.080338   3   
write     167.11     1048576    262144     0.000554   98.04      0.000133   98.04      4   
read      1388.38    1048576    262144     0.000136   11.80      0.000142   11.80      4   
remove    -          -          -          -          -          -          0.079866   4   
write     659.35     1048576    262144     0.000620   24.85      0.000151   24.85      5   
read      1336.86    1048576    262144     0.000153   12.26      0.000157   12.26      5   
remove    -          -          -          -          -          -          0.114046   5   
write     6544       1048576    262144     0.000612   2.50       0.000160   2.50       6   
read      997.89     1048576    262144     0.000160   16.42      0.000168   16.42      6   
remove    -          -          -          -          -          -          0.090036   6   
write     8680       1048576    262144     0.000618   1.89       0.000169   1.89       7   
read      1399.32    1048576    262144     0.000169   11.71      0.000175   11.71      7   
remove    -          -          -          -          -          -          0.076922   7   
write     681.37     1048576    262144     0.000619   24.04      0.000186   24.05      8   
read      1405.13    1048576    262144     0.000185   11.66      0.000191   11.66      8   
remove    -          -          -          -          -          -          0.075803   8   
write     416.00     1048576    262144     0.000624   39.38      0.000207   39.38      9   
read      1397.09    1048576    262144     0.000210   11.73      0.000363   11.73      9   
remove    -          -          -          -          -          -          0.111595   9   
Max Write: 8680.11 MiB/sec (9101.76 MB/sec)
Max Read:  1405.13 MiB/sec (1473.38 MB/sec)

Summary of all tests:
Operation   Max(MiB)   Min(MiB)  Mean(MiB)     StdDev   Max(OPs)   Min(OPs)  Mean(OPs)     StdDev    Mean(s) Test# #Tasks tPN reps fPP reord reordoff reordrand seed segcnt   blksiz    xsize aggs(MiB)   API RefNum
write        8680.11     167.11    2022.32    2866.35      33.91       0.65       7.90      11.20   33.27543     0     16   1   10   0     1        1         0    0      1 1073741824 268435456   16384.0  Z5      0
read         1405.13     997.89    1340.00     116.68       5.49       3.90       5.23       0.46   12.34639     0     16   1   10   0     1        1         0    0      1 1073741824 268435456   16384.0  Z5      0
Finished            : Thu Jun  6 17:37:15 2019
