IOR-3.2.0: MPI Coordinated Test of Parallel I/O
Began               : Thu Jun  6 16:47:00 2019
Command line        : /glade/work/kpaul/software/ncar-ior/bin/ior -a MPIIO -w -r -C -i10 -g -t 64m -b 64m -c
Machine             : Linux r8i1n21
TestID              : 0
StartTime           : Thu Jun  6 16:47:00 2019
Path                : /gpfs/fs1/scratch/kpaul/ior_scaling
FS                  : 15000.0 TiB   Used FS: 59.6%   Inodes: 2355.6 Mi   Used Inodes: 62.6%

Options: 
api                 : MPIIO
apiVersion          : (3.1)
test filename       : testFile
access              : single-shared-file
type                : collective
segments            : 1
ordering in a file  : sequential
ordering inter file : constant task offset
task offset         : 1
tasks               : 8
clients per node    : 1
repetitions         : 10
xfersize            : 64 MiB
blocksize           : 64 MiB
aggregate filesize  : 512 MiB

Results: 

access    bw(MiB/s)  block(KiB) xfer(KiB)  open(s)    wr/rd(s)   close(s)   total(s)   iter
------    ---------  ---------- ---------  --------   --------   --------   --------   ----
write     16742      65536      65536      0.008680   0.021780   0.000105   0.030582   0   
read      4014       65536      65536      0.000531   0.126984   0.000044   0.127566   0   
remove    -          -          -          -          -          -          0.003977   0   
write     17174      65536      65536      0.007247   0.022474   0.000077   0.029812   1   
read      6353       65536      65536      0.000735   0.079808   0.000046   0.080596   1   
remove    -          -          -          -          -          -          0.003659   1   
write     18313      65536      65536      0.005738   0.022119   0.000085   0.027959   2   
read      2477.88    65536      65536      0.000586   0.205991   0.000041   0.206628   2   
remove    -          -          -          -          -          -          0.003996   2   
write     18178      65536      65536      0.007044   0.021035   0.000073   0.028167   3   
read      5122       65536      65536      0.000561   0.099358   0.000040   0.099968   3   
remove    -          -          -          -          -          -          0.003718   3   
write     19000      65536      65536      0.004572   0.022262   0.000096   0.026948   4   
read      7250       65536      65536      0.000472   0.070090   0.000045   0.070618   4   
remove    -          -          -          -          -          -          0.003418   4   
write     17906      65536      65536      0.006451   0.021981   0.000148   0.028594   5   
read      7082       65536      65536      0.000470   0.071722   0.000097   0.072298   5   
remove    -          -          -          -          -          -          0.004195   5   
write     18907      65536      65536      0.004699   0.022266   0.000100   0.027080   6   
read      6103       65536      65536      0.000699   0.083124   0.000067   0.083899   6   
remove    -          -          -          -          -          -          0.003410   6   
write     16697      65536      65536      0.007113   0.023424   0.000112   0.030665   7   
read      6486       65536      65536      0.000742   0.078152   0.000040   0.078944   7   
remove    -          -          -          -          -          -          0.009680   7   
write     19117      65536      65536      0.004596   0.022098   0.000074   0.026782   8   
read      6448       65536      65536      0.000516   0.078843   0.000042   0.079410   8   
remove    -          -          -          -          -          -          0.004109   8   
write     18088      65536      65536      0.006995   0.021212   0.000085   0.028307   9   
read      4235       65536      65536      0.000416   0.120417   0.000045   0.120885   9   
remove    -          -          -          -          -          -          0.003870   9   
Max Write: 19117.33 MiB/sec (20045.98 MB/sec)
Max Read:  7250.25 MiB/sec (7602.43 MB/sec)

Summary of all tests:
Operation   Max(MiB)   Min(MiB)  Mean(MiB)     StdDev   Max(OPs)   Min(OPs)  Mean(OPs)     StdDev    Mean(s) Test# #Tasks tPN reps fPP reord reordoff reordrand seed segcnt   blksiz    xsize aggs(MiB)   API RefNum
write       19117.33   16696.56   18012.05     847.24     298.71     260.88     281.44      13.24    0.02849     0      8   1   10   0     1        1         0    0      1 67108864 67108864     512.0 MPIIO      0
read         7250.25    2477.88    5556.89    1468.92     113.29      38.72      86.83      22.95    0.10208     0      8   1   10   0     1        1         0    0      1 67108864 67108864     512.0 MPIIO      0
Finished            : Thu Jun  6 16:47:02 2019
