IOR-3.2.0: MPI Coordinated Test of Parallel I/O
Began               : Wed Jun 12 09:05:37 2019
Command line        : /glade/work/kpaul/software/ncar-ior/bin/ior -a POSIX -w -r -C -i10 -g -t 64m -b 128m -e -F
Machine             : Linux r5i0n9
TestID              : 0
StartTime           : Wed Jun 12 09:05:37 2019
Path                : /gpfs/fs1/scratch/kpaul/ior_scaling
FS                  : 15000.0 TiB   Used FS: 60.4%   Inodes: 2355.6 Mi   Used Inodes: 61.5%

Options: 
api                 : POSIX
apiVersion          : 
test filename       : testFile
access              : file-per-process
type                : independent
segments            : 1
ordering in a file  : sequential
ordering inter file : constant task offset
task offset         : 1
tasks               : 64
clients per node    : 1
repetitions         : 10
xfersize            : 64 MiB
blocksize           : 128 MiB
aggregate filesize  : 8 GiB

Results: 

access    bw(MiB/s)  block(KiB) xfer(KiB)  open(s)    wr/rd(s)   close(s)   total(s)   iter
------    ---------  ---------- ---------  --------   --------   --------   --------   ----
write     16343      131072     65536      0.013826   0.487340   0.000062   0.501256   0   
read      55232      131072     65536      0.066317   0.081935   0.000044   0.148321   0   
remove    -          -          -          -          -          -          0.018480   0   
write     44568      131072     65536      0.018918   0.164803   0.000061   0.183807   1   
read      48665      131072     65536      0.065560   0.102711   0.000040   0.168334   1   
remove    -          -          -          -          -          -          0.022776   1   
write     21029      131072     65536      0.020893   0.368572   0.000059   0.389554   2   
read      53807      131072     65536      0.066032   0.086130   0.000056   0.152248   2   
remove    -          -          -          -          -          -          0.019823   2   
write     17239      131072     65536      0.019298   0.455800   0.000064   0.475189   3   
read      57877      131072     65536      0.059398   0.082075   0.000039   0.141541   3   
remove    -          -          -          -          -          -          0.020021   3   
write     38944      131072     65536      0.028815   0.181450   0.000063   0.210354   4   
read      56386      131072     65536      0.053780   0.091436   0.000038   0.145284   4   
remove    -          -          -          -          -          -          0.016105   4   
write     25614      131072     65536      0.022243   0.297494   0.000059   0.319824   5   
read      54724      131072     65536      0.066822   0.082810   0.000040   0.149696   5   
remove    -          -          -          -          -          -          0.019886   5   
write     41356      131072     65536      0.021416   0.176585   0.000061   0.198083   6   
read      49528      131072     65536      0.063374   0.101963   0.000044   0.165402   6   
remove    -          -          -          -          -          -          0.020925   6   
write     24648      131072     65536      0.021507   0.310750   0.000066   0.332359   7   
read      54192      131072     65536      0.060694   0.090402   0.000048   0.151167   7   
remove    -          -          -          -          -          -          0.020223   7   
write     24555      131072     65536      0.025895   0.307641   0.000063   0.333622   8   
read      66128      131072     65536      0.051027   0.072782   0.000051   0.123881   8   
remove    -          -          -          -          -          -          0.015756   8   
write     42096      131072     65536      0.020067   0.174447   0.000060   0.194603   9   
read      53506      131072     65536      0.062237   0.090801   0.000043   0.153105   9   
remove    -          -          -          -          -          -          0.020070   9   
Max Write: 44568.44 MiB/sec (46733.40 MB/sec)
Max Read:  66127.87 MiB/sec (69340.10 MB/sec)

Summary of all tests:
Operation   Max(MiB)   Min(MiB)  Mean(MiB)     StdDev   Max(OPs)   Min(OPs)  Mean(OPs)     StdDev    Mean(s) Test# #Tasks tPN reps fPP reord reordoff reordrand seed segcnt   blksiz    xsize aggs(MiB)   API RefNum
write       44568.44   16342.96   29639.31   10361.29     696.38     255.36     463.11     161.90    0.31387     0     64   1   10   1     1        1         0    0      1 134217728 67108864    8192.0 POSIX      0
read        66127.87   48665.07   55004.44    4566.64    1033.25     760.39     859.44      71.35    0.14990     0     64   1   10   1     1        1         0    0      1 134217728 67108864    8192.0 POSIX      0
Finished            : Wed Jun 12 09:05:42 2019
