IOR-3.2.0: MPI Coordinated Test of Parallel I/O
Began               : Thu Jun  6 15:20:41 2019
Command line        : /glade/work/kpaul/software/ncar-ior/bin/ior -a Z5 -w -r -C -i10 -g -t 128m -b 128m
Machine             : Linux r1i1n0
TestID              : 0
StartTime           : Thu Jun  6 15:20:41 2019
Path                : /gpfs/fs1/scratch/kpaul/ior_scaling
FS                  : 15000.0 TiB   Used FS: 59.5%   Inodes: 2355.6 Mi   Used Inodes: 62.6%

Options: 
api                 : Z5
apiVersion          : (null)
test filename       : testFile
access              : single-shared-file
type                : independent
segments            : 1
ordering in a file  : sequential
ordering inter file : constant task offset
task offset         : 1
tasks               : 1
clients per node    : 1
repetitions         : 10
xfersize            : 128 MiB
blocksize           : 128 MiB
aggregate filesize  : 128 MiB

Results: 

access    bw(MiB/s)  block(KiB) xfer(KiB)  open(s)    wr/rd(s)   close(s)   total(s)   iter
------    ---------  ---------- ---------  --------   --------   --------   --------   ----
write     393.95     131072     131072     0.006319   0.318594   0.000000   0.324916   0   
read      90.65      131072     131072     0.000000   1.41       0.000000   1.41       0   
remove    -          -          -          -          -          -          0.005703   0   
write     561.91     131072     131072     0.000371   0.227419   0.000000   0.227794   1   
read      90.76      131072     131072     0.000000   1.41       0.000000   1.41       1   
remove    -          -          -          -          -          -          0.000365   1   
write     565.51     131072     131072     0.000444   0.225896   0.000000   0.226343   2   
read      90.75      131072     131072     0.000000   1.41       0.000000   1.41       2   
remove    -          -          -          -          -          -          0.000314   2   
write     565.64     131072     131072     0.000362   0.225928   0.000000   0.226294   3   
read      90.87      131072     131072     0.000000   1.41       0.000000   1.41       3   
remove    -          -          -          -          -          -          0.000317   3   
write     565.94     131072     131072     0.000355   0.225814   0.000000   0.226172   4   
read      90.84      131072     131072     0.000000   1.41       0.000000   1.41       4   
remove    -          -          -          -          -          -          0.001208   4   
write     565.95     131072     131072     0.000360   0.225804   0.000000   0.226167   5   
read      90.87      131072     131072     0.000000   1.41       0.000000   1.41       5   
remove    -          -          -          -          -          -          0.000313   5   
write     563.78     131072     131072     0.000357   0.226679   0.000000   0.227040   6   
read      83.75      131072     131072     0.000000   1.53       0.000000   1.53       6   
remove    -          -          -          -          -          -          0.003575   6   
write     564.71     131072     131072     0.000355   0.226307   0.000000   0.226666   7   
read      89.96      131072     131072     0.000000   1.42       0.000000   1.42       7   
remove    -          -          -          -          -          -          0.000308   7   
write     286.80     131072     131072     0.220264   0.226031   0.000000   0.446299   8   
read      90.82      131072     131072     0.000000   1.41       0.000000   1.41       8   
remove    -          -          -          -          -          -          0.003490   8   
write     563.55     131072     131072     0.000351   0.226778   0.000000   0.227133   9   
read      88.88      131072     131072     0.000000   1.44       0.000000   1.44       9   
remove    -          -          -          -          -          -          0.000956   9   
Max Write: 565.95 MiB/sec (593.45 MB/sec)
Max Read:  90.87 MiB/sec (95.28 MB/sec)

Summary of all tests:
Operation   Max(MiB)   Min(MiB)  Mean(MiB)     StdDev   Max(OPs)   Min(OPs)  Mean(OPs)     StdDev    Mean(s) Test# #Tasks tPN reps fPP reord reordoff reordrand seed segcnt   blksiz    xsize aggs(MiB)   API RefNum
write         565.95     286.80     519.77      92.85       4.42       2.24       4.06       0.73    0.25848     0      1   1   10   0     1        1         0    0      1 134217728 134217728     128.0  Z5      0
read           90.87      83.75      89.81       2.11       0.71       0.65       0.70       0.02    1.42600     0      1   1   10   0     1        1         0    0      1 134217728 134217728     128.0  Z5      0
Finished            : Thu Jun  6 15:20:58 2019
