IOR-3.2.0: MPI Coordinated Test of Parallel I/O
Began               : Thu Jun  6 16:24:19 2019
Command line        : /glade/work/kpaul/software/ncar-ior/bin/ior -a HDF5 -w -r -C -i10 -g -t 128m -b 256m -c
Machine             : Linux r8i1n18
TestID              : 0
StartTime           : Thu Jun  6 16:24:19 2019
Path                : /gpfs/fs1/scratch/kpaul/ior_scaling
FS                  : 15000.0 TiB   Used FS: 59.5%   Inodes: 2355.6 Mi   Used Inodes: 62.6%

Options: 
api                 : HDF5
apiVersion          : 1.8.21 (Parallel)
test filename       : testFile
access              : single-shared-file
type                : collective
segments            : 1
ordering in a file  : sequential
ordering inter file : constant task offset
task offset         : 1
tasks               : 4
clients per node    : 1
repetitions         : 10
xfersize            : 128 MiB
blocksize           : 256 MiB
aggregate filesize  : 1 GiB

Results: 

access    bw(MiB/s)  block(KiB) xfer(KiB)  open(s)    wr/rd(s)   close(s)   total(s)   iter
------    ---------  ---------- ---------  --------   --------   --------   --------   ----
write     1196.62    262144     131072     0.007836   0.813851   0.034049   0.855744   0   
read      3802       262144     131072     0.004768   0.264350   0.000197   0.269324   0   
remove    -          -          -          -          -          -          0.000277   0   
write     3455.57    262144     131072     0.008031   0.202963   0.085334   0.296333   1   
read      4165       262144     131072     0.005637   0.211666   0.028571   0.245882   1   
remove    -          -          -          -          -          -          0.000227   1   
write     3209.77    262144     131072     0.006840   0.260122   0.052057   0.319026   2   
read      2627.11    262144     131072     0.004804   0.268064   0.116907   0.389782   2   
remove    -          -          -          -          -          -          0.000286   2   
write     3222.50    262144     131072     0.006010   0.263342   0.048406   0.317765   3   
read      3913       262144     131072     0.005871   0.237193   0.018619   0.261690   3   
remove    -          -          -          -          -          -          0.000349   3   
write     4015       262144     131072     0.007516   0.204821   0.042676   0.255020   4   
read      4014       262144     131072     0.004422   0.238227   0.012465   0.255122   4   
remove    -          -          -          -          -          -          0.000303   4   
write     4096       262144     131072     0.006036   0.201752   0.042223   0.250017   5   
read      4013       262144     131072     0.004836   0.250116   0.000195   0.255159   5   
remove    -          -          -          -          -          -          0.000356   5   
write     3114.46    262144     131072     0.006083   0.205869   0.116830   0.328789   6   
read      1679.26    262144     131072     0.004342   0.605250   0.000194   0.609794   6   
remove    -          -          -          -          -          -          0.000267   6   
write     3472.17    262144     131072     0.005778   0.240510   0.048622   0.294917   7   
read      4586       262144     131072     0.004687   0.218392   0.000197   0.223283   7   
remove    -          -          -          -          -          -          0.000275   7   
write     4018       262144     131072     0.006287   0.204441   0.044119   0.254852   8   
read      3688       262144     131072     0.004674   0.272819   0.000194   0.277695   8   
remove    -          -          -          -          -          -          0.000243   8   
write     3540.02    262144     131072     0.007267   0.238687   0.043305   0.289264   9   
read      3915       262144     131072     0.004483   0.237437   0.019656   0.261585   9   
remove    -          -          -          -          -          -          0.000432   9   
Max Write: 4095.72 MiB/sec (4294.68 MB/sec)
Max Read:  4586.11 MiB/sec (4808.88 MB/sec)

Summary of all tests:
Operation   Max(MiB)   Min(MiB)  Mean(MiB)     StdDev   Max(OPs)   Min(OPs)  Mean(OPs)     StdDev    Mean(s) Test# #Tasks tPN reps fPP reord reordoff reordrand seed segcnt   blksiz    xsize aggs(MiB)   API RefNum
write        4095.72    1196.62    3334.02     789.50      32.00       9.35      26.05       6.17    0.34617     0      4   1   10   0     1        1         0    0      1 268435456 134217728    1024.0 HDF5      0
read         4586.11    1679.26    3640.13     806.12      35.83      13.12      28.44       6.30    0.30493     0      4   1   10   0     1        1         0    0      1 268435456 134217728    1024.0 HDF5      0
Finished            : Thu Jun  6 16:24:26 2019
