IOR-3.2.0: MPI Coordinated Test of Parallel I/O
Began               : Thu Jun  6 17:00:29 2019
Command line        : /glade/work/kpaul/software/ncar-ior/bin/ior -a Z5 -w -r -C -i10 -g -t 16m -b 128m
Machine             : Linux r8i1n21
TestID              : 0
StartTime           : Thu Jun  6 17:00:29 2019
Path                : /gpfs/fs1/scratch/kpaul/ior_scaling
FS                  : 15000.0 TiB   Used FS: 59.6%   Inodes: 2355.6 Mi   Used Inodes: 62.6%

Options: 
api                 : Z5
apiVersion          : (null)
test filename       : testFile
access              : single-shared-file
type                : independent
segments            : 1
ordering in a file  : sequential
ordering inter file : constant task offset
task offset         : 1
tasks               : 8
clients per node    : 1
repetitions         : 10
xfersize            : 16 MiB
blocksize           : 128 MiB
aggregate filesize  : 1 GiB

Results: 

access    bw(MiB/s)  block(KiB) xfer(KiB)  open(s)    wr/rd(s)   close(s)   total(s)   iter
------    ---------  ---------- ---------  --------   --------   --------   --------   ----
write     3170.53    131072     16384      0.003623   0.319314   0.000049   0.322974   0   
read      637.81     131072     16384      0.000049   1.61       0.000053   1.61       0   
remove    -          -          -          -          -          -          0.132865   0   
write     3317.27    131072     16384      0.000348   0.308309   0.000039   0.308688   1   
read      632.99     131072     16384      0.000045   1.62       0.000026   1.62       1   
remove    -          -          -          -          -          -          0.073156   1   
write     3183.59    131072     16384      0.000333   0.321126   0.000203   0.321650   2   
read      652.77     131072     16384      0.000045   1.57       0.000044   1.57       2   
remove    -          -          -          -          -          -          0.073562   2   
write     3213.31    131072     16384      0.000328   0.318312   0.000020   0.318674   3   
read      668.98     131072     16384      0.000043   1.53       0.000040   1.53       3   
remove    -          -          -          -          -          -          0.069503   3   
write     3126.96    131072     16384      0.000316   0.327116   0.000056   0.327474   4   
read      644.06     131072     16384      0.000044   1.59       0.000041   1.59       4   
remove    -          -          -          -          -          -          0.077123   4   
write     3335.39    131072     16384      0.000328   0.306654   0.000046   0.307010   5   
read      649.91     131072     16384      0.000044   1.58       0.000051   1.58       5   
remove    -          -          -          -          -          -          0.070846   5   
write     3183.14    131072     16384      0.000325   0.321332   0.000052   0.321695   6   
read      619.14     131072     16384      0.000045   1.65       0.000040   1.65       6   
remove    -          -          -          -          -          -          0.069281   6   
write     3361.27    131072     16384      0.000324   0.304287   0.000051   0.304647   7   
read      613.12     131072     16384      0.000044   1.67       0.000052   1.67       7   
remove    -          -          -          -          -          -          0.076477   7   
write     3122.22    131072     16384      0.000332   0.327605   0.000045   0.327972   8   
read      670.71     131072     16384      0.000045   1.53       0.000046   1.53       8   
remove    -          -          -          -          -          -          0.070195   8   
write     3368.30    131072     16384      0.000399   0.303560   0.000063   0.304011   9   
read      607.16     131072     16384      0.000045   1.69       0.000053   1.69       9   
remove    -          -          -          -          -          -          0.089149   9   
Max Write: 3368.30 MiB/sec (3531.92 MB/sec)
Max Read:  670.71 MiB/sec (703.29 MB/sec)

Summary of all tests:
Operation   Max(MiB)   Min(MiB)  Mean(MiB)     StdDev   Max(OPs)   Min(OPs)  Mean(OPs)     StdDev    Mean(s) Test# #Tasks tPN reps fPP reord reordoff reordrand seed segcnt   blksiz    xsize aggs(MiB)   API RefNum
write        3368.30    3122.22    3238.20      92.09     210.52     195.14     202.39       5.76    0.31648     0      8   1   10   0     1        1         0    0      1 134217728 16777216    1024.0  Z5      0
read          670.71     607.16     639.67      20.86      41.92      37.95      39.98       1.30    1.60254     0      8   1   10   0     1        1         0    0      1 134217728 16777216    1024.0  Z5      0
Finished            : Thu Jun  6 17:00:49 2019
