IOR-3.2.0: MPI Coordinated Test of Parallel I/O
Began               : Thu Jun  6 15:52:29 2019
Command line        : /glade/work/kpaul/software/ncar-ior/bin/ior -a NCMPI -w -r -C -i10 -g -t 8m -b 8m
Machine             : Linux r11i3n24
TestID              : 0
StartTime           : Thu Jun  6 15:52:29 2019
Path                : /gpfs/fs1/scratch/kpaul/ior_scaling
FS                  : 15000.0 TiB   Used FS: 59.5%   Inodes: 2355.6 Mi   Used Inodes: 62.6%

Options: 
api                 : NCMPI
apiVersion          : 1.11.0 of 19 Dec 2018
test filename       : testFile
access              : single-shared-file
type                : independent
segments            : 1
ordering in a file  : sequential
ordering inter file : constant task offset
task offset         : 1
tasks               : 2
clients per node    : 1
repetitions         : 10
xfersize            : 8 MiB
blocksize           : 8 MiB
aggregate filesize  : 16 MiB

Results: 

access    bw(MiB/s)  block(KiB) xfer(KiB)  open(s)    wr/rd(s)   close(s)   total(s)   iter
------    ---------  ---------- ---------  --------   --------   --------   --------   ----
write     209.65     8192       8192       0.008004   0.067677   0.000632   0.076319   0   
read      580.43     8192       8192       0.000831   0.026118   0.000610   0.027566   0   
remove    -          -          -          -          -          -          0.001695   0   
write     182.96     8192       8192       0.004934   0.074958   0.007552   0.087450   1   
read      1973.01    8192       8192       0.003641   0.003736   0.000727   0.008109   1   
remove    -          -          -          -          -          -          0.002421   1   
write     211.22     8192       8192       0.006315   0.062367   0.007066   0.075752   2   
read      3055.57    8192       8192       0.000503   0.004123   0.000606   0.005236   2   
remove    -          -          -          -          -          -          0.002098   2   
write     161.78     8192       8192       0.005661   0.085190   0.008041   0.098897   3   
read      3276.19    8192       8192       0.000608   0.003806   0.000465   0.004884   3   
remove    -          -          -          -          -          -          0.001676   3   
write     273.96     8192       8192       0.005778   0.052119   0.000500   0.058402   4   
read      2551.56    8192       8192       0.000501   0.005205   0.000558   0.006271   4   
remove    -          -          -          -          -          -          0.001574   4   
write     229.12     8192       8192       0.005116   0.064172   0.000538   0.069831   5   
read      2679.48    8192       8192       0.000479   0.005026   0.000460   0.005971   5   
remove    -          -          -          -          -          -          0.001641   5   
write     181.16     8192       8192       0.005198   0.076258   0.006858   0.088319   6   
read      3190.16    8192       8192       0.000496   0.004029   0.000486   0.005015   6   
remove    -          -          -          -          -          -          0.001579   6   
write     231.07     8192       8192       0.005556   0.057227   0.006456   0.069244   7   
read      3503.77    8192       8192       0.000502   0.003596   0.000463   0.004567   7   
remove    -          -          -          -          -          -          0.001288   7   
write     64.66      8192       8192       0.091246   0.074152   0.082007   0.247429   8   
read      2075.23    8192       8192       0.003588   0.003483   0.000633   0.007710   8   
remove    -          -          -          -          -          -          0.003485   8   
write     300.62     8192       8192       0.005248   0.042106   0.005863   0.053223   9   
read      2285.95    8192       8192       0.003121   0.003377   0.000496   0.006999   9   
remove    -          -          -          -          -          -          0.001850   9   
Max Write: 300.62 MiB/sec (315.22 MB/sec)
Max Read:  3503.77 MiB/sec (3673.97 MB/sec)

Summary of all tests:
Operation   Max(MiB)   Min(MiB)  Mean(MiB)     StdDev   Max(OPs)   Min(OPs)  Mean(OPs)     StdDev    Mean(s) Test# #Tasks tPN reps fPP reord reordoff reordrand seed segcnt   blksiz    xsize aggs(MiB)   API RefNum
write         300.62      64.66     204.62      61.51      37.58       8.08      25.58       7.69    0.09249     0      2   1   10   0     1        1         0    0      1  8388608  8388608      16.0 NCMPI      0
read         3503.77     580.43    2517.13     813.37     437.97      72.55     314.64     101.67    0.00823     0      2   1   10   0     1        1         0    0      1  8388608  8388608      16.0 NCMPI      0
Finished            : Thu Jun  6 15:52:30 2019
