IOR-3.2.0: MPI Coordinated Test of Parallel I/O
Began               : Thu Jun  6 16:20:41 2019
Command line        : /glade/work/kpaul/software/ncar-ior/bin/ior -a HDF5 -w -r -C -i10 -g -t 32m -b 32m -c
Machine             : Linux r8i1n18
TestID              : 0
StartTime           : Thu Jun  6 16:20:41 2019
Path                : /gpfs/fs1/scratch/kpaul/ior_scaling
FS                  : 15000.0 TiB   Used FS: 59.5%   Inodes: 2355.6 Mi   Used Inodes: 62.6%

Options: 
api                 : HDF5
apiVersion          : 1.8.21 (Parallel)
test filename       : testFile
access              : single-shared-file
type                : collective
segments            : 1
ordering in a file  : sequential
ordering inter file : constant task offset
task offset         : 1
tasks               : 4
clients per node    : 1
repetitions         : 10
xfersize            : 32 MiB
blocksize           : 32 MiB
aggregate filesize  : 128 MiB

Results: 

access    bw(MiB/s)  block(KiB) xfer(KiB)  open(s)    wr/rd(s)   close(s)   total(s)   iter
------    ---------  ---------- ---------  --------   --------   --------   --------   ----
write     521.24     32768      32768      0.007812   0.194717   0.043033   0.245570   0   
read      1893.62    32768      32768      0.005961   0.061469   0.000158   0.067595   0   
remove    -          -          -          -          -          -          0.000329   0   
write     976.84     32768      32768      0.001802   0.044296   0.084931   0.131034   1   
read      924.73     32768      32768      0.006244   0.131992   0.000173   0.138419   1   
remove    -          -          -          -          -          -          0.000242   1   
write     1439.24    32768      32768      0.002171   0.043039   0.043719   0.088936   2   
read      3237.11    32768      32768      0.005034   0.034344   0.000157   0.039541   2   
remove    -          -          -          -          -          -          0.000300   2   
write     1259.62    32768      32768      0.001904   0.045028   0.054679   0.101618   3   
read      3248.53    32768      32768      0.005112   0.034122   0.000162   0.039402   3   
remove    -          -          -          -          -          -          0.000254   3   
write     1598.55    32768      32768      0.001842   0.045193   0.033030   0.080073   4   
read      3310.44    32768      32768      0.004784   0.033681   0.000193   0.038666   4   
remove    -          -          -          -          -          -          0.000339   4   
write     1424.05    32768      32768      0.002359   0.044589   0.042929   0.089884   5   
read      3308.44    32768      32768      0.005019   0.033500   0.000161   0.038689   5   
remove    -          -          -          -          -          -          0.000252   5   
write     1350.86    32768      32768      0.001606   0.042063   0.051078   0.094754   6   
read      2780.93    32768      32768      0.004729   0.041130   0.000160   0.046028   6   
remove    -          -          -          -          -          -          0.000273   6   
write     1652.81    32768      32768      0.001963   0.043766   0.031706   0.077444   7   
read      1708.27    32768      32768      0.004778   0.069982   0.000162   0.074930   7   
remove    -          -          -          -          -          -          0.000342   7   
write     1332.85    32768      32768      0.002349   0.042088   0.051591   0.096035   8   
read      3358.86    32768      32768      0.004764   0.033178   0.000158   0.038108   8   
remove    -          -          -          -          -          -          0.000328   8   
write     1189.81    32768      32768      0.001836   0.045283   0.060455   0.107580   9   
read      3183.12    32768      32768      0.005118   0.034925   0.000163   0.040212   9   
remove    -          -          -          -          -          -          0.000338   9   
Max Write: 1652.81 MiB/sec (1733.10 MB/sec)
Max Read:  3358.86 MiB/sec (3522.02 MB/sec)

Summary of all tests:
Operation   Max(MiB)   Min(MiB)  Mean(MiB)     StdDev   Max(OPs)   Min(OPs)  Mean(OPs)     StdDev    Mean(s) Test# #Tasks tPN reps fPP reord reordoff reordrand seed segcnt   blksiz    xsize aggs(MiB)   API RefNum
write        1652.81     521.24    1274.59     311.49      51.65      16.29      39.83       9.73    0.11129     0      4   1   10   0     1        1         0    0      1 33554432 33554432     128.0 HDF5      0
read         3358.86     924.73    2695.40     824.10     104.96      28.90      84.23      25.75    0.05616     0      4   1   10   0     1        1         0    0      1 33554432 33554432     128.0 HDF5      0
Finished            : Thu Jun  6 16:20:43 2019
