IOR-3.2.0: MPI Coordinated Test of Parallel I/O
Began               : Thu Jun  6 16:34:20 2019
Command line        : /glade/work/kpaul/software/ncar-ior/bin/ior -a MPIIO -w -r -C -i10 -g -t 32m -b 256m -c
Machine             : Linux r8i1n18
TestID              : 0
StartTime           : Thu Jun  6 16:34:20 2019
Path                : /gpfs/fs1/scratch/kpaul/ior_scaling
FS                  : 15000.0 TiB   Used FS: 59.6%   Inodes: 2355.6 Mi   Used Inodes: 62.6%

Options: 
api                 : MPIIO
apiVersion          : (3.1)
test filename       : testFile
access              : single-shared-file
type                : collective
segments            : 1
ordering in a file  : sequential
ordering inter file : constant task offset
task offset         : 1
tasks               : 4
clients per node    : 1
repetitions         : 10
xfersize            : 32 MiB
blocksize           : 256 MiB
aggregate filesize  : 1 GiB

Results: 

access    bw(MiB/s)  block(KiB) xfer(KiB)  open(s)    wr/rd(s)   close(s)   total(s)   iter
------    ---------  ---------- ---------  --------   --------   --------   --------   ----
write     11692      262144     32768      0.006898   0.080571   0.000096   0.087578   0   
read      4927       262144     32768      0.000480   0.207303   0.000039   0.207822   0   
remove    -          -          -          -          -          -          0.003927   0   
write     11766      262144     32768      0.006566   0.080370   0.000080   0.087028   1   
read      5767       262144     32768      0.000461   0.177043   0.000041   0.177548   1   
remove    -          -          -          -          -          -          0.004335   1   
write     11956      262144     32768      0.006817   0.078743   0.000077   0.085648   2   
read      5781       262144     32768      0.000460   0.176628   0.000040   0.177128   2   
remove    -          -          -          -          -          -          0.004889   2   
write     11627      262144     32768      0.006419   0.081534   0.000110   0.088074   3   
read      5714       262144     32768      0.000528   0.178657   0.000039   0.179225   3   
remove    -          -          -          -          -          -          0.003778   3   
write     11539      262144     32768      0.007088   0.081561   0.000080   0.088741   4   
read      2758.51    262144     32768      0.000454   0.370719   0.000039   0.371215   4   
remove    -          -          -          -          -          -          0.005149   4   
write     11832      262144     32768      0.006275   0.080159   0.000100   0.086546   5   
read      3419.77    262144     32768      0.000452   0.298941   0.000039   0.299435   5   
remove    -          -          -          -          -          -          0.003304   5   
write     11955      262144     32768      0.006532   0.079028   0.000081   0.085652   6   
read      3433.51    262144     32768      0.000441   0.297756   0.000040   0.298237   6   
remove    -          -          -          -          -          -          0.004592   6   
write     11966      262144     32768      0.005848   0.079623   0.000090   0.085572   7   
read      5791       262144     32768      0.000471   0.176317   0.000039   0.176829   7   
remove    -          -          -          -          -          -          0.004311   7   
write     5199       262144     32768      0.118402   0.078460   0.000077   0.196951   8   
read      5789       262144     32768      0.000400   0.176442   0.000039   0.176883   8   
remove    -          -          -          -          -          -          0.003629   8   
write     12024      262144     32768      0.006797   0.078263   0.000089   0.085161   9   
read      1654.66    262144     32768      0.000418   0.618398   0.000041   0.618857   9   
remove    -          -          -          -          -          -          0.004615   9   
Max Write: 12024.33 MiB/sec (12608.43 MB/sec)
Max Read:  5790.91 MiB/sec (6072.21 MB/sec)

Summary of all tests:
Operation   Max(MiB)   Min(MiB)  Mean(MiB)     StdDev   Max(OPs)   Min(OPs)  Mean(OPs)     StdDev    Mean(s) Test# #Tasks tPN reps fPP reord reordoff reordrand seed segcnt   blksiz    xsize aggs(MiB)   API RefNum
write       12024.33    5199.26   11155.77    1991.42     375.76     162.48     348.62      62.23    0.09770     0      4   1   10   0     1        1         0    0      1 268435456 33554432    1024.0 MPIIO      0
read         5790.91    1654.66    4503.59    1471.87     180.97      51.71     140.74      46.00    0.26832     0      4   1   10   0     1        1         0    0      1 268435456 33554432    1024.0 MPIIO      0
Finished            : Thu Jun  6 16:34:24 2019
