IOR-3.2.0: MPI Coordinated Test of Parallel I/O
Began               : Wed Jun 12 10:19:15 2019
Command line        : /glade/work/kpaul/software/ncar-ior/bin/ior -a POSIX -w -r -C -i10 -g -t 256m -b 2048m -e -F
Machine             : Linux r5i0n9
TestID              : 0
StartTime           : Wed Jun 12 10:19:15 2019
Path                : /gpfs/fs1/scratch/kpaul/ior_scaling
FS                  : 15000.0 TiB   Used FS: 60.4%   Inodes: 2355.6 Mi   Used Inodes: 61.5%

Options: 
api                 : POSIX
apiVersion          : 
test filename       : testFile
access              : file-per-process
type                : independent
segments            : 1
ordering in a file  : sequential
ordering inter file : constant task offset
task offset         : 1
tasks               : 64
clients per node    : 1
repetitions         : 10
xfersize            : 256 MiB
blocksize           : 2 GiB
aggregate filesize  : 128 GiB

Results: 

access    bw(MiB/s)  block(KiB) xfer(KiB)  open(s)    wr/rd(s)   close(s)   total(s)   iter
------    ---------  ---------- ---------  --------   --------   --------   --------   ----
write     98824      2097152    262144     0.013113   1.31       0.000097   1.33       0   
read      126091     2097152    262144     0.056992   0.982399   0.000089   1.04       0   
remove    -          -          -          -          -          -          0.019531   0   
write     99227      2097152    262144     0.020212   1.30       0.000140   1.32       1   
read      129332     2097152    262144     0.053216   0.960123   0.000083   1.01       1   
remove    -          -          -          -          -          -          0.019526   1   
write     104081     2097152    262144     0.020423   1.24       0.000183   1.26       2   
read      136337     2097152    262144     0.055188   0.906086   0.000087   0.961381   2   
remove    -          -          -          -          -          -          0.020336   2   
write     114481     2097152    262144     0.022566   1.12       0.000081   1.14       3   
read      135434     2097152    262144     0.061793   0.905899   0.000079   0.967792   3   
remove    -          -          -          -          -          -          0.019435   3   
write     114779     2097152    262144     0.029635   1.11       0.000091   1.14       4   
read      133911     2097152    262144     0.044199   0.934491   0.000087   0.978802   4   
remove    -          -          -          -          -          -          0.015672   4   
write     125523     2097152    262144     0.021700   1.02       0.000208   1.04       5   
read      124648     2097152    262144     0.064011   0.987422   0.000086   1.05       5   
remove    -          -          -          -          -          -          0.019288   5   
write     150104     2097152    262144     0.022843   0.850258   0.000085   0.873206   6   
read      145711     2097152    262144     0.057817   0.841615   0.000090   0.899531   6   
remove    -          -          -          -          -          -          0.020518   6   
write     81960      2097152    262144     0.020187   1.58       0.000095   1.60       7   
read      133329     2097152    262144     0.063256   0.919673   0.000121   0.983072   7   
remove    -          -          -          -          -          -          0.018421   7   
write     136009     2097152    262144     0.025879   0.937625   0.000174   0.963700   8   
read      134399     2097152    262144     0.049525   0.925622   0.000091   0.975247   8   
remove    -          -          -          -          -          -          0.015428   8   
write     102524     2097152    262144     0.020508   1.26       0.000088   1.28       9   
read      129415     2097152    262144     0.059777   0.952920   0.000088   1.01       9   
remove    -          -          -          -          -          -          0.019212   9   
Max Write: 150104.29 MiB/sec (157395.76 MB/sec)
Max Read:  145711.47 MiB/sec (152789.55 MB/sec)

Summary of all tests:
Operation   Max(MiB)   Min(MiB)  Mean(MiB)     StdDev   Max(OPs)   Min(OPs)  Mean(OPs)     StdDev    Mean(s) Test# #Tasks tPN reps fPP reord reordoff reordrand seed segcnt   blksiz    xsize aggs(MiB)   API RefNum
write      150104.29   81960.30  112751.31   19002.90     586.34     320.16     440.43      74.23    1.19522     0     64   1   10   1     1        1         0    0      1 2147483648 268435456  131072.0 POSIX      0
read       145711.47  124648.44  132860.77    5702.04     569.19     486.91     518.99      22.27    0.98831     0     64   1   10   1     1        1         0    0      1 2147483648 268435456  131072.0 POSIX      0
Finished            : Wed Jun 12 10:19:38 2019
