IOR-3.2.0: MPI Coordinated Test of Parallel I/O
Began               : Thu Jun  6 15:21:14 2019
Command line        : /glade/work/kpaul/software/ncar-ior/bin/ior -a Z5 -w -r -C -i10 -g -t 256m -b 256m
Machine             : Linux r1i1n0
TestID              : 0
StartTime           : Thu Jun  6 15:21:14 2019
Path                : /gpfs/fs1/scratch/kpaul/ior_scaling
FS                  : 15000.0 TiB   Used FS: 59.5%   Inodes: 2355.6 Mi   Used Inodes: 62.6%

Options: 
api                 : Z5
apiVersion          : (null)
test filename       : testFile
access              : single-shared-file
type                : independent
segments            : 1
ordering in a file  : sequential
ordering inter file : constant task offset
task offset         : 1
tasks               : 1
clients per node    : 1
repetitions         : 10
xfersize            : 256 MiB
blocksize           : 256 MiB
aggregate filesize  : 256 MiB

Results: 

access    bw(MiB/s)  block(KiB) xfer(KiB)  open(s)    wr/rd(s)   close(s)   total(s)   iter
------    ---------  ---------- ---------  --------   --------   --------   --------   ----
write     399.14     262144     262144     0.002693   0.638679   0.000000   0.641376   0   
read      90.89      262144     262144     0.000000   2.82       0.000000   2.82       0   
remove    -          -          -          -          -          -          0.000770   0   
write     567.73     262144     262144     0.000363   0.450552   0.000000   0.450918   1   
read      90.88      262144     262144     0.000000   2.82       0.000000   2.82       1   
remove    -          -          -          -          -          -          0.000512   1   
write     567.85     262144     262144     0.000355   0.450467   0.000000   0.450826   2   
read      90.90      262144     262144     0.000000   2.82       0.000000   2.82       2   
remove    -          -          -          -          -          -          0.000313   2   
write     567.09     262144     262144     0.000361   0.451066   0.000000   0.451430   3   
read      90.89      262144     262144     0.000000   2.82       0.000000   2.82       3   
remove    -          -          -          -          -          -          0.000313   3   
write     567.39     262144     262144     0.000359   0.450827   0.000000   0.451190   4   
read      90.86      262144     262144     0.000000   2.82       0.000000   2.82       4   
remove    -          -          -          -          -          -          0.002101   4   
write     567.05     262144     262144     0.000361   0.451094   0.000000   0.451459   5   
read      87.30      262144     262144     0.000000   2.93       0.000000   2.93       5   
remove    -          -          -          -          -          -          0.000299   5   
write     565.51     262144     262144     0.000352   0.452330   0.000000   0.452686   6   
read      90.47      262144     262144     0.000000   2.83       0.000000   2.83       6   
remove    -          -          -          -          -          -          0.000305   6   
write     567.32     262144     262144     0.000348   0.450895   0.000000   0.451246   7   
read      90.84      262144     262144     0.000000   2.82       0.000000   2.82       7   
remove    -          -          -          -          -          -          0.000292   7   
write     567.18     262144     262144     0.000356   0.450993   0.000000   0.451353   8   
read      90.68      262144     262144     0.000000   2.82       0.000000   2.82       8   
remove    -          -          -          -          -          -          0.007424   8   
write     565.82     262144     262144     0.000362   0.452074   0.000000   0.452440   9   
read      90.89      262144     262144     0.000000   2.82       0.000000   2.82       9   
remove    -          -          -          -          -          -          0.001696   9   
Max Write: 567.85 MiB/sec (595.43 MB/sec)
Max Read:  90.90 MiB/sec (95.32 MB/sec)

Summary of all tests:
Operation   Max(MiB)   Min(MiB)  Mean(MiB)     StdDev   Max(OPs)   Min(OPs)  Mean(OPs)     StdDev    Mean(s) Test# #Tasks tPN reps fPP reord reordoff reordrand seed segcnt   blksiz    xsize aggs(MiB)   API RefNum
write         567.85     399.14     550.21      50.36       2.22       1.56       2.15       0.20    0.47049     0      1   1   10   0     1        1         0    0      1 268435456 268435456     256.0  Z5      0
read           90.90      87.30      90.46       1.06       0.36       0.34       0.35       0.00    2.83034     0      1   1   10   0     1        1         0    0      1 268435456 268435456     256.0  Z5      0
Finished            : Thu Jun  6 15:21:48 2019
