IOR-3.2.0: MPI Coordinated Test of Parallel I/O
Began               : Thu Jun  6 15:27:08 2019
Command line        : /glade/work/kpaul/software/ncar-ior/bin/ior -a MPIIO -w -r -C -i10 -g -t 16m -b 64m -c
Machine             : Linux r1i1n0
TestID              : 0
StartTime           : Thu Jun  6 15:27:08 2019
Path                : /gpfs/fs1/scratch/kpaul/ior_scaling
FS                  : 15000.0 TiB   Used FS: 59.5%   Inodes: 2355.6 Mi   Used Inodes: 62.6%

Options: 
api                 : MPIIO
apiVersion          : (3.1)
test filename       : testFile
access              : single-shared-file
type                : collective
segments            : 1
ordering in a file  : sequential
ordering inter file : constant task offset
task offset         : 1
tasks               : 1
clients per node    : 1
repetitions         : 10
xfersize            : 16 MiB
blocksize           : 64 MiB
aggregate filesize  : 64 MiB

Results: 

access    bw(MiB/s)  block(KiB) xfer(KiB)  open(s)    wr/rd(s)   close(s)   total(s)   iter
------    ---------  ---------- ---------  --------   --------   --------   --------   ----
write     3357.43    65536      16384      0.000416   0.018573   0.000072   0.019062   0   
read      300.52     65536      16384      0.000269   0.212677   0.000020   0.212967   0   
remove    -          -          -          -          -          -          0.000451   0   
write     3365.02    65536      16384      0.000427   0.018545   0.000045   0.019019   1   
read      1823.77    65536      16384      0.000320   0.034752   0.000018   0.035092   1   
remove    -          -          -          -          -          -          0.000422   1   
write     3380.30    65536      16384      0.000363   0.018525   0.000043   0.018933   2   
read      1458.12    65536      16384      0.000318   0.043554   0.000018   0.043892   2   
remove    -          -          -          -          -          -          0.000543   2   
write     3391.76    65536      16384      0.000384   0.018441   0.000043   0.018869   3   
read      2141.67    65536      16384      0.000333   0.029530   0.000019   0.029883   3   
remove    -          -          -          -          -          -          0.000387   3   
write     3351.56    65536      16384      0.000611   0.018441   0.000042   0.019096   4   
read      1224.46    65536      16384      0.000373   0.051873   0.000021   0.052268   4   
remove    -          -          -          -          -          -          0.000483   4   
write     3379.85    65536      16384      0.000400   0.018488   0.000046   0.018936   5   
read      1011.28    65536      16384      0.000365   0.062901   0.000019   0.063286   5   
remove    -          -          -          -          -          -          0.000441   5   
write     3396.82    65536      16384      0.000416   0.018380   0.000045   0.018841   6   
read      1430.48    65536      16384      0.000316   0.044405   0.000018   0.044740   6   
remove    -          -          -          -          -          -          0.000459   6   
write     3374.46    65536      16384      0.000465   0.018457   0.000043   0.018966   7   
read      1305.74    65536      16384      0.000282   0.048712   0.000020   0.049014   7   
remove    -          -          -          -          -          -          0.000384   7   
write     3280.33    65536      16384      0.000755   0.018711   0.000043   0.019510   8   
read      1641.94    65536      16384      0.000276   0.038684   0.000018   0.038978   8   
remove    -          -          -          -          -          -          0.000471   8   
write     3284.37    65536      16384      0.000609   0.018834   0.000042   0.019486   9   
read      1462.90    65536      16384      0.000318   0.043411   0.000018   0.043749   9   
remove    -          -          -          -          -          -          0.000426   9   
Max Write: 3396.82 MiB/sec (3561.82 MB/sec)
Max Read:  2141.67 MiB/sec (2245.70 MB/sec)

Summary of all tests:
Operation   Max(MiB)   Min(MiB)  Mean(MiB)     StdDev   Max(OPs)   Min(OPs)  Mean(OPs)     StdDev    Mean(s) Test# #Tasks tPN reps fPP reord reordoff reordrand seed segcnt   blksiz    xsize aggs(MiB)   API RefNum
write        3396.82    3280.33    3356.19      39.25     212.30     205.02     209.76       2.45    0.01907     0      1   1   10   0     1        1         0    0      1 67108864 16777216      64.0 MPIIO      0
read         2141.67     300.52    1380.09     468.21     133.85      18.78      86.26      29.26    0.06139     0      1   1   10   0     1        1         0    0      1 67108864 16777216      64.0 MPIIO      0
Finished            : Thu Jun  6 15:27:09 2019
