IOR-3.2.0: MPI Coordinated Test of Parallel I/O
Began               : Thu Jun  6 16:33:00 2019
Command line        : /glade/work/kpaul/software/ncar-ior/bin/ior -a MPIIO -w -r -C -i10 -g -t 8m -b 64m -c
Machine             : Linux r8i1n18
TestID              : 0
StartTime           : Thu Jun  6 16:33:00 2019
Path                : /gpfs/fs1/scratch/kpaul/ior_scaling
FS                  : 15000.0 TiB   Used FS: 59.6%   Inodes: 2355.6 Mi   Used Inodes: 62.6%

Options: 
api                 : MPIIO
apiVersion          : (3.1)
test filename       : testFile
access              : single-shared-file
type                : collective
segments            : 1
ordering in a file  : sequential
ordering inter file : constant task offset
task offset         : 1
tasks               : 4
clients per node    : 1
repetitions         : 10
xfersize            : 8 MiB
blocksize           : 64 MiB
aggregate filesize  : 256 MiB

Results: 

access    bw(MiB/s)  block(KiB) xfer(KiB)  open(s)    wr/rd(s)   close(s)   total(s)   iter
------    ---------  ---------- ---------  --------   --------   --------   --------   ----
write     9462       65536      8192       0.006729   0.020233   0.000086   0.027057   0   
read      3351.02    65536      8192       0.000417   0.075944   0.000028   0.076395   0   
remove    -          -          -          -          -          -          0.003070   0   
write     9648       65536      8192       0.006736   0.019728   0.000063   0.026535   1   
read      5694       65536      8192       0.000470   0.044453   0.000029   0.044958   1   
remove    -          -          -          -          -          -          0.003719   1   
write     9773       65536      8192       0.006170   0.019950   0.000066   0.026193   2   
read      5183       65536      8192       0.000477   0.048883   0.000028   0.049394   2   
remove    -          -          -          -          -          -          0.004363   2   
write     9451       65536      8192       0.007038   0.019977   0.000063   0.027086   3   
read      4056       65536      8192       0.000458   0.062617   0.000028   0.063109   3   
remove    -          -          -          -          -          -          0.003995   3   
write     9604       65536      8192       0.007055   0.019530   0.000062   0.026655   4   
read      3302.04    65536      8192       0.000386   0.077107   0.000029   0.077528   4   
remove    -          -          -          -          -          -          0.003891   4   
write     9767       65536      8192       0.006605   0.019534   0.000065   0.026212   5   
read      711.99     65536      8192       0.000446   0.359073   0.000031   0.359556   5   
remove    -          -          -          -          -          -          0.004176   5   
write     9224       65536      8192       0.006977   0.020704   0.000062   0.027752   6   
read      4285       65536      8192       0.000448   0.059261   0.000029   0.059744   6   
remove    -          -          -          -          -          -          0.003489   6   
write     9907       65536      8192       0.005612   0.020154   0.000065   0.025839   7   
read      4649       65536      8192       0.000418   0.054607   0.000029   0.055061   7   
remove    -          -          -          -          -          -          0.003202   7   
write     10492      65536      8192       0.005453   0.018876   0.000062   0.024400   8   
read      4932       65536      8192       0.000427   0.051439   0.000029   0.051902   8   
remove    -          -          -          -          -          -          0.003299   8   
write     9847       65536      8192       0.006418   0.019506   0.000066   0.025999   9   
read      3939       65536      8192       0.000417   0.064534   0.000028   0.064985   9   
remove    -          -          -          -          -          -          0.004301   9   
Max Write: 10491.97 MiB/sec (11001.63 MB/sec)
Max Read:  5694.20 MiB/sec (5970.80 MB/sec)

Summary of all tests:
Operation   Max(MiB)   Min(MiB)  Mean(MiB)     StdDev   Max(OPs)   Min(OPs)  Mean(OPs)     StdDev    Mean(s) Test# #Tasks tPN reps fPP reord reordoff reordrand seed segcnt   blksiz    xsize aggs(MiB)   API RefNum
write       10491.97    9224.43    9717.52     324.84    1311.50    1153.05    1214.69      40.60    0.02637     0      4   1   10   0     1        1         0    0      1 67108864  8388608     256.0 MPIIO      0
read         5694.20     711.99    4010.46    1317.83     711.78      89.00     501.31     164.73    0.09026     0      4   1   10   0     1        1         0    0      1 67108864  8388608     256.0 MPIIO      0
Finished            : Thu Jun  6 16:33:01 2019
