IOR-3.2.0: MPI Coordinated Test of Parallel I/O
Began               : Thu Jun  6 15:36:38 2019
Command line        : /glade/work/kpaul/software/ncar-ior/bin/ior -a Z5 -w -r -C -i10 -g -t 64m -b 512m
Machine             : Linux r1i1n0
TestID              : 0
StartTime           : Thu Jun  6 15:36:38 2019
Path                : /gpfs/fs1/scratch/kpaul/ior_scaling
FS                  : 15000.0 TiB   Used FS: 59.5%   Inodes: 2355.6 Mi   Used Inodes: 62.6%

Options: 
api                 : Z5
apiVersion          : (null)
test filename       : testFile
access              : single-shared-file
type                : independent
segments            : 1
ordering in a file  : sequential
ordering inter file : constant task offset
task offset         : 1
tasks               : 1
clients per node    : 1
repetitions         : 10
xfersize            : 64 MiB
blocksize           : 512 MiB
aggregate filesize  : 512 MiB

Results: 

access    bw(MiB/s)  block(KiB) xfer(KiB)  open(s)    wr/rd(s)   close(s)   total(s)   iter
------    ---------  ---------- ---------  --------   --------   --------   --------   ----
write     535.65     524288     65536      0.000888   0.954964   0.000000   0.955855   0   
read      90.72      524288     65536      0.000000   5.64       0.000000   5.64       0   
remove    -          -          -          -          -          -          0.001928   0   
write     558.74     524288     65536      0.012880   0.903464   0.000000   0.916348   1   
read      90.78      524288     65536      0.000000   5.64       0.000000   5.64       1   
remove    -          -          -          -          -          -          0.000685   1   
write     565.90     524288     65536      0.000341   0.904413   0.000000   0.904757   2   
read      90.74      524288     65536      0.000000   5.64       0.000000   5.64       2   
remove    -          -          -          -          -          -          0.000674   2   
write     564.87     524288     65536      0.000337   0.906066   0.000000   0.906406   3   
read      90.78      524288     65536      0.000000   5.64       0.000000   5.64       3   
remove    -          -          -          -          -          -          0.000664   3   
write     565.80     524288     65536      0.000332   0.904581   0.000000   0.904917   4   
read      90.77      524288     65536      0.000000   5.64       0.000000   5.64       4   
remove    -          -          -          -          -          -          0.000681   4   
write     564.87     524288     65536      0.000337   0.906064   0.000000   0.906404   5   
read      90.80      524288     65536      0.000000   5.64       0.000000   5.64       5   
remove    -          -          -          -          -          -          0.001046   5   
write     563.34     524288     65536      0.000371   0.908487   0.000000   0.908862   6   
read      90.78      524288     65536      0.000000   5.64       0.000000   5.64       6   
remove    -          -          -          -          -          -          0.000675   6   
write     565.02     524288     65536      0.000338   0.905816   0.000000   0.906158   7   
read      90.74      524288     65536      0.000000   5.64       0.000000   5.64       7   
remove    -          -          -          -          -          -          0.000696   7   
write     565.06     524288     65536      0.000343   0.905760   0.000000   0.906106   8   
read      90.78      524288     65536      0.000000   5.64       0.000000   5.64       8   
remove    -          -          -          -          -          -          0.000688   8   
write     548.67     524288     65536      0.000338   0.932832   0.000000   0.933174   9   
read      90.74      524288     65536      0.000000   5.64       0.000000   5.64       9   
remove    -          -          -          -          -          -          0.000685   9   
Max Write: 565.90 MiB/sec (593.39 MB/sec)
Max Read:  90.80 MiB/sec (95.21 MB/sec)

Summary of all tests:
Operation   Max(MiB)   Min(MiB)  Mean(MiB)     StdDev   Max(OPs)   Min(OPs)  Mean(OPs)     StdDev    Mean(s) Test# #Tasks tPN reps fPP reord reordoff reordrand seed segcnt   blksiz    xsize aggs(MiB)   API RefNum
write         565.90     535.65     559.79       9.49       8.84       8.37       8.75       0.15    0.91490     0      1   1   10   0     1        1         0    0      1 536870912 67108864     512.0  Z5      0
read           90.80      90.72      90.76       0.02       1.42       1.42       1.42       0.00    5.64108     0      1   1   10   0     1        1         0    0      1 536870912 67108864     512.0  Z5      0
Finished            : Thu Jun  6 15:37:44 2019
