IOR-3.2.0: MPI Coordinated Test of Parallel I/O
Began               : Thu Jun  6 16:22:32 2019
Command line        : /glade/work/kpaul/software/ncar-ior/bin/ior -a MPIIO -w -r -C -i10 -g -t 8m -b 16m -c
Machine             : Linux r8i1n18
TestID              : 0
StartTime           : Thu Jun  6 16:22:32 2019
Path                : /gpfs/fs1/scratch/kpaul/ior_scaling
FS                  : 15000.0 TiB   Used FS: 59.5%   Inodes: 2355.6 Mi   Used Inodes: 62.6%

Options: 
api                 : MPIIO
apiVersion          : (3.1)
test filename       : testFile
access              : single-shared-file
type                : collective
segments            : 1
ordering in a file  : sequential
ordering inter file : constant task offset
task offset         : 1
tasks               : 4
clients per node    : 1
repetitions         : 10
xfersize            : 8 MiB
blocksize           : 16 MiB
aggregate filesize  : 64 MiB

Results: 

access    bw(MiB/s)  block(KiB) xfer(KiB)  open(s)    wr/rd(s)   close(s)   total(s)   iter
------    ---------  ---------- ---------  --------   --------   --------   --------   ----
write     4954       16384      8192       0.006843   0.006017   0.000061   0.012920   0   
read      413.25     16384      8192       0.000490   0.154347   0.000034   0.154869   0   
remove    -          -          -          -          -          -          0.003106   0   
write     4942       16384      8192       0.006744   0.006140   0.000068   0.012951   1   
read      1374.26    16384      8192       0.000413   0.046136   0.000033   0.046571   1   
remove    -          -          -          -          -          -          0.005010   1   
write     4604       16384      8192       0.007270   0.006582   0.000051   0.013902   2   
read      1770.77    16384      8192       0.000427   0.035685   0.000032   0.036143   2   
remove    -          -          -          -          -          -          0.005267   2   
write     3871       16384      8192       0.009313   0.007174   0.000058   0.016534   3   
read      2036.51    16384      8192       0.000459   0.030938   0.000031   0.031426   3   
remove    -          -          -          -          -          -          0.004304   3   
write     4333       16384      8192       0.008244   0.006476   0.000050   0.014769   4   
read      1475.91    16384      8192       0.000456   0.042889   0.000030   0.043363   4   
remove    -          -          -          -          -          -          0.005097   4   
write     5166       16384      8192       0.007031   0.005308   0.000051   0.012388   5   
read      2042.94    16384      8192       0.000450   0.030850   0.000030   0.031327   5   
remove    -          -          -          -          -          -          0.004563   5   
write     4632       16384      8192       0.006749   0.007023   0.000055   0.013816   6   
read      1185.57    16384      8192       0.000401   0.053561   0.000032   0.053983   6   
remove    -          -          -          -          -          -          0.003997   6   
write     4234       16384      8192       0.006864   0.008210   0.000053   0.015115   7   
read      482.50     16384      8192       0.000422   0.132190   0.000033   0.132644   7   
remove    -          -          -          -          -          -          0.003537   7   
write     4493       16384      8192       0.007366   0.006824   0.000065   0.014243   8   
read      2139.24    16384      8192       0.000468   0.029421   0.000031   0.029917   8   
remove    -          -          -          -          -          -          0.003803   8   
write     4529       16384      8192       0.007511   0.006571   0.000051   0.014132   9   
read      1646.86    16384      8192       0.000392   0.038450   0.000031   0.038862   9   
remove    -          -          -          -          -          -          0.003109   9   
Max Write: 5166.26 MiB/sec (5417.21 MB/sec)
Max Read:  2139.24 MiB/sec (2243.16 MB/sec)

Summary of all tests:
Operation   Max(MiB)   Min(MiB)  Mean(MiB)     StdDev   Max(OPs)   Min(OPs)  Mean(OPs)     StdDev    Mean(s) Test# #Tasks tPN reps fPP reord reordoff reordrand seed segcnt   blksiz    xsize aggs(MiB)   API RefNum
write        5166.26    3870.86    4575.76     362.02     645.78     483.86     571.97      45.25    0.01408     0      4   1   10   0     1        1         0    0      1 16777216  8388608      64.0 MPIIO      0
read         2139.24     413.25    1456.78     583.01     267.41      51.66     182.10      72.88    0.05991     0      4   1   10   0     1        1         0    0      1 16777216  8388608      64.0 MPIIO      0
Finished            : Thu Jun  6 16:22:33 2019
