IOR-3.2.0: MPI Coordinated Test of Parallel I/O
Began               : Wed Jun 12 09:15:34 2019
Command line        : /glade/work/kpaul/software/ncar-ior/bin/ior -a MPIIO -w -r -C -i10 -g -t 32m -b 128m -c
Machine             : Linux r5i0n9
TestID              : 0
StartTime           : Wed Jun 12 09:15:34 2019
Path                : /gpfs/fs1/scratch/kpaul/ior_scaling
FS                  : 15000.0 TiB   Used FS: 60.4%   Inodes: 2355.6 Mi   Used Inodes: 61.5%

Options: 
api                 : MPIIO
apiVersion          : (3.1)
test filename       : testFile
access              : single-shared-file
type                : collective
segments            : 1
ordering in a file  : sequential
ordering inter file : constant task offset
task offset         : 1
tasks               : 64
clients per node    : 1
repetitions         : 10
xfersize            : 32 MiB
blocksize           : 128 MiB
aggregate filesize  : 8 GiB

Results: 

access    bw(MiB/s)  block(KiB) xfer(KiB)  open(s)    wr/rd(s)   close(s)   total(s)   iter
------    ---------  ---------- ---------  --------   --------   --------   --------   ----
write     117350     131072     32768      0.011093   0.058562   0.000138   0.069808   0   
read      19271      131072     32768      0.001870   0.423138   0.000068   0.425086   0   
remove    -          -          -          -          -          -          0.017687   0   
write     103236     131072     32768      0.011488   0.066802   0.001046   0.079352   1   
read      58531      131072     32768      0.001865   0.137927   0.000150   0.139960   1   
remove    -          -          -          -          -          -          0.016642   1   
write     108919     131072     32768      0.011450   0.063632   0.000114   0.075212   2   
read      55436      131072     32768      0.001749   0.145947   0.000071   0.147774   2   
remove    -          -          -          -          -          -          0.015101   2   
write     115625     131072     32768      0.009251   0.061482   0.000101   0.070850   3   
read      34200      131072     32768      0.001716   0.237746   0.000059   0.239535   3   
remove    -          -          -          -          -          -          0.018955   3   
write     101218     131072     32768      0.010642   0.070134   0.000144   0.080934   4   
read      54238      131072     32768      0.001833   0.149130   0.000066   0.151039   4   
remove    -          -          -          -          -          -          0.015305   4   
write     76230      131072     32768      0.010140   0.096993   0.000307   0.107465   5   
read      40169      131072     32768      0.001664   0.202184   0.000077   0.203937   5   
remove    -          -          -          -          -          -          0.018969   5   
write     102007     131072     32768      0.023860   0.056327   0.000100   0.080308   6   
read      57494      131072     32768      0.001723   0.140658   0.000093   0.142485   6   
remove    -          -          -          -          -          -          0.017319   6   
write     92023      131072     32768      0.015707   0.073197   0.000101   0.089021   7   
read      34710      131072     32768      0.002477   0.233453   0.000068   0.236015   7   
remove    -          -          -          -          -          -          0.012480   7   
write     27299      131072     32768      0.022926   0.277017   0.000130   0.300086   8   
read      53506      131072     32768      0.001635   0.151407   0.000057   0.153105   8   
remove    -          -          -          -          -          -          0.021253   8   
write     120347     131072     32768      0.010798   0.057162   0.000092   0.068070   9   
read      53197      131072     32768      0.001762   0.152161   0.000062   0.153992   9   
remove    -          -          -          -          -          -          0.013736   9   
Max Write: 120347.16 MiB/sec (126193.15 MB/sec)
Max Read:  58531.12 MiB/sec (61374.33 MB/sec)

Summary of all tests:
Operation   Max(MiB)   Min(MiB)  Mean(MiB)     StdDev   Max(OPs)   Min(OPs)  Mean(OPs)     StdDev    Mean(s) Test# #Tasks tPN reps fPP reord reordoff reordrand seed segcnt   blksiz    xsize aggs(MiB)   API RefNum
write      120347.16   27298.82   96425.41   26155.45    3760.85     853.09    3013.29     817.36    0.10211     0     64   1   10   0     1        1         0    0      1 134217728 33554432    8192.0 MPIIO      0
read        58531.12   19271.38   46075.17   12527.00    1829.10     602.23    1439.85     391.47    0.19929     0     64   1   10   0     1        1         0    0      1 134217728 33554432    8192.0 MPIIO      0
Finished            : Wed Jun 12 09:15:37 2019
