IOR-3.2.0: MPI Coordinated Test of Parallel I/O
Began               : Thu Jun  6 15:54:24 2019
Command line        : /glade/work/kpaul/software/ncar-ior/bin/ior -a MPIIO -w -r -C -i10 -g -t 8m -b 16m -c
Machine             : Linux r11i3n24
TestID              : 0
StartTime           : Thu Jun  6 15:54:24 2019
Path                : /gpfs/fs1/scratch/kpaul/ior_scaling
FS                  : 15000.0 TiB   Used FS: 59.5%   Inodes: 2355.6 Mi   Used Inodes: 62.6%

Options: 
api                 : MPIIO
apiVersion          : (3.1)
test filename       : testFile
access              : single-shared-file
type                : collective
segments            : 1
ordering in a file  : sequential
ordering inter file : constant task offset
task offset         : 1
tasks               : 2
clients per node    : 1
repetitions         : 10
xfersize            : 8 MiB
blocksize           : 16 MiB
aggregate filesize  : 32 MiB

Results: 

access    bw(MiB/s)  block(KiB) xfer(KiB)  open(s)    wr/rd(s)   close(s)   total(s)   iter
------    ---------  ---------- ---------  --------   --------   --------   --------   ----
write     2377.84    16384      8192       0.008006   0.005396   0.000051   0.013458   0   
read      800.25     16384      8192       0.000355   0.039605   0.000023   0.039987   0   
remove    -          -          -          -          -          -          0.003162   0   
write     2799.08    16384      8192       0.005803   0.005581   0.000043   0.011432   1   
read      728.69     16384      8192       0.000404   0.043484   0.000022   0.043914   1   
remove    -          -          -          -          -          -          0.003233   1   
write     3041.31    16384      8192       0.005432   0.005041   0.000044   0.010522   2   
read      1062.51    16384      8192       0.000406   0.029679   0.000020   0.030117   2   
remove    -          -          -          -          -          -          0.002877   2   
write     3065.70    16384      8192       0.005480   0.004910   0.000043   0.010438   3   
read      1129.31    16384      8192       0.000401   0.027911   0.000019   0.028336   3   
remove    -          -          -          -          -          -          0.004013   3   
write     3198.12    16384      8192       0.005003   0.004957   0.000041   0.010006   4   
read      926.23     16384      8192       0.000392   0.034133   0.000019   0.034549   4   
remove    -          -          -          -          -          -          0.003153   4   
write     2993.93    16384      8192       0.005523   0.005116   0.000044   0.010688   5   
read      919.20     16384      8192       0.000368   0.034421   0.000020   0.034813   5   
remove    -          -          -          -          -          -          0.002785   5   
write     3144.57    16384      8192       0.005264   0.004869   0.000038   0.010176   6   
read      942.16     16384      8192       0.000763   0.033177   0.000020   0.033965   6   
remove    -          -          -          -          -          -          0.003898   6   
write     2640.33    16384      8192       0.007039   0.005034   0.000042   0.012120   7   
read      1027.03    16384      8192       0.000375   0.030758   0.000020   0.031158   7   
remove    -          -          -          -          -          -          0.002853   7   
write     3165.80    16384      8192       0.005152   0.004901   0.000049   0.010108   8   
read      765.70     16384      8192       0.000461   0.041307   0.000020   0.041792   8   
remove    -          -          -          -          -          -          0.002753   8   
write     2421.66    16384      8192       0.005671   0.007501   0.000036   0.013214   9   
read      877.85     16384      8192       0.000351   0.036078   0.000020   0.036453   9   
remove    -          -          -          -          -          -          0.003792   9   
Max Write: 3198.12 MiB/sec (3353.47 MB/sec)
Max Read:  1129.31 MiB/sec (1184.16 MB/sec)

Summary of all tests:
Operation   Max(MiB)   Min(MiB)  Mean(MiB)     StdDev   Max(OPs)   Min(OPs)  Mean(OPs)     StdDev    Mean(s) Test# #Tasks tPN reps fPP reord reordoff reordrand seed segcnt   blksiz    xsize aggs(MiB)   API RefNum
write        3198.12    2377.84    2884.83     291.95     399.77     297.23     360.60      36.49    0.01122     0      2   1   10   0     1        1         0    0      1 16777216  8388608      32.0 MPIIO      0
read         1129.31     728.69     917.89     123.52     141.16      91.09     114.74      15.44    0.03551     0      2   1   10   0     1        1         0    0      1 16777216  8388608      32.0 MPIIO      0
Finished            : Thu Jun  6 15:54:25 2019
