IOR-3.2.0: MPI Coordinated Test of Parallel I/O
Began               : Thu Jun  6 15:22:30 2019
Command line        : /glade/work/kpaul/software/ncar-ior/bin/ior -a POSIX -w -r -C -i10 -g -t 8m -b 16m -e -F
Machine             : Linux r1i1n0
TestID              : 0
StartTime           : Thu Jun  6 15:22:30 2019
Path                : /gpfs/fs1/scratch/kpaul/ior_scaling
FS                  : 15000.0 TiB   Used FS: 59.5%   Inodes: 2355.6 Mi   Used Inodes: 62.6%

Options: 
api                 : POSIX
apiVersion          : 
test filename       : testFile
access              : file-per-process
type                : independent
segments            : 1
ordering in a file  : sequential
ordering inter file : constant task offset
task offset         : 1
tasks               : 1
clients per node    : 1
repetitions         : 10
xfersize            : 8 MiB
blocksize           : 16 MiB
aggregate filesize  : 16 MiB

Results: 

access    bw(MiB/s)  block(KiB) xfer(KiB)  open(s)    wr/rd(s)   close(s)   total(s)   iter
------    ---------  ---------- ---------  --------   --------   --------   --------   ----
write     505.98     16384      8192       0.002200   0.029399   0.000021   0.031622   0   
read      11073      16384      8192       0.000009   0.001432   0.000003   0.001445   0   
remove    -          -          -          -          -          -          0.000231   0   
write     761.72     16384      8192       0.000068   0.020918   0.000019   0.021005   1   
read      10946      16384      8192       0.000009   0.001449   0.000003   0.001462   1   
remove    -          -          -          -          -          -          0.000072   1   
write     747.56     16384      8192       0.000067   0.021317   0.000018   0.021403   2   
read      10769      16384      8192       0.000009   0.001474   0.000003   0.001486   2   
remove    -          -          -          -          -          -          0.000069   2   
write     762.08     16384      8192       0.000064   0.020912   0.000018   0.020995   3   
read      10639      16384      8192       0.000009   0.001492   0.000003   0.001504   3   
remove    -          -          -          -          -          -          0.000072   3   
write     705.70     16384      8192       0.000066   0.022587   0.000019   0.022673   4   
read      9084       16384      8192       0.000009   0.001750   0.000003   0.001761   4   
remove    -          -          -          -          -          -          0.000070   4   
write     277.72     16384      8192       0.000066   0.057526   0.000019   0.057611   5   
read      10877      16384      8192       0.000008   0.001460   0.000003   0.001471   5   
remove    -          -          -          -          -          -          0.000069   5   
write     540.02     16384      8192       0.000065   0.029545   0.000018   0.029629   6   
read      11236      16384      8192       0.000009   0.001412   0.000003   0.001424   6   
remove    -          -          -          -          -          -          0.000068   6   
write     775.14     16384      8192       0.000062   0.020561   0.000017   0.020641   7   
read      10716      16384      8192       0.000009   0.001482   0.000002   0.001493   7   
remove    -          -          -          -          -          -          0.000067   7   
write     723.94     16384      8192       0.000064   0.022020   0.000017   0.022101   8   
read      9764       16384      8192       0.000008   0.001627   0.000003   0.001639   8   
remove    -          -          -          -          -          -          0.000069   8   
write     694.94     16384      8192       0.000064   0.022942   0.000017   0.023024   9   
read      11271      16384      8192       0.000008   0.001408   0.000002   0.001420   9   
remove    -          -          -          -          -          -          0.000066   9   
Max Write: 775.14 MiB/sec (812.79 MB/sec)
Max Read:  11270.79 MiB/sec (11818.28 MB/sec)

Summary of all tests:
Operation   Max(MiB)   Min(MiB)  Mean(MiB)     StdDev   Max(OPs)   Min(OPs)  Mean(OPs)     StdDev    Mean(s) Test# #Tasks tPN reps fPP reord reordoff reordrand seed segcnt   blksiz    xsize aggs(MiB)   API RefNum
write         775.14     277.72     649.48     152.39      96.89      34.72      81.18      19.05    0.02707     0      1   1   10   1     1        1         0    0      1 16777216  8388608      16.0 POSIX      0
read        11270.79    9083.64   10637.50     655.88    1408.85    1135.46    1329.69      81.98    0.00151     0      1   1   10   1     1        1         0    0      1 16777216  8388608      16.0 POSIX      0
Finished            : Thu Jun  6 15:22:30 2019
