IOR-3.2.0: MPI Coordinated Test of Parallel I/O
Began               : Thu Jun  6 15:29:37 2019
Command line        : /glade/work/kpaul/software/ncar-ior/bin/ior -a MPIIO -w -r -C -i10 -g -t 128m -b 512m -c
Machine             : Linux r1i1n0
TestID              : 0
StartTime           : Thu Jun  6 15:29:37 2019
Path                : /gpfs/fs1/scratch/kpaul/ior_scaling
FS                  : 15000.0 TiB   Used FS: 59.5%   Inodes: 2355.6 Mi   Used Inodes: 62.6%

Options: 
api                 : MPIIO
apiVersion          : (3.1)
test filename       : testFile
access              : single-shared-file
type                : collective
segments            : 1
ordering in a file  : sequential
ordering inter file : constant task offset
task offset         : 1
tasks               : 1
clients per node    : 1
repetitions         : 10
xfersize            : 128 MiB
blocksize           : 512 MiB
aggregate filesize  : 512 MiB

Results: 

access    bw(MiB/s)  block(KiB) xfer(KiB)  open(s)    wr/rd(s)   close(s)   total(s)   iter
------    ---------  ---------- ---------  --------   --------   --------   --------   ----
write     3145.99    524288     131072     0.000953   0.161719   0.000073   0.162747   0   
read      3757       524288     131072     0.000378   0.135868   0.000046   0.136294   0   
remove    -          -          -          -          -          -          0.000470   0   
write     3138.58    524288     131072     0.000920   0.162151   0.000057   0.163131   1   
read      3754       524288     131072     0.000374   0.135966   0.000046   0.136388   1   
remove    -          -          -          -          -          -          0.000492   1   
write     3147.84    524288     131072     0.000819   0.161774   0.000055   0.162651   2   
read      3760       524288     131072     0.000313   0.135801   0.000047   0.136163   2   
remove    -          -          -          -          -          -          0.000500   2   
write     3177.93    524288     131072     0.000333   0.160717   0.000059   0.161111   3   
read      3757       524288     131072     0.000338   0.135877   0.000046   0.136263   3   
remove    -          -          -          -          -          -          0.000444   3   
write     3176.44    524288     131072     0.000298   0.160832   0.000055   0.161187   4   
read      3761       524288     131072     0.000264   0.135829   0.000047   0.136142   4   
remove    -          -          -          -          -          -          0.000432   4   
write     3187.46    524288     131072     0.000321   0.160253   0.000054   0.160630   5   
read      3756       524288     131072     0.000277   0.135977   0.000047   0.136303   5   
remove    -          -          -          -          -          -          0.000489   5   
write     3173.88    524288     131072     0.000273   0.160987   0.000055   0.161317   6   
read      3757       524288     131072     0.000330   0.135888   0.000045   0.136265   6   
remove    -          -          -          -          -          -          0.000438   6   
write     3161.46    524288     131072     0.000288   0.161602   0.000057   0.161951   7   
read      3753       524288     131072     0.000371   0.135996   0.000048   0.136417   7   
remove    -          -          -          -          -          -          0.000477   7   
write     3157.51    524288     131072     0.000343   0.161752   0.000056   0.162153   8   
read      3757       524288     131072     0.000319   0.135897   0.000046   0.136264   8   
remove    -          -          -          -          -          -          0.000470   8   
write     3167.98    524288     131072     0.000337   0.161228   0.000051   0.161617   9   
read      3750       524288     131072     0.000326   0.136075   0.000113   0.136516   9   
remove    -          -          -          -          -          -          0.000431   9   
Max Write: 3187.46 MiB/sec (3342.29 MB/sec)
Max Read:  3760.78 MiB/sec (3943.46 MB/sec)

Summary of all tests:
Operation   Max(MiB)   Min(MiB)  Mean(MiB)     StdDev   Max(OPs)   Min(OPs)  Mean(OPs)     StdDev    Mean(s) Test# #Tasks tPN reps fPP reord reordoff reordrand seed segcnt   blksiz    xsize aggs(MiB)   API RefNum
write        3187.46    3138.58    3163.51      15.13      24.90      24.52      24.71       0.12    0.16185     0      1   1   10   0     1        1         0    0      1 536870912 134217728     512.0 MPIIO      0
read         3760.78    3750.48    3756.38       2.96      29.38      29.30      29.35       0.02    0.13630     0      1   1   10   0     1        1         0    0      1 536870912 134217728     512.0 MPIIO      0
Finished            : Thu Jun  6 15:29:40 2019
