IOR-3.2.0: MPI Coordinated Test of Parallel I/O
Began               : Thu Jun  6 16:29:34 2019
Command line        : /glade/work/kpaul/software/ncar-ior/bin/ior -a POSIX -w -r -C -i10 -g -t 256m -b 1024m -e -F
Machine             : Linux r8i1n18
TestID              : 0
StartTime           : Thu Jun  6 16:29:34 2019
Path                : /gpfs/fs1/scratch/kpaul/ior_scaling
FS                  : 15000.0 TiB   Used FS: 59.5%   Inodes: 2355.6 Mi   Used Inodes: 62.6%

Options: 
api                 : POSIX
apiVersion          : 
test filename       : testFile
access              : file-per-process
type                : independent
segments            : 1
ordering in a file  : sequential
ordering inter file : constant task offset
task offset         : 1
tasks               : 4
clients per node    : 1
repetitions         : 10
xfersize            : 256 MiB
blocksize           : 1 GiB
aggregate filesize  : 4 GiB

Results: 

access    bw(MiB/s)  block(KiB) xfer(KiB)  open(s)    wr/rd(s)   close(s)   total(s)   iter
------    ---------  ---------- ---------  --------   --------   --------   --------   ----
write     10366      1048576    262144     0.003097   0.391966   0.000049   0.395132   0   
read      13439      1048576    262144     0.005386   0.299336   0.000045   0.304786   0   
remove    -          -          -          -          -          -          0.004632   0   
write     9227       1048576    262144     0.071148   0.372700   0.000047   0.443917   1   
read      13215      1048576    262144     0.004867   0.305010   0.000047   0.309943   1   
remove    -          -          -          -          -          -          0.004801   1   
write     11359      1048576    262144     0.005187   0.355332   0.000045   0.360584   2   
read      12732      1048576    262144     0.006080   0.315557   0.000046   0.321702   2   
remove    -          -          -          -          -          -          0.005152   2   
write     10699      1048576    262144     0.005217   0.377551   0.000049   0.382834   3   
read      13385      1048576    262144     0.005809   0.300152   0.000047   0.306025   3   
remove    -          -          -          -          -          -          0.004961   3   
write     7592       1048576    262144     0.005260   0.534187   0.000051   0.539521   4   
read      13261      1048576    262144     0.005368   0.303437   0.000044   0.308868   4   
remove    -          -          -          -          -          -          0.004945   4   
write     8137       1048576    262144     0.005057   0.498224   0.000074   0.503375   5   
read      13380      1048576    262144     0.005562   0.300498   0.000047   0.306125   5   
remove    -          -          -          -          -          -          0.004737   5   
write     11483      1048576    262144     0.005368   0.351271   0.000050   0.356706   6   
read      12811      1048576    262144     0.005533   0.314142   0.000044   0.319737   6   
remove    -          -          -          -          -          -          0.004870   6   
write     7106       1048576    262144     0.005395   0.570911   0.000060   0.576386   7   
read      13045      1048576    262144     0.004282   0.309636   0.000049   0.313990   7   
remove    -          -          -          -          -          -          0.004893   7   
write     11268      1048576    262144     0.005349   0.358106   0.000049   0.363521   8   
read      13482      1048576    262144     0.005323   0.298424   0.000053   0.303816   8   
remove    -          -          -          -          -          -          0.004797   8   
write     5255       1048576    262144     0.217857   0.561461   0.000047   0.779387   9   
read      13218      1048576    262144     0.005379   0.304427   0.000050   0.309872   9   
remove    -          -          -          -          -          -          0.006005   9   
Max Write: 11482.83 MiB/sec (12040.62 MB/sec)
Max Read:  13481.85 MiB/sec (14136.74 MB/sec)

Summary of all tests:
Operation   Max(MiB)   Min(MiB)  Mean(MiB)     StdDev   Max(OPs)   Min(OPs)  Mean(OPs)     StdDev    Mean(s) Test# #Tasks tPN reps fPP reord reordoff reordrand seed segcnt   blksiz    xsize aggs(MiB)   API RefNum
write       11482.83    5255.41    9249.28    2034.50      44.85      20.53      36.13       7.95    0.47014     0      4   1   10   1     1        1         0    0      1 1073741824 268435456    4096.0 POSIX      0
read        13481.85   12732.29   13196.83     245.30      52.66      49.74      51.55       0.96    0.31049     0      4   1   10   1     1        1         0    0      1 1073741824 268435456    4096.0 POSIX      0
Finished            : Thu Jun  6 16:29:42 2019
