IOR-3.2.0: MPI Coordinated Test of Parallel I/O
Began               : Thu Jun  6 16:17:20 2019
Command line        : /glade/work/kpaul/software/ncar-ior/bin/ior -a MPIIO -w -r -C -i10 -g -t 8m -b 8m -c
Machine             : Linux r8i1n18
TestID              : 0
StartTime           : Thu Jun  6 16:17:20 2019
Path                : /gpfs/fs1/scratch/kpaul/ior_scaling
FS                  : 15000.0 TiB   Used FS: 59.5%   Inodes: 2355.6 Mi   Used Inodes: 62.6%

Options: 
api                 : MPIIO
apiVersion          : (3.1)
test filename       : testFile
access              : single-shared-file
type                : collective
segments            : 1
ordering in a file  : sequential
ordering inter file : constant task offset
task offset         : 1
tasks               : 4
clients per node    : 1
repetitions         : 10
xfersize            : 8 MiB
blocksize           : 8 MiB
aggregate filesize  : 32 MiB

Results: 

access    bw(MiB/s)  block(KiB) xfer(KiB)  open(s)    wr/rd(s)   close(s)   total(s)   iter
------    ---------  ---------- ---------  --------   --------   --------   --------   ----
write     2414.58    8192       8192       0.007986   0.005210   0.000050   0.013253   0   
read      949.99     8192       8192       0.000409   0.033247   0.000022   0.033685   0   
remove    -          -          -          -          -          -          0.003560   0   
write     2169.40    8192       8192       0.011104   0.003597   0.000042   0.014751   1   
read      723.97     8192       8192       0.000393   0.043780   0.000021   0.044201   1   
remove    -          -          -          -          -          -          0.012990   1   
write     2950.49    8192       8192       0.007551   0.003247   0.000037   0.010846   2   
read      1830.48    8192       8192       0.000506   0.016950   0.000020   0.017482   2   
remove    -          -          -          -          -          -          0.003296   2   
write     2905.77    8192       8192       0.006133   0.004833   0.000040   0.011013   3   
read      1802.42    8192       8192       0.000415   0.017315   0.000018   0.017754   3   
remove    -          -          -          -          -          -          0.003260   3   
write     1582.09    8192       8192       0.016723   0.003454   0.000043   0.020226   4   
read      774.14     8192       8192       0.000481   0.040829   0.000020   0.041336   4   
remove    -          -          -          -          -          -          0.002921   4   
write     2493.55    8192       8192       0.009954   0.002831   0.000040   0.012833   5   
read      566.04     8192       8192       0.000449   0.056060   0.000018   0.056533   5   
remove    -          -          -          -          -          -          0.003010   5   
write     3683       8192       8192       0.005878   0.002765   0.000038   0.008688   6   
read      486.16     8192       8192       0.000417   0.065381   0.000018   0.065822   6   
remove    -          -          -          -          -          -          0.007372   6   
write     3486.15    8192       8192       0.006315   0.002820   0.000036   0.009179   7   
read      966.20     8192       8192       0.000417   0.032678   0.000018   0.033120   7   
remove    -          -          -          -          -          -          0.004400   7   
write     2312.17    8192       8192       0.010842   0.002949   0.000043   0.013840   8   
read      1245.99    8192       8192       0.000502   0.025156   0.000019   0.025682   8   
remove    -          -          -          -          -          -          0.003243   8   
write     1798.35    8192       8192       0.011451   0.006297   0.000038   0.017794   9   
read      819.76     8192       8192       0.000497   0.038514   0.000018   0.039036   9   
remove    -          -          -          -          -          -          0.002897   9   
Max Write: 3683.11 MiB/sec (3862.03 MB/sec)
Max Read:  1830.48 MiB/sec (1919.40 MB/sec)

Summary of all tests:
Operation   Max(MiB)   Min(MiB)  Mean(MiB)     StdDev   Max(OPs)   Min(OPs)  Mean(OPs)     StdDev    Mean(s) Test# #Tasks tPN reps fPP reord reordoff reordrand seed segcnt   blksiz    xsize aggs(MiB)   API RefNum
write        3683.11    1582.09    2579.57     645.24     460.39     197.76     322.45      80.65    0.01324     0      4   1   10   0     1        1         0    0      1  8388608  8388608      32.0 MPIIO      0
read         1830.48     486.16    1016.51     448.00     228.81      60.77     127.06      56.00    0.03746     0      4   1   10   0     1        1         0    0      1  8388608  8388608      32.0 MPIIO      0
Finished            : Thu Jun  6 16:17:20 2019
