IOR-3.2.0: MPI Coordinated Test of Parallel I/O
Began               : Wed Jun 12 10:17:27 2019
Command line        : /glade/work/kpaul/software/ncar-ior/bin/ior -a HDF5 -w -r -C -i10 -g -t 128m -b 1024m -c
Machine             : Linux r5i0n9
TestID              : 0
StartTime           : Wed Jun 12 10:17:27 2019
Path                : /gpfs/fs1/scratch/kpaul/ior_scaling
FS                  : 15000.0 TiB   Used FS: 60.4%   Inodes: 2355.6 Mi   Used Inodes: 61.5%

Options: 
api                 : HDF5
apiVersion          : 1.8.21 (Parallel)
test filename       : testFile
access              : single-shared-file
type                : collective
segments            : 1
ordering in a file  : sequential
ordering inter file : constant task offset
task offset         : 1
tasks               : 64
clients per node    : 1
repetitions         : 10
xfersize            : 128 MiB
blocksize           : 1 GiB
aggregate filesize  : 64 GiB

Results: 

access    bw(MiB/s)  block(KiB) xfer(KiB)  open(s)    wr/rd(s)   close(s)   total(s)   iter
------    ---------  ---------- ---------  --------   --------   --------   --------   ----
write     1102.18    1048576    131072     0.011813   59.38      0.069384   59.46      0   
read      41700      1048576    131072     0.074481   1.44       0.061795   1.57       0   
remove    -          -          -          -          -          -          0.000348   0   
write     16765      1048576    131072     0.306884   3.51       0.093747   3.91       1   
read      43906      1048576    131072     0.056620   1.36       0.078196   1.49       1   
remove    -          -          -          -          -          -          0.000281   1   
write     17470      1048576    131072     0.243154   3.44       0.067098   3.75       2   
read      47443      1048576    131072     0.051126   1.27       0.055460   1.38       2   
remove    -          -          -          -          -          -          0.000267   2   
write     17879      1048576    131072     0.314806   3.30       0.054200   3.67       3   
read      48797      1048576    131072     0.052540   1.24       0.050360   1.34       3   
remove    -          -          -          -          -          -          0.000255   3   
write     17023      1048576    131072     0.312623   3.46       0.081725   3.85       4   
read      43850      1048576    131072     0.055862   1.24       0.195435   1.49       4   
remove    -          -          -          -          -          -          0.000254   4   
write     17907      1048576    131072     0.235958   3.31       0.111414   3.66       5   
read      46643      1048576    131072     0.056938   1.29       0.057608   1.41       5   
remove    -          -          -          -          -          -          0.000323   5   
write     18867      1048576    131072     0.296408   3.12       0.060855   3.47       6   
read      49276      1048576    131072     0.050554   1.22       0.059705   1.33       6   
remove    -          -          -          -          -          -          0.000338   6   
write     17775      1048576    131072     0.303215   3.31       0.072560   3.69       7   
read      45503      1048576    131072     0.051124   1.34       0.048378   1.44       7   
remove    -          -          -          -          -          -          0.000294   7   
write     18323      1048576    131072     0.307114   3.20       0.072757   3.58       8   
read      48390      1048576    131072     0.051782   1.24       0.064992   1.35       8   
remove    -          -          -          -          -          -          0.000224   8   
write     18784      1048576    131072     0.297981   3.09       0.098861   3.49       9   
read      47509      1048576    131072     0.054097   1.25       0.076227   1.38       9   
remove    -          -          -          -          -          -          0.000354   9   
Max Write: 18867.19 MiB/sec (19783.69 MB/sec)
Max Read:  49276.19 MiB/sec (51669.83 MB/sec)

Summary of all tests:
Operation   Max(MiB)   Min(MiB)  Mean(MiB)     StdDev   Max(OPs)   Min(OPs)  Mean(OPs)     StdDev    Mean(s) Test# #Tasks tPN reps fPP reord reordoff reordrand seed segcnt   blksiz    xsize aggs(MiB)   API RefNum
write       18867.19    1102.18   16189.65    5070.19     147.40       8.61     126.48      39.61    9.25221     0     64   1   10   0     1        1         0    0      1 1073741824 134217728   65536.0 HDF5      0
read        49276.19   41699.84   46301.63    2363.90     384.97     325.78     361.73      18.47    1.41923     0     64   1   10   0     1        1         0    0      1 1073741824 134217728   65536.0 HDF5      0
Finished            : Wed Jun 12 10:19:14 2019
