IOR-3.2.0: MPI Coordinated Test of Parallel I/O
Began               : Thu Jun  6 15:53:28 2019
Command line        : /glade/work/kpaul/software/ncar-ior/bin/ior -a HDF5 -w -r -C -i10 -g -t 128m -b 128m -c
Machine             : Linux r11i3n24
TestID              : 0
StartTime           : Thu Jun  6 15:53:28 2019
Path                : /gpfs/fs1/scratch/kpaul/ior_scaling
FS                  : 15000.0 TiB   Used FS: 59.5%   Inodes: 2355.6 Mi   Used Inodes: 62.6%

Options: 
api                 : HDF5
apiVersion          : 1.8.21 (Parallel)
test filename       : testFile
access              : single-shared-file
type                : collective
segments            : 1
ordering in a file  : sequential
ordering inter file : constant task offset
task offset         : 1
tasks               : 2
clients per node    : 1
repetitions         : 10
xfersize            : 128 MiB
blocksize           : 128 MiB
aggregate filesize  : 256 MiB

Results: 

access    bw(MiB/s)  block(KiB) xfer(KiB)  open(s)    wr/rd(s)   close(s)   total(s)   iter
------    ---------  ---------- ---------  --------   --------   --------   --------   ----
write     811.66     131072     131072     0.010779   0.224753   0.079867   0.315403   0   
read      1894.05    131072     131072     0.004263   0.130724   0.000167   0.135160   0   
remove    -          -          -          -          -          -          0.000349   0   
write     1783.08    131072     131072     0.002764   0.085654   0.055149   0.143572   1   
read      2238.65    131072     131072     0.004399   0.109780   0.000170   0.114355   1   
remove    -          -          -          -          -          -          0.000277   1   
write     2234.74    131072     131072     0.002336   0.085182   0.027031   0.114555   2   
read      2298.16    131072     131072     0.003510   0.107708   0.000170   0.111394   2   
remove    -          -          -          -          -          -          0.000242   2   
write     1857.29    131072     131072     0.002450   0.087835   0.047546   0.137835   3   
read      1439.49    131072     131072     0.002868   0.174794   0.000173   0.177840   3   
remove    -          -          -          -          -          -          0.000280   3   
write     2162.16    131072     131072     0.002255   0.085585   0.030554   0.118400   4   
read      2355.62    131072     131072     0.002850   0.105648   0.000171   0.108676   4   
remove    -          -          -          -          -          -          0.000356   4   
write     1832.76    131072     131072     0.002557   0.084957   0.052160   0.139680   5   
read      2403.46    131072     131072     0.003253   0.103084   0.000170   0.106513   5   
remove    -          -          -          -          -          -          0.000330   5   
write     1138.87    131072     131072     0.002535   0.085452   0.136791   0.224784   6   
read      1892.32    131072     131072     0.003873   0.131232   0.000173   0.135284   6   
remove    -          -          -          -          -          -          0.000300   6   
write     1843.41    131072     131072     0.002481   0.085381   0.051006   0.138873   7   
read      1938.29    131072     131072     0.003176   0.128719   0.000173   0.132075   7   
remove    -          -          -          -          -          -          0.000268   7   
write     1984.71    131072     131072     0.002562   0.085836   0.040582   0.128986   8   
read      2413.88    131072     131072     0.003152   0.102719   0.000175   0.106053   8   
remove    -          -          -          -          -          -          0.000268   8   
write     1891.01    131072     131072     0.002571   0.084936   0.047865   0.135377   9   
read      2413.84    131072     131072     0.003547   0.102329   0.000172   0.106055   9   
remove    -          -          -          -          -          -          0.000301   9   
Max Write: 2234.74 MiB/sec (2343.30 MB/sec)
Max Read:  2413.88 MiB/sec (2531.14 MB/sec)

Summary of all tests:
Operation   Max(MiB)   Min(MiB)  Mean(MiB)     StdDev   Max(OPs)   Min(OPs)  Mean(OPs)     StdDev    Mean(s) Test# #Tasks tPN reps fPP reord reordoff reordrand seed segcnt   blksiz    xsize aggs(MiB)   API RefNum
write        2234.74     811.66    1753.97     419.74      17.46       6.34      13.70       3.28    0.15975     0      2   1   10   0     1        1         0    0      1 134217728 134217728     256.0 HDF5      0
read         2413.88    1439.49    2128.78     308.64      18.86      11.25      16.63       2.41    0.12334     0      2   1   10   0     1        1         0    0      1 134217728 134217728     256.0 HDF5      0
Finished            : Thu Jun  6 15:53:31 2019
