IOR-3.2.0: MPI Coordinated Test of Parallel I/O
Began               : Thu Jun  6 15:28:27 2019
Command line        : /glade/work/kpaul/software/ncar-ior/bin/ior -a Z5 -w -r -C -i10 -g -t 128m -b 512m
Machine             : Linux r1i1n0
TestID              : 0
StartTime           : Thu Jun  6 15:28:27 2019
Path                : /gpfs/fs1/scratch/kpaul/ior_scaling
FS                  : 15000.0 TiB   Used FS: 59.5%   Inodes: 2355.6 Mi   Used Inodes: 62.6%

Options: 
api                 : Z5
apiVersion          : (null)
test filename       : testFile
access              : single-shared-file
type                : independent
segments            : 1
ordering in a file  : sequential
ordering inter file : constant task offset
task offset         : 1
tasks               : 1
clients per node    : 1
repetitions         : 10
xfersize            : 128 MiB
blocksize           : 512 MiB
aggregate filesize  : 512 MiB

Results: 

access    bw(MiB/s)  block(KiB) xfer(KiB)  open(s)    wr/rd(s)   close(s)   total(s)   iter
------    ---------  ---------- ---------  --------   --------   --------   --------   ----
write     506.43     524288     131072     0.013970   0.997018   0.000000   1.01       0   
read      90.87      524288     131072     0.000000   5.63       0.000000   5.63       0   
remove    -          -          -          -          -          -          0.001073   0   
write     566.40     524288     131072     0.000355   0.903594   0.000000   0.903952   1   
read      90.87      524288     131072     0.000000   5.63       0.000000   5.63       1   
remove    -          -          -          -          -          -          0.000660   1   
write     566.24     524288     131072     0.000351   0.903858   0.000000   0.904214   2   
read      90.82      524288     131072     0.000000   5.64       0.000000   5.64       2   
remove    -          -          -          -          -          -          0.000524   2   
write     566.27     524288     131072     0.000412   0.903749   0.000000   0.904165   3   
read      90.85      524288     131072     0.000000   5.64       0.000000   5.64       3   
remove    -          -          -          -          -          -          0.000501   3   
write     566.23     524288     131072     0.000359   0.903864   0.000000   0.904226   4   
read      90.79      524288     131072     0.000000   5.64       0.000000   5.64       4   
remove    -          -          -          -          -          -          0.001922   4   
write     566.79     524288     131072     0.000356   0.902967   0.000000   0.903326   5   
read      90.86      524288     131072     0.000000   5.64       0.000000   5.64       5   
remove    -          -          -          -          -          -          0.000474   5   
write     568.42     524288     131072     0.000353   0.900391   0.000000   0.900747   6   
read      90.81      524288     131072     0.000000   5.64       0.000000   5.64       6   
remove    -          -          -          -          -          -          0.001867   6   
write     566.05     524288     131072     0.000362   0.904156   0.000000   0.904521   7   
read      90.86      524288     131072     0.000000   5.64       0.000000   5.64       7   
remove    -          -          -          -          -          -          0.001770   7   
write     568.77     524288     131072     0.000364   0.899826   0.000000   0.900193   8   
read      90.83      524288     131072     0.000000   5.64       0.000000   5.64       8   
remove    -          -          -          -          -          -          0.002268   8   
write     565.99     524288     131072     0.000358   0.904250   0.000000   0.904612   9   
read      90.83      524288     131072     0.000000   5.64       0.000000   5.64       9   
remove    -          -          -          -          -          -          0.000483   9   
Max Write: 568.77 MiB/sec (596.40 MB/sec)
Max Read:  90.87 MiB/sec (95.29 MB/sec)

Summary of all tests:
Operation   Max(MiB)   Min(MiB)  Mean(MiB)     StdDev   Max(OPs)   Min(OPs)  Mean(OPs)     StdDev    Mean(s) Test# #Tasks tPN reps fPP reord reordoff reordrand seed segcnt   blksiz    xsize aggs(MiB)   API RefNum
write         568.77     506.43     560.76      18.13       4.44       3.96       4.38       0.14    0.91409     0      1   1   10   0     1        1         0    0      1 536870912 134217728     512.0  Z5      0
read           90.87      90.79      90.84       0.03       0.71       0.71       0.71       0.00    5.63637     0      1   1   10   0     1        1         0    0      1 536870912 134217728     512.0  Z5      0
Finished            : Thu Jun  6 15:29:33 2019
