IOR-3.2.0: MPI Coordinated Test of Parallel I/O
Began               : Thu Jun  6 17:38:41 2019
Command line        : /glade/work/kpaul/software/ncar-ior/bin/ior -a NCMPI -w -r -C -i10 -g -t 8m -b 64m
Machine             : Linux r14i0n9
TestID              : 0
StartTime           : Thu Jun  6 17:38:41 2019
Path                : /gpfs/fs1/scratch/kpaul/ior_scaling
FS                  : 15000.0 TiB   Used FS: 59.6%   Inodes: 2355.6 Mi   Used Inodes: 62.6%

Options: 
api                 : NCMPI
apiVersion          : 1.11.0 of 19 Dec 2018
test filename       : testFile
access              : single-shared-file
type                : independent
segments            : 1
ordering in a file  : sequential
ordering inter file : constant task offset
task offset         : 1
tasks               : 16
clients per node    : 1
repetitions         : 10
xfersize            : 8 MiB
blocksize           : 64 MiB
aggregate filesize  : 1 GiB

Results: 

access    bw(MiB/s)  block(KiB) xfer(KiB)  open(s)    wr/rd(s)   close(s)   total(s)   iter
------    ---------  ---------- ---------  --------   --------   --------   --------   ----
write     1418.94    65536      8192       0.008433   0.677265   0.035948   0.721663   0   
read      18215      65536      8192       0.003937   0.043838   0.008431   0.056216   0   
remove    -          -          -          -          -          -          0.004871   0   
write     658.92     65536      8192       0.004274   1.51       0.040124   1.55       1   
read      13947      65536      8192       0.031521   0.038511   0.003380   0.073421   1   
remove    -          -          -          -          -          -          0.004631   1   
write     748.78     65536      8192       0.004555   1.36       0.006934   1.37       2   
read      20380      65536      8192       0.004827   0.044756   0.000648   0.050246   2   
remove    -          -          -          -          -          -          0.004292   2   
write     725.43     65536      8192       0.004972   1.41       0.001279   1.41       3   
read      19946      65536      8192       0.003993   0.046475   0.000860   0.051339   3   
remove    -          -          -          -          -          -          0.005377   3   
write     1234.26    65536      8192       0.004867   0.814581   0.010188   0.829647   4   
read      21141      65536      8192       0.001030   0.044498   0.002894   0.048436   4   
remove    -          -          -          -          -          -          0.002161   4   
write     1546.98    65536      8192       0.004462   0.646457   0.010998   0.661933   5   
read      10929      65536      8192       0.001946   0.090921   0.000820   0.093694   5   
remove    -          -          -          -          -          -          0.002432   5   
write     906.82     65536      8192       0.005148   1.12       0.004121   1.13       6   
read      7635       65536      8192       0.002385   0.128464   0.003251   0.134113   6   
remove    -          -          -          -          -          -          0.004831   6   
write     765.98     65536      8192       0.015173   1.32       0.001733   1.34       7   
read      17076      65536      8192       0.002807   0.054352   0.002797   0.059966   7   
remove    -          -          -          -          -          -          0.006161   7   
write     1701.41    65536      8192       0.006747   0.564095   0.031000   0.601854   8   
read      20134      65536      8192       0.001131   0.040503   0.009209   0.050858   8   
remove    -          -          -          -          -          -          0.002273   8   
write     3207.39    65536      8192       0.006500   0.245766   0.066983   0.319263   9   
read      14278      65536      8192       0.001052   0.067915   0.002745   0.071719   9   
remove    -          -          -          -          -          -          0.002971   9   
Max Write: 3207.39 MiB/sec (3363.19 MB/sec)
Max Read:  21141.26 MiB/sec (22168.21 MB/sec)

Summary of all tests:
Operation   Max(MiB)   Min(MiB)  Mean(MiB)     StdDev   Max(OPs)   Min(OPs)  Mean(OPs)     StdDev    Mean(s) Test# #Tasks tPN reps fPP reord reordoff reordrand seed segcnt   blksiz    xsize aggs(MiB)   API RefNum
write        3207.39     658.92    1291.49     732.31     400.92      82.36     161.44      91.54    0.99336     0     16   1   10   0     1        1         0    0      1 67108864  8388608    1024.0 NCMPI      0
read        21141.26    7635.34   16368.23    4311.02    2642.66     954.42    2046.03     538.88    0.06900     0     16   1   10   0     1        1         0    0      1 67108864  8388608    1024.0 NCMPI      0
Finished            : Thu Jun  6 17:38:52 2019
