IOR-3.2.0: MPI Coordinated Test of Parallel I/O
Began               : Thu Jun  6 15:57:18 2019
Command line        : /glade/work/kpaul/software/ncar-ior/bin/ior -a NCMPI -w -r -C -i10 -g -t 256m -b 512m
Machine             : Linux r11i3n24
TestID              : 0
StartTime           : Thu Jun  6 15:57:18 2019
Path                : /gpfs/fs1/scratch/kpaul/ior_scaling
FS                  : 15000.0 TiB   Used FS: 59.5%   Inodes: 2355.6 Mi   Used Inodes: 62.6%

Options: 
api                 : NCMPI
apiVersion          : 1.11.0 of 19 Dec 2018
test filename       : testFile
access              : single-shared-file
type                : independent
segments            : 1
ordering in a file  : sequential
ordering inter file : constant task offset
task offset         : 1
tasks               : 2
clients per node    : 1
repetitions         : 10
xfersize            : 256 MiB
blocksize           : 512 MiB
aggregate filesize  : 1 GiB

Results: 

access    bw(MiB/s)  block(KiB) xfer(KiB)  open(s)    wr/rd(s)   close(s)   total(s)   iter
------    ---------  ---------- ---------  --------   --------   --------   --------   ----
write     2857.60    524288     262144     0.009175   0.347846   0.001307   0.358343   0   
read      3698       524288     262144     0.000746   0.221524   0.054622   0.276905   0   
remove    -          -          -          -          -          -          0.001319   0   
write     3163.02    524288     262144     0.003468   0.318733   0.001526   0.323741   1   
read      3135.64    524288     262144     0.000541   0.325885   0.000129   0.326569   1   
remove    -          -          -          -          -          -          0.001703   1   
write     2860.24    524288     262144     0.006907   0.345159   0.005932   0.358012   2   
read      4969       524288     262144     0.000560   0.161523   0.043987   0.206086   2   
remove    -          -          -          -          -          -          0.002000   2   
write     2893.92    524288     262144     0.005747   0.347335   0.000749   0.353845   3   
read      3063.69    524288     262144     0.000567   0.149258   0.184398   0.334238   3   
remove    -          -          -          -          -          -          0.001774   3   
write     2964.80    524288     262144     0.006333   0.336300   0.002740   0.345386   4   
read      2629.77    524288     262144     0.000544   0.233659   0.155171   0.389388   4   
remove    -          -          -          -          -          -          0.001812   4   
write     3064.43    524288     262144     0.005827   0.327099   0.001216   0.334156   5   
read      3295.39    524288     262144     0.000580   0.229573   0.080568   0.310738   5   
remove    -          -          -          -          -          -          0.002115   5   
write     2929.82    524288     262144     0.007177   0.340523   0.001795   0.349510   6   
read      5313       524288     262144     0.000578   0.157346   0.034811   0.192748   6   
remove    -          -          -          -          -          -          0.001594   6   
write     3074.51    524288     262144     0.006966   0.323136   0.002947   0.333062   7   
read      4838       524288     262144     0.000521   0.178811   0.032326   0.211671   7   
remove    -          -          -          -          -          -          0.002036   7   
write     3076.71    524288     262144     0.006021   0.322512   0.004278   0.332823   8   
read      5465       524288     262144     0.000517   0.151846   0.035000   0.187376   8   
remove    -          -          -          -          -          -          0.001734   8   
write     3033.40    524288     262144     0.005462   0.328989   0.003110   0.337575   9   
read      5373       524288     262144     0.000537   0.152729   0.037311   0.190589   9   
remove    -          -          -          -          -          -          0.001709   9   
Max Write: 3163.02 MiB/sec (3316.67 MB/sec)
Max Read:  5464.93 MiB/sec (5730.40 MB/sec)

Summary of all tests:
Operation   Max(MiB)   Min(MiB)  Mean(MiB)     StdDev   Max(OPs)   Min(OPs)  Mean(OPs)     StdDev    Mean(s) Test# #Tasks tPN reps fPP reord reordoff reordrand seed segcnt   blksiz    xsize aggs(MiB)   API RefNum
write        3163.02    2857.60    2991.84      99.92      12.36      11.16      11.69       0.39    0.34265     0      2   1   10   0     1        1         0    0      1 536870912 268435456    1024.0 NCMPI      0
read         5464.93    2629.77    4177.94    1056.71      21.35      10.27      16.32       4.13    0.26263     0      2   1   10   0     1        1         0    0      1 536870912 268435456    1024.0 NCMPI      0
Finished            : Thu Jun  6 15:57:24 2019
