IOR-3.2.0: MPI Coordinated Test of Parallel I/O
Began               : Thu Jun  6 15:40:36 2019
Command line        : /glade/work/kpaul/software/ncar-ior/bin/ior -a MPIIO -w -r -C -i10 -g -t 128m -b 1024m -c
Machine             : Linux r1i1n0
TestID              : 0
StartTime           : Thu Jun  6 15:40:36 2019
Path                : /gpfs/fs1/scratch/kpaul/ior_scaling
FS                  : 15000.0 TiB   Used FS: 59.5%   Inodes: 2355.6 Mi   Used Inodes: 62.6%

Options: 
api                 : MPIIO
apiVersion          : (3.1)
test filename       : testFile
access              : single-shared-file
type                : collective
segments            : 1
ordering in a file  : sequential
ordering inter file : constant task offset
task offset         : 1
tasks               : 1
clients per node    : 1
repetitions         : 10
xfersize            : 128 MiB
blocksize           : 1 GiB
aggregate filesize  : 1 GiB

Results: 

access    bw(MiB/s)  block(KiB) xfer(KiB)  open(s)    wr/rd(s)   close(s)   total(s)   iter
------    ---------  ---------- ---------  --------   --------   --------   --------   ----
write     3159.44    1048576    131072     0.000960   0.323043   0.000103   0.324108   0   
read      3765       1048576    131072     0.000285   0.271663   0.000063   0.272013   0   
remove    -          -          -          -          -          -          0.000432   0   
write     3083.97    1048576    131072     0.000452   0.331524   0.000062   0.332040   1   
read      3762       1048576    131072     0.000287   0.271816   0.000067   0.272172   1   
remove    -          -          -          -          -          -          0.000388   1   
write     3118.23    1048576    131072     0.000880   0.327448   0.000062   0.328392   2   
read      3764       1048576    131072     0.000350   0.271638   0.000061   0.272050   2   
remove    -          -          -          -          -          -          0.000457   2   
write     3093.02    1048576    131072     0.000340   0.330667   0.000058   0.331068   3   
read      3760       1048576    131072     0.000335   0.271964   0.000066   0.272367   3   
remove    -          -          -          -          -          -          0.000369   3   
write     3138.31    1048576    131072     0.000362   0.325870   0.000057   0.326290   4   
read      3762       1048576    131072     0.000277   0.271837   0.000065   0.272181   4   
remove    -          -          -          -          -          -          0.000492   4   
write     3130.18    1048576    131072     0.000501   0.326576   0.000058   0.327137   5   
read      3766       1048576    131072     0.000193   0.271620   0.000062   0.271877   5   
remove    -          -          -          -          -          -          0.000390   5   
write     1718.06    1048576    131072     0.250779   0.345183   0.000057   0.596023   6   
read      3765       1048576    131072     0.000278   0.271641   0.000065   0.271984   6   
remove    -          -          -          -          -          -          0.000405   6   
write     3166.70    1048576    131072     0.000291   0.323015   0.000057   0.323365   7   
read      3763       1048576    131072     0.000386   0.271697   0.000063   0.272147   7   
remove    -          -          -          -          -          -          0.000450   7   
write     3178.59    1048576    131072     0.000301   0.321790   0.000062   0.322155   8   
read      3765       1048576    131072     0.000404   0.271520   0.000061   0.271987   8   
remove    -          -          -          -          -          -          0.000493   8   
write     3161.88    1048576    131072     0.000473   0.323325   0.000058   0.323858   9   
read      3763       1048576    131072     0.000355   0.271726   0.000063   0.272146   9   
remove    -          -          -          -          -          -          0.000432   9   
Max Write: 3178.59 MiB/sec (3333.00 MB/sec)
Max Read:  3766.41 MiB/sec (3949.37 MB/sec)

Summary of all tests:
Operation   Max(MiB)   Min(MiB)  Mean(MiB)     StdDev   Max(OPs)   Min(OPs)  Mean(OPs)     StdDev    Mean(s) Test# #Tasks tPN reps fPP reord reordoff reordrand seed segcnt   blksiz    xsize aggs(MiB)   API RefNum
write        3178.59    1718.06    2994.84     426.64      24.83      13.42      23.40       3.33    0.35344     0      1   1   10   0     1        1         0    0      1 1073741824 134217728    1024.0 MPIIO      0
read         3766.41    3759.63    3763.43       1.82      29.43      29.37      29.40       0.01    0.27209     0      1   1   10   0     1        1         0    0      1 1073741824 134217728    1024.0 MPIIO      0
Finished            : Thu Jun  6 15:40:43 2019
