IOR-3.2.0: MPI Coordinated Test of Parallel I/O
Began               : Thu Jun  6 15:24:20 2019
Command line        : /glade/work/kpaul/software/ncar-ior/bin/ior -a POSIX -w -r -C -i10 -g -t 256m -b 512m -e -F
Machine             : Linux r1i1n0
TestID              : 0
StartTime           : Thu Jun  6 15:24:20 2019
Path                : /gpfs/fs1/scratch/kpaul/ior_scaling
FS                  : 15000.0 TiB   Used FS: 59.5%   Inodes: 2355.6 Mi   Used Inodes: 62.6%

Options: 
api                 : POSIX
apiVersion          : 
test filename       : testFile
access              : file-per-process
type                : independent
segments            : 1
ordering in a file  : sequential
ordering inter file : constant task offset
task offset         : 1
tasks               : 1
clients per node    : 1
repetitions         : 10
xfersize            : 256 MiB
blocksize           : 512 MiB
aggregate filesize  : 512 MiB

Results: 

access    bw(MiB/s)  block(KiB) xfer(KiB)  open(s)    wr/rd(s)   close(s)   total(s)   iter
------    ---------  ---------- ---------  --------   --------   --------   --------   ----
write     2711.82    524288     262144     0.002603   0.186170   0.000028   0.188803   0   
read      3319.38    524288     262144     0.000018   0.154198   0.000027   0.154246   0   
remove    -          -          -          -          -          -          0.000322   0   
write     1054.59    524288     262144     0.000106   0.485362   0.000027   0.485498   1   
read      3610       524288     262144     0.000018   0.141791   0.000026   0.141837   1   
remove    -          -          -          -          -          -          0.000103   1   
write     2692.74    524288     262144     0.000108   0.190003   0.000027   0.190141   2   
read      3757       524288     262144     0.000018   0.136248   0.000028   0.136295   2   
remove    -          -          -          -          -          -          0.000109   2   
write     2356.12    524288     262144     0.000107   0.217170   0.000027   0.217306   3   
read      3767       524288     262144     0.000017   0.135859   0.000027   0.135905   3   
remove    -          -          -          -          -          -          0.000097   3   
write     2341.68    524288     262144     0.000099   0.218495   0.000050   0.218647   4   
read      3756       524288     262144     0.000015   0.136266   0.000029   0.136312   4   
remove    -          -          -          -          -          -          0.000158   4   
write     1315.30    524288     262144     0.154621   0.234611   0.000029   0.389263   5   
read      3767       524288     262144     0.000017   0.135878   0.000027   0.135924   5   
remove    -          -          -          -          -          -          0.000453   5   
write     2316.39    524288     262144     0.000096   0.220909   0.000027   0.221034   6   
read      3760       524288     262144     0.000018   0.136134   0.000028   0.136183   6   
remove    -          -          -          -          -          -          0.000094   6   
write     2478.89    524288     262144     0.000098   0.206417   0.000027   0.206544   7   
read      3767       524288     262144     0.000018   0.135872   0.000028   0.135921   7   
remove    -          -          -          -          -          -          0.000094   7   
write     2431.67    524288     262144     0.000095   0.210427   0.000031   0.210555   8   
read      3769       524288     262144     0.000017   0.135795   0.000027   0.135841   8   
remove    -          -          -          -          -          -          0.000108   8   
write     2313.73    524288     262144     0.000116   0.221138   0.000031   0.221288   9   
read      3766       524288     262144     0.000018   0.135918   0.000028   0.135965   9   
remove    -          -          -          -          -          -          0.000105   9   
Max Write: 2711.82 MiB/sec (2843.55 MB/sec)
Max Read:  3769.12 MiB/sec (3952.21 MB/sec)

Summary of all tests:
Operation   Max(MiB)   Min(MiB)  Mean(MiB)     StdDev   Max(OPs)   Min(OPs)  Mean(OPs)     StdDev    Mean(s) Test# #Tasks tPN reps fPP reord reordoff reordrand seed segcnt   blksiz    xsize aggs(MiB)   API RefNum
write        2711.82    1054.59    2201.29     529.32      10.59       4.12       8.60       2.07    0.25491     0      1   1   10   1     1        1         0    0      1 536870912 268435456     512.0 POSIX      0
read         3769.12    3319.38    3703.73     136.14      14.72      12.97      14.47       0.53    0.13844     0      1   1   10   1     1        1         0    0      1 536870912 268435456     512.0 POSIX      0
Finished            : Thu Jun  6 15:24:24 2019
