IOR-3.2.0: MPI Coordinated Test of Parallel I/O
Began               : Thu Jun  6 16:46:16 2019
Command line        : /glade/work/kpaul/software/ncar-ior/bin/ior -a HDF5 -w -r -C -i10 -g -t 8m -b 8m -c
Machine             : Linux r8i1n21
TestID              : 0
StartTime           : Thu Jun  6 16:46:16 2019
Path                : /gpfs/fs1/scratch/kpaul/ior_scaling
FS                  : 15000.0 TiB   Used FS: 59.6%   Inodes: 2355.6 Mi   Used Inodes: 62.6%

Options: 
api                 : HDF5
apiVersion          : 1.8.21 (Parallel)
test filename       : testFile
access              : single-shared-file
type                : collective
segments            : 1
ordering in a file  : sequential
ordering inter file : constant task offset
task offset         : 1
tasks               : 8
clients per node    : 1
repetitions         : 10
xfersize            : 8 MiB
blocksize           : 8 MiB
aggregate filesize  : 64 MiB

Results: 

access    bw(MiB/s)  block(KiB) xfer(KiB)  open(s)    wr/rd(s)   close(s)   total(s)   iter
------    ---------  ---------- ---------  --------   --------   --------   --------   ----
write     212.52     8192       8192       0.007765   0.258673   0.035524   0.301144   0   
read      603.84     8192       8192       0.012692   0.093480   0.000631   0.105988   0   
remove    -          -          -          -          -          -          0.000266   0   
write     431.47     8192       8192       0.002534   0.059274   0.087315   0.148329   1   
read      2528.62    8192       8192       0.008855   0.016718   0.000551   0.025310   1   
remove    -          -          -          -          -          -          0.000385   1   
write     568.73     8192       8192       0.002056   0.054003   0.057266   0.112531   2   
read      3292.12    8192       8192       0.010085   0.009593   0.000576   0.019440   2   
remove    -          -          -          -          -          -          0.000348   2   
write     763.07     8192       8192       0.002355   0.063911   0.018400   0.083872   3   
read      3601       8192       8192       0.008369   0.009625   0.000552   0.017771   3   
remove    -          -          -          -          -          -          0.000370   3   
write     335.24     8192       8192       0.002290   0.173278   0.016142   0.190910   4   
read      3463.65    8192       8192       0.008079   0.010630   0.000574   0.018478   4   
remove    -          -          -          -          -          -          0.000288   4   
write     734.41     8192       8192       0.002226   0.067517   0.018187   0.087144   5   
read      3795       8192       8192       0.007728   0.009401   0.000554   0.016863   5   
remove    -          -          -          -          -          -          0.000352   5   
write     506.76     8192       8192       0.002173   0.084662   0.040254   0.126294   6   
read      3265.27    8192       8192       0.010307   0.009521   0.000588   0.019600   6   
remove    -          -          -          -          -          -          0.000336   6   
write     424.13     8192       8192       0.002496   0.111326   0.037880   0.150896   7   
read      3474.31    8192       8192       0.008837   0.009821   0.000537   0.018421   7   
remove    -          -          -          -          -          -          0.000313   7   
write     697.38     8192       8192       0.003364   0.058528   0.030669   0.091772   8   
read      3520.26    8192       8192       0.009022   0.009419   0.000552   0.018180   8   
remove    -          -          -          -          -          -          0.000354   8   
write     858.39     8192       8192       0.002116   0.058109   0.015128   0.074558   9   
read      3834       8192       8192       0.007578   0.009379   0.000552   0.016693   9   
remove    -          -          -          -          -          -          0.000370   9   
Max Write: 858.39 MiB/sec (900.09 MB/sec)
Max Read:  3833.99 MiB/sec (4020.23 MB/sec)

Summary of all tests:
Operation   Max(MiB)   Min(MiB)  Mean(MiB)     StdDev   Max(OPs)   Min(OPs)  Mean(OPs)     StdDev    Mean(s) Test# #Tasks tPN reps fPP reord reordoff reordrand seed segcnt   blksiz    xsize aggs(MiB)   API RefNum
write         858.39     212.52     553.21     197.04     107.30      26.57      69.15      24.63    0.13675     0      8   1   10   0     1        1         0    0      1  8388608  8388608      64.0 HDF5      0
read         3833.99     603.84    3137.88     912.68     479.25      75.48     392.23     114.08    0.02767     0      8   1   10   0     1        1         0    0      1  8388608  8388608      64.0 HDF5      0
Finished            : Thu Jun  6 16:46:18 2019
