IOR-3.2.0: MPI Coordinated Test of Parallel I/O
Began               : Thu Jun  6 15:22:52 2019
Command line        : /glade/work/kpaul/software/ncar-ior/bin/ior -a MPIIO -w -r -C -i10 -g -t 32m -b 64m -c
Machine             : Linux r1i1n0
TestID              : 0
StartTime           : Thu Jun  6 15:22:52 2019
Path                : /gpfs/fs1/scratch/kpaul/ior_scaling
FS                  : 15000.0 TiB   Used FS: 59.5%   Inodes: 2355.6 Mi   Used Inodes: 62.6%

Options: 
api                 : MPIIO
apiVersion          : (3.1)
test filename       : testFile
access              : single-shared-file
type                : collective
segments            : 1
ordering in a file  : sequential
ordering inter file : constant task offset
task offset         : 1
tasks               : 1
clients per node    : 1
repetitions         : 10
xfersize            : 32 MiB
blocksize           : 64 MiB
aggregate filesize  : 64 MiB

Results: 

access    bw(MiB/s)  block(KiB) xfer(KiB)  open(s)    wr/rd(s)   close(s)   total(s)   iter
------    ---------  ---------- ---------  --------   --------   --------   --------   ----
write     3204.89    65536      32768      0.000409   0.019490   0.000069   0.019970   0   
read      1614.81    65536      32768      0.000436   0.039166   0.000030   0.039633   0   
remove    -          -          -          -          -          -          0.000466   0   
write     3247.66    65536      32768      0.000304   0.019353   0.000049   0.019706   1   
read      1068.27    65536      32768      0.000314   0.059566   0.000028   0.059910   1   
remove    -          -          -          -          -          -          0.000426   1   
write     3258.91    65536      32768      0.000271   0.019318   0.000048   0.019638   2   
read      2086.36    65536      32768      0.000218   0.030428   0.000028   0.030676   2   
remove    -          -          -          -          -          -          0.000605   2   
write     3242.42    65536      32768      0.000270   0.019417   0.000050   0.019738   3   
read      1480.96    65536      32768      0.000350   0.042839   0.000025   0.043215   3   
remove    -          -          -          -          -          -          0.000381   3   
write     3259.19    65536      32768      0.000277   0.019310   0.000048   0.019637   4   
read      1877.24    65536      32768      0.000305   0.033759   0.000027   0.034093   4   
remove    -          -          -          -          -          -          0.000524   4   
write     3227.37    65536      32768      0.000317   0.019464   0.000048   0.019830   5   
read      2274.64    65536      32768      0.000252   0.027857   0.000026   0.028136   5   
remove    -          -          -          -          -          -          0.000455   5   
write     3255.64    65536      32768      0.000268   0.019341   0.000048   0.019658   6   
read      1881.29    65536      32768      0.000277   0.033713   0.000028   0.034019   6   
remove    -          -          -          -          -          -          0.000415   6   
write     2878.51    65536      32768      0.001515   0.020670   0.000047   0.022234   7   
read      1612.03    65536      32768      0.000198   0.039476   0.000027   0.039701   7   
remove    -          -          -          -          -          -          0.000406   7   
write     3205.15    65536      32768      0.000660   0.019261   0.000045   0.019968   8   
read      1430.22    65536      32768      0.000274   0.044445   0.000028   0.044748   8   
remove    -          -          -          -          -          -          0.000485   8   
write     3195.05    65536      32768      0.000575   0.019409   0.000045   0.020031   9   
read      1443.30    65536      32768      0.000359   0.043956   0.000027   0.044343   9   
remove    -          -          -          -          -          -          0.000329   9   
Max Write: 3259.19 MiB/sec (3417.50 MB/sec)
Max Read:  2274.64 MiB/sec (2385.13 MB/sec)

Summary of all tests:
Operation   Max(MiB)   Min(MiB)  Mean(MiB)     StdDev   Max(OPs)   Min(OPs)  Mean(OPs)     StdDev    Mean(s) Test# #Tasks tPN reps fPP reord reordoff reordrand seed segcnt   blksiz    xsize aggs(MiB)   API RefNum
write        3259.19    2878.51    3197.48     108.75     101.85      89.95      99.92       3.40    0.02004     0      1   1   10   0     1        1         0    0      1 67108864 33554432      64.0 MPIIO      0
read         2274.64    1068.27    1676.91     337.52      71.08      33.38      52.40      10.55    0.03985     0      1   1   10   0     1        1         0    0      1 67108864 33554432      64.0 MPIIO      0
Finished            : Thu Jun  6 15:22:53 2019
