IOR-3.2.0: MPI Coordinated Test of Parallel I/O
Began               : Wed Jun 12 08:05:42 2019
Command line        : /glade/work/kpaul/software/ncar-ior/bin/ior -a HDF5 -w -r -C -i10 -g -t 8m -b 8m -c
Machine             : Linux r1i1n28
TestID              : 0
StartTime           : Wed Jun 12 08:05:42 2019
Path                : /gpfs/fs1/scratch/kpaul/ior_scaling
FS                  : 15000.0 TiB   Used FS: 60.4%   Inodes: 2355.6 Mi   Used Inodes: 61.5%

Options: 
api                 : HDF5
apiVersion          : 1.8.21 (Parallel)
test filename       : testFile
access              : single-shared-file
type                : collective
segments            : 1
ordering in a file  : sequential
ordering inter file : constant task offset
task offset         : 1
tasks               : 32
clients per node    : 1
repetitions         : 10
xfersize            : 8 MiB
blocksize           : 8 MiB
aggregate filesize  : 256 MiB

Results: 

access    bw(MiB/s)  block(KiB) xfer(KiB)  open(s)    wr/rd(s)   close(s)   total(s)   iter
------    ---------  ---------- ---------  --------   --------   --------   --------   ----
write     223.01     8192       8192       0.008722   1.08       0.055332   1.15       0   
read      3297.42    8192       8192       0.030094   0.047357   0.000177   0.077636   0   
remove    -          -          -          -          -          -          0.000304   0   
write     387.78     8192       8192       0.004101   0.599937   0.056115   0.660160   1   
read      5672       8192       8192       0.026789   0.018189   0.000155   0.045137   1   
remove    -          -          -          -          -          -          0.000270   1   
write     249.82     8192       8192       0.006261   0.935269   0.083183   1.02       2   
read      6557       8192       8192       0.026654   0.012210   0.000168   0.039043   2   
remove    -          -          -          -          -          -          0.000371   2   
write     414.11     8192       8192       0.005774   0.527663   0.084742   0.618186   3   
read      2305.98    8192       8192       0.027964   0.082812   0.000228   0.111015   3   
remove    -          -          -          -          -          -          0.000309   3   
write     647.32     8192       8192       0.004205   0.328803   0.062461   0.395476   4   
read      7053       8192       8192       0.026130   0.009933   0.000219   0.036294   4   
remove    -          -          -          -          -          -          0.000340   4   
write     824.45     8192       8192       0.003851   0.264602   0.042052   0.310509   5   
read      6574       8192       8192       0.028611   0.010164   0.000158   0.038939   5   
remove    -          -          -          -          -          -          0.000313   5   
write     431.91     8192       8192       0.004424   0.500107   0.088177   0.592715   6   
read      3908       8192       8192       0.027638   0.037496   0.000369   0.065508   6   
remove    -          -          -          -          -          -          0.000328   6   
write     618.01     8192       8192       0.003624   0.368855   0.041741   0.414231   7   
read      4063       8192       8192       0.027221   0.034577   0.001211   0.063014   7   
remove    -          -          -          -          -          -          0.000537   7   
write     683.23     8192       8192       0.004788   0.331509   0.038387   0.374689   8   
read      4086       8192       8192       0.026718   0.035754   0.000169   0.062649   8   
remove    -          -          -          -          -          -          0.000253   8   
write     461.74     8192       8192       0.003979   0.495723   0.054717   0.554428   9   
read      6554       8192       8192       0.027883   0.010977   0.000191   0.039060   9   
remove    -          -          -          -          -          -          0.000320   9   
Max Write: 824.45 MiB/sec (864.50 MB/sec)
Max Read:  7053.47 MiB/sec (7396.10 MB/sec)

Summary of all tests:
Operation   Max(MiB)   Min(MiB)  Mean(MiB)     StdDev   Max(OPs)   Min(OPs)  Mean(OPs)     StdDev    Mean(s) Test# #Tasks tPN reps fPP reord reordoff reordrand seed segcnt   blksiz    xsize aggs(MiB)   API RefNum
write         824.45     223.01     494.14     184.26     103.06      27.88      61.77      23.03    0.60931     0     32   1   10   0     1        1         0    0      1  8388608  8388608     256.0 HDF5      0
read         7053.47    2305.98    5007.05    1582.64     881.68     288.25     625.88     197.83    0.05783     0     32   1   10   0     1        1         0    0      1  8388608  8388608     256.0 HDF5      0
Finished            : Wed Jun 12 08:05:48 2019
