IOR-3.2.0: MPI Coordinated Test of Parallel I/O
Began               : Thu Jun  6 15:30:26 2019
Command line        : /glade/work/kpaul/software/ncar-ior/bin/ior -a Z5 -w -r -C -i10 -g -t 256m -b 1024m
Machine             : Linux r1i1n0
TestID              : 0
StartTime           : Thu Jun  6 15:30:26 2019
Path                : /gpfs/fs1/scratch/kpaul/ior_scaling
FS                  : 15000.0 TiB   Used FS: 59.5%   Inodes: 2355.6 Mi   Used Inodes: 62.6%

Options: 
api                 : Z5
apiVersion          : (null)
test filename       : testFile
access              : single-shared-file
type                : independent
segments            : 1
ordering in a file  : sequential
ordering inter file : constant task offset
task offset         : 1
tasks               : 1
clients per node    : 1
repetitions         : 10
xfersize            : 256 MiB
blocksize           : 1 GiB
aggregate filesize  : 1 GiB

Results: 

access    bw(MiB/s)  block(KiB) xfer(KiB)  open(s)    wr/rd(s)   close(s)   total(s)   iter
------    ---------  ---------- ---------  --------   --------   --------   --------   ----
write     513.65     1048576    262144     0.002111   1.99       0.000000   1.99       0   
read      90.91      1048576    262144     0.000000   11.26      0.000000   11.26      0   
remove    -          -          -          -          -          -          0.003699   0   
write     567.46     1048576    262144     0.000357   1.80       0.000000   1.80       1   
read      90.91      1048576    262144     0.000000   11.26      0.000000   11.26      1   
remove    -          -          -          -          -          -          0.000628   1   
write     464.84     1048576    262144     0.000437   2.20       0.000000   2.20       2   
read      90.87      1048576    262144     0.000000   11.27      0.000000   11.27      2   
remove    -          -          -          -          -          -          0.000481   2   
write     567.86     1048576    262144     0.000356   1.80       0.000000   1.80       3   
read      90.87      1048576    262144     0.000000   11.27      0.000000   11.27      3   
remove    -          -          -          -          -          -          0.000482   3   
write     566.88     1048576    262144     0.000359   1.81       0.000000   1.81       4   
read      90.87      1048576    262144     0.000000   11.27      0.000000   11.27      4   
remove    -          -          -          -          -          -          0.000477   4   
write     537.61     1048576    262144     0.000356   1.90       0.000000   1.90       5   
read      90.90      1048576    262144     0.000000   11.27      0.000000   11.27      5   
remove    -          -          -          -          -          -          0.000503   5   
write     568.67     1048576    262144     0.000374   1.80       0.000000   1.80       6   
read      90.84      1048576    262144     0.000000   11.27      0.000000   11.27      6   
remove    -          -          -          -          -          -          0.000477   6   
write     567.04     1048576    262144     0.000357   1.81       0.000000   1.81       7   
read      90.90      1048576    262144     0.000000   11.27      0.000000   11.27      7   
remove    -          -          -          -          -          -          0.000482   7   
write     559.68     1048576    262144     0.028812   1.80       0.000000   1.83       8   
read      90.90      1048576    262144     0.000000   11.27      0.000000   11.27      8   
remove    -          -          -          -          -          -          0.000689   8   
write     566.92     1048576    262144     0.000355   1.81       0.000000   1.81       9   
read      90.88      1048576    262144     0.000000   11.27      0.000000   11.27      9   
remove    -          -          -          -          -          -          0.000487   9   
Max Write: 568.67 MiB/sec (596.29 MB/sec)
Max Read:  90.91 MiB/sec (95.33 MB/sec)

Summary of all tests:
Operation   Max(MiB)   Min(MiB)  Mean(MiB)     StdDev   Max(OPs)   Min(OPs)  Mean(OPs)     StdDev    Mean(s) Test# #Tasks tPN reps fPP reord reordoff reordrand seed segcnt   blksiz    xsize aggs(MiB)   API RefNum
write         568.67     464.84     548.06      32.58       2.22       1.82       2.14       0.13    1.87578     0      1   1   10   0     1        1         0    0      1 1073741824 268435456    1024.0  Z5      0
read           90.91      90.84      90.88       0.02       0.36       0.35       0.36       0.00   11.26700     0      1   1   10   0     1        1         0    0      1 1073741824 268435456    1024.0  Z5      0
Finished            : Thu Jun  6 15:32:38 2019
