IOR-3.2.0: MPI Coordinated Test of Parallel I/O
Began               : Thu Jun  6 15:54:20 2019
Command line        : /glade/work/kpaul/software/ncar-ior/bin/ior -a POSIX -w -r -C -i10 -g -t 8m -b 16m -e -F
Machine             : Linux r11i3n24
TestID              : 0
StartTime           : Thu Jun  6 15:54:20 2019
Path                : /gpfs/fs1/scratch/kpaul/ior_scaling
FS                  : 15000.0 TiB   Used FS: 59.5%   Inodes: 2355.6 Mi   Used Inodes: 62.6%

Options: 
api                 : POSIX
apiVersion          : 
test filename       : testFile
access              : file-per-process
type                : independent
segments            : 1
ordering in a file  : sequential
ordering inter file : constant task offset
task offset         : 1
tasks               : 2
clients per node    : 1
repetitions         : 10
xfersize            : 8 MiB
blocksize           : 16 MiB
aggregate filesize  : 32 MiB

Results: 

access    bw(MiB/s)  block(KiB) xfer(KiB)  open(s)    wr/rd(s)   close(s)   total(s)   iter
------    ---------  ---------- ---------  --------   --------   --------   --------   ----
write     827.48     16384      8192       0.003356   0.035274   0.000031   0.038672   0   
read      2437.79    16384      8192       0.003860   0.009253   0.000011   0.013127   0   
remove    -          -          -          -          -          -          0.004185   0   
write     1035.60    16384      8192       0.004541   0.026327   0.000025   0.030900   1   
read      3125.63    16384      8192       0.003471   0.006751   0.000010   0.010238   1   
remove    -          -          -          -          -          -          0.003949   1   
write     574.19     16384      8192       0.004499   0.051196   0.000025   0.055730   2   
read      3303.76    16384      8192       0.003410   0.006265   0.000009   0.009686   2   
remove    -          -          -          -          -          -          0.003945   2   
write     818.83     16384      8192       0.004822   0.034227   0.000025   0.039080   3   
read      3416.36    16384      8192       0.003263   0.006090   0.000008   0.009367   3   
remove    -          -          -          -          -          -          0.004777   3   
write     1187.26    16384      8192       0.004804   0.022121   0.000025   0.026953   4   
read      3515.63    16384      8192       0.002928   0.006159   0.000009   0.009102   4   
remove    -          -          -          -          -          -          0.004614   4   
write     1183.99    16384      8192       0.004693   0.022307   0.000025   0.027027   5   
read      3401.74    16384      8192       0.003312   0.006084   0.000009   0.009407   5   
remove    -          -          -          -          -          -          0.003661   5   
write     855.51     16384      8192       0.004592   0.032783   0.000023   0.037404   6   
read      3512.73    16384      8192       0.002856   0.006238   0.000010   0.009110   6   
remove    -          -          -          -          -          -          0.004607   6   
write     583.43     16384      8192       0.004507   0.050303   0.000026   0.054848   7   
read      3344.83    16384      8192       0.003474   0.006078   0.000009   0.009567   7   
remove    -          -          -          -          -          -          0.003959   7   
write     652.18     16384      8192       0.004837   0.044199   0.000024   0.049066   8   
read      1297.01    16384      8192       0.003438   0.021220   0.000008   0.024672   8   
remove    -          -          -          -          -          -          0.003770   8   
write     444.51     16384      8192       0.004134   0.067828   0.000024   0.071989   9   
read      3380.20    16384      8192       0.003307   0.006146   0.000008   0.009467   9   
remove    -          -          -          -          -          -          0.003911   9   
Max Write: 1187.26 MiB/sec (1244.93 MB/sec)
Max Read:  3515.63 MiB/sec (3686.41 MB/sec)

Summary of all tests:
Operation   Max(MiB)   Min(MiB)  Mean(MiB)     StdDev   Max(OPs)   Min(OPs)  Mean(OPs)     StdDev    Mean(s) Test# #Tasks tPN reps fPP reord reordoff reordrand seed segcnt   blksiz    xsize aggs(MiB)   API RefNum
write        1187.26     444.51     816.30     245.07     148.41      55.56     102.04      30.63    0.04317     0      2   1   10   1     1        1         0    0      1 16777216  8388608      32.0 POSIX      0
read         3515.63    1297.01    3073.57     663.11     439.45     162.13     384.20      82.89    0.01137     0      2   1   10   1     1        1         0    0      1 16777216  8388608      32.0 POSIX      0
Finished            : Thu Jun  6 15:54:20 2019
