IOR-3.2.0: MPI Coordinated Test of Parallel I/O
Began               : Wed Jun 12 08:59:27 2019
Command line        : /glade/work/kpaul/software/ncar-ior/bin/ior -a Z5 -w -r -C -i10 -g -t 256m -b 256m
Machine             : Linux r5i0n9
TestID              : 0
StartTime           : Wed Jun 12 08:59:27 2019
Path                : /gpfs/fs1/scratch/kpaul/ior_scaling
FS                  : 15000.0 TiB   Used FS: 60.4%   Inodes: 2355.6 Mi   Used Inodes: 61.5%

Options: 
api                 : Z5
apiVersion          : (null)
test filename       : testFile
access              : single-shared-file
type                : independent
segments            : 1
ordering in a file  : sequential
ordering inter file : constant task offset
task offset         : 1
tasks               : 64
clients per node    : 1
repetitions         : 10
xfersize            : 256 MiB
blocksize           : 256 MiB
aggregate filesize  : 16 GiB

Results: 

access    bw(MiB/s)  block(KiB) xfer(KiB)  open(s)    wr/rd(s)   close(s)   total(s)   iter
------    ---------  ---------- ---------  --------   --------   --------   --------   ----
write     16333      262144     262144     0.009577   0.993516   0.000019   1.00       0   
read      5367       262144     262144     0.000050   3.05       0.000021   3.05       0   
remove    -          -          -          -          -          -          0.178129   0   
write     18707      262144     262144     0.000479   0.875307   0.000029   0.875845   1   
read      5493       262144     262144     0.000016   2.98       0.000026   2.98       1   
remove    -          -          -          -          -          -          0.177692   1   
write     26879      262144     262144     0.000471   0.609012   0.000033   0.609547   2   
read      5177       262144     262144     0.000037   3.16       0.000028   3.16       2   
remove    -          -          -          -          -          -          0.177356   2   
write     19034      262144     262144     0.000478   0.860254   0.000029   0.860791   3   
read      5481       262144     262144     0.000043   2.99       0.000027   2.99       3   
remove    -          -          -          -          -          -          0.175751   3   
write     14480      262144     262144     0.000432   1.13       0.000026   1.13       4   
read      5296       262144     262144     0.000021   3.09       0.000018   3.09       4   
remove    -          -          -          -          -          -          0.220556   4   
write     22206      262144     262144     0.000390   0.737362   0.000026   0.737805   5   
read      5009       262144     262144     0.000024   3.27       0.000032   3.27       5   
remove    -          -          -          -          -          -          0.197440   5   
write     21427      262144     262144     0.000465   0.764076   0.000066   0.764636   6   
read      5277       262144     262144     0.000033   3.10       0.000037   3.10       6   
remove    -          -          -          -          -          -          0.294247   6   
write     12714      262144     262144     0.000472   1.29       0.000037   1.29       7   
read      4601       262144     262144     0.000033   3.56       0.000047   3.56       7   
remove    -          -          -          -          -          -          0.191467   7   
write     17775      262144     262144     0.000476   0.921219   0.000043   0.921769   8   
read      5583       262144     262144     0.000049   2.93       0.000044   2.93       8   
remove    -          -          -          -          -          -          0.200236   8   
write     19625      262144     262144     0.000504   0.834299   0.000046   0.834861   9   
read      5248       262144     262144     0.000051   3.12       0.000562   3.12       9   
remove    -          -          -          -          -          -          0.257715   9   
Max Write: 26878.97 MiB/sec (28184.64 MB/sec)
Max Read:  5583.36 MiB/sec (5854.58 MB/sec)

Summary of all tests:
Operation   Max(MiB)   Min(MiB)  Mean(MiB)     StdDev   Max(OPs)   Min(OPs)  Mean(OPs)     StdDev    Mean(s) Test# #Tasks tPN reps fPP reord reordoff reordrand seed segcnt   blksiz    xsize aggs(MiB)   API RefNum
write       26878.97   12714.21   18917.87    3836.94     105.00      49.66      73.90      14.99    0.90285     0     64   1   10   0     1        1         0    0      1 268435456 268435456   16384.0  Z5      0
read         5583.36    4600.93    5253.28     269.19      21.81      17.97      20.52       1.05    3.12759     0     64   1   10   0     1        1         0    0      1 268435456 268435456   16384.0  Z5      0
Finished            : Wed Jun 12 09:00:09 2019
