IOR-3.2.0: MPI Coordinated Test of Parallel I/O
Began               : Thu Jun  6 15:20:16 2019
Command line        : /glade/work/kpaul/software/ncar-ior/bin/ior -a POSIX -w -r -C -i10 -g -t 32m -b 32m -e -F
Machine             : Linux r1i1n0
TestID              : 0
StartTime           : Thu Jun  6 15:20:16 2019
Path                : /gpfs/fs1/scratch/kpaul/ior_scaling
FS                  : 15000.0 TiB   Used FS: 59.5%   Inodes: 2355.6 Mi   Used Inodes: 62.6%

Options: 
api                 : POSIX
apiVersion          : 
test filename       : testFile
access              : file-per-process
type                : independent
segments            : 1
ordering in a file  : sequential
ordering inter file : constant task offset
task offset         : 1
tasks               : 1
clients per node    : 1
repetitions         : 10
xfersize            : 32 MiB
blocksize           : 32 MiB
aggregate filesize  : 32 MiB

Results: 

access    bw(MiB/s)  block(KiB) xfer(KiB)  open(s)    wr/rd(s)   close(s)   total(s)   iter
------    ---------  ---------- ---------  --------   --------   --------   --------   ----
write     642.85     32768      32768      0.000480   0.049269   0.000027   0.049778   0   
read      4120       32768      32768      0.000015   0.007740   0.000009   0.007766   0   
remove    -          -          -          -          -          -          0.000358   0   
write     709.83     32768      32768      0.000076   0.044979   0.000024   0.045081   1   
read      4099       32768      32768      0.000015   0.007782   0.000008   0.007806   1   
remove    -          -          -          -          -          -          0.000082   1   
write     789.29     32768      32768      0.000073   0.040444   0.000024   0.040543   2   
read      4182       32768      32768      0.000015   0.007627   0.000007   0.007652   2   
remove    -          -          -          -          -          -          0.000079   2   
write     744.11     32768      32768      0.000073   0.042906   0.000025   0.043005   3   
read      4003       32768      32768      0.000015   0.007970   0.000008   0.007995   3   
remove    -          -          -          -          -          -          0.000079   3   
write     168.77     32768      32768      0.000072   0.189511   0.000025   0.189610   4   
read      4127       32768      32768      0.000016   0.007727   0.000008   0.007753   4   
remove    -          -          -          -          -          -          0.000080   4   
write     400.27     32768      32768      0.000071   0.079849   0.000024   0.079945   5   
read      4045       32768      32768      0.000014   0.007887   0.000009   0.007912   5   
remove    -          -          -          -          -          -          0.000102   5   
write     397.09     32768      32768      0.000074   0.080485   0.000025   0.080586   6   
read      4122       32768      32768      0.000015   0.007739   0.000008   0.007763   6   
remove    -          -          -          -          -          -          0.000096   6   
write     538.53     32768      32768      0.000080   0.059316   0.000023   0.059421   7   
read      4139       32768      32768      0.000014   0.007707   0.000007   0.007731   7   
remove    -          -          -          -          -          -          0.000079   7   
write     405.27     32768      32768      0.000075   0.078858   0.000023   0.078959   8   
read      4183       32768      32768      0.000014   0.007628   0.000006   0.007650   8   
remove    -          -          -          -          -          -          0.000081   8   
write     163.37     32768      32768      0.033998   0.161846   0.000023   0.195869   9   
read      4152       32768      32768      0.000014   0.007684   0.000008   0.007708   9   
remove    -          -          -          -          -          -          0.000292   9   
Max Write: 789.29 MiB/sec (827.63 MB/sec)
Max Read:  4183.01 MiB/sec (4386.20 MB/sec)

Summary of all tests:
Operation   Max(MiB)   Min(MiB)  Mean(MiB)     StdDev   Max(OPs)   Min(OPs)  Mean(OPs)     StdDev    Mean(s) Test# #Tasks tPN reps fPP reord reordoff reordrand seed segcnt   blksiz    xsize aggs(MiB)   API RefNum
write         789.29     163.37     495.94     214.84      24.67       5.11      15.50       6.71    0.08628     0      1   1   10   1     1        1         0    0      1 33554432 33554432      32.0 POSIX      0
read         4183.01    4002.72    4117.26      53.90     130.72     125.09     128.66       1.68    0.00777     0      1   1   10   1     1        1         0    0      1 33554432 33554432      32.0 POSIX      0
Finished            : Thu Jun  6 15:20:17 2019
