IOR-3.2.0: MPI Coordinated Test of Parallel I/O
Began               : Wed Jun 12 08:06:27 2019
Command line        : /glade/work/kpaul/software/ncar-ior/bin/ior -a NCMPI -w -r -C -i10 -g -t 32m -b 32m
Machine             : Linux r1i1n28
TestID              : 0
StartTime           : Wed Jun 12 08:06:27 2019
Path                : /gpfs/fs1/scratch/kpaul/ior_scaling
FS                  : 15000.0 TiB   Used FS: 60.4%   Inodes: 2355.6 Mi   Used Inodes: 61.5%

Options: 
api                 : NCMPI
apiVersion          : 1.11.0 of 19 Dec 2018
test filename       : testFile
access              : single-shared-file
type                : independent
segments            : 1
ordering in a file  : sequential
ordering inter file : constant task offset
task offset         : 1
tasks               : 32
clients per node    : 1
repetitions         : 10
xfersize            : 32 MiB
blocksize           : 32 MiB
aggregate filesize  : 1 GiB

Results: 

access    bw(MiB/s)  block(KiB) xfer(KiB)  open(s)    wr/rd(s)   close(s)   total(s)   iter
------    ---------  ---------- ---------  --------   --------   --------   --------   ----
write     620.16     32768      32768      0.009840   1.64       0.005269   1.65       0   
read      19413      32768      32768      0.003627   0.048291   0.001051   0.052749   0   
remove    -          -          -          -          -          -          0.007600   0   
write     977.92     32768      32768      0.006079   1.01       0.033980   1.05       1   
read      22442      32768      32768      0.003356   0.041482   0.001018   0.045628   1   
remove    -          -          -          -          -          -          0.003236   1   
write     818.61     32768      32768      0.005555   1.20       0.044952   1.25       2   
read      16641      32768      32768      0.004922   0.055506   0.001244   0.061534   2   
remove    -          -          -          -          -          -          0.007610   2   
write     752.17     32768      32768      0.007622   1.35       0.004417   1.36       3   
read      12092      32768      32768      0.003368   0.080475   0.001025   0.084685   3   
remove    -          -          -          -          -          -          0.007481   3   
write     885.93     32768      32768      0.005594   1.15       0.005235   1.16       4   
read      19537      32768      32768      0.005729   0.045680   0.001179   0.052413   4   
remove    -          -          -          -          -          -          0.014119   4   
write     1281.00    32768      32768      0.007049   0.789938   0.002602   0.799377   5   
read      19024      32768      32768      0.001558   0.051344   0.001053   0.053827   5   
remove    -          -          -          -          -          -          0.002853   5   
write     740.61     32768      32768      0.005638   1.37       0.004964   1.38       6   
read      12594      32768      32768      0.003911   0.076212   0.001202   0.081306   6   
remove    -          -          -          -          -          -          0.007516   6   
write     1548.76    32768      32768      0.005795   0.650806   0.004788   0.661174   7   
read      21671      32768      32768      0.003530   0.041705   0.002252   0.047253   7   
remove    -          -          -          -          -          -          0.006047   7   
write     656.09     32768      32768      0.006446   1.55       0.005204   1.56       8   
read      7684       32768      32768      0.004793   0.127605   0.001093   0.133271   8   
remove    -          -          -          -          -          -          0.009563   8   
write     748.85     32768      32768      0.006183   1.35       0.006511   1.37       9   
read      7422       32768      32768      0.003563   0.133325   0.001195   0.137963   9   
remove    -          -          -          -          -          -          0.008032   9   
Max Write: 1548.76 MiB/sec (1623.99 MB/sec)
Max Read:  22442.39 MiB/sec (23532.56 MB/sec)

Summary of all tests:
Operation   Max(MiB)   Min(MiB)  Mean(MiB)     StdDev   Max(OPs)   Min(OPs)  Mean(OPs)     StdDev    Mean(s) Test# #Tasks tPN reps fPP reord reordoff reordrand seed segcnt   blksiz    xsize aggs(MiB)   API RefNum
write        1548.76     620.16     903.01     280.49      48.40      19.38      28.22       8.77    1.22378     0     32   1   10   0     1        1         0    0      1 33554432 33554432    1024.0 NCMPI      0
read        22442.39    7422.27   15852.03    5260.87     701.32     231.95     495.38     164.40    0.07506     0     32   1   10   0     1        1         0    0      1 33554432 33554432    1024.0 NCMPI      0
Finished            : Wed Jun 12 08:06:41 2019
