IOR-3.2.0: MPI Coordinated Test of Parallel I/O
Began               : Thu Jun  6 16:20:54 2019
Command line        : /glade/work/kpaul/software/ncar-ior/bin/ior -a NCMPI -w -r -C -i10 -g -t 64m -b 64m
Machine             : Linux r8i1n18
TestID              : 0
StartTime           : Thu Jun  6 16:20:54 2019
Path                : /gpfs/fs1/scratch/kpaul/ior_scaling
FS                  : 15000.0 TiB   Used FS: 59.5%   Inodes: 2355.6 Mi   Used Inodes: 62.6%

Options: 
api                 : NCMPI
apiVersion          : 1.11.0 of 19 Dec 2018
test filename       : testFile
access              : single-shared-file
type                : independent
segments            : 1
ordering in a file  : sequential
ordering inter file : constant task offset
task offset         : 1
tasks               : 4
clients per node    : 1
repetitions         : 10
xfersize            : 64 MiB
blocksize           : 64 MiB
aggregate filesize  : 256 MiB

Results: 

access    bw(MiB/s)  block(KiB) xfer(KiB)  open(s)    wr/rd(s)   close(s)   total(s)   iter
------    ---------  ---------- ---------  --------   --------   --------   --------   ----
write     1477.49    65536      65536      0.008207   0.161426   0.003617   0.173266   0   
read      3791       65536      65536      0.000897   0.065809   0.000810   0.067533   0   
remove    -          -          -          -          -          -          0.003567   0   
write     1408.78    65536      65536      0.006645   0.174272   0.000783   0.181717   1   
read      6073       65536      65536      0.000702   0.040783   0.000653   0.042153   1   
remove    -          -          -          -          -          -          0.003823   1   
write     1770.69    65536      65536      0.006598   0.137236   0.000726   0.144577   2   
read      2832.03    65536      65536      0.000662   0.089048   0.000667   0.090395   2   
remove    -          -          -          -          -          -          0.003505   2   
write     1238.89    65536      65536      0.006193   0.195156   0.005273   0.206637   3   
read      6373       65536      65536      0.003768   0.035742   0.000648   0.040172   3   
remove    -          -          -          -          -          -          0.005534   3   
write     1234.01    65536      65536      0.007507   0.194492   0.005435   0.207453   4   
read      2254.56    65536      65536      0.003553   0.109299   0.000677   0.113548   4   
remove    -          -          -          -          -          -          0.005798   4   
write     2452.37    65536      65536      0.006863   0.093590   0.003919   0.104389   5   
read      8887       65536      65536      0.000668   0.027295   0.000828   0.028806   5   
remove    -          -          -          -          -          -          0.003744   5   
write     1862.77    65536      65536      0.006536   0.130171   0.000705   0.137430   6   
read      5419       65536      65536      0.000702   0.045750   0.000775   0.047245   6   
remove    -          -          -          -          -          -          0.003438   6   
write     2351.18    65536      65536      0.006732   0.099705   0.002426   0.108881   7   
read      9409       65536      65536      0.000679   0.025678   0.000835   0.027209   7   
remove    -          -          -          -          -          -          0.004245   7   
write     1559.17    65536      65536      0.006397   0.148078   0.009700   0.164190   8   
read      1953.50    65536      65536      0.000646   0.129634   0.000753   0.131047   8   
remove    -          -          -          -          -          -          0.005770   8   
write     2972.24    65536      65536      0.006458   0.076081   0.003573   0.086130   9   
read      9190       65536      65536      0.000651   0.026209   0.000984   0.027856   9   
remove    -          -          -          -          -          -          0.003916   9   
Max Write: 2972.24 MiB/sec (3116.62 MB/sec)
Max Read:  9408.81 MiB/sec (9865.85 MB/sec)

Summary of all tests:
Operation   Max(MiB)   Min(MiB)  Mean(MiB)     StdDev   Max(OPs)   Min(OPs)  Mean(OPs)     StdDev    Mean(s) Test# #Tasks tPN reps fPP reord reordoff reordrand seed segcnt   blksiz    xsize aggs(MiB)   API RefNum
write        2972.24    1234.01    1832.76     552.07      46.44      19.28      28.64       8.63    0.15147     0      4   1   10   0     1        1         0    0      1 67108864 67108864     256.0 NCMPI      0
read         9408.81    1953.50    5618.09    2729.00     147.01      30.52      87.78      42.64    0.06160     0      4   1   10   0     1        1         0    0      1 67108864 67108864     256.0 NCMPI      0
Finished            : Thu Jun  6 16:20:56 2019
