IOR-3.2.0: MPI Coordinated Test of Parallel I/O
Began               : Thu Jun  6 16:20:31 2019
Command line        : /glade/work/kpaul/software/ncar-ior/bin/ior -a POSIX -w -r -C -i10 -g -t 32m -b 32m -e -F
Machine             : Linux r8i1n18
TestID              : 0
StartTime           : Thu Jun  6 16:20:31 2019
Path                : /gpfs/fs1/scratch/kpaul/ior_scaling
FS                  : 15000.0 TiB   Used FS: 59.5%   Inodes: 2355.6 Mi   Used Inodes: 62.6%

Options: 
api                 : POSIX
apiVersion          : 
test filename       : testFile
access              : file-per-process
type                : independent
segments            : 1
ordering in a file  : sequential
ordering inter file : constant task offset
task offset         : 1
tasks               : 4
clients per node    : 1
repetitions         : 10
xfersize            : 32 MiB
blocksize           : 32 MiB
aggregate filesize  : 128 MiB

Results: 

access    bw(MiB/s)  block(KiB) xfer(KiB)  open(s)    wr/rd(s)   close(s)   total(s)   iter
------    ---------  ---------- ---------  --------   --------   --------   --------   ----
write     2621.38    32768      32768      0.003756   0.045017   0.000044   0.048829   0   
read      4736       32768      32768      0.005340   0.021660   0.000013   0.027029   0   
remove    -          -          -          -          -          -          0.004923   0   
write     1263.34    32768      32768      0.004960   0.096298   0.000038   0.101319   1   
read      2523.04    32768      32768      0.005478   0.045223   0.000015   0.050732   1   
remove    -          -          -          -          -          -          0.008092   1   
write     967.44     32768      32768      0.007855   0.124399   0.000042   0.132308   2   
read      2066.21    32768      32768      0.005070   0.056849   0.000016   0.061949   2   
remove    -          -          -          -          -          -          0.004173   2   
write     1371.39    32768      32768      0.004606   0.088676   0.000044   0.093336   3   
read      6727       32768      32768      0.005152   0.013842   0.000013   0.019027   3   
remove    -          -          -          -          -          -          0.004448   3   
write     596.69     32768      32768      0.004968   0.209494   0.000036   0.214516   4   
read      6174       32768      32768      0.005416   0.015287   0.000014   0.020733   4   
remove    -          -          -          -          -          -          0.004665   4   
write     1930.30    32768      32768      0.004808   0.061449   0.000044   0.066311   5   
read      6396       32768      32768      0.005635   0.014344   0.000014   0.020013   5   
remove    -          -          -          -          -          -          0.004679   5   
write     1772.54    32768      32768      0.005507   0.066648   0.000035   0.072213   6   
read      6587       32768      32768      0.004734   0.014671   0.000012   0.019433   6   
remove    -          -          -          -          -          -          0.008833   6   
write     2276.36    32768      32768      0.005199   0.050977   0.000045   0.056230   7   
read      6856       32768      32768      0.005010   0.013630   0.000014   0.018671   7   
remove    -          -          -          -          -          -          0.004361   7   
write     882.78     32768      32768      0.004915   0.140026   0.000046   0.144996   8   
read      6246       32768      32768      0.005099   0.015369   0.000013   0.020495   8   
remove    -          -          -          -          -          -          0.004015   8   
write     1721.78    32768      32768      0.004718   0.069565   0.000041   0.074342   9   
read      6493       32768      32768      0.005040   0.014645   0.000013   0.019714   9   
remove    -          -          -          -          -          -          0.004147   9   
Max Write: 2621.38 MiB/sec (2748.71 MB/sec)
Max Read:  6855.67 MiB/sec (7188.69 MB/sec)

Summary of all tests:
Operation   Max(MiB)   Min(MiB)  Mean(MiB)     StdDev   Max(OPs)   Min(OPs)  Mean(OPs)     StdDev    Mean(s) Test# #Tasks tPN reps fPP reord reordoff reordrand seed segcnt   blksiz    xsize aggs(MiB)   API RefNum
write        2621.38     596.69    1540.40     608.74      81.92      18.65      48.14      19.02    0.10044     0      4   1   10   1     1        1         0    0      1 33554432 33554432     128.0 POSIX      0
read         6855.67    2066.21    5480.25    1689.88     214.24      64.57     171.26      52.81    0.02778     0      4   1   10   1     1        1         0    0      1 33554432 33554432     128.0 POSIX      0
Finished            : Thu Jun  6 16:20:32 2019
