IOR-3.2.0: MPI Coordinated Test of Parallel I/O
Began               : Thu Jun  6 15:54:32 2019
Command line        : /glade/work/kpaul/software/ncar-ior/bin/ior -a NCMPI -w -r -C -i10 -g -t 16m -b 32m
Machine             : Linux r11i3n24
TestID              : 0
StartTime           : Thu Jun  6 15:54:32 2019
Path                : /gpfs/fs1/scratch/kpaul/ior_scaling
FS                  : 15000.0 TiB   Used FS: 59.5%   Inodes: 2355.6 Mi   Used Inodes: 62.6%

Options: 
api                 : NCMPI
apiVersion          : 1.11.0 of 19 Dec 2018
test filename       : testFile
access              : single-shared-file
type                : independent
segments            : 1
ordering in a file  : sequential
ordering inter file : constant task offset
task offset         : 1
tasks               : 2
clients per node    : 1
repetitions         : 10
xfersize            : 16 MiB
blocksize           : 32 MiB
aggregate filesize  : 64 MiB

Results: 

access    bw(MiB/s)  block(KiB) xfer(KiB)  open(s)    wr/rd(s)   close(s)   total(s)   iter
------    ---------  ---------- ---------  --------   --------   --------   --------   ----
write     379.92     32768      16384      0.007433   0.079917   0.081101   0.168459   0   
read      3776       32768      16384      0.000785   0.012095   0.004058   0.016948   0   
remove    -          -          -          -          -          -          0.001792   0   
write     839.92     32768      16384      0.004318   0.070486   0.001385   0.076198   1   
read      1032.51    32768      16384      0.000517   0.057952   0.003508   0.061985   1   
remove    -          -          -          -          -          -          0.001501   1   
write     834.42     32768      16384      0.004993   0.070140   0.001559   0.076700   2   
read      1732.79    32768      16384      0.000590   0.028546   0.007794   0.036935   2   
remove    -          -          -          -          -          -          0.001610   2   
write     521.08     32768      16384      0.006693   0.112250   0.003867   0.122821   3   
read      1568.11    32768      16384      0.003925   0.036431   0.000449   0.040813   3   
remove    -          -          -          -          -          -          0.003050   3   
write     1058.88    32768      16384      0.005192   0.053663   0.001579   0.060441   4   
read      1074.78    32768      16384      0.000562   0.057064   0.001917   0.059547   4   
remove    -          -          -          -          -          -          0.001624   4   
write     542.67     32768      16384      0.005163   0.111433   0.001331   0.117935   5   
read      1000.64    32768      16384      0.000551   0.036447   0.026955   0.063959   5   
remove    -          -          -          -          -          -          0.001534   5   
write     917.81     32768      16384      0.005296   0.063465   0.000963   0.069731   6   
read      1608.75    32768      16384      0.000499   0.036668   0.002610   0.039782   6   
remove    -          -          -          -          -          -          0.001808   6   
write     1011.64    32768      16384      0.005643   0.054585   0.003028   0.063264   7   
read      1901.74    32768      16384      0.000581   0.029771   0.003296   0.033653   7   
remove    -          -          -          -          -          -          0.001565   7   
write     827.92     32768      16384      0.005384   0.070646   0.001266   0.077303   8   
read      1949.19    32768      16384      0.000554   0.029322   0.002949   0.032834   8   
remove    -          -          -          -          -          -          0.001808   8   
write     1715.15    32768      16384      0.005432   0.030659   0.001217   0.037314   9   
read      1919.62    32768      16384      0.000537   0.029250   0.003548   0.033340   9   
remove    -          -          -          -          -          -          0.001955   9   
Max Write: 1715.15 MiB/sec (1798.47 MB/sec)
Max Read:  3776.33 MiB/sec (3959.77 MB/sec)

Summary of all tests:
Operation   Max(MiB)   Min(MiB)  Mean(MiB)     StdDev   Max(OPs)   Min(OPs)  Mean(OPs)     StdDev    Mean(s) Test# #Tasks tPN reps fPP reord reordoff reordrand seed segcnt   blksiz    xsize aggs(MiB)   API RefNum
write        1715.15     379.92     864.94     352.85     107.20      23.74      54.06      22.05    0.08702     0      2   1   10   0     1        1         0    0      1 33554432 16777216      64.0 NCMPI      0
read         3776.33    1000.64    1756.45     760.44     236.02      62.54     109.78      47.53    0.04198     0      2   1   10   0     1        1         0    0      1 33554432 16777216      64.0 NCMPI      0
Finished            : Thu Jun  6 15:54:33 2019
