IOR-3.2.0: MPI Coordinated Test of Parallel I/O
Began               : Thu Jun  6 15:52:36 2019
Command line        : /glade/work/kpaul/software/ncar-ior/bin/ior -a NCMPI -w -r -C -i10 -g -t 16m -b 16m
Machine             : Linux r11i3n24
TestID              : 0
StartTime           : Thu Jun  6 15:52:36 2019
Path                : /gpfs/fs1/scratch/kpaul/ior_scaling
FS                  : 15000.0 TiB   Used FS: 59.5%   Inodes: 2355.6 Mi   Used Inodes: 62.6%

Options: 
api                 : NCMPI
apiVersion          : 1.11.0 of 19 Dec 2018
test filename       : testFile
access              : single-shared-file
type                : independent
segments            : 1
ordering in a file  : sequential
ordering inter file : constant task offset
task offset         : 1
tasks               : 2
clients per node    : 1
repetitions         : 10
xfersize            : 16 MiB
blocksize           : 16 MiB
aggregate filesize  : 32 MiB

Results: 

access    bw(MiB/s)  block(KiB) xfer(KiB)  open(s)    wr/rd(s)   close(s)   total(s)   iter
------    ---------  ---------- ---------  --------   --------   --------   --------   ----
write     207.28     16384      16384      0.007385   0.144394   0.002597   0.154383   0   
read      1393.99    16384      16384      0.000901   0.021462   0.000586   0.022956   0   
remove    -          -          -          -          -          -          0.002700   0   
write     682.86     16384      16384      0.006067   0.037753   0.003035   0.046862   1   
read      1591.87    16384      16384      0.000447   0.019213   0.000436   0.020102   1   
remove    -          -          -          -          -          -          0.002221   1   
write     367.98     16384      16384      0.005483   0.077854   0.003616   0.086960   2   
read      1552.05    16384      16384      0.000483   0.019695   0.000434   0.020618   2   
remove    -          -          -          -          -          -          0.002540   2   
write     1178.30    16384      16384      0.005400   0.021157   0.000592   0.027158   3   
read      1471.26    16384      16384      0.000558   0.020658   0.000528   0.021750   3   
remove    -          -          -          -          -          -          0.002419   3   
write     450.14     16384      16384      0.005690   0.053959   0.011433   0.071090   4   
read      4222       16384      16384      0.000566   0.006474   0.000533   0.007580   4   
remove    -          -          -          -          -          -          0.002365   4   
write     655.84     16384      16384      0.005621   0.042231   0.000933   0.048792   5   
read      1350.05    16384      16384      0.000891   0.022282   0.000522   0.023703   5   
remove    -          -          -          -          -          -          0.002090   5   
write     450.29     16384      16384      0.005260   0.053009   0.012790   0.071065   6   
read      3903       16384      16384      0.000568   0.007208   0.000416   0.008199   6   
remove    -          -          -          -          -          -          0.002348   6   
write     1076.72    16384      16384      0.005755   0.023186   0.000770   0.029720   7   
read      1738.26    16384      16384      0.000558   0.017325   0.000519   0.018409   7   
remove    -          -          -          -          -          -          0.002891   7   
write     464.58     16384      16384      0.005584   0.046440   0.016849   0.068879   8   
read      4088       16384      16384      0.000556   0.006839   0.000427   0.007828   8   
remove    -          -          -          -          -          -          0.002137   8   
write     396.57     16384      16384      0.005141   0.045995   0.029548   0.080693   9   
read      2364.94    16384      16384      0.002225   0.010589   0.000709   0.013531   9   
remove    -          -          -          -          -          -          0.002846   9   
Max Write: 1178.30 MiB/sec (1235.54 MB/sec)
Max Read:  4221.90 MiB/sec (4426.98 MB/sec)

Summary of all tests:
Operation   Max(MiB)   Min(MiB)  Mean(MiB)     StdDev   Max(OPs)   Min(OPs)  Mean(OPs)     StdDev    Mean(s) Test# #Tasks tPN reps fPP reord reordoff reordrand seed segcnt   blksiz    xsize aggs(MiB)   API RefNum
write        1178.30     207.28     593.06     297.30      73.64      12.95      37.07      18.58    0.06856     0      2   1   10   0     1        1         0    0      1 16777216 16777216      32.0 NCMPI      0
read         4221.90    1350.05    2367.51    1149.11     263.87      84.38     147.97      71.82    0.01647     0      2   1   10   0     1        1         0    0      1 16777216 16777216      32.0 NCMPI      0
Finished            : Thu Jun  6 15:52:37 2019
