IOR-3.2.0: MPI Coordinated Test of Parallel I/O
Began               : Wed Jun 12 09:13:25 2019
Command line        : /glade/work/kpaul/software/ncar-ior/bin/ior -a HDF5 -w -r -C -i10 -g -t 8m -b 32m -c
Machine             : Linux r5i0n9
TestID              : 0
StartTime           : Wed Jun 12 09:13:25 2019
Path                : /gpfs/fs1/scratch/kpaul/ior_scaling
FS                  : 15000.0 TiB   Used FS: 60.4%   Inodes: 2355.6 Mi   Used Inodes: 61.5%

Options: 
api                 : HDF5
apiVersion          : 1.8.21 (Parallel)
test filename       : testFile
access              : single-shared-file
type                : collective
segments            : 1
ordering in a file  : sequential
ordering inter file : constant task offset
task offset         : 1
tasks               : 64
clients per node    : 1
repetitions         : 10
xfersize            : 8 MiB
blocksize           : 32 MiB
aggregate filesize  : 2 GiB

Results: 

access    bw(MiB/s)  block(KiB) xfer(KiB)  open(s)    wr/rd(s)   close(s)   total(s)   iter
------    ---------  ---------- ---------  --------   --------   --------   --------   ----
write     927.17     32768      8192       0.013235   2.13       0.064402   2.21       0   
read      9866       32768      8192       0.054356   0.147479   0.005738   0.207588   0   
remove    -          -          -          -          -          -          0.000327   0   
write     3045.46    32768      8192       0.015710   0.472727   0.184029   0.672477   1   
read      10906      32768      8192       0.055371   0.105547   0.026858   0.187788   1   
remove    -          -          -          -          -          -          0.000290   1   
write     2766.36    32768      8192       0.016057   0.661641   0.062606   0.740323   2   
read      9959       32768      8192       0.052488   0.147078   0.006053   0.205653   2   
remove    -          -          -          -          -          -          0.000339   2   
write     3505.93    32768      8192       0.015439   0.469698   0.099010   0.584154   3   
read      15846      32768      8192       0.058297   0.065407   0.005532   0.129242   3   
remove    -          -          -          -          -          -          0.000300   3   
write     3848       32768      8192       0.009685   0.470824   0.051650   0.532171   4   
read      15679      32768      8192       0.055915   0.068404   0.006294   0.130617   4   
remove    -          -          -          -          -          -          0.000311   4   
write     3023.57    32768      8192       0.012814   0.466291   0.198231   0.677344   5   
read      15367      32768      8192       0.054587   0.072024   0.006656   0.133274   5   
remove    -          -          -          -          -          -          0.000266   5   
write     2608.03    32768      8192       0.014956   0.467630   0.302681   0.785267   6   
read      10900      32768      8192       0.052372   0.116326   0.019189   0.187895   6   
remove    -          -          -          -          -          -          0.000343   6   
write     2935.51    32768      8192       0.014914   0.476245   0.206497   0.697664   7   
read      10425      32768      8192       0.053837   0.130848   0.011751   0.196442   7   
remove    -          -          -          -          -          -          0.000352   7   
write     2815.57    32768      8192       0.017161   0.465267   0.244951   0.727384   8   
read      16355      32768      8192       0.051883   0.068616   0.004721   0.125223   8   
remove    -          -          -          -          -          -          0.000331   8   
write     3441.17    32768      8192       0.012720   0.463730   0.118695   0.595146   9   
read      15629      32768      8192       0.049709   0.072801   0.008526   0.131041   9   
remove    -          -          -          -          -          -          0.000307   9   
Max Write: 3848.39 MiB/sec (4035.33 MB/sec)
Max Read:  16354.81 MiB/sec (17149.26 MB/sec)

Summary of all tests:
Operation   Max(MiB)   Min(MiB)  Mean(MiB)     StdDev   Max(OPs)   Min(OPs)  Mean(OPs)     StdDev    Mean(s) Test# #Tasks tPN reps fPP reord reordoff reordrand seed segcnt   blksiz    xsize aggs(MiB)   API RefNum
write        3848.39     927.17    2891.72     748.25     481.05     115.90     361.46      93.53    0.82208     0     64   1   10   0     1        1         0    0      1 33554432  8388608    2048.0 HDF5      0
read        16354.81    9865.68   13093.14    2710.34    2044.35    1233.21    1636.64     338.79    0.16348     0     64   1   10   0     1        1         0    0      1 33554432  8388608    2048.0 HDF5      0
Finished            : Wed Jun 12 09:13:34 2019
