IOR-3.2.0: MPI Coordinated Test of Parallel I/O
Began               : Wed Jun 12 08:54:08 2019
Command line        : /glade/work/kpaul/software/ncar-ior/bin/ior -a POSIX -w -r -C -i10 -g -t 8m -b 8m -e -F
Machine             : Linux r5i0n9
TestID              : 0
StartTime           : Wed Jun 12 08:54:08 2019
Path                : /gpfs/fs1/scratch/kpaul/ior_scaling
FS                  : 15000.0 TiB   Used FS: 60.4%   Inodes: 2355.6 Mi   Used Inodes: 61.5%

Options: 
api                 : POSIX
apiVersion          : 
test filename       : testFile
access              : file-per-process
type                : independent
segments            : 1
ordering in a file  : sequential
ordering inter file : constant task offset
task offset         : 1
tasks               : 64
clients per node    : 1
repetitions         : 10
xfersize            : 8 MiB
blocksize           : 8 MiB
aggregate filesize  : 512 MiB

Results: 

access    bw(MiB/s)  block(KiB) xfer(KiB)  open(s)    wr/rd(s)   close(s)   total(s)   iter
------    ---------  ---------- ---------  --------   --------   --------   --------   ----
write     1499.44    8192       8192       0.030485   0.310902   0.000056   0.341460   0   
read      2889.82    8192       8192       0.097847   0.079288   0.000022   0.177174   0   
remove    -          -          -          -          -          -          0.020382   0   
write     4036       8192       8192       0.021450   0.105343   0.000043   0.126853   1   
read      3230.59    8192       8192       0.090030   0.068407   0.000029   0.158485   1   
remove    -          -          -          -          -          -          0.018392   1   
write     3364.57    8192       8192       0.019767   0.131971   0.000416   0.152174   2   
read      3854       8192       8192       0.093115   0.039703   0.000025   0.132859   2   
remove    -          -          -          -          -          -          0.020390   2   
write     1400.16    8192       8192       0.041471   0.324138   0.000044   0.365673   3   
read      6571       8192       8192       0.044031   0.033852   0.000022   0.077919   3   
remove    -          -          -          -          -          -          0.003796   3   
write     5041       8192       8192       0.022099   0.079399   0.000046   0.101559   4   
read      3819       8192       8192       0.088180   0.045867   0.000017   0.134081   4   
remove    -          -          -          -          -          -          0.017366   4   
write     2925.48    8192       8192       0.020335   0.154615   0.000051   0.175014   5   
read      3344.16    8192       8192       0.087379   0.065687   0.000020   0.153103   5   
remove    -          -          -          -          -          -          0.016267   5   
write     4478       8192       8192       0.021485   0.092805   0.000044   0.114349   6   
read      3952       8192       8192       0.092575   0.034662   0.002283   0.129539   6   
remove    -          -          -          -          -          -          0.016171   6   
write     4434       8192       8192       0.027825   0.087591   0.000042   0.115473   7   
read      4896       8192       8192       0.070951   0.033582   0.000023   0.104573   7   
remove    -          -          -          -          -          -          0.012192   7   
write     4501       8192       8192       0.021958   0.091739   0.000045   0.113754   8   
read      4122       8192       8192       0.093103   0.031079   0.000022   0.124223   8   
remove    -          -          -          -          -          -          0.016906   8   
write     4344       8192       8192       0.018282   0.099522   0.000049   0.117868   9   
read      4443       8192       8192       0.096107   0.019098   0.000024   0.115249   9   
remove    -          -          -          -          -          -          0.023632   9   
Max Write: 5041.42 MiB/sec (5286.31 MB/sec)
Max Read:  6570.92 MiB/sec (6890.11 MB/sec)

Summary of all tests:
Operation   Max(MiB)   Min(MiB)  Mean(MiB)     StdDev   Max(OPs)   Min(OPs)  Mean(OPs)     StdDev    Mean(s) Test# #Tasks tPN reps fPP reord reordoff reordrand seed segcnt   blksiz    xsize aggs(MiB)   API RefNum
write        5041.42    1400.16    3602.34    1219.03     630.18     175.02     450.29     152.38    0.17242     0     64   1   10   1     1        1         0    0      1  8388608  8388608     512.0 POSIX      0
read         6570.92    2889.82    4112.05     990.40     821.36     361.23     514.01     123.80    0.13072     0     64   1   10   1     1        1         0    0      1  8388608  8388608     512.0 POSIX      0
Finished            : Wed Jun 12 08:54:12 2019
