IOR-3.2.0: MPI Coordinated Test of Parallel I/O
Began               : Thu Jun  6 15:20:12 2019
Command line        : /glade/work/kpaul/software/ncar-ior/bin/ior -a Z5 -w -r -C -i10 -g -t 16m -b 16m
Machine             : Linux r1i1n0
TestID              : 0
StartTime           : Thu Jun  6 15:20:12 2019
Path                : /gpfs/fs1/scratch/kpaul/ior_scaling
FS                  : 15000.0 TiB   Used FS: 59.5%   Inodes: 2355.6 Mi   Used Inodes: 62.6%

Options: 
api                 : Z5
apiVersion          : (null)
test filename       : testFile
access              : single-shared-file
type                : independent
segments            : 1
ordering in a file  : sequential
ordering inter file : constant task offset
task offset         : 1
tasks               : 1
clients per node    : 1
repetitions         : 10
xfersize            : 16 MiB
blocksize           : 16 MiB
aggregate filesize  : 16 MiB

Results: 

access    bw(MiB/s)  block(KiB) xfer(KiB)  open(s)    wr/rd(s)   close(s)   total(s)   iter
------    ---------  ---------- ---------  --------   --------   --------   --------   ----
write     363.83     16384      16384      0.003941   0.040033   0.000000   0.043977   0   
read      80.53      16384      16384      0.000000   0.198688   0.000000   0.198691   0   
remove    -          -          -          -          -          -          0.000344   0   
write     576.64     16384      16384      0.000300   0.027444   0.000000   0.027747   1   
read      84.19      16384      16384      0.000000   0.190041   0.000000   0.190043   1   
remove    -          -          -          -          -          -          0.000304   1   
write     579.00     16384      16384      0.000295   0.027336   0.000000   0.027634   2   
read      77.49      16384      16384      0.000000   0.206463   0.000000   0.206466   2   
remove    -          -          -          -          -          -          0.000299   2   
write     577.30     16384      16384      0.000288   0.027424   0.000000   0.027715   3   
read      83.50      16384      16384      0.000000   0.191613   0.000000   0.191616   3   
remove    -          -          -          -          -          -          0.000297   3   
write     578.37     16384      16384      0.000292   0.027370   0.000000   0.027664   4   
read      79.01      16384      16384      0.000000   0.202493   0.000000   0.202496   4   
remove    -          -          -          -          -          -          0.000298   4   
write     576.89     16384      16384      0.000283   0.027449   0.000000   0.027735   5   
read      81.49      16384      16384      0.000000   0.196345   0.000000   0.196348   5   
remove    -          -          -          -          -          -          0.000295   5   
write     569.34     16384      16384      0.000288   0.027812   0.000000   0.028103   6   
read      77.46      16384      16384      0.000000   0.206554   0.000000   0.206557   6   
remove    -          -          -          -          -          -          0.000289   6   
write     569.55     16384      16384      0.000287   0.027802   0.000000   0.028092   7   
read      85.46      16384      16384      0.000000   0.187220   0.000000   0.187223   7   
remove    -          -          -          -          -          -          0.000291   7   
write     568.37     16384      16384      0.000292   0.027855   0.000000   0.028150   8   
read      78.64      16384      16384      0.000000   0.203444   0.000000   0.203447   8   
remove    -          -          -          -          -          -          0.000286   8   
write     566.41     16384      16384      0.000287   0.027958   0.000000   0.028248   9   
read      85.20      16384      16384      0.000000   0.187800   0.000000   0.187804   9   
remove    -          -          -          -          -          -          0.000292   9   
Max Write: 579.00 MiB/sec (607.12 MB/sec)
Max Read:  85.46 MiB/sec (89.61 MB/sec)

Summary of all tests:
Operation   Max(MiB)   Min(MiB)  Mean(MiB)     StdDev   Max(OPs)   Min(OPs)  Mean(OPs)     StdDev    Mean(s) Test# #Tasks tPN reps fPP reord reordoff reordrand seed segcnt   blksiz    xsize aggs(MiB)   API RefNum
write         579.00     363.83     552.57      63.07      36.19      22.74      34.54       3.94    0.02951     0      1   1   10   0     1        1         0    0      1 16777216 16777216      16.0  Z5      0
read           85.46      77.46      81.30       2.96       5.34       4.84       5.08       0.19    0.19707     0      1   1   10   0     1        1         0    0      1 16777216 16777216      16.0  Z5      0
Finished            : Thu Jun  6 15:20:15 2019
