IOR-3.2.0: MPI Coordinated Test of Parallel I/O
Began               : Thu Jun  6 17:17:10 2019
Command line        : /glade/work/kpaul/software/ncar-ior/bin/ior -a NCMPI -w -r -C -i10 -g -t 256m -b 256m
Machine             : Linux r14i0n9
TestID              : 0
StartTime           : Thu Jun  6 17:17:10 2019
Path                : /gpfs/fs1/scratch/kpaul/ior_scaling
FS                  : 15000.0 TiB   Used FS: 59.6%   Inodes: 2355.6 Mi   Used Inodes: 62.6%

Options: 
api                 : NCMPI
apiVersion          : 1.11.0 of 19 Dec 2018
test filename       : testFile
access              : single-shared-file
type                : independent
segments            : 1
ordering in a file  : sequential
ordering inter file : constant task offset
task offset         : 1
tasks               : 16
clients per node    : 1
repetitions         : 10
xfersize            : 256 MiB
blocksize           : 256 MiB
aggregate filesize  : 4 GiB

Results: 

access    bw(MiB/s)  block(KiB) xfer(KiB)  open(s)    wr/rd(s)   close(s)   total(s)   iter
------    ---------  ---------- ---------  --------   --------   --------   --------   ----
write     3141.95    262144     262144     0.009766   1.29       0.004608   1.30       0   
read      12598      262144     262144     0.003272   0.321085   0.000766   0.325130   0   
remove    -          -          -          -          -          -          0.009612   0   
write     3337.52    262144     262144     0.007050   1.22       0.004868   1.23       1   
read      8627       262144     262144     0.002661   0.471255   0.000844   0.474770   1   
remove    -          -          -          -          -          -          0.008210   1   
write     3450.13    262144     262144     0.006857   1.18       0.001172   1.19       2   
read      11603      262144     262144     0.000959   0.351249   0.000798   0.353006   2   
remove    -          -          -          -          -          -          0.005480   2   
write     3093.68    262144     262144     0.007249   1.31       0.005155   1.32       3   
read      13515      262144     262144     0.003973   0.298332   0.000767   0.303079   3   
remove    -          -          -          -          -          -          0.008032   3   
write     3395.52    262144     262144     0.006221   1.20       0.001015   1.21       4   
read      17022      262144     262144     0.000946   0.238844   0.000828   0.240627   4   
remove    -          -          -          -          -          -          0.004862   4   
write     3889       262144     262144     0.006585   1.04       0.005145   1.05       5   
read      10296      262144     262144     0.002794   0.394229   0.000790   0.397815   5   
remove    -          -          -          -          -          -          0.009166   5   
write     5492       262144     262144     0.006960   0.733327   0.005490   0.745778   6   
read      15578      262144     262144     0.001050   0.261102   0.000768   0.262928   6   
remove    -          -          -          -          -          -          0.005452   6   
write     2925.59    262144     262144     0.007153   1.39       0.001244   1.40       7   
read      13854      262144     262144     0.000990   0.293745   0.000919   0.295663   7   
remove    -          -          -          -          -          -          0.006823   7   
write     2222.92    262144     262144     0.005838   1.83       0.005272   1.84       8   
read      12831      262144     262144     0.003855   0.314544   0.000820   0.319234   8   
remove    -          -          -          -          -          -          0.007942   8   
write     4533       262144     262144     0.015829   0.887056   0.000699   0.903618   9   
read      17060      262144     262144     0.001120   0.238036   0.000922   0.240099   9   
remove    -          -          -          -          -          -          0.007090   9   
Max Write: 5492.25 MiB/sec (5759.05 MB/sec)
Max Read:  17059.62 MiB/sec (17888.31 MB/sec)

Summary of all tests:
Operation   Max(MiB)   Min(MiB)  Mean(MiB)     StdDev   Max(OPs)   Min(OPs)  Mean(OPs)     StdDev    Mean(s) Test# #Tasks tPN reps fPP reord reordoff reordrand seed segcnt   blksiz    xsize aggs(MiB)   API RefNum
write        5492.25    2222.92    3548.19     863.62      21.45       8.68      13.86       3.37    1.21936     0     16   1   10   0     1        1         0    0      1 268435456 268435456    4096.0 NCMPI      0
read        17059.62    8627.34   13298.40    2607.33      66.64      33.70      51.95      10.18    0.32124     0     16   1   10   0     1        1         0    0      1 268435456 268435456    4096.0 NCMPI      0
Finished            : Thu Jun  6 17:17:26 2019
