IOR-3.2.0: MPI Coordinated Test of Parallel I/O
Began               : Thu Jun  6 17:24:20 2019
Command line        : /glade/work/kpaul/software/ncar-ior/bin/ior -a NCMPI -w -r -C -i10 -g -t 32m -b 128m
Machine             : Linux r14i0n9
TestID              : 0
StartTime           : Thu Jun  6 17:24:20 2019
Path                : /gpfs/fs1/scratch/kpaul/ior_scaling
FS                  : 15000.0 TiB   Used FS: 59.6%   Inodes: 2355.6 Mi   Used Inodes: 62.6%

Options: 
api                 : NCMPI
apiVersion          : 1.11.0 of 19 Dec 2018
test filename       : testFile
access              : single-shared-file
type                : independent
segments            : 1
ordering in a file  : sequential
ordering inter file : constant task offset
task offset         : 1
tasks               : 16
clients per node    : 1
repetitions         : 10
xfersize            : 32 MiB
blocksize           : 128 MiB
aggregate filesize  : 2 GiB

Results: 

access    bw(MiB/s)  block(KiB) xfer(KiB)  open(s)    wr/rd(s)   close(s)   total(s)   iter
------    ---------  ---------- ---------  --------   --------   --------   --------   ----
write     2554.71    131072     32768      0.009110   0.790637   0.001892   0.801656   0   
read      16068      131072     32768      0.006624   0.097996   0.022875   0.127460   0   
remove    -          -          -          -          -          -          0.005738   0   
write     2164.80    131072     32768      0.005143   0.936758   0.004149   0.946046   1   
read      4916       131072     32768      0.004619   0.400774   0.011216   0.416581   1   
remove    -          -          -          -          -          -          0.006542   1   
write     1215.60    131072     32768      0.004741   1.64       0.041245   1.68       2   
read      17267      131072     32768      0.005047   0.109996   0.003564   0.118608   2   
remove    -          -          -          -          -          -          0.004816   2   
write     1186.87    131072     32768      0.004776   1.72       0.001797   1.73       3   
read      8310       131072     32768      0.003674   0.238641   0.004172   0.246451   3   
remove    -          -          -          -          -          -          0.005868   3   
write     3432.83    131072     32768      0.005979   0.585522   0.005122   0.596593   4   
read      12812      131072     32768      0.001016   0.107432   0.051429   0.159854   4   
remove    -          -          -          -          -          -          0.001833   4   
write     5747       131072     32768      0.011045   0.344385   0.000959   0.356389   5   
read      13383      131072     32768      0.003366   0.142221   0.007464   0.153025   5   
remove    -          -          -          -          -          -          0.005691   5   
write     1902.67    131072     32768      0.006141   1.07       0.000574   1.08       6   
read      11115      131072     32768      0.001342   0.148506   0.034421   0.184263   6   
remove    -          -          -          -          -          -          0.003166   6   
write     3741       131072     32768      0.007026   0.539324   0.001138   0.547484   7   
read      16121      131072     32768      0.003847   0.100867   0.022355   0.127040   7   
remove    -          -          -          -          -          -          0.006306   7   
write     3099.94    131072     32768      0.009692   0.649713   0.001282   0.660657   8   
read      13044      131072     32768      0.004124   0.123557   0.029354   0.157009   8   
remove    -          -          -          -          -          -          0.006048   8   
write     6960       131072     32768      0.007524   0.285547   0.001192   0.294256   9   
read      12392      131072     32768      0.000993   0.100419   0.063868   0.165265   9   
remove    -          -          -          -          -          -          0.001957   9   
Max Write: 6959.93 MiB/sec (7298.01 MB/sec)
Max Read:  17266.92 MiB/sec (18105.68 MB/sec)

Summary of all tests:
Operation   Max(MiB)   Min(MiB)  Mean(MiB)     StdDev   Max(OPs)   Min(OPs)  Mean(OPs)     StdDev    Mean(s) Test# #Tasks tPN reps fPP reord reordoff reordrand seed segcnt   blksiz    xsize aggs(MiB)   API RefNum
write        6959.93    1186.87    3200.46    1792.77     217.50      37.09     100.01      56.02    0.86898     0     16   1   10   0     1        1         0    0      1 134217728 33554432    2048.0 NCMPI      0
read        17266.92    4916.21   12542.76    3559.77     539.59     153.63     391.96     111.24    0.18556     0     16   1   10   0     1        1         0    0      1 134217728 33554432    2048.0 NCMPI      0
Finished            : Thu Jun  6 17:24:30 2019
