IOR-3.2.0: MPI Coordinated Test of Parallel I/O
Began               : Thu Jun  6 15:29:40 2019
Command line        : /glade/work/kpaul/software/ncar-ior/bin/ior -a HDF5 -w -r -C -i10 -g -t 128m -b 512m -c
Machine             : Linux r1i1n0
TestID              : 0
StartTime           : Thu Jun  6 15:29:40 2019
Path                : /gpfs/fs1/scratch/kpaul/ior_scaling
FS                  : 15000.0 TiB   Used FS: 59.5%   Inodes: 2355.6 Mi   Used Inodes: 62.6%

Options: 
api                 : HDF5
apiVersion          : 1.8.21 (Parallel)
test filename       : testFile
access              : single-shared-file
type                : collective
segments            : 1
ordering in a file  : sequential
ordering inter file : constant task offset
task offset         : 1
tasks               : 1
clients per node    : 1
repetitions         : 10
xfersize            : 128 MiB
blocksize           : 512 MiB
aggregate filesize  : 512 MiB

Results: 

access    bw(MiB/s)  block(KiB) xfer(KiB)  open(s)    wr/rd(s)   close(s)   total(s)   iter
------    ---------  ---------- ---------  --------   --------   --------   --------   ----
write     2142.33    524288     131072     0.001375   0.237304   0.000311   0.238992   0   
read      142.48     524288     131072     0.000474   3.59       0.000150   3.59       0   
remove    -          -          -          -          -          -          0.000160   0   
write     2150.56    524288     131072     0.002193   0.235642   0.000241   0.238077   1   
read      146.16     524288     131072     0.000425   3.50       0.000147   3.50       1   
remove    -          -          -          -          -          -          0.000258   1   
write     2144.52    524288     131072     0.002313   0.235691   0.000744   0.238748   2   
read      146.16     524288     131072     0.000418   3.50       0.000146   3.50       2   
remove    -          -          -          -          -          -          0.000200   2   
write     2140.78    524288     131072     0.002580   0.235797   0.000787   0.239165   3   
read      146.16     524288     131072     0.000445   3.50       0.000149   3.50       3   
remove    -          -          -          -          -          -          0.000228   3   
write     2145.97    524288     131072     0.002503   0.235339   0.000744   0.238587   4   
read      146.15     524288     131072     0.000414   3.50       0.000150   3.50       4   
remove    -          -          -          -          -          -          0.000160   4   
write     2140.11    524288     131072     0.002860   0.236133   0.000247   0.239240   5   
read      146.00     524288     131072     0.000362   3.51       0.000147   3.51       5   
remove    -          -          -          -          -          -          0.000287   5   
write     2152.99    524288     131072     0.001919   0.235635   0.000254   0.237809   6   
read      146.15     524288     131072     0.000454   3.50       0.000150   3.50       6   
remove    -          -          -          -          -          -          0.000163   6   
write     2129.85    524288     131072     0.003377   0.236223   0.000792   0.240393   7   
read      146.13     524288     131072     0.000404   3.50       0.000151   3.50       7   
remove    -          -          -          -          -          -          0.000154   7   
write     2130.55    524288     131072     0.002445   0.237038   0.000831   0.240314   8   
read      146.15     524288     131072     0.000332   3.50       0.000151   3.50       8   
remove    -          -          -          -          -          -          0.000186   8   
write     2123.79    524288     131072     0.002872   0.237443   0.000763   0.241078   9   
read      146.16     524288     131072     0.000410   3.50       0.000147   3.50       9   
remove    -          -          -          -          -          -          0.000188   9   
Max Write: 2152.99 MiB/sec (2257.57 MB/sec)
Max Read:  146.16 MiB/sec (153.26 MB/sec)

Summary of all tests:
Operation   Max(MiB)   Min(MiB)  Mean(MiB)     StdDev   Max(OPs)   Min(OPs)  Mean(OPs)     StdDev    Mean(s) Test# #Tasks tPN reps fPP reord reordoff reordrand seed segcnt   blksiz    xsize aggs(MiB)   API RefNum
write        2152.99    2123.79    2140.14       8.93      16.82      16.59      16.72       0.07    0.23924     0      1   1   10   0     1        1         0    0      1 536870912 134217728     512.0 HDF5      0
read          146.16     142.48     145.77       1.10       1.14       1.11       1.14       0.01    3.51258     0      1   1   10   0     1        1         0    0      1 536870912 134217728     512.0 HDF5      0
Finished            : Thu Jun  6 15:30:18 2019
