IOR-3.2.0: MPI Coordinated Test of Parallel I/O
Began               : Thu Jun  6 16:06:45 2019
Command line        : /glade/work/kpaul/software/ncar-ior/bin/ior -a HDF5 -w -r -C -i10 -g -t 64m -b 512m -c
Machine             : Linux r11i3n24
TestID              : 0
StartTime           : Thu Jun  6 16:06:45 2019
Path                : /gpfs/fs1/scratch/kpaul/ior_scaling
FS                  : 15000.0 TiB   Used FS: 59.5%   Inodes: 2355.6 Mi   Used Inodes: 62.6%

Options: 
api                 : HDF5
apiVersion          : 1.8.21 (Parallel)
test filename       : testFile
access              : single-shared-file
type                : collective
segments            : 1
ordering in a file  : sequential
ordering inter file : constant task offset
task offset         : 1
tasks               : 2
clients per node    : 1
repetitions         : 10
xfersize            : 64 MiB
blocksize           : 512 MiB
aggregate filesize  : 1 GiB

Results: 

access    bw(MiB/s)  block(KiB) xfer(KiB)  open(s)    wr/rd(s)   close(s)   total(s)   iter
------    ---------  ---------- ---------  --------   --------   --------   --------   ----
write     1185.18    524288     65536      0.006856   0.789249   0.067899   0.864005   0   
read      2517.42    524288     65536      0.004205   0.402338   0.000216   0.406765   0   
remove    -          -          -          -          -          -          0.000225   0   
write     2725.83    524288     65536      0.004973   0.311074   0.059615   0.375665   1   
read      2486.38    524288     65536      0.004201   0.407422   0.000216   0.411844   1   
remove    -          -          -          -          -          -          0.000219   1   
write     2783.08    524288     65536      0.007660   0.306050   0.054228   0.367938   2   
read      2621.65    524288     65536      0.002933   0.387432   0.000223   0.390593   2   
remove    -          -          -          -          -          -          0.000337   2   
write     2874.88    524288     65536      0.005956   0.308411   0.041821   0.356189   3   
read      2549.37    524288     65536      0.003075   0.398368   0.000219   0.401668   3   
remove    -          -          -          -          -          -          0.000276   3   
write     2904.97    524288     65536      0.006230   0.310946   0.035324   0.352499   4   
read      2549.20    524288     65536      0.003043   0.398421   0.000227   0.401695   4   
remove    -          -          -          -          -          -          0.000258   4   
write     2943.12    524288     65536      0.004984   0.310462   0.032482   0.347930   5   
read      2574.06    524288     65536      0.002842   0.394739   0.000231   0.397816   5   
remove    -          -          -          -          -          -          0.000292   5   
write     2854.84    524288     65536      0.005292   0.311462   0.041937   0.358689   6   
read      2623.73    524288     65536      0.002756   0.387301   0.000223   0.390284   6   
remove    -          -          -          -          -          -          0.000206   6   
write     2853.48    524288     65536      0.005184   0.308799   0.044878   0.358860   7   
read      2191.80    524288     65536      0.002771   0.464198   0.000224   0.467196   7   
remove    -          -          -          -          -          -          0.000350   7   
write     2676.15    524288     65536      0.005857   0.309314   0.067473   0.382640   8   
read      2614.26    524288     65536      0.003076   0.388391   0.000227   0.391697   8   
remove    -          -          -          -          -          -          0.000302   8   
write     2501.36    524288     65536      0.006236   0.311246   0.091899   0.409377   9   
read      2612.27    524288     65536      0.002886   0.388865   0.000243   0.391996   9   
remove    -          -          -          -          -          -          0.000243   9   
Max Write: 2943.12 MiB/sec (3086.08 MB/sec)
Max Read:  2623.73 MiB/sec (2751.18 MB/sec)

Summary of all tests:
Operation   Max(MiB)   Min(MiB)  Mean(MiB)     StdDev   Max(OPs)   Min(OPs)  Mean(OPs)     StdDev    Mean(s) Test# #Tasks tPN reps fPP reord reordoff reordrand seed segcnt   blksiz    xsize aggs(MiB)   API RefNum
write        2943.12    1185.18    2630.29     497.28      45.99      18.52      41.10       7.77    0.41738     0      2   1   10   0     1        1         0    0      1 536870912 67108864    1024.0 HDF5      0
read         2623.73    2191.80    2534.01     122.48      41.00      34.25      39.59       1.91    0.40516     0      2   1   10   0     1        1         0    0      1 536870912 67108864    1024.0 HDF5      0
Finished            : Thu Jun  6 16:06:53 2019
