IOR-3.2.0: MPI Coordinated Test of Parallel I/O
Began               : Thu Jun  6 16:00:35 2019
Command line        : /glade/work/kpaul/software/ncar-ior/bin/ior -a MPIIO -w -r -C -i10 -g -t 128m -b 512m -c
Machine             : Linux r11i3n24
TestID              : 0
StartTime           : Thu Jun  6 16:00:35 2019
Path                : /gpfs/fs1/scratch/kpaul/ior_scaling
FS                  : 15000.0 TiB   Used FS: 59.5%   Inodes: 2355.6 Mi   Used Inodes: 62.6%

Options: 
api                 : MPIIO
apiVersion          : (3.1)
test filename       : testFile
access              : single-shared-file
type                : collective
segments            : 1
ordering in a file  : sequential
ordering inter file : constant task offset
task offset         : 1
tasks               : 2
clients per node    : 1
repetitions         : 10
xfersize            : 128 MiB
blocksize           : 512 MiB
aggregate filesize  : 1 GiB

Results: 

access    bw(MiB/s)  block(KiB) xfer(KiB)  open(s)    wr/rd(s)   close(s)   total(s)   iter
------    ---------  ---------- ---------  --------   --------   --------   --------   ----
write     7301       524288     131072     0.006001   0.134145   0.000098   0.140262   0   
read      2801.53    524288     131072     0.000352   0.365118   0.000037   0.365514   0   
remove    -          -          -          -          -          -          0.003316   0   
write     7289       524288     131072     0.006438   0.133938   0.000077   0.140480   1   
read      2948.82    524288     131072     0.000380   0.346837   0.000034   0.347257   1   
remove    -          -          -          -          -          -          0.003141   1   
write     7253       524288     131072     0.005598   0.135482   0.000082   0.141174   2   
read      2944.74    524288     131072     0.000370   0.347329   0.000033   0.347738   2   
remove    -          -          -          -          -          -          0.003477   2   
write     7291       524288     131072     0.005924   0.134428   0.000080   0.140444   3   
read      2948.47    524288     131072     0.000385   0.346875   0.000033   0.347299   3   
remove    -          -          -          -          -          -          0.003711   3   
write     7290       524288     131072     0.005668   0.134700   0.000079   0.140461   4   
read      2949.03    524288     131072     0.000381   0.346814   0.000033   0.347233   4   
remove    -          -          -          -          -          -          0.003237   4   
write     7365       524288     131072     0.006521   0.132415   0.000079   0.139031   5   
read      2958.31    524288     131072     0.000305   0.345798   0.000034   0.346143   5   
remove    -          -          -          -          -          -          0.003533   5   
write     7434       524288     131072     0.005949   0.131706   0.000078   0.137745   6   
read      1154.74    524288     131072     0.000371   0.886370   0.000033   0.886782   6   
remove    -          -          -          -          -          -          0.003623   6   
write     7461       524288     131072     0.005436   0.131708   0.000082   0.137238   7   
read      2951.44    524288     131072     0.000407   0.346502   0.000034   0.346950   7   
remove    -          -          -          -          -          -          0.006769   7   
write     7468       524288     131072     0.005227   0.131801   0.000079   0.137119   8   
read      2965.75    524288     131072     0.000324   0.344912   0.000034   0.345275   8   
remove    -          -          -          -          -          -          0.003262   8   
write     7434       524288     131072     0.005726   0.131929   0.000079   0.137754   9   
read      2968.24    524288     131072     0.000367   0.344579   0.000034   0.344986   9   
remove    -          -          -          -          -          -          0.003243   9   
Max Write: 7467.99 MiB/sec (7830.75 MB/sec)
Max Read:  2968.24 MiB/sec (3112.43 MB/sec)

Summary of all tests:
Operation   Max(MiB)   Min(MiB)  Mean(MiB)     StdDev   Max(OPs)   Min(OPs)  Mean(OPs)     StdDev    Mean(s) Test# #Tasks tPN reps fPP reord reordoff reordrand seed segcnt   blksiz    xsize aggs(MiB)   API RefNum
write        7467.99    7253.45    7358.71      78.95      58.34      56.67      57.49       0.62    0.13917     0      2   1   10   0     1        1         0    0      1 536870912 134217728    1024.0 MPIIO      0
read         2968.24    1154.74    2759.11     536.78      23.19       9.02      21.56       4.19    0.40252     0      2   1   10   0     1        1         0    0      1 536870912 134217728    1024.0 MPIIO      0
Finished            : Thu Jun  6 16:00:40 2019
