IOR-3.2.0: MPI Coordinated Test of Parallel I/O
Began               : Thu Jun  6 15:20:23 2019
Command line        : /glade/work/kpaul/software/ncar-ior/bin/ior -a HDF5 -w -r -C -i10 -g -t 32m -b 32m -c
Machine             : Linux r1i1n0
TestID              : 0
StartTime           : Thu Jun  6 15:20:23 2019
Path                : /gpfs/fs1/scratch/kpaul/ior_scaling
FS                  : 15000.0 TiB   Used FS: 59.5%   Inodes: 2355.6 Mi   Used Inodes: 62.6%

Options: 
api                 : HDF5
apiVersion          : 1.8.21 (Parallel)
test filename       : testFile
access              : single-shared-file
type                : collective
segments            : 1
ordering in a file  : sequential
ordering inter file : constant task offset
task offset         : 1
tasks               : 1
clients per node    : 1
repetitions         : 10
xfersize            : 32 MiB
blocksize           : 32 MiB
aggregate filesize  : 32 MiB

Results: 

access    bw(MiB/s)  block(KiB) xfer(KiB)  open(s)    wr/rd(s)   close(s)   total(s)   iter
------    ---------  ---------- ---------  --------   --------   --------   --------   ----
write     1233.35    32768      32768      0.000855   0.014977   0.010113   0.025946   0   
read      430.80     32768      32768      0.000480   0.073664   0.000137   0.074281   0   
remove    -          -          -          -          -          -          0.000260   0   
write     1090.34    32768      32768      0.001537   0.015268   0.012543   0.029349   1   
read      457.57     32768      32768      0.000410   0.069387   0.000137   0.069935   1   
remove    -          -          -          -          -          -          0.000173   1   
write     961.95     32768      32768      0.001208   0.015409   0.016648   0.033266   2   
read      606.41     32768      32768      0.000464   0.052166   0.000138   0.052770   2   
remove    -          -          -          -          -          -          0.000244   2   
write     1099.06    32768      32768      0.001237   0.015536   0.012342   0.029116   3   
read      628.66     32768      32768      0.000529   0.050236   0.000137   0.050902   3   
remove    -          -          -          -          -          -          0.000189   3   
write     1071.37    32768      32768      0.001320   0.016268   0.012279   0.029868   4   
read      500.84     32768      32768      0.000382   0.063371   0.000139   0.063893   4   
remove    -          -          -          -          -          -          0.000263   4   
write     1453.43    32768      32768      0.001169   0.014726   0.006122   0.022017   5   
read      629.14     32768      32768      0.000380   0.050341   0.000141   0.050863   5   
remove    -          -          -          -          -          -          0.000250   5   
write     1129.55    32768      32768      0.001096   0.015399   0.011834   0.028330   6   
read      580.68     32768      32768      0.000485   0.054489   0.000133   0.055107   6   
remove    -          -          -          -          -          -          0.000260   6   
write     699.86     32768      32768      0.001195   0.015420   0.029108   0.045723   7   
read      631.42     32768      32768      0.000360   0.050185   0.000134   0.050679   7   
remove    -          -          -          -          -          -          0.000197   7   
write     1026.28    32768      32768      0.000622   0.014488   0.016070   0.031181   8   
read      628.91     32768      32768      0.000492   0.050251   0.000137   0.050882   8   
remove    -          -          -          -          -          -          0.000182   8   
write     1084.03    32768      32768      0.000964   0.015144   0.013410   0.029519   9   
read      450.78     32768      32768      0.000443   0.070406   0.000139   0.070988   9   
remove    -          -          -          -          -          -          0.000394   9   
Max Write: 1453.43 MiB/sec (1524.03 MB/sec)
Max Read:  631.42 MiB/sec (662.10 MB/sec)

Summary of all tests:
Operation   Max(MiB)   Min(MiB)  Mean(MiB)     StdDev   Max(OPs)   Min(OPs)  Mean(OPs)     StdDev    Mean(s) Test# #Tasks tPN reps fPP reord reordoff reordrand seed segcnt   blksiz    xsize aggs(MiB)   API RefNum
write        1453.43     699.86    1084.92     180.85      45.42      21.87      33.90       5.65    0.03043     0      1   1   10   0     1        1         0    0      1 33554432 33554432      32.0 HDF5      0
read          631.42     430.80     554.52      80.15      19.73      13.46      17.33       2.50    0.05903     0      1   1   10   0     1        1         0    0      1 33554432 33554432      32.0 HDF5      0
Finished            : Thu Jun  6 15:20:24 2019
