IOR-3.2.0: MPI Coordinated Test of Parallel I/O
Began               : Wed Jun 12 08:13:42 2019
Command line        : /glade/work/kpaul/software/ncar-ior/bin/ior -a NCMPI -w -r -C -i10 -g -t 128m -b 256m
Machine             : Linux r1i1n28
TestID              : 0
StartTime           : Wed Jun 12 08:13:42 2019
Path                : /gpfs/fs1/scratch/kpaul/ior_scaling
FS                  : 15000.0 TiB   Used FS: 60.4%   Inodes: 2355.6 Mi   Used Inodes: 61.5%

Options: 
api                 : NCMPI
apiVersion          : 1.11.0 of 19 Dec 2018
test filename       : testFile
access              : single-shared-file
type                : independent
segments            : 1
ordering in a file  : sequential
ordering inter file : constant task offset
task offset         : 1
tasks               : 32
clients per node    : 1
repetitions         : 10
xfersize            : 128 MiB
blocksize           : 256 MiB
aggregate filesize  : 8 GiB

Results: 

access    bw(MiB/s)  block(KiB) xfer(KiB)  open(s)    wr/rd(s)   close(s)   total(s)   iter
------    ---------  ---------- ---------  --------   --------   --------   --------   ----
write     3590.14    262144     131072     0.012200   2.27       0.001717   2.28       0   
read      25568      262144     131072     0.005365   0.302643   0.012429   0.320404   0   
remove    -          -          -          -          -          -          0.012752   0   
write     2860.53    262144     131072     0.014162   2.85       0.001294   2.86       1   
read      16352      262144     131072     0.003356   0.494842   0.002885   0.500990   1   
remove    -          -          -          -          -          -          0.005891   1   
write     5160       262144     131072     0.015716   1.57       0.001765   1.59       2   
read      19261      262144     131072     0.006143   0.384528   0.034680   0.425321   2   
remove    -          -          -          -          -          -          0.005680   2   
write     2494.74    262144     131072     0.013968   3.27       0.001870   3.28       3   
read      28644      262144     131072     0.005304   0.277271   0.003497   0.285997   3   
remove    -          -          -          -          -          -          0.007325   3   
write     4532       262144     131072     0.013262   1.79       0.001890   1.81       4   
read      21758      262144     131072     0.003323   0.365423   0.007855   0.376500   4   
remove    -          -          -          -          -          -          0.011782   4   
write     3756       262144     131072     0.013538   2.16       0.003846   2.18       5   
read      19328      262144     131072     0.003358   0.401805   0.018710   0.423831   5   
remove    -          -          -          -          -          -          0.007729   5   
write     5290       262144     131072     0.012752   1.54       0.000934   1.55       6   
read      19593      262144     131072     0.002070   0.371377   0.044754   0.418104   6   
remove    -          -          -          -          -          -          0.003244   6   
write     3633       262144     131072     0.012503   2.24       0.002275   2.25       7   
read      23305      262144     131072     0.003478   0.314782   0.033313   0.351513   7   
remove    -          -          -          -          -          -          0.006652   7   
write     4088       262144     131072     0.012473   1.99       0.001594   2.00       8   
read      17991      262144     131072     0.004343   0.447535   0.003591   0.455327   8   
remove    -          -          -          -          -          -          0.012403   8   
write     6735       262144     131072     0.014312   1.20       0.002804   1.22       9   
read      36248      262144     131072     0.001517   0.209832   0.014751   0.225997   9   
remove    -          -          -          -          -          -          0.004640   9   
Max Write: 6735.32 MiB/sec (7062.49 MB/sec)
Max Read:  36248.35 MiB/sec (38009.15 MB/sec)

Summary of all tests:
Operation   Max(MiB)   Min(MiB)  Mean(MiB)     StdDev   Max(OPs)   Min(OPs)  Mean(OPs)     StdDev    Mean(s) Test# #Tasks tPN reps fPP reord reordoff reordrand seed segcnt   blksiz    xsize aggs(MiB)   API RefNum
write        6735.32    2494.74    4214.01    1193.76      52.62      19.49      32.92       9.33    2.10290     0     32   1   10   0     1        1         0    0      1 268435456 134217728    8192.0 NCMPI      0
read        36248.35   16351.63   22804.84    5688.33     283.19     127.75     178.16      44.44    0.37840     0     32   1   10   0     1        1         0    0      1 268435456 134217728    8192.0 NCMPI      0
Finished            : Wed Jun 12 08:14:08 2019
