IOR-3.2.0: MPI Coordinated Test of Parallel I/O
Began               : Wed Jun 12 09:04:38 2019
Command line        : /glade/work/kpaul/software/ncar-ior/bin/ior -a POSIX -w -r -C -i10 -g -t 32m -b 64m -e -F
Machine             : Linux r5i0n9
TestID              : 0
StartTime           : Wed Jun 12 09:04:38 2019
Path                : /gpfs/fs1/scratch/kpaul/ior_scaling
FS                  : 15000.0 TiB   Used FS: 60.4%   Inodes: 2355.6 Mi   Used Inodes: 61.5%

Options: 
api                 : POSIX
apiVersion          : 
test filename       : testFile
access              : file-per-process
type                : independent
segments            : 1
ordering in a file  : sequential
ordering inter file : constant task offset
task offset         : 1
tasks               : 64
clients per node    : 1
repetitions         : 10
xfersize            : 32 MiB
blocksize           : 64 MiB
aggregate filesize  : 4 GiB

Results: 

access    bw(MiB/s)  block(KiB) xfer(KiB)  open(s)    wr/rd(s)   close(s)   total(s)   iter
------    ---------  ---------- ---------  --------   --------   --------   --------   ----
write     7795       65536      32768      0.008795   0.516590   0.000076   0.525485   0   
read      30968      65536      32768      0.066772   0.065434   0.000037   0.132267   0   
remove    -          -          -          -          -          -          0.019265   0   
write     16319      65536      32768      0.020852   0.230054   0.000058   0.250989   1   
read      26631      65536      32768      0.071088   0.082653   0.000038   0.153807   1   
remove    -          -          -          -          -          -          0.021149   1   
write     26340      65536      32768      0.021066   0.134360   0.000057   0.155506   2   
read      30279      65536      32768      0.060932   0.074285   0.000029   0.135274   2   
remove    -          -          -          -          -          -          0.020891   2   
write     30989      65536      32768      0.019236   0.112850   0.000065   0.132176   3   
read      30175      65536      32768      0.067539   0.068142   0.000038   0.135744   3   
remove    -          -          -          -          -          -          0.018633   3   
write     29347      65536      32768      0.024273   0.115213   0.000066   0.139574   4   
read      38156      65536      32768      0.058192   0.049097   0.000037   0.107350   4   
remove    -          -          -          -          -          -          0.016818   4   
write     25205      65536      32768      0.020502   0.141914   0.000061   0.162505   5   
read      30338      65536      32768      0.071627   0.063331   0.000034   0.135013   5   
remove    -          -          -          -          -          -          0.019964   5   
write     28977      65536      32768      0.021276   0.119980   0.000062   0.141355   6   
read      37988      65536      32768      0.064122   0.043645   0.000026   0.107823   6   
remove    -          -          -          -          -          -          0.019361   6   
write     30947      65536      32768      0.019518   0.112753   0.000060   0.132353   7   
read      30216      65536      32768      0.069614   0.065884   0.000039   0.135558   7   
remove    -          -          -          -          -          -          0.019117   7   
write     28985      65536      32768      0.025560   0.115665   0.000064   0.141315   8   
read      31322      65536      32768      0.055182   0.075533   0.000040   0.130773   8   
remove    -          -          -          -          -          -          0.022260   8   
write     22991      65536      32768      0.021899   0.156170   0.000065   0.178158   9   
read      31132      65536      32768      0.065912   0.065555   0.000077   0.131569   9   
remove    -          -          -          -          -          -          0.019135   9   
Max Write: 30988.91 MiB/sec (32494.23 MB/sec)
Max Read:  38155.56 MiB/sec (40009.00 MB/sec)

Summary of all tests:
Operation   Max(MiB)   Min(MiB)  Mean(MiB)     StdDev   Max(OPs)   Min(OPs)  Mean(OPs)     StdDev    Mean(s) Test# #Tasks tPN reps fPP reord reordoff reordrand seed segcnt   blksiz    xsize aggs(MiB)   API RefNum
write       30988.91    7794.70   24789.46    7061.38     968.40     243.58     774.67     220.67    0.19594     0     64   1   10   1     1        1         0    0      1 67108864 33554432    4096.0 POSIX      0
read        38155.56   26630.86   31720.33    3410.48    1192.36     832.21     991.26     106.58    0.13052     0     64   1   10   1     1        1         0    0      1 67108864 33554432    4096.0 POSIX      0
Finished            : Wed Jun 12 09:04:42 2019
