IOR-3.2.0: MPI Coordinated Test of Parallel I/O
Began               : Thu Jun  6 16:27:42 2019
Command line        : /glade/work/kpaul/software/ncar-ior/bin/ior -a NCMPI -w -r -C -i10 -g -t 64m -b 256m
Machine             : Linux r8i1n18
TestID              : 0
StartTime           : Thu Jun  6 16:27:42 2019
Path                : /gpfs/fs1/scratch/kpaul/ior_scaling
FS                  : 15000.0 TiB   Used FS: 59.5%   Inodes: 2355.6 Mi   Used Inodes: 62.6%

Options: 
api                 : NCMPI
apiVersion          : 1.11.0 of 19 Dec 2018
test filename       : testFile
access              : single-shared-file
type                : independent
segments            : 1
ordering in a file  : sequential
ordering inter file : constant task offset
task offset         : 1
tasks               : 4
clients per node    : 1
repetitions         : 10
xfersize            : 64 MiB
blocksize           : 256 MiB
aggregate filesize  : 1 GiB

Results: 

access    bw(MiB/s)  block(KiB) xfer(KiB)  open(s)    wr/rd(s)   close(s)   total(s)   iter
------    ---------  ---------- ---------  --------   --------   --------   --------   ----
write     4478       262144     65536      0.010160   0.214788   0.003682   0.228648   0   
read      8541       262144     65536      0.000991   0.093010   0.025882   0.119895   0   
remove    -          -          -          -          -          -          0.002342   0   
write     1968.38    262144     65536      0.005346   0.513520   0.001347   0.520224   1   
read      8280       262144     65536      0.004351   0.118582   0.000721   0.123664   1   
remove    -          -          -          -          -          -          0.004252   1   
write     2056.82    262144     65536      0.005567   0.491155   0.001116   0.497856   2   
read      3787       262144     65536      0.002312   0.258460   0.009582   0.270367   2   
remove    -          -          -          -          -          -          0.004082   2   
write     4081       262144     65536      0.004874   0.242787   0.003263   0.250937   3   
read      5872       262144     65536      0.018407   0.121160   0.034806   0.174385   3   
remove    -          -          -          -          -          -          0.003358   3   
write     3723       262144     65536      0.006341   0.265355   0.003330   0.275039   4   
read      8207       262144     65536      0.003762   0.106459   0.014530   0.124765   4   
remove    -          -          -          -          -          -          0.004062   4   
write     5982       262144     65536      0.006682   0.162103   0.002378   0.171176   5   
read      4105       262144     65536      0.000714   0.162835   0.085898   0.249458   5   
remove    -          -          -          -          -          -          0.001819   5   
write     6698       262144     65536      0.006192   0.143730   0.002953   0.152890   6   
read      4428       262144     65536      0.000656   0.217254   0.013314   0.231237   6   
remove    -          -          -          -          -          -          0.001695   6   
write     3906       262144     65536      0.006411   0.251646   0.004074   0.262144   7   
read      8548       262144     65536      0.000654   0.115548   0.003575   0.119791   7   
remove    -          -          -          -          -          -          0.001882   7   
write     6172       262144     65536      0.006622   0.156605   0.002667   0.165910   8   
read      10838      262144     65536      0.000643   0.093254   0.000575   0.094482   8   
remove    -          -          -          -          -          -          0.001753   8   
write     6682       262144     65536      0.006400   0.145829   0.000996   0.153238   9   
read      7688       262144     65536      0.000614   0.095029   0.037534   0.133190   9   
remove    -          -          -          -          -          -          0.002083   9   
Max Write: 6697.61 MiB/sec (7022.95 MB/sec)
Max Read:  10837.99 MiB/sec (11364.46 MB/sec)

Summary of all tests:
Operation   Max(MiB)   Min(MiB)  Mean(MiB)     StdDev   Max(OPs)   Min(OPs)  Mean(OPs)     StdDev    Mean(s) Test# #Tasks tPN reps fPP reord reordoff reordrand seed segcnt   blksiz    xsize aggs(MiB)   API RefNum
write        6697.61    1968.38    4574.80    1674.50     104.65      30.76      71.48      26.16    0.26781     0      4   1   10   0     1        1         0    0      1 268435456 67108864    1024.0 NCMPI      0
read        10837.99    3787.44    7029.60    2228.26     169.34      59.18     109.84      34.82    0.16412     0      4   1   10   0     1        1         0    0      1 268435456 67108864    1024.0 NCMPI      0
Finished            : Thu Jun  6 16:27:47 2019
