IOR-3.2.0: MPI Coordinated Test of Parallel I/O
Began               : Thu Jun  6 15:22:42 2019
Command line        : /glade/work/kpaul/software/ncar-ior/bin/ior -a POSIX -w -r -C -i10 -g -t 32m -b 64m -e -F
Machine             : Linux r1i1n0
TestID              : 0
StartTime           : Thu Jun  6 15:22:42 2019
Path                : /gpfs/fs1/scratch/kpaul/ior_scaling
FS                  : 15000.0 TiB   Used FS: 59.5%   Inodes: 2355.6 Mi   Used Inodes: 62.6%

Options: 
api                 : POSIX
apiVersion          : 
test filename       : testFile
access              : file-per-process
type                : independent
segments            : 1
ordering in a file  : sequential
ordering inter file : constant task offset
task offset         : 1
tasks               : 1
clients per node    : 1
repetitions         : 10
xfersize            : 32 MiB
blocksize           : 64 MiB
aggregate filesize  : 64 MiB

Results: 

access    bw(MiB/s)  block(KiB) xfer(KiB)  open(s)    wr/rd(s)   close(s)   total(s)   iter
------    ---------  ---------- ---------  --------   --------   --------   --------   ----
write     712.99     65536      32768      0.045221   0.044510   0.000029   0.089763   0   
read      3933       65536      32768      0.000018   0.016239   0.000013   0.016272   0   
remove    -          -          -          -          -          -          0.000816   0   
write     944.56     65536      32768      0.000338   0.067389   0.000028   0.067757   1   
read      3975       65536      32768      0.000017   0.016072   0.000011   0.016102   1   
remove    -          -          -          -          -          -          0.000099   1   
write     679.86     65536      32768      0.000274   0.093836   0.000025   0.094137   2   
read      3997       65536      32768      0.000016   0.015983   0.000011   0.016011   2   
remove    -          -          -          -          -          -          0.000095   2   
write     868.22     65536      32768      0.000206   0.073481   0.000025   0.073714   3   
read      3979       65536      32768      0.000017   0.016053   0.000011   0.016083   3   
remove    -          -          -          -          -          -          0.000094   3   
write     880.77     65536      32768      0.000276   0.072362   0.000024   0.072664   4   
read      3974       65536      32768      0.000015   0.016076   0.000010   0.016103   4   
remove    -          -          -          -          -          -          0.000088   4   
write     552.35     65536      32768      0.000273   0.115567   0.000027   0.115869   5   
read      4035       65536      32768      0.000017   0.015831   0.000010   0.015860   5   
remove    -          -          -          -          -          -          0.000091   5   
write     572.65     65536      32768      0.000262   0.111469   0.000028   0.111761   6   
read      3981       65536      32768      0.000019   0.016046   0.000012   0.016078   6   
remove    -          -          -          -          -          -          0.000097   6   
write     594.35     65536      32768      0.000265   0.107389   0.000024   0.107680   7   
read      3990       65536      32768      0.000016   0.016013   0.000011   0.016041   7   
remove    -          -          -          -          -          -          0.000087   7   
write     1125.15    65536      32768      0.000210   0.056645   0.000025   0.056882   8   
read      3958       65536      32768      0.000016   0.016139   0.000011   0.016168   8   
remove    -          -          -          -          -          -          0.000093   8   
write     1434.39    65536      32768      0.000306   0.044285   0.000025   0.044618   9   
read      3985       65536      32768      0.000016   0.016030   0.000011   0.016058   9   
remove    -          -          -          -          -          -          0.000086   9   
Max Write: 1434.39 MiB/sec (1504.07 MB/sec)
Max Read:  4035.27 MiB/sec (4231.29 MB/sec)

Summary of all tests:
Operation   Max(MiB)   Min(MiB)  Mean(MiB)     StdDev   Max(OPs)   Min(OPs)  Mean(OPs)     StdDev    Mean(s) Test# #Tasks tPN reps fPP reord reordoff reordrand seed segcnt   blksiz    xsize aggs(MiB)   API RefNum
write        1434.39     552.35     836.53     265.37      44.82      17.26      26.14       8.29    0.08348     0      1   1   10   1     1        1         0    0      1 67108864 33554432      64.0 POSIX      0
read         4035.27    3933.23    3980.84      24.88     126.10     122.91     124.40       0.78    0.01608     0      1   1   10   1     1        1         0    0      1 67108864 33554432      64.0 POSIX      0
Finished            : Thu Jun  6 15:22:43 2019
