IOR-3.2.0: MPI Coordinated Test of Parallel I/O
Began               : Thu Jun  6 17:22:36 2019
Command line        : /glade/work/kpaul/software/ncar-ior/bin/ior -a MPIIO -w -r -C -i10 -g -t 256m -b 512m -c
Machine             : Linux r14i0n9
TestID              : 0
StartTime           : Thu Jun  6 17:22:36 2019
Path                : /gpfs/fs1/scratch/kpaul/ior_scaling
FS                  : 15000.0 TiB   Used FS: 59.6%   Inodes: 2355.6 Mi   Used Inodes: 62.6%

Options: 
api                 : MPIIO
apiVersion          : (3.1)
test filename       : testFile
access              : single-shared-file
type                : collective
segments            : 1
ordering in a file  : sequential
ordering inter file : constant task offset
task offset         : 1
tasks               : 16
clients per node    : 1
repetitions         : 10
xfersize            : 256 MiB
blocksize           : 512 MiB
aggregate filesize  : 8 GiB

Results: 

access    bw(MiB/s)  block(KiB) xfer(KiB)  open(s)    wr/rd(s)   close(s)   total(s)   iter
------    ---------  ---------- ---------  --------   --------   --------   --------   ----
write     44643      524288     262144     0.009482   0.173861   0.000135   0.183500   0   
read      15478      524288     262144     0.000732   0.528473   0.000050   0.529264   0   
remove    -          -          -          -          -          -          0.004832   0   
write     46407      524288     262144     0.007857   0.168433   0.000192   0.176526   1   
read      21218      524288     262144     0.001040   0.384984   0.000048   0.386086   1   
remove    -          -          -          -          -          -          0.006417   1   
write     45423      524288     262144     0.008371   0.171822   0.000131   0.180349   2   
read      21394      524288     262144     0.000846   0.382007   0.000055   0.382915   2   
remove    -          -          -          -          -          -          0.005799   2   
write     46948      524288     262144     0.007086   0.167291   0.000102   0.174493   3   
read      21490      524288     262144     0.001083   0.380052   0.000050   0.381194   3   
remove    -          -          -          -          -          -          0.006147   3   
write     46159      524288     262144     0.006894   0.170454   0.000102   0.177472   4   
read      21161      524288     262144     0.001198   0.385771   0.000154   0.387135   4   
remove    -          -          -          -          -          -          0.005293   4   
write     45817      524288     262144     0.006586   0.172093   0.000097   0.178798   5   
read      21606      524288     262144     0.000587   0.378485   0.000073   0.379153   5   
remove    -          -          -          -          -          -          0.005271   5   
write     33631      524288     262144     0.006979   0.236452   0.000135   0.243587   6   
read      21221      524288     262144     0.000624   0.385347   0.000051   0.386032   6   
remove    -          -          -          -          -          -          0.005371   6   
write     41825      524288     262144     0.009145   0.186541   0.000159   0.195865   7   
read      21116      524288     262144     0.000732   0.387160   0.000050   0.387952   7   
remove    -          -          -          -          -          -          0.300843   7   
write     17103      524288     262144     0.202327   0.276519   0.000117   0.478983   8   
read      18708      524288     262144     0.000613   0.437202   0.000062   0.437890   8   
remove    -          -          -          -          -          -          0.004539   8   
write     47810      524288     262144     0.005704   0.165518   0.000101   0.171345   9   
read      14680      524288     262144     0.000614   0.557282   0.000133   0.558037   9   
remove    -          -          -          -          -          -          0.006480   9   
Max Write: 47809.85 MiB/sec (50132.27 MB/sec)
Max Read:  21606.03 MiB/sec (22655.56 MB/sec)

Summary of all tests:
Operation   Max(MiB)   Min(MiB)  Mean(MiB)     StdDev   Max(OPs)   Min(OPs)  Mean(OPs)     StdDev    Mean(s) Test# #Tasks tPN reps fPP reord reordoff reordrand seed segcnt   blksiz    xsize aggs(MiB)   API RefNum
write       47809.85   17102.91   41576.50    9035.33     186.76      66.81     162.41      35.29    0.21609     0     16   1   10   0     1        1         0    0      1 536870912 268435456    8192.0 MPIIO      0
read        21606.03   14680.02   19807.19    2497.16      84.40      57.34      77.37       9.75    0.42157     0     16   1   10   0     1        1         0    0      1 536870912 268435456    8192.0 MPIIO      0
Finished            : Thu Jun  6 17:22:43 2019
