IOR-3.2.0: MPI Coordinated Test of Parallel I/O
Began               : Thu Jun  6 16:26:14 2019
Command line        : /glade/work/kpaul/software/ncar-ior/bin/ior -a HDF5 -w -r -C -i10 -g -t 8m -b 32m -c
Machine             : Linux r8i1n18
TestID              : 0
StartTime           : Thu Jun  6 16:26:14 2019
Path                : /gpfs/fs1/scratch/kpaul/ior_scaling
FS                  : 15000.0 TiB   Used FS: 59.5%   Inodes: 2355.6 Mi   Used Inodes: 62.6%

Options: 
api                 : HDF5
apiVersion          : 1.8.21 (Parallel)
test filename       : testFile
access              : single-shared-file
type                : collective
segments            : 1
ordering in a file  : sequential
ordering inter file : constant task offset
task offset         : 1
tasks               : 4
clients per node    : 1
repetitions         : 10
xfersize            : 8 MiB
blocksize           : 32 MiB
aggregate filesize  : 128 MiB

Results: 

access    bw(MiB/s)  block(KiB) xfer(KiB)  open(s)    wr/rd(s)   close(s)   total(s)   iter
------    ---------  ---------- ---------  --------   --------   --------   --------   ----
write     851.77     32768      8192       0.007161   0.088292   0.054815   0.150275   0   
read      2888.81    32768      8192       0.005681   0.038475   0.000144   0.044309   0   
remove    -          -          -          -          -          -          0.000269   0   
write     1536.60    32768      8192       0.002246   0.045280   0.035768   0.083301   1   
read      3591.67    32768      8192       0.004833   0.029795   0.001003   0.035638   1   
remove    -          -          -          -          -          -          0.000439   1   
write     1374.64    32768      8192       0.002343   0.049676   0.041090   0.093115   2   
read      3878       32768      8192       0.004698   0.028157   0.000142   0.033003   2   
remove    -          -          -          -          -          -          0.000322   2   
write     1183.39    32768      8192       0.002150   0.044383   0.061625   0.108164   3   
read      3802       32768      8192       0.006019   0.027499   0.000142   0.033666   3   
remove    -          -          -          -          -          -          0.000371   3   
write     958.07     32768      8192       0.003493   0.068543   0.061560   0.133601   4   
read      3208.70    32768      8192       0.005986   0.033751   0.000148   0.039892   4   
remove    -          -          -          -          -          -          0.000235   4   
write     1511.94    32768      8192       0.001663   0.046301   0.036687   0.084659   5   
read      3763       32768      8192       0.006173   0.027691   0.000148   0.034018   5   
remove    -          -          -          -          -          -          0.000283   5   
write     1405.26    32768      8192       0.001628   0.045179   0.044272   0.091086   6   
read      3909       32768      8192       0.004857   0.027733   0.000146   0.032743   6   
remove    -          -          -          -          -          -          0.000380   6   
write     1624.73    32768      8192       0.001649   0.047392   0.029736   0.078783   7   
read      3958       32768      8192       0.004940   0.027249   0.000148   0.032343   7   
remove    -          -          -          -          -          -          0.000269   7   
write     1458.34    32768      8192       0.001699   0.042954   0.043112   0.087771   8   
read      2458.70    32768      8192       0.016793   0.035108   0.000152   0.052060   8   
remove    -          -          -          -          -          -          0.000285   8   
write     1441.23    32768      8192       0.002433   0.048598   0.037776   0.088813   9   
read      3778       32768      8192       0.004807   0.028333   0.000734   0.033881   9   
remove    -          -          -          -          -          -          0.000277   9   
Max Write: 1624.73 MiB/sec (1703.65 MB/sec)
Max Read:  3957.61 MiB/sec (4149.85 MB/sec)

Summary of all tests:
Operation   Max(MiB)   Min(MiB)  Mean(MiB)     StdDev   Max(OPs)   Min(OPs)  Mean(OPs)     StdDev    Mean(s) Test# #Tasks tPN reps fPP reord reordoff reordrand seed segcnt   blksiz    xsize aggs(MiB)   API RefNum
write        1624.73     851.77    1334.60     242.38     203.09     106.47     166.82      30.30    0.09996     0      4   1   10   0     1        1         0    0      1 33554432  8388608     128.0 HDF5      0
read         3957.61    2458.70    3523.59     479.91     494.70     307.34     440.45      59.99    0.03716     0      4   1   10   0     1        1         0    0      1 33554432  8388608     128.0 HDF5      0
Finished            : Thu Jun  6 16:26:15 2019
