IOR-3.2.0: MPI Coordinated Test of Parallel I/O
Began               : Thu Jun  6 16:47:26 2019
Command line        : /glade/work/kpaul/software/ncar-ior/bin/ior -a NCMPI -w -r -C -i10 -g -t 128m -b 128m
Machine             : Linux r8i1n21
TestID              : 0
StartTime           : Thu Jun  6 16:47:26 2019
Path                : /gpfs/fs1/scratch/kpaul/ior_scaling
FS                  : 15000.0 TiB   Used FS: 59.6%   Inodes: 2355.6 Mi   Used Inodes: 62.6%

Options: 
api                 : NCMPI
apiVersion          : 1.11.0 of 19 Dec 2018
test filename       : testFile
access              : single-shared-file
type                : independent
segments            : 1
ordering in a file  : sequential
ordering inter file : constant task offset
task offset         : 1
tasks               : 8
clients per node    : 1
repetitions         : 10
xfersize            : 128 MiB
blocksize           : 128 MiB
aggregate filesize  : 1 GiB

Results: 

access    bw(MiB/s)  block(KiB) xfer(KiB)  open(s)    wr/rd(s)   close(s)   total(s)   iter
------    ---------  ---------- ---------  --------   --------   --------   --------   ----
write     2542.48    131072     131072     0.009882   0.391471   0.001390   0.402756   0   
read      13782      131072     131072     0.001071   0.072316   0.000904   0.074302   0   
remove    -          -          -          -          -          -          0.004521   0   
write     2562.76    131072     131072     0.007024   0.392011   0.000521   0.399570   1   
read      5799       131072     131072     0.000752   0.175043   0.000785   0.176597   1   
remove    -          -          -          -          -          -          0.004356   1   
write     1642.79    131072     131072     0.006696   0.615895   0.000724   0.623330   2   
read      8153       131072     131072     0.000860   0.123998   0.000721   0.125596   2   
remove    -          -          -          -          -          -          0.004717   2   
write     2821.18    131072     131072     0.006857   0.355557   0.000540   0.362969   3   
read      7098       131072     131072     0.000853   0.142657   0.000741   0.144267   3   
remove    -          -          -          -          -          -          0.005424   3   
write     3306.29    131072     131072     0.006148   0.296085   0.007467   0.309713   4   
read      6647       131072     131072     0.021101   0.132182   0.000751   0.154053   4   
remove    -          -          -          -          -          -          0.007079   4   
write     2570.22    131072     131072     0.006628   0.384148   0.007617   0.398409   5   
read      10083      131072     131072     0.002447   0.097910   0.001184   0.101558   5   
remove    -          -          -          -          -          -          0.005874   5   
write     3243.46    131072     131072     0.007007   0.305394   0.003298   0.315712   6   
read      10767      131072     131072     0.000921   0.093259   0.000906   0.095103   6   
remove    -          -          -          -          -          -          0.005394   6   
write     1721.97    131072     131072     0.006363   0.587636   0.000650   0.594668   7   
read      8720       131072     131072     0.000911   0.115808   0.000695   0.117428   7   
remove    -          -          -          -          -          -          0.005428   7   
write     3231.76    131072     131072     0.007115   0.308120   0.001605   0.316855   8   
read      7490       131072     131072     0.000872   0.135043   0.000786   0.136716   8   
remove    -          -          -          -          -          -          0.005741   8   
write     2047.84    131072     131072     0.007274   0.487260   0.005494   0.500040   9   
read      8916       131072     131072     0.002319   0.111676   0.000843   0.114854   9   
remove    -          -          -          -          -          -          0.006266   9   
Max Write: 3306.29 MiB/sec (3466.89 MB/sec)
Max Read:  13781.51 MiB/sec (14450.96 MB/sec)

Summary of all tests:
Operation   Max(MiB)   Min(MiB)  Mean(MiB)     StdDev   Max(OPs)   Min(OPs)  Mean(OPs)     StdDev    Mean(s) Test# #Tasks tPN reps fPP reord reordoff reordrand seed segcnt   blksiz    xsize aggs(MiB)   API RefNum
write        3306.29    1642.79    2569.07     578.71      25.83      12.83      20.07       4.52    0.42240     0      8   1   10   0     1        1         0    0      1 134217728 134217728    1024.0 NCMPI      0
read        13781.51    5798.52    8745.42    2213.53     107.67      45.30      68.32      17.29    0.12405     0      8   1   10   0     1        1         0    0      1 134217728 134217728    1024.0 NCMPI      0
Finished            : Thu Jun  6 16:47:31 2019
