IOR-3.2.0: MPI Coordinated Test of Parallel I/O
Began               : Thu Jun  6 17:17:41 2019
Command line        : /glade/work/kpaul/software/ncar-ior/bin/ior -a POSIX -w -r -C -i10 -g -t 8m -b 16m -e -F
Machine             : Linux r14i0n9
TestID              : 0
StartTime           : Thu Jun  6 17:17:41 2019
Path                : /gpfs/fs1/scratch/kpaul/ior_scaling
FS                  : 15000.0 TiB   Used FS: 59.6%   Inodes: 2355.6 Mi   Used Inodes: 62.6%

Options: 
api                 : POSIX
apiVersion          : 
test filename       : testFile
access              : file-per-process
type                : independent
segments            : 1
ordering in a file  : sequential
ordering inter file : constant task offset
task offset         : 1
tasks               : 16
clients per node    : 1
repetitions         : 10
xfersize            : 8 MiB
blocksize           : 16 MiB
aggregate filesize  : 256 MiB

Results: 

access    bw(MiB/s)  block(KiB) xfer(KiB)  open(s)    wr/rd(s)   close(s)   total(s)   iter
------    ---------  ---------- ---------  --------   --------   --------   --------   ----
write     164.28     16384      8192       1.48       0.078643   0.000040   1.56       0   
read      7627       16384      8192       0.021353   0.012182   0.000021   0.033564   0   
remove    -          -          -          -          -          -          0.008073   0   
write     559.26     16384      8192       0.408227   0.049475   0.000035   0.457748   1   
read      6278       16384      8192       0.023674   0.017083   0.000015   0.040778   1   
remove    -          -          -          -          -          -          0.007160   1   
write     1138.89    16384      8192       0.172903   0.051829   0.000034   0.224780   2   
read      7713       16384      8192       0.024024   0.009143   0.000014   0.033192   2   
remove    -          -          -          -          -          -          0.007560   2   
write     3494.57    16384      8192       0.008220   0.064992   0.000037   0.073256   3   
read      7901       16384      8192       0.023072   0.009304   0.000017   0.032402   3   
remove    -          -          -          -          -          -          0.006996   3   
write     2127.30    16384      8192       0.066022   0.054269   0.000034   0.120340   4   
read      7650       16384      8192       0.024728   0.008708   0.000018   0.033462   4   
remove    -          -          -          -          -          -          0.007269   4   
write     187.52     16384      8192       1.30       0.061764   0.000036   1.37       5   
read      8537       16384      8192       0.015300   0.014659   0.000017   0.029987   5   
remove    -          -          -          -          -          -          0.007027   5   
write     610.79     16384      8192       0.370675   0.048404   0.000034   0.419127   6   
read      3460.00    16384      8192       0.023995   0.049913   0.000069   0.073988   6   
remove    -          -          -          -          -          -          0.006263   6   
write     3108.33    16384      8192       0.007056   0.075254   0.000036   0.082359   7   
read      5246       16384      8192       0.020611   0.028156   0.000022   0.048800   7   
remove    -          -          -          -          -          -          0.006818   7   
write     115.31     16384      8192       2.16       0.057294   0.000032   2.22       8   
read      5113       16384      8192       0.022098   0.027953   0.000015   0.050073   8   
remove    -          -          -          -          -          -          0.006157   8   
write     514.97     16384      8192       0.422592   0.074474   0.000036   0.497113   9   
read      3905       16384      8192       0.024535   0.040987   0.000029   0.065564   9   
remove    -          -          -          -          -          -          0.006954   9   
Max Write: 3494.57 MiB/sec (3664.33 MB/sec)
Max Read:  8536.93 MiB/sec (8951.62 MB/sec)

Summary of all tests:
Operation   Max(MiB)   Min(MiB)  Mean(MiB)     StdDev   Max(OPs)   Min(OPs)  Mean(OPs)     StdDev    Mean(s) Test# #Tasks tPN reps fPP reord reordoff reordrand seed segcnt   blksiz    xsize aggs(MiB)   API RefNum
write        3494.57     115.31    1202.12    1194.64     436.82      14.41     150.27     149.33    0.70184     0     16   1   10   1     1        1         0    0      1 16777216  8388608     256.0 POSIX      0
read         8536.93    3460.00    6342.91    1716.25    1067.12     432.50     792.86     214.53    0.04418     0     16   1   10   1     1        1         0    0      1 16777216  8388608     256.0 POSIX      0
Finished            : Thu Jun  6 17:17:49 2019
