IOR-3.2.0: MPI Coordinated Test of Parallel I/O
Began               : Thu Jun  6 16:50:09 2019
Command line        : /glade/work/kpaul/software/ncar-ior/bin/ior -a Z5 -w -r -C -i10 -g -t 128m -b 256m
Machine             : Linux r8i1n21
TestID              : 0
StartTime           : Thu Jun  6 16:50:09 2019
Path                : /gpfs/fs1/scratch/kpaul/ior_scaling
FS                  : 15000.0 TiB   Used FS: 59.6%   Inodes: 2355.6 Mi   Used Inodes: 62.6%

Options: 
api                 : Z5
apiVersion          : (null)
test filename       : testFile
access              : single-shared-file
type                : independent
segments            : 1
ordering in a file  : sequential
ordering inter file : constant task offset
task offset         : 1
tasks               : 8
clients per node    : 1
repetitions         : 10
xfersize            : 128 MiB
blocksize           : 256 MiB
aggregate filesize  : 2 GiB

Results: 

access    bw(MiB/s)  block(KiB) xfer(KiB)  open(s)    wr/rd(s)   close(s)   total(s)   iter
------    ---------  ---------- ---------  --------   --------   --------   --------   ----
write     3057.73    262144     131072     0.007100   0.662636   0.000015   0.669777   0   
read      695.82     262144     131072     0.000009   2.94       0.000011   2.94       0   
remove    -          -          -          -          -          -          0.039434   0   
write     3246.24    262144     131072     0.001831   0.629022   0.000010   0.630884   1   
read      713.44     262144     131072     0.000008   2.87       0.000011   2.87       1   
remove    -          -          -          -          -          -          0.038808   1   
write     3060.99    262144     131072     0.001184   0.667842   0.000015   0.669064   2   
read      689.21     262144     131072     0.000008   2.97       0.000018   2.97       2   
remove    -          -          -          -          -          -          0.040741   2   
write     4091       262144     131072     0.001259   0.499255   0.000014   0.500553   3   
read      709.23     262144     131072     0.000008   2.89       0.000015   2.89       3   
remove    -          -          -          -          -          -          0.039787   3   
write     4163       262144     131072     0.000481   0.491395   0.000016   0.491914   4   
read      715.64     262144     131072     0.000009   2.86       0.000017   2.86       4   
remove    -          -          -          -          -          -          0.037729   4   
write     4126       262144     131072     0.000478   0.495821   0.000011   0.496327   5   
read      646.44     262144     131072     0.000009   3.17       0.000016   3.17       5   
remove    -          -          -          -          -          -          0.043656   5   
write     4083       262144     131072     0.000488   0.501076   0.000012   0.501594   6   
read      710.99     262144     131072     0.000009   2.88       0.000017   2.88       6   
remove    -          -          -          -          -          -          0.041286   6   
write     4088       262144     131072     0.000487   0.500493   0.000019   0.501020   7   
read      710.25     262144     131072     0.000010   2.88       0.000017   2.88       7   
remove    -          -          -          -          -          -          0.044196   7   
write     4201       262144     131072     0.000475   0.486958   0.000028   0.487485   8   
read      710.51     262144     131072     0.000013   2.88       0.000021   2.88       8   
remove    -          -          -          -          -          -          0.040541   8   
write     4034       262144     131072     0.000496   0.507116   0.000021   0.507655   9   
read      711.26     262144     131072     0.000012   2.88       0.000019   2.88       9   
remove    -          -          -          -          -          -          0.037961   9   
Max Write: 4201.15 MiB/sec (4405.23 MB/sec)
Max Read:  715.64 MiB/sec (750.40 MB/sec)

Summary of all tests:
Operation   Max(MiB)   Min(MiB)  Mean(MiB)     StdDev   Max(OPs)   Min(OPs)  Mean(OPs)     StdDev    Mean(s) Test# #Tasks tPN reps fPP reord reordoff reordrand seed segcnt   blksiz    xsize aggs(MiB)   API RefNum
write        4201.15    3057.73    3815.21     458.64      32.82      23.89      29.81       3.58    0.54563     0      8   1   10   0     1        1         0    0      1 268435456 134217728    2048.0  Z5      0
read          715.64     646.44     701.28      19.90       5.59       5.05       5.48       0.16    2.92288     0      8   1   10   0     1        1         0    0      1 268435456 134217728    2048.0  Z5      0
Finished            : Thu Jun  6 16:50:44 2019
