IOR-3.2.0: MPI Coordinated Test of Parallel I/O
Began               : Wed Jun 12 09:06:38 2019
Command line        : /glade/work/kpaul/software/ncar-ior/bin/ior -a HDF5 -w -r -C -i10 -g -t 64m -b 128m -c
Machine             : Linux r5i0n9
TestID              : 0
StartTime           : Wed Jun 12 09:06:38 2019
Path                : /gpfs/fs1/scratch/kpaul/ior_scaling
FS                  : 15000.0 TiB   Used FS: 60.4%   Inodes: 2355.6 Mi   Used Inodes: 61.5%

Options: 
api                 : HDF5
apiVersion          : 1.8.21 (Parallel)
test filename       : testFile
access              : single-shared-file
type                : collective
segments            : 1
ordering in a file  : sequential
ordering inter file : constant task offset
task offset         : 1
tasks               : 64
clients per node    : 1
repetitions         : 10
xfersize            : 64 MiB
blocksize           : 128 MiB
aggregate filesize  : 8 GiB

Results: 

access    bw(MiB/s)  block(KiB) xfer(KiB)  open(s)    wr/rd(s)   close(s)   total(s)   iter
------    ---------  ---------- ---------  --------   --------   --------   --------   ----
write     1154.63    131072     65536      0.011252   6.83       0.252242   7.09       0   
read      10922      131072     65536      0.078592   0.622029   0.049411   0.750032   0   
remove    -          -          -          -          -          -          0.000312   0   
write     8470       131072     65536      0.041931   0.823348   0.101916   0.967203   1   
read      18993      131072     65536      0.055109   0.351176   0.025022   0.431306   1   
remove    -          -          -          -          -          -          0.000303   1   
write     9297       131072     65536      0.036851   0.783433   0.060844   0.881114   2   
read      20422      131072     65536      0.054838   0.325479   0.020831   0.401142   2   
remove    -          -          -          -          -          -          0.000367   2   
write     9523       131072     65536      0.030960   0.764973   0.064280   0.860202   3   
read      22534      131072     65536      0.049371   0.288563   0.025608   0.363544   3   
remove    -          -          -          -          -          -          0.000277   3   
write     8522       131072     65536      0.039075   0.781435   0.140757   0.961252   4   
read      21905      131072     65536      0.054949   0.296009   0.023012   0.373975   4   
remove    -          -          -          -          -          -          0.000398   4   
write     9841       131072     65536      0.039326   0.731359   0.061726   0.832466   5   
read      23048      131072     65536      0.052042   0.284213   0.019181   0.355432   5   
remove    -          -          -          -          -          -          0.000276   5   
write     9398       131072     65536      0.042156   0.776495   0.053007   0.871657   6   
read      23835      131072     65536      0.053102   0.266896   0.023703   0.343692   6   
remove    -          -          -          -          -          -          0.000369   6   
write     9161       131072     65536      0.027880   0.808304   0.058098   0.894268   7   
read      25147      131072     65536      0.051840   0.254392   0.019521   0.325759   7   
remove    -          -          -          -          -          -          0.000427   7   
write     7134       131072     65536      0.054358   0.800075   0.293880   1.15       8   
read      23153      131072     65536      0.054498   0.276824   0.022506   0.353819   8   
remove    -          -          -          -          -          -          0.000287   8   
write     9698       131072     65536      0.028828   0.759364   0.056534   0.844725   9   
read      25814      131072     65536      0.050522   0.243245   0.023603   0.317346   9   
remove    -          -          -          -          -          -          0.000313   9   
Max Write: 9840.65 MiB/sec (10318.66 MB/sec)
Max Read:  25814.08 MiB/sec (27068.03 MB/sec)

Summary of all tests:
Operation   Max(MiB)   Min(MiB)  Mean(MiB)     StdDev   Max(OPs)   Min(OPs)  Mean(OPs)     StdDev    Mean(s) Test# #Tasks tPN reps fPP reord reordoff reordrand seed segcnt   blksiz    xsize aggs(MiB)   API RefNum
write        9840.65    1154.63    8219.85    2473.77     153.76      18.04     128.44      38.65    1.53561     0     64   1   10   0     1        1         0    0      1 134217728 67108864    8192.0 HDF5      0
read        25814.08   10922.20   21577.41    4037.40     403.35     170.66     337.15      63.08    0.40160     0     64   1   10   0     1        1         0    0      1 134217728 67108864    8192.0 HDF5      0
Finished            : Wed Jun 12 09:06:57 2019
