IOR-3.2.0: MPI Coordinated Test of Parallel I/O
Began               : Thu Jun  6 15:23:13 2019
Command line        : /glade/work/kpaul/software/ncar-ior/bin/ior -a NCMPI -w -r -C -i10 -g -t 64m -b 128m
Machine             : Linux r1i1n0
TestID              : 0
StartTime           : Thu Jun  6 15:23:13 2019
Path                : /gpfs/fs1/scratch/kpaul/ior_scaling
FS                  : 15000.0 TiB   Used FS: 59.5%   Inodes: 2355.6 Mi   Used Inodes: 62.6%

Options: 
api                 : NCMPI
apiVersion          : 1.11.0 of 19 Dec 2018
test filename       : testFile
access              : single-shared-file
type                : independent
segments            : 1
ordering in a file  : sequential
ordering inter file : constant task offset
task offset         : 1
tasks               : 1
clients per node    : 1
repetitions         : 10
xfersize            : 64 MiB
blocksize           : 128 MiB
aggregate filesize  : 128 MiB

Results: 

access    bw(MiB/s)  block(KiB) xfer(KiB)  open(s)    wr/rd(s)   close(s)   total(s)   iter
------    ---------  ---------- ---------  --------   --------   --------   --------   ----
write     1803.14    131072     65536      0.000536   0.069892   0.000556   0.070987   0   
read      2275.23    131072     65536      0.000426   0.055748   0.000083   0.056258   0   
remove    -          -          -          -          -          -          0.000408   0   
write     1933.92    131072     65536      0.000324   0.065270   0.000591   0.066187   1   
read      3003.97    131072     65536      0.000334   0.042199   0.000076   0.042610   1   
remove    -          -          -          -          -          -          0.000533   1   
write     1675.86    131072     65536      0.000426   0.075359   0.000592   0.076378   2   
read      2727.95    131072     65536      0.000277   0.046564   0.000079   0.046922   2   
remove    -          -          -          -          -          -          0.000449   2   
write     1919.96    131072     65536      0.000323   0.065687   0.000656   0.066668   3   
read      2079.07    131072     65536      0.000356   0.061129   0.000079   0.061566   3   
remove    -          -          -          -          -          -          0.000914   3   
write     1615.51    131072     65536      0.000349   0.078303   0.000577   0.079232   4   
read      2048.92    131072     65536      0.000315   0.062073   0.000082   0.062472   4   
remove    -          -          -          -          -          -          0.000591   4   
write     1825.77    131072     65536      0.000376   0.069090   0.000639   0.070107   5   
read      2387.28    131072     65536      0.000411   0.053121   0.000083   0.053617   5   
remove    -          -          -          -          -          -          0.000429   5   
write     1759.64    131072     65536      0.000399   0.071733   0.000609   0.072742   6   
read      3480.96    131072     65536      0.002116   0.034576   0.000079   0.036772   6   
remove    -          -          -          -          -          -          0.000549   6   
write     1703.28    131072     65536      0.000308   0.074346   0.000493   0.075149   7   
read      3106.15    131072     65536      0.000322   0.040808   0.000076   0.041209   7   
remove    -          -          -          -          -          -          0.000471   7   
write     1661.91    131072     65536      0.000460   0.075992   0.000565   0.077020   8   
read      2997.36    131072     65536      0.000341   0.042283   0.000078   0.042704   8   
remove    -          -          -          -          -          -          0.000402   8   
write     1718.08    131072     65536      0.000327   0.073701   0.000471   0.074502   9   
read      1796.73    131072     65536      0.000321   0.070843   0.000075   0.071240   9   
remove    -          -          -          -          -          -          0.000405   9   
Max Write: 1933.92 MiB/sec (2027.86 MB/sec)
Max Read:  3480.96 MiB/sec (3650.05 MB/sec)

Summary of all tests:
Operation   Max(MiB)   Min(MiB)  Mean(MiB)     StdDev   Max(OPs)   Min(OPs)  Mean(OPs)     StdDev    Mean(s) Test# #Tasks tPN reps fPP reord reordoff reordrand seed segcnt   blksiz    xsize aggs(MiB)   API RefNum
write        1933.92    1615.51    1761.71     102.25      30.22      25.24      27.53       1.60    0.07290     0      1   1   10   0     1        1         0    0      1 134217728 67108864     128.0 NCMPI      0
read         3480.96    1796.73    2590.36     523.43      54.39      28.07      40.47       8.18    0.05154     0      1   1   10   0     1        1         0    0      1 134217728 67108864     128.0 NCMPI      0
Finished            : Thu Jun  6 15:23:14 2019
