IOR-3.2.0: MPI Coordinated Test of Parallel I/O
Began               : Thu Jun  6 15:20:16 2019
Command line        : /glade/work/kpaul/software/ncar-ior/bin/ior -a HDF5 -w -r -C -i10 -g -t 16m -b 16m -c
Machine             : Linux r1i1n0
TestID              : 0
StartTime           : Thu Jun  6 15:20:16 2019
Path                : /gpfs/fs1/scratch/kpaul/ior_scaling
FS                  : 15000.0 TiB   Used FS: 59.5%   Inodes: 2355.6 Mi   Used Inodes: 62.6%

Options: 
api                 : HDF5
apiVersion          : 1.8.21 (Parallel)
test filename       : testFile
access              : single-shared-file
type                : collective
segments            : 1
ordering in a file  : sequential
ordering inter file : constant task offset
task offset         : 1
tasks               : 1
clients per node    : 1
repetitions         : 10
xfersize            : 16 MiB
blocksize           : 16 MiB
aggregate filesize  : 16 MiB

Results: 

access    bw(MiB/s)  block(KiB) xfer(KiB)  open(s)    wr/rd(s)   close(s)   total(s)   iter
------    ---------  ---------- ---------  --------   --------   --------   --------   ----
write     291.34     16384      16384      0.020467   0.007491   0.026960   0.054919   0   
read      706.74     16384      16384      0.000439   0.022071   0.000129   0.022639   0   
remove    -          -          -          -          -          -          0.000265   0   
write     503.91     16384      16384      0.000485   0.009221   0.022045   0.031751   1   
read      961.58     16384      16384      0.000355   0.016152   0.000131   0.016639   1   
remove    -          -          -          -          -          -          0.000228   1   
write     316.04     16384      16384      0.000470   0.007920   0.042237   0.050626   2   
read      1332.55    16384      16384      0.000433   0.011443   0.000130   0.012007   2   
remove    -          -          -          -          -          -          0.000185   2   
write     602.56     16384      16384      0.001247   0.008144   0.017162   0.026553   3   
read      607.42     16384      16384      0.000471   0.025744   0.000125   0.026341   3   
remove    -          -          -          -          -          -          0.000312   3   
write     420.23     16384      16384      0.000835   0.007934   0.029304   0.038074   4   
read      551.52     16384      16384      0.000325   0.028562   0.000123   0.029011   4   
remove    -          -          -          -          -          -          0.000190   4   
write     516.82     16384      16384      0.000818   0.007589   0.022551   0.030959   5   
read      1326.61    16384      16384      0.000526   0.011408   0.000126   0.012061   5   
remove    -          -          -          -          -          -          0.000491   5   
write     532.53     16384      16384      0.001233   0.008135   0.020677   0.030045   6   
read      717.87     16384      16384      0.000434   0.021721   0.000133   0.022288   6   
remove    -          -          -          -          -          -          0.000231   6   
write     452.47     16384      16384      0.000856   0.007732   0.026773   0.035361   7   
read      1339.99    16384      16384      0.000446   0.011364   0.000129   0.011940   7   
remove    -          -          -          -          -          -          0.000176   7   
write     332.52     16384      16384      0.000997   0.007971   0.039149   0.048118   8   
read      1349.90    16384      16384      0.000350   0.011375   0.000128   0.011853   8   
remove    -          -          -          -          -          -          0.000277   8   
write     482.05     16384      16384      0.000928   0.007978   0.024286   0.033192   9   
read      1353.93    16384      16384      0.000344   0.011343   0.000129   0.011817   9   
remove    -          -          -          -          -          -          0.000302   9   
Max Write: 602.56 MiB/sec (631.83 MB/sec)
Max Read:  1353.93 MiB/sec (1419.70 MB/sec)

Summary of all tests:
Operation   Max(MiB)   Min(MiB)  Mean(MiB)     StdDev   Max(OPs)   Min(OPs)  Mean(OPs)     StdDev    Mean(s) Test# #Tasks tPN reps fPP reord reordoff reordrand seed segcnt   blksiz    xsize aggs(MiB)   API RefNum
write         602.56     291.34     445.05      98.01      37.66      18.21      27.82       6.13    0.03796     0      1   1   10   0     1        1         0    0      1 16777216 16777216      16.0 HDF5      0
read         1353.93     551.52    1024.81     331.17      84.62      34.47      64.05      20.70    0.01766     0      1   1   10   0     1        1         0    0      1 16777216 16777216      16.0 HDF5      0
Finished            : Thu Jun  6 15:20:16 2019
