IOR-3.2.0: MPI Coordinated Test of Parallel I/O
Began               : Thu Jun  6 15:22:34 2019
Command line        : /glade/work/kpaul/software/ncar-ior/bin/ior -a POSIX -w -r -C -i10 -g -t 16m -b 32m -e -F
Machine             : Linux r1i1n0
TestID              : 0
StartTime           : Thu Jun  6 15:22:34 2019
Path                : /gpfs/fs1/scratch/kpaul/ior_scaling
FS                  : 15000.0 TiB   Used FS: 59.5%   Inodes: 2355.6 Mi   Used Inodes: 62.6%

Options: 
api                 : POSIX
apiVersion          : 
test filename       : testFile
access              : file-per-process
type                : independent
segments            : 1
ordering in a file  : sequential
ordering inter file : constant task offset
task offset         : 1
tasks               : 1
clients per node    : 1
repetitions         : 10
xfersize            : 16 MiB
blocksize           : 32 MiB
aggregate filesize  : 32 MiB

Results: 

access    bw(MiB/s)  block(KiB) xfer(KiB)  open(s)    wr/rd(s)   close(s)   total(s)   iter
------    ---------  ---------- ---------  --------   --------   --------   --------   ----
write     546.70     32768      16384      0.001396   0.057110   0.000026   0.058533   0   
read      6161       32768      16384      0.000013   0.005175   0.000004   0.005194   0   
remove    -          -          -          -          -          -          0.000272   0   
write     596.34     32768      16384      0.000274   0.053363   0.000023   0.053661   1   
read      5784       32768      16384      0.000014   0.005513   0.000005   0.005533   1   
remove    -          -          -          -          -          -          0.000085   1   
write     977.48     32768      16384      0.000250   0.032461   0.000023   0.032737   2   
read      6550       32768      16384      0.000012   0.004868   0.000004   0.004886   2   
remove    -          -          -          -          -          -          0.000090   2   
write     957.52     32768      16384      0.000280   0.033116   0.000023   0.033420   3   
read      6397       32768      16384      0.000013   0.004984   0.000004   0.005002   3   
remove    -          -          -          -          -          -          0.000090   3   
write     1209.53    32768      16384      0.000330   0.026103   0.000022   0.026457   4   
read      6351       32768      16384      0.000013   0.005020   0.000004   0.005038   4   
remove    -          -          -          -          -          -          0.000082   4   
write     462.39     32768      16384      0.000223   0.068959   0.000021   0.069206   5   
read      6412       32768      16384      0.000012   0.004973   0.000005   0.004991   5   
remove    -          -          -          -          -          -          0.000079   5   
write     945.93     32768      16384      0.000201   0.033605   0.000022   0.033829   6   
read      6383       32768      16384      0.000013   0.004995   0.000005   0.005013   6   
remove    -          -          -          -          -          -          0.000081   6   
write     709.28     32768      16384      0.000234   0.044857   0.000024   0.045116   7   
read      6339       32768      16384      0.000014   0.005028   0.000005   0.005048   7   
remove    -          -          -          -          -          -          0.000083   7   
write     734.76     32768      16384      0.000292   0.043237   0.000022   0.043552   8   
read      6435       32768      16384      0.000012   0.004954   0.000004   0.004972   8   
remove    -          -          -          -          -          -          0.000079   8   
write     1009.49    32768      16384      0.000279   0.031397   0.000021   0.031699   9   
read      6345       32768      16384      0.000012   0.005025   0.000004   0.005043   9   
remove    -          -          -          -          -          -          0.000078   9   
Max Write: 1209.53 MiB/sec (1268.28 MB/sec)
Max Read:  6549.65 MiB/sec (6867.80 MB/sec)

Summary of all tests:
Operation   Max(MiB)   Min(MiB)  Mean(MiB)     StdDev   Max(OPs)   Min(OPs)  Mean(OPs)     StdDev    Mean(s) Test# #Tasks tPN reps fPP reord reordoff reordrand seed segcnt   blksiz    xsize aggs(MiB)   API RefNum
write        1209.53     462.39     814.94     227.83      75.60      28.90      50.93      14.24    0.04282     0      1   1   10   1     1        1         0    0      1 33554432 16777216      32.0 POSIX      0
read         6549.65    5783.81    6315.80     199.77     409.35     361.49     394.74      12.49    0.00507     0      1   1   10   1     1        1         0    0      1 33554432 16777216      32.0 POSIX      0
Finished            : Thu Jun  6 15:22:35 2019
