IOR-3.2.0: MPI Coordinated Test of Parallel I/O
Began               : Thu Jun  6 15:54:50 2019
Command line        : /glade/work/kpaul/software/ncar-ior/bin/ior -a POSIX -w -r -C -i10 -g -t 64m -b 128m -e -F
Machine             : Linux r11i3n24
TestID              : 0
StartTime           : Thu Jun  6 15:54:50 2019
Path                : /gpfs/fs1/scratch/kpaul/ior_scaling
FS                  : 15000.0 TiB   Used FS: 59.5%   Inodes: 2355.6 Mi   Used Inodes: 62.6%

Options: 
api                 : POSIX
apiVersion          : 
test filename       : testFile
access              : file-per-process
type                : independent
segments            : 1
ordering in a file  : sequential
ordering inter file : constant task offset
task offset         : 1
tasks               : 2
clients per node    : 1
repetitions         : 10
xfersize            : 64 MiB
blocksize           : 128 MiB
aggregate filesize  : 256 MiB

Results: 

access    bw(MiB/s)  block(KiB) xfer(KiB)  open(s)    wr/rd(s)   close(s)   total(s)   iter
------    ---------  ---------- ---------  --------   --------   --------   --------   ----
write     3430.62    131072     65536      0.002513   0.072050   0.000045   0.074622   0   
read      4796       131072     65536      0.003267   0.050074   0.000023   0.053382   0   
remove    -          -          -          -          -          -          0.004389   0   
write     3424.75    131072     65536      0.004118   0.070571   0.000043   0.074750   1   
read      5737       131072     65536      0.003264   0.041316   0.000025   0.044620   1   
remove    -          -          -          -          -          -          0.004113   1   
write     3570.44    131072     65536      0.005754   0.065886   0.000044   0.071700   2   
read      5891       131072     65536      0.003139   0.040276   0.000023   0.043455   2   
remove    -          -          -          -          -          -          0.004255   2   
write     3192.19    131072     65536      0.004666   0.075469   0.000045   0.080196   3   
read      2791.04    131072     65536      0.003373   0.088308   0.000024   0.091722   3   
remove    -          -          -          -          -          -          0.004066   3   
write     3378.45    131072     65536      0.004779   0.070936   0.000045   0.075774   4   
read      5367       131072     65536      0.003632   0.044032   0.000021   0.047703   4   
remove    -          -          -          -          -          -          0.004491   4   
write     3462.70    131072     65536      0.004740   0.069132   0.000042   0.073931   5   
read      4392       131072     65536      0.003405   0.054850   0.000021   0.058292   5   
remove    -          -          -          -          -          -          0.004887   5   
write     3557.44    131072     65536      0.005815   0.066088   0.000043   0.071962   6   
read      5854       131072     65536      0.003635   0.040053   0.000024   0.043728   6   
remove    -          -          -          -          -          -          0.004212   6   
write     3201.22    131072     65536      0.005220   0.074691   0.000042   0.079970   7   
read      4184       131072     65536      0.002993   0.058150   0.000022   0.061184   7   
remove    -          -          -          -          -          -          0.004187   7   
write     3388.45    131072     65536      0.004661   0.070830   0.000043   0.075551   8   
read      2355.84    131072     65536      0.003061   0.105564   0.000024   0.108666   8   
remove    -          -          -          -          -          -          0.004016   8   
write     2204.59    131072     65536      0.006025   0.110037   0.000040   0.116122   9   
read      5476       131072     65536      0.003170   0.043538   0.000024   0.046749   9   
remove    -          -          -          -          -          -          0.004497   9   
Max Write: 3570.44 MiB/sec (3743.88 MB/sec)
Max Read:  5891.20 MiB/sec (6177.37 MB/sec)

Summary of all tests:
Operation   Max(MiB)   Min(MiB)  Mean(MiB)     StdDev   Max(OPs)   Min(OPs)  Mean(OPs)     StdDev    Mean(s) Test# #Tasks tPN reps fPP reord reordoff reordrand seed segcnt   blksiz    xsize aggs(MiB)   API RefNum
write        3570.44    2204.59    3281.09     378.18      55.79      34.45      51.27       5.91    0.07946     0      2   1   10   1     1        1         0    0      1 134217728 67108864     256.0 POSIX      0
read         5891.20    2355.84    4684.39    1199.22      92.05      36.81      73.19      18.74    0.05995     0      2   1   10   1     1        1         0    0      1 134217728 67108864     256.0 POSIX      0
Finished            : Thu Jun  6 15:54:52 2019
