IOR-3.2.0: MPI Coordinated Test of Parallel I/O
Began               : Thu Jun  6 16:59:37 2019
Command line        : /glade/work/kpaul/software/ncar-ior/bin/ior -a HDF5 -w -r -C -i10 -g -t 256m -b 1024m -c
Machine             : Linux r8i1n21
TestID              : 0
StartTime           : Thu Jun  6 16:59:37 2019
Path                : /gpfs/fs1/scratch/kpaul/ior_scaling
FS                  : 15000.0 TiB   Used FS: 59.6%   Inodes: 2355.6 Mi   Used Inodes: 62.6%

Options: 
api                 : HDF5
apiVersion          : 1.8.21 (Parallel)
test filename       : testFile
access              : single-shared-file
type                : collective
segments            : 1
ordering in a file  : sequential
ordering inter file : constant task offset
task offset         : 1
tasks               : 8
clients per node    : 1
repetitions         : 10
xfersize            : 256 MiB
blocksize           : 1 GiB
aggregate filesize  : 8 GiB

Results: 

access    bw(MiB/s)  block(KiB) xfer(KiB)  open(s)    wr/rd(s)   close(s)   total(s)   iter
------    ---------  ---------- ---------  --------   --------   --------   --------   ----
write     1393.17    1048576    262144     0.009749   5.82       0.049312   5.88       0   
read      7409       1048576    262144     0.008679   1.09       0.005087   1.11       0   
remove    -          -          -          -          -          -          0.000331   0   
write     8178       1048576    262144     0.036312   0.889944   0.075486   1.00       1   
read      9471       1048576    262144     0.008582   0.851121   0.005246   0.864941   1   
remove    -          -          -          -          -          -          0.000290   1   
write     8850       1048576    262144     0.030392   0.835410   0.059813   0.925612   2   
read      9290       1048576    262144     0.009043   0.856478   0.016310   0.881827   2   
remove    -          -          -          -          -          -          0.000352   2   
write     7838       1048576    262144     0.030156   0.945999   0.068997   1.05       3   
read      8866       1048576    262144     0.009456   0.913023   0.001530   0.924009   3   
remove    -          -          -          -          -          -          0.000359   3   
write     8293       1048576    262144     0.033790   0.875788   0.078299   0.987878   4   
read      9213       1048576    262144     0.010410   0.878506   0.000276   0.889179   4   
remove    -          -          -          -          -          -          0.000346   4   
write     8398       1048576    262144     0.029546   0.833771   0.112140   0.975449   5   
read      9252       1048576    262144     0.008683   0.876475   0.000274   0.885432   5   
remove    -          -          -          -          -          -          0.000339   5   
write     8380       1048576    262144     0.042887   0.820844   0.113874   0.977598   6   
read      9305       1048576    262144     0.008767   0.858959   0.012700   0.880426   6   
remove    -          -          -          -          -          -          0.000329   6   
write     8974       1048576    262144     0.039616   0.823847   0.049405   0.912863   7   
read      8978       1048576    262144     0.025606   0.885734   0.001081   0.912404   7   
remove    -          -          -          -          -          -          0.000427   7   
write     7823       1048576    262144     0.031359   0.949631   0.066185   1.05       8   
read      9100       1048576    262144     0.008406   0.891447   0.000324   0.900171   8   
remove    -          -          -          -          -          -          0.000340   8   
write     8181       1048576    262144     0.044471   0.879438   0.077485   1.00       9   
read      9310       1048576    262144     0.008626   0.870979   0.000320   0.879916   9   
remove    -          -          -          -          -          -          0.000416   9   
Max Write: 8973.96 MiB/sec (9409.88 MB/sec)
Max Read:  9471.17 MiB/sec (9931.24 MB/sec)

Summary of all tests:
Operation   Max(MiB)   Min(MiB)  Mean(MiB)     StdDev   Max(OPs)   Min(OPs)  Mean(OPs)     StdDev    Mean(s) Test# #Tasks tPN reps fPP reord reordoff reordrand seed segcnt   blksiz    xsize aggs(MiB)   API RefNum
write        8973.96    1393.17    7630.73    2108.75      35.05       5.44      29.81       8.24    1.47550     0      8   1   10   0     1        1         0    0      1 1073741824 268435456    8192.0 HDF5      0
read         9471.17    7409.17    9019.44     562.07      37.00      28.94      35.23       2.20    0.91240     0      8   1   10   0     1        1         0    0      1 1073741824 268435456    8192.0 HDF5      0
Finished            : Thu Jun  6 17:00:01 2019
