IOR-3.2.0: MPI Coordinated Test of Parallel I/O
Began               : Thu Jun  6 15:52:37 2019
Command line        : /glade/work/kpaul/software/ncar-ior/bin/ior -a MPIIO -w -r -C -i10 -g -t 16m -b 16m -c
Machine             : Linux r11i3n24
TestID              : 0
StartTime           : Thu Jun  6 15:52:37 2019
Path                : /gpfs/fs1/scratch/kpaul/ior_scaling
FS                  : 15000.0 TiB   Used FS: 59.5%   Inodes: 2355.6 Mi   Used Inodes: 62.6%

Options: 
api                 : MPIIO
apiVersion          : (3.1)
test filename       : testFile
access              : single-shared-file
type                : collective
segments            : 1
ordering in a file  : sequential
ordering inter file : constant task offset
task offset         : 1
tasks               : 2
clients per node    : 1
repetitions         : 10
xfersize            : 16 MiB
blocksize           : 16 MiB
aggregate filesize  : 32 MiB

Results: 

access    bw(MiB/s)  block(KiB) xfer(KiB)  open(s)    wr/rd(s)   close(s)   total(s)   iter
------    ---------  ---------- ---------  --------   --------   --------   --------   ----
write     2986.05    16384      16384      0.005719   0.004939   0.000055   0.010717   0   
read      340.18     16384      16384      0.000392   0.093638   0.000034   0.094069   0   
remove    -          -          -          -          -          -          0.002930   0   
write     2688.75    16384      16384      0.006538   0.005308   0.000050   0.011901   1   
read      645.22     16384      16384      0.000320   0.049237   0.000032   0.049595   1   
remove    -          -          -          -          -          -          0.002807   1   
write     2761.77    16384      16384      0.006767   0.004777   0.000038   0.011587   2   
read      822.32     16384      16384      0.000381   0.038493   0.000035   0.038914   2   
remove    -          -          -          -          -          -          0.003154   2   
write     2818.70    16384      16384      0.006604   0.004705   0.000039   0.011353   3   
read      738.44     16384      16384      0.000473   0.042824   0.000033   0.043334   3   
remove    -          -          -          -          -          -          0.003008   3   
write     2804.83    16384      16384      0.006540   0.004826   0.000039   0.011409   4   
read      643.86     16384      16384      0.000303   0.049357   0.000033   0.049700   4   
remove    -          -          -          -          -          -          0.003089   4   
write     2954.79    16384      16384      0.006158   0.004627   0.000040   0.010830   5   
read      555.14     16384      16384      0.000375   0.057229   0.000032   0.057643   5   
remove    -          -          -          -          -          -          0.003199   5   
write     2924.57    16384      16384      0.006127   0.004771   0.000040   0.010942   6   
read      871.82     16384      16384      0.000412   0.036254   0.000032   0.036705   6   
remove    -          -          -          -          -          -          0.002765   6   
write     3085.75    16384      16384      0.005837   0.004490   0.000039   0.010370   7   
read      843.80     16384      16384      0.000379   0.037505   0.000034   0.037924   7   
remove    -          -          -          -          -          -          0.002856   7   
write     2529.61    16384      16384      0.007813   0.004792   0.000040   0.012650   8   
read      813.79     16384      16384      0.000312   0.038972   0.000031   0.039322   8   
remove    -          -          -          -          -          -          0.002872   8   
write     3098.74    16384      16384      0.005543   0.004738   0.000040   0.010327   9   
read      501.81     16384      16384      0.000326   0.063405   0.000032   0.063769   9   
remove    -          -          -          -          -          -          0.002827   9   
Max Write: 3098.74 MiB/sec (3249.27 MB/sec)
Max Read:  871.82 MiB/sec (914.17 MB/sec)

Summary of all tests:
Operation   Max(MiB)   Min(MiB)  Mean(MiB)     StdDev   Max(OPs)   Min(OPs)  Mean(OPs)     StdDev    Mean(s) Test# #Tasks tPN reps fPP reord reordoff reordrand seed segcnt   blksiz    xsize aggs(MiB)   API RefNum
write        3098.74    2529.61    2865.36     170.18     193.67     158.10     179.08      10.64    0.01121     0      2   1   10   0     1        1         0    0      1 16777216 16777216      32.0 MPIIO      0
read          871.82     340.18     677.64     164.46      54.49      21.26      42.35      10.28    0.05110     0      2   1   10   0     1        1         0    0      1 16777216 16777216      32.0 MPIIO      0
Finished            : Thu Jun  6 15:52:37 2019
