IOR-3.2.0: MPI Coordinated Test of Parallel I/O
Began               : Thu Jun  6 17:23:14 2019
Command line        : /glade/work/kpaul/software/ncar-ior/bin/ior -a NCMPI -w -r -C -i10 -g -t 8m -b 32m
Machine             : Linux r14i0n9
TestID              : 0
StartTime           : Thu Jun  6 17:23:14 2019
Path                : /gpfs/fs1/scratch/kpaul/ior_scaling
FS                  : 15000.0 TiB   Used FS: 59.6%   Inodes: 2355.6 Mi   Used Inodes: 62.6%

Options: 
api                 : NCMPI
apiVersion          : 1.11.0 of 19 Dec 2018
test filename       : testFile
access              : single-shared-file
type                : independent
segments            : 1
ordering in a file  : sequential
ordering inter file : constant task offset
task offset         : 1
tasks               : 16
clients per node    : 1
repetitions         : 10
xfersize            : 8 MiB
blocksize           : 32 MiB
aggregate filesize  : 512 MiB

Results: 

access    bw(MiB/s)  block(KiB) xfer(KiB)  open(s)    wr/rd(s)   close(s)   total(s)   iter
------    ---------  ---------- ---------  --------   --------   --------   --------   ----
write     834.64     32768      8192       0.010998   0.566218   0.036302   0.613438   0   
read      10485      32768      8192       0.001404   0.042054   0.005368   0.048831   0   
remove    -          -          -          -          -          -          0.002240   0   
write     855.25     32768      8192       0.006193   0.556401   0.036101   0.598654   1   
read      20802      32768      8192       0.001050   0.021793   0.001793   0.024613   1   
remove    -          -          -          -          -          -          0.002743   1   
write     411.39     32768      8192       0.005497   1.20       0.039280   1.24       2   
read      24478      32768      8192       0.003158   0.015675   0.002126   0.020917   2   
remove    -          -          -          -          -          -          0.005776   2   
write     567.76     32768      8192       0.004733   0.884626   0.012459   0.901787   3   
read      3978       32768      8192       0.004295   0.122516   0.001984   0.128705   3   
remove    -          -          -          -          -          -          0.004915   3   
write     810.77     32768      8192       0.006129   0.589226   0.036235   0.631500   4   
read      10480      32768      8192       0.001089   0.044576   0.003222   0.048856   4   
remove    -          -          -          -          -          -          0.002347   4   
write     1593.73    32768      8192       0.006442   0.282713   0.032145   0.321259   5   
read      2261.34    32768      8192       0.003459   0.222332   0.000671   0.226415   5   
remove    -          -          -          -          -          -          0.003704   5   
write     2661.43    32768      8192       0.006365   0.150995   0.035061   0.192378   6   
read      12017      32768      8192       0.001380   0.039478   0.001786   0.042607   6   
remove    -          -          -          -          -          -          0.002039   6   
write     1252.48    32768      8192       0.006521   0.346383   0.055913   0.408789   7   
read      8213       32768      8192       0.001394   0.058906   0.002128   0.062337   7   
remove    -          -          -          -          -          -          0.005713   7   
write     2341.06    32768      8192       0.006533   0.179289   0.032926   0.218705   8   
read      7149       32768      8192       0.001182   0.068820   0.001710   0.071618   8   
remove    -          -          -          -          -          -          0.002326   8   
write     1434.35    32768      8192       0.006641   0.319868   0.030488   0.356956   9   
read      4641       32768      8192       0.001068   0.108522   0.000768   0.110312   9   
remove    -          -          -          -          -          -          0.003707   9   
Max Write: 2661.43 MiB/sec (2790.71 MB/sec)
Max Read:  24477.77 MiB/sec (25666.80 MB/sec)

Summary of all tests:
Operation   Max(MiB)   Min(MiB)  Mean(MiB)     StdDev   Max(OPs)   Min(OPs)  Mean(OPs)     StdDev    Mean(s) Test# #Tasks tPN reps fPP reord reordoff reordrand seed segcnt   blksiz    xsize aggs(MiB)   API RefNum
write        2661.43     411.39    1276.29     708.36     332.68      51.42     159.54      88.55    0.54880     0     16   1   10   0     1        1         0    0      1 33554432  8388608     512.0 NCMPI      0
read        24477.77    2261.34   10450.49    6818.98    3059.72     282.67    1306.31     852.37    0.07852     0     16   1   10   0     1        1         0    0      1 33554432  8388608     512.0 NCMPI      0
Finished            : Thu Jun  6 17:23:20 2019
