IOR-3.2.0: MPI Coordinated Test of Parallel I/O
Began               : Wed Jun 12 10:25:54 2019
Command line        : /glade/work/kpaul/software/ncar-ior/bin/ior -a MPIIO -w -r -C -i10 -g -t 256m -b 2048m -c
Machine             : Linux r5i0n9
TestID              : 0
StartTime           : Wed Jun 12 10:25:54 2019
Path                : /gpfs/fs1/scratch/kpaul/ior_scaling
FS                  : 15000.0 TiB   Used FS: 60.4%   Inodes: 2355.6 Mi   Used Inodes: 61.5%

Options: 
api                 : MPIIO
apiVersion          : (3.1)
test filename       : testFile
access              : single-shared-file
type                : collective
segments            : 1
ordering in a file  : sequential
ordering inter file : constant task offset
task offset         : 1
tasks               : 64
clients per node    : 1
repetitions         : 10
xfersize            : 256 MiB
blocksize           : 2 GiB
aggregate filesize  : 128 GiB

Results: 

access    bw(MiB/s)  block(KiB) xfer(KiB)  open(s)    wr/rd(s)   close(s)   total(s)   iter
------    ---------  ---------- ---------  --------   --------   --------   --------   ----
write     135843     2097152    262144     0.018359   0.946263   0.000246   0.964879   0   
read      85406      2097152    262144     0.001841   1.53       0.000078   1.53       0   
remove    -          -          -          -          -          -          0.024953   0   
write     131175     2097152    262144     0.011908   0.986347   0.000959   0.999213   1   
read      85771      2097152    262144     0.001997   1.53       0.000118   1.53       1   
remove    -          -          -          -          -          -          0.016764   1   
write     157092     2097152    262144     0.009745   0.824107   0.000500   0.834363   2   
read      85724      2097152    262144     0.002480   1.53       0.000077   1.53       2   
remove    -          -          -          -          -          -          0.018983   2   
write     157826     2097152    262144     0.010347   0.819579   0.000557   0.830486   3   
read      85438      2097152    262144     0.006534   1.53       0.000181   1.53       3   
remove    -          -          -          -          -          -          0.041446   3   
write     160543     2097152    262144     0.014217   0.801174   0.001027   0.816430   4   
read      84919      2097152    262144     0.002608   1.54       0.000084   1.54       4   
remove    -          -          -          -          -          -          0.019250   4   
write     150723     2097152    262144     0.011518   0.857260   0.000841   0.869620   5   
read      84375      2097152    262144     0.003359   1.55       0.000086   1.55       5   
remove    -          -          -          -          -          -          0.015772   5   
write     133661     2097152    262144     0.010935   0.969531   0.000188   0.980634   6   
read      84300      2097152    262144     0.002690   1.55       0.000087   1.55       6   
remove    -          -          -          -          -          -          0.018348   6   
write     148813     2097152    262144     0.013179   0.866584   0.001055   0.880785   7   
read      84420      2097152    262144     0.001853   1.55       0.000289   1.55       7   
remove    -          -          -          -          -          -          0.019508   7   
write     137419     2097152    262144     0.014517   0.939156   0.000182   0.953813   8   
read      84053      2097152    262144     0.002000   1.56       0.000102   1.56       8   
remove    -          -          -          -          -          -          0.039395   8   
write     131231     2097152    262144     0.012456   0.985390   0.000988   0.998792   9   
read      84411      2097152    262144     0.003443   1.55       0.000095   1.55       9   
remove    -          -          -          -          -          -          0.021936   9   
Max Write: 160542.82 MiB/sec (168341.34 MB/sec)
Max Read:  85770.95 MiB/sec (89937.36 MB/sec)

Summary of all tests:
Operation   Max(MiB)   Min(MiB)  Mean(MiB)     StdDev   Max(OPs)   Min(OPs)  Mean(OPs)     StdDev    Mean(s) Test# #Tasks tPN reps fPP reord reordoff reordrand seed segcnt   blksiz    xsize aggs(MiB)   API RefNum
write      160542.82  131175.23  144432.49   11166.94     627.12     512.40     564.19      43.62    0.91290     0     64   1   10   0     1        1         0    0      1 2147483648 268435456  131072.0 MPIIO      0
read        85770.95   84052.69   84881.74     616.67     335.04     328.33     331.57       2.41    1.54425     0     64   1   10   0     1        1         0    0      1 2147483648 268435456  131072.0 MPIIO      0
Finished            : Wed Jun 12 10:26:20 2019
