IOR-3.2.0: MPI Coordinated Test of Parallel I/O
Began               : Thu Jun  6 16:32:23 2019
Command line        : /glade/work/kpaul/software/ncar-ior/bin/ior -a HDF5 -w -r -C -i10 -g -t 256m -b 1024m -c
Machine             : Linux r8i1n18
TestID              : 0
StartTime           : Thu Jun  6 16:32:23 2019
Path                : /gpfs/fs1/scratch/kpaul/ior_scaling
FS                  : 15000.0 TiB   Used FS: 59.5%   Inodes: 2355.6 Mi   Used Inodes: 62.6%

Options: 
api                 : HDF5
apiVersion          : 1.8.21 (Parallel)
test filename       : testFile
access              : single-shared-file
type                : collective
segments            : 1
ordering in a file  : sequential
ordering inter file : constant task offset
task offset         : 1
tasks               : 4
clients per node    : 1
repetitions         : 10
xfersize            : 256 MiB
blocksize           : 1 GiB
aggregate filesize  : 4 GiB

Results: 

access    bw(MiB/s)  block(KiB) xfer(KiB)  open(s)    wr/rd(s)   close(s)   total(s)   iter
------    ---------  ---------- ---------  --------   --------   --------   --------   ----
write     1569.06    1048576    262144     0.179264   2.24       0.190912   2.61       0   
read      3926       1048576    262144     0.017582   0.980025   0.045598   1.04       0   
remove    -          -          -          -          -          -          0.000288   0   
write     4275       1048576    262144     0.019140   0.779465   0.159474   0.958084   1   
read      4255       1048576    262144     0.005520   0.952261   0.004787   0.962576   1   
remove    -          -          -          -          -          -          0.000290   1   
write     4759       1048576    262144     0.022105   0.753299   0.085202   0.860612   2   
read      4034       1048576    262144     0.006098   0.891190   0.117955   1.02       2   
remove    -          -          -          -          -          -          0.000290   2   
write     4452       1048576    262144     0.020242   0.808281   0.091544   0.920070   3   
read      4303       1048576    262144     0.019599   0.932097   0.000264   0.951968   3   
remove    -          -          -          -          -          -          0.000270   3   
write     4694       1048576    262144     0.018487   0.753250   0.100796   0.872536   4   
read      4779       1048576    262144     0.005619   0.836406   0.015063   0.857097   4   
remove    -          -          -          -          -          -          0.000322   4   
write     4497       1048576    262144     0.014690   0.826893   0.069178   0.910763   5   
read      4965       1048576    262144     0.009315   0.815429   0.000273   0.825022   5   
remove    -          -          -          -          -          -          0.000267   5   
write     4656       1048576    262144     0.022371   0.766568   0.090729   0.879669   6   
read      4981       1048576    262144     0.015689   0.802669   0.004023   0.822389   6   
remove    -          -          -          -          -          -          0.000340   6   
write     4657       1048576    262144     0.019333   0.819794   0.040471   0.879599   7   
read      4963       1048576    262144     0.004372   0.820711   0.000274   0.825365   7   
remove    -          -          -          -          -          -          0.000290   7   
write     4026       1048576    262144     0.015183   0.959631   0.042502   1.02       8   
read      5025       1048576    262144     0.004413   0.774981   0.035746   0.815146   8   
remove    -          -          -          -          -          -          0.000254   8   
write     5001       1048576    262144     0.023369   0.765918   0.029753   0.819039   9   
read      5229       1048576    262144     0.004349   0.778687   0.000276   0.783318   9   
remove    -          -          -          -          -          -          0.000346   9   
Max Write: 5000.98 MiB/sec (5243.91 MB/sec)
Max Read:  5229.04 MiB/sec (5483.04 MB/sec)

Summary of all tests:
Operation   Max(MiB)   Min(MiB)  Mean(MiB)     StdDev   Max(OPs)   Min(OPs)  Mean(OPs)     StdDev    Mean(s) Test# #Tasks tPN reps fPP reord reordoff reordrand seed segcnt   blksiz    xsize aggs(MiB)   API RefNum
write        5000.98    1569.06    4258.74     932.24      19.54       6.13      16.64       3.64    1.07282     0      4   1   10   0     1        1         0    0      1 1073741824 268435456    4096.0 HDF5      0
read         5229.04    3926.33    4645.95     444.69      20.43      15.34      18.15       1.74    0.89014     0      4   1   10   0     1        1         0    0      1 1073741824 268435456    4096.0 HDF5      0
Finished            : Thu Jun  6 16:32:43 2019
