IOR-3.2.0: MPI Coordinated Test of Parallel I/O
Began               : Wed Jun 12 08:07:04 2019
Command line        : /glade/work/kpaul/software/ncar-ior/bin/ior -a NCMPI -w -r -C -i10 -g -t 64m -b 64m
Machine             : Linux r1i1n28
TestID              : 0
StartTime           : Wed Jun 12 08:07:04 2019
Path                : /gpfs/fs1/scratch/kpaul/ior_scaling
FS                  : 15000.0 TiB   Used FS: 60.4%   Inodes: 2355.6 Mi   Used Inodes: 61.5%

Options: 
api                 : NCMPI
apiVersion          : 1.11.0 of 19 Dec 2018
test filename       : testFile
access              : single-shared-file
type                : independent
segments            : 1
ordering in a file  : sequential
ordering inter file : constant task offset
task offset         : 1
tasks               : 32
clients per node    : 1
repetitions         : 10
xfersize            : 64 MiB
blocksize           : 64 MiB
aggregate filesize  : 2 GiB

Results: 

access    bw(MiB/s)  block(KiB) xfer(KiB)  open(s)    wr/rd(s)   close(s)   total(s)   iter
------    ---------  ---------- ---------  --------   --------   --------   --------   ----
write     1333.11    65536      65536      0.011191   1.52       0.004341   1.54       0   
read      18839      65536      65536      0.003758   0.103740   0.001186   0.108713   0   
remove    -          -          -          -          -          -          0.008138   0   
write     1117.78    65536      65536      0.007250   1.76       0.067952   1.83       1   
read      19046      65536      65536      0.004249   0.102235   0.001024   0.107528   1   
remove    -          -          -          -          -          -          0.008360   1   
write     1828.00    65536      65536      0.006616   1.11       0.008028   1.12       2   
read      20866      65536      65536      0.003181   0.093823   0.001126   0.098152   2   
remove    -          -          -          -          -          -          0.007628   2   
write     2483.96    65536      65536      0.009504   0.809916   0.005041   0.824489   3   
read      4294       65536      65536      0.004628   0.471210   0.001114   0.476973   3   
remove    -          -          -          -          -          -          0.008185   3   
write     2065.38    65536      65536      0.006440   0.980444   0.004652   0.991583   4   
read      32182      65536      65536      0.001410   0.061097   0.001111   0.063637   4   
remove    -          -          -          -          -          -          0.003508   4   
write     1736.02    65536      65536      0.006788   1.13       0.042781   1.18       5   
read      20363      65536      65536      0.003707   0.093197   0.003650   0.100572   5   
remove    -          -          -          -          -          -          0.007749   5   
write     1033.44    65536      65536      0.011292   1.58       0.395131   1.98       6   
read      5118       65536      65536      0.004842   0.394012   0.001286   0.400151   6   
remove    -          -          -          -          -          -          0.007938   6   
write     1155.09    65536      65536      0.006929   1.76       0.005078   1.77       7   
read      26955      65536      65536      0.003154   0.071681   0.001128   0.075977   7   
remove    -          -          -          -          -          -          0.004005   7   
write     1521.36    65536      65536      0.019222   1.32       0.005333   1.35       8   
read      19632      65536      65536      0.003307   0.099957   0.001037   0.104318   8   
remove    -          -          -          -          -          -          0.006531   8   
write     2088.91    65536      65536      0.006539   0.972460   0.001397   0.980414   9   
read      4471       65536      65536      0.001956   0.454608   0.001429   0.458014   9   
remove    -          -          -          -          -          -          0.009383   9   
Max Write: 2483.96 MiB/sec (2604.62 MB/sec)
Max Read:  32182.30 MiB/sec (33745.58 MB/sec)

Summary of all tests:
Operation   Max(MiB)   Min(MiB)  Mean(MiB)     StdDev   Max(OPs)   Min(OPs)  Mean(OPs)     StdDev    Mean(s) Test# #Tasks tPN reps fPP reord reordoff reordrand seed segcnt   blksiz    xsize aggs(MiB)   API RefNum
write        2483.96    1033.44    1636.31     460.78      38.81      16.15      25.57       7.20    1.35659     0     32   1   10   0     1        1         0    0      1 67108864 67108864    2048.0 NCMPI      0
read        32182.30    4293.75   17176.70    9108.48     502.85      67.09     268.39     142.32    0.19940     0     32   1   10   0     1        1         0    0      1 67108864 67108864    2048.0 NCMPI      0
Finished            : Wed Jun 12 08:07:20 2019
