IOR-3.2.0: MPI Coordinated Test of Parallel I/O
Began               : Thu Jun  6 16:36:17 2019
Command line        : /glade/work/kpaul/software/ncar-ior/bin/ior -a Z5 -w -r -C -i10 -g -t 128m -b 1024m
Machine             : Linux r8i1n18
TestID              : 0
StartTime           : Thu Jun  6 16:36:17 2019
Path                : /gpfs/fs1/scratch/kpaul/ior_scaling
FS                  : 15000.0 TiB   Used FS: 59.6%   Inodes: 2355.6 Mi   Used Inodes: 62.6%

Options: 
api                 : Z5
apiVersion          : (null)
test filename       : testFile
access              : single-shared-file
type                : independent
segments            : 1
ordering in a file  : sequential
ordering inter file : constant task offset
task offset         : 1
tasks               : 4
clients per node    : 1
repetitions         : 10
xfersize            : 128 MiB
blocksize           : 1 GiB
aggregate filesize  : 4 GiB

Results: 

access    bw(MiB/s)  block(KiB) xfer(KiB)  open(s)    wr/rd(s)   close(s)   total(s)   iter
------    ---------  ---------- ---------  --------   --------   --------   --------   ----
write     2082.58    1048576    131072     0.004861   1.96       0.000010   1.97       0   
read      344.27     1048576    131072     0.000004   11.90      0.000007   11.90      0   
remove    -          -          -          -          -          -          0.037415   0   
write     2008.92    1048576    131072     0.179926   1.86       0.000012   2.04       1   
read      339.04     1048576    131072     0.000006   12.08      0.000014   12.08      1   
remove    -          -          -          -          -          -          0.047329   1   
write     2196.62    1048576    131072     0.000498   1.86       0.000013   1.86       2   
read      347.77     1048576    131072     0.000008   11.78      0.000008   11.78      2   
remove    -          -          -          -          -          -          0.052198   2   
write     2165.28    1048576    131072     0.000486   1.89       0.000015   1.89       3   
read      341.07     1048576    131072     0.000010   12.01      0.000018   12.01      3   
remove    -          -          -          -          -          -          0.045691   3   
write     2169.22    1048576    131072     0.000500   1.89       0.000018   1.89       4   
read      329.40     1048576    131072     0.000012   12.43      0.000010   12.43      4   
remove    -          -          -          -          -          -          0.043537   4   
write     2055.39    1048576    131072     0.000489   1.99       0.000030   1.99       5   
read      333.34     1048576    131072     0.000014   12.29      0.000024   12.29      5   
remove    -          -          -          -          -          -          0.036899   5   
write     2028.86    1048576    131072     0.000504   2.02       0.000023   2.02       6   
read      329.40     1048576    131072     0.000017   12.43      0.000024   12.43      6   
remove    -          -          -          -          -          -          0.036568   6   
write     1973.64    1048576    131072     0.057908   2.02       0.000025   2.08       7   
read      343.92     1048576    131072     0.000020   11.91      0.000018   11.91      7   
remove    -          -          -          -          -          -          0.040013   7   
write     2180.85    1048576    131072     0.000496   1.88       0.000028   1.88       8   
read      350.38     1048576    131072     0.000022   11.69      0.000020   11.69      8   
remove    -          -          -          -          -          -          0.036575   8   
write     2204.37    1048576    131072     0.000523   1.86       0.000030   1.86       9   
read      344.01     1048576    131072     0.000024   11.91      0.000033   11.91      9   
remove    -          -          -          -          -          -          0.044408   9   
Max Write: 2204.37 MiB/sec (2311.44 MB/sec)
Max Read:  350.38 MiB/sec (367.40 MB/sec)

Summary of all tests:
Operation   Max(MiB)   Min(MiB)  Mean(MiB)     StdDev   Max(OPs)   Min(OPs)  Mean(OPs)     StdDev    Mean(s) Test# #Tasks tPN reps fPP reord reordoff reordrand seed segcnt   blksiz    xsize aggs(MiB)   API RefNum
write        2204.37    1973.64    2106.57      81.85      17.22      15.42      16.46       0.64    1.94736     0      4   1   10   0     1        1         0    0      1 1073741824 134217728    4096.0  Z5      0
read          350.38     329.40     340.26       6.99       2.74       2.57       2.66       0.05   12.04300     0      4   1   10   0     1        1         0    0      1 1073741824 134217728    4096.0  Z5      0
Finished            : Thu Jun  6 16:38:37 2019
