IOR-3.2.0: MPI Coordinated Test of Parallel I/O
Began               : Wed Jun 12 08:21:17 2019
Command line        : /glade/work/kpaul/software/ncar-ior/bin/ior -a NCMPI -w -r -C -i10 -g -t 64m -b 256m
Machine             : Linux r1i1n28
TestID              : 0
StartTime           : Wed Jun 12 08:21:17 2019
Path                : /gpfs/fs1/scratch/kpaul/ior_scaling
FS                  : 15000.0 TiB   Used FS: 60.4%   Inodes: 2355.6 Mi   Used Inodes: 61.5%

Options: 
api                 : NCMPI
apiVersion          : 1.11.0 of 19 Dec 2018
test filename       : testFile
access              : single-shared-file
type                : independent
segments            : 1
ordering in a file  : sequential
ordering inter file : constant task offset
task offset         : 1
tasks               : 32
clients per node    : 1
repetitions         : 10
xfersize            : 64 MiB
blocksize           : 256 MiB
aggregate filesize  : 8 GiB

Results: 

access    bw(MiB/s)  block(KiB) xfer(KiB)  open(s)    wr/rd(s)   close(s)   total(s)   iter
------    ---------  ---------- ---------  --------   --------   --------   --------   ----
write     4198       262144     65536      0.011667   1.94       0.001289   1.95       0   
read      20014      262144     65536      0.003517   0.355864   0.049900   0.409308   0   
remove    -          -          -          -          -          -          0.009543   0   
write     3804       262144     65536      0.008856   2.14       0.004678   2.15       1   
read      39259      262144     65536      0.005003   0.174613   0.029025   0.208666   1   
remove    -          -          -          -          -          -          0.006136   1   
write     3355.42    262144     65536      0.005971   2.43       0.001222   2.44       2   
read      28662      262144     65536      0.004119   0.242736   0.038926   0.285816   2   
remove    -          -          -          -          -          -          0.008991   2   
write     7516       262144     65536      0.005951   1.08       0.000996   1.09       3   
read      31822      262144     65536      0.004193   0.239309   0.013913   0.257436   3   
remove    -          -          -          -          -          -          0.007709   3   
write     5724       262144     65536      0.007195   1.42       0.000634   1.43       4   
read      36626      262144     65536      0.001328   0.190973   0.031329   0.223665   4   
remove    -          -          -          -          -          -          0.011964   4   
write     6990       262144     65536      0.009062   1.16       0.003626   1.17       5   
read      35819      262144     65536      0.005026   0.180050   0.043612   0.228707   5   
remove    -          -          -          -          -          -          0.011785   5   
write     5583       262144     65536      0.007892   1.46       0.000987   1.47       6   
read      22272      262144     65536      0.002922   0.328983   0.035898   0.367824   6   
remove    -          -          -          -          -          -          0.005793   6   
write     6125       262144     65536      0.007691   1.33       0.002459   1.34       7   
read      24341      262144     65536      0.003223   0.289267   0.044036   0.336546   7   
remove    -          -          -          -          -          -          0.008324   7   
write     4008       262144     65536      0.008306   2.03       0.001275   2.04       8   
read      30120      262144     65536      0.004323   0.228019   0.039615   0.271982   8   
remove    -          -          -          -          -          -          0.010195   8   
write     6579       262144     65536      0.008069   1.24       0.001392   1.25       9   
read      27204      262144     65536      0.003119   0.294368   0.003627   0.301136   9   
remove    -          -          -          -          -          -          0.011595   9   
Max Write: 7516.47 MiB/sec (7881.59 MB/sec)
Max Read:  39258.83 MiB/sec (41165.87 MB/sec)

Summary of all tests:
Operation   Max(MiB)   Min(MiB)  Mean(MiB)     StdDev   Max(OPs)   Min(OPs)  Mean(OPs)     StdDev    Mean(s) Test# #Tasks tPN reps fPP reord reordoff reordrand seed segcnt   blksiz    xsize aggs(MiB)   API RefNum
write        7516.47    3355.42    5388.31    1384.45     117.44      52.43      84.19      21.63    1.63330     0     32   1   10   0     1        1         0    0      1 268435456 67108864    8192.0 NCMPI      0
read        39258.83   20014.26   29613.77    6053.15     613.42     312.72     462.72      94.58    0.28911     0     32   1   10   0     1        1         0    0      1 268435456 67108864    8192.0 NCMPI      0
Finished            : Wed Jun 12 08:21:36 2019
