IOR-3.2.0: MPI Coordinated Test of Parallel I/O
Began               : Wed Jun 12 08:20:32 2019
Command line        : /glade/work/kpaul/software/ncar-ior/bin/ior -a POSIX -w -r -C -i10 -g -t 64m -b 256m -e -F
Machine             : Linux r1i1n28
TestID              : 0
StartTime           : Wed Jun 12 08:20:32 2019
Path                : /gpfs/fs1/scratch/kpaul/ior_scaling
FS                  : 15000.0 TiB   Used FS: 60.4%   Inodes: 2355.6 Mi   Used Inodes: 61.5%

Options: 
api                 : POSIX
apiVersion          : 
test filename       : testFile
access              : file-per-process
type                : independent
segments            : 1
ordering in a file  : sequential
ordering inter file : constant task offset
task offset         : 1
tasks               : 32
clients per node    : 1
repetitions         : 10
xfersize            : 64 MiB
blocksize           : 256 MiB
aggregate filesize  : 8 GiB

Results: 

access    bw(MiB/s)  block(KiB) xfer(KiB)  open(s)    wr/rd(s)   close(s)   total(s)   iter
------    ---------  ---------- ---------  --------   --------   --------   --------   ----
write     12846      262144     65536      0.003570   0.634086   0.000075   0.637726   0   
read      44350      262144     65536      0.029445   0.155092   0.000171   0.184711   0   
remove    -          -          -          -          -          -          0.011661   0   
write     31301      262144     65536      0.013152   0.248459   0.000074   0.261713   1   
read      58559      262144     65536      0.034101   0.105702   0.000088   0.139892   1   
remove    -          -          -          -          -          -          0.012531   1   
write     36482      262144     65536      0.012653   0.211799   0.000072   0.224547   2   
read      37996      262144     65536      0.036007   0.179532   0.000051   0.215602   2   
remove    -          -          -          -          -          -          0.011626   2   
write     31452      262144     65536      0.012259   0.248136   0.000072   0.260459   3   
read      47418      262144     65536      0.035843   0.136592   0.000325   0.172761   3   
remove    -          -          -          -          -          -          0.016532   3   
write     37474      262144     65536      0.013243   0.205294   0.000062   0.218605   4   
read      55590      262144     65536      0.036386   0.110926   0.000059   0.147366   4   
remove    -          -          -          -          -          -          0.012205   4   
write     38851      262144     65536      0.012636   0.198137   0.000071   0.210855   5   
read      66860      262144     65536      0.035205   0.087265   0.000051   0.122525   5   
remove    -          -          -          -          -          -          0.013767   5   
write     40221      262144     65536      0.013732   0.189877   0.000072   0.203675   6   
read      57149      262144     65536      0.035704   0.106887   0.000721   0.143344   6   
remove    -          -          -          -          -          -          0.012227   6   
write     39398      262144     65536      0.016630   0.191230   0.000079   0.207930   7   
read      84824      262144     65536      0.006364   0.090170   0.000048   0.096576   7   
remove    -          -          -          -          -          -          0.006486   7   
write     26945      262144     65536      0.011709   0.292252   0.000075   0.304032   8   
read      57492      262144     65536      0.049948   0.092491   0.000060   0.142489   8   
remove    -          -          -          -          -          -          0.012040   8   
write     15699      262144     65536      0.120452   0.401290   0.000086   0.521822   9   
read      49241      262144     65536      0.035045   0.131268   0.000052   0.166364   9   
remove    -          -          -          -          -          -          0.012300   9   
Max Write: 40220.96 MiB/sec (42174.73 MB/sec)
Max Read:  84824.13 MiB/sec (88944.55 MB/sec)

Summary of all tests:
Operation   Max(MiB)   Min(MiB)  Mean(MiB)     StdDev   Max(OPs)   Min(OPs)  Mean(OPs)     StdDev    Mean(s) Test# #Tasks tPN reps fPP reord reordoff reordrand seed segcnt   blksiz    xsize aggs(MiB)   API RefNum
write       40220.96   12845.64   31066.91    9325.05     628.45     200.71     485.42     145.70    0.30514     0     32   1   10   1     1        1         0    0      1 268435456 67108864    8192.0 POSIX      0
read        84824.13   37996.02   55947.94   12402.37    1325.38     593.69     874.19     193.79    0.15316     0     32   1   10   1     1        1         0    0      1 268435456 67108864    8192.0 POSIX      0
Finished            : Wed Jun 12 08:20:37 2019
