IOR-3.2.0: MPI Coordinated Test of Parallel I/O
Began               : Wed Jun 12 08:08:39 2019
Command line        : /glade/work/kpaul/software/ncar-ior/bin/ior -a Z5 -w -r -C -i10 -g -t 256m -b 256m
Machine             : Linux r1i1n28
TestID              : 0
StartTime           : Wed Jun 12 08:08:39 2019
Path                : /gpfs/fs1/scratch/kpaul/ior_scaling
FS                  : 15000.0 TiB   Used FS: 60.4%   Inodes: 2355.6 Mi   Used Inodes: 61.5%

Options: 
api                 : Z5
apiVersion          : (null)
test filename       : testFile
access              : single-shared-file
type                : independent
segments            : 1
ordering in a file  : sequential
ordering inter file : constant task offset
task offset         : 1
tasks               : 32
clients per node    : 1
repetitions         : 10
xfersize            : 256 MiB
blocksize           : 256 MiB
aggregate filesize  : 8 GiB

Results: 

access    bw(MiB/s)  block(KiB) xfer(KiB)  open(s)    wr/rd(s)   close(s)   total(s)   iter
------    ---------  ---------- ---------  --------   --------   --------   --------   ----
write     9968       262144     262144     0.007613   0.814190   0.000021   0.821851   0   
read      2712.32    262144     262144     0.000018   3.02       0.000020   3.02       0   
remove    -          -          -          -          -          -          0.095612   0   
write     11815      262144     262144     0.001327   0.691985   0.000017   0.693355   1   
read      2740.90    262144     262144     0.000014   2.99       0.000019   2.99       1   
remove    -          -          -          -          -          -          0.091706   1   
write     12587      262144     262144     0.000518   0.650157   0.000109   0.650812   2   
read      2703.90    262144     262144     0.000018   3.03       0.000020   3.03       2   
remove    -          -          -          -          -          -          0.102654   2   
write     11265      262144     262144     0.001169   0.725958   0.000026   0.727179   3   
read      2727.25    262144     262144     0.000622   3.00       0.000021   3.00       3   
remove    -          -          -          -          -          -          0.106973   3   
write     11595      262144     262144     0.000594   0.705858   0.000048   0.706527   4   
read      2720.12    262144     262144     0.000026   3.01       0.000083   3.01       4   
remove    -          -          -          -          -          -          0.086688   4   
write     11462      262144     262144     0.000503   0.714083   0.000107   0.714720   5   
read      2722.11    262144     262144     0.000034   3.01       0.000291   3.01       5   
remove    -          -          -          -          -          -          0.087579   5   
write     8358       262144     262144     0.000500   0.979592   0.000028   0.980147   6   
read      2733.94    262144     262144     0.000031   3.00       0.000026   3.00       6   
remove    -          -          -          -          -          -          0.095261   6   
write     11380      262144     262144     0.001400   0.718419   0.000030   0.719876   7   
read      2733.37    262144     262144     0.000026   3.00       0.000031   3.00       7   
remove    -          -          -          -          -          -          0.114374   7   
write     11425      262144     262144     0.000522   0.716430   0.000076   0.717045   8   
read      2763.28    262144     262144     0.000028   2.96       0.000032   2.96       8   
remove    -          -          -          -          -          -          0.104889   8   
write     11010      262144     262144     0.034252   0.709701   0.000036   0.744052   9   
read      2759.30    262144     262144     0.000029   2.97       0.000029   2.97       9   
remove    -          -          -          -          -          -          0.093670   9   
Max Write: 12587.35 MiB/sec (13198.79 MB/sec)
Max Read:  2763.28 MiB/sec (2897.50 MB/sec)

Summary of all tests:
Operation   Max(MiB)   Min(MiB)  Mean(MiB)     StdDev   Max(OPs)   Min(OPs)  Mean(OPs)     StdDev    Mean(s) Test# #Tasks tPN reps fPP reord reordoff reordrand seed segcnt   blksiz    xsize aggs(MiB)   API RefNum
write       12587.35    8357.93   11086.45    1100.79      49.17      32.65      43.31       4.30    0.74756     0     32   1   10   0     1        1         0    0      1 268435456 268435456    8192.0  Z5      0
read         2763.28    2703.90    2731.65      18.01      10.79      10.56      10.67       0.07    2.99905     0     32   1   10   0     1        1         0    0      1 268435456 268435456    8192.0  Z5      0
Finished            : Wed Jun 12 08:09:18 2019
