IOR-3.2.0: MPI Coordinated Test of Parallel I/O
Began               : Thu Jun  6 17:43:16 2019
Command line        : /glade/work/kpaul/software/ncar-ior/bin/ior -a Z5 -w -r -C -i10 -g -t 128m -b 1024m
Machine             : Linux r14i0n9
TestID              : 0
StartTime           : Thu Jun  6 17:43:16 2019
Path                : /gpfs/fs1/scratch/kpaul/ior_scaling
FS                  : 15000.0 TiB   Used FS: 59.6%   Inodes: 2355.6 Mi   Used Inodes: 62.6%

Options: 
api                 : Z5
apiVersion          : (null)
test filename       : testFile
access              : single-shared-file
type                : independent
segments            : 1
ordering in a file  : sequential
ordering inter file : constant task offset
task offset         : 1
tasks               : 16
clients per node    : 1
repetitions         : 10
xfersize            : 128 MiB
blocksize           : 1 GiB
aggregate filesize  : 16 GiB

Results: 

access    bw(MiB/s)  block(KiB) xfer(KiB)  open(s)    wr/rd(s)   close(s)   total(s)   iter
------    ---------  ---------- ---------  --------   --------   --------   --------   ----
write     7741       1048576    131072     0.008375   2.11       0.000019   2.12       0   
read      1282.02    1048576    131072     0.000011   12.78      0.000016   12.78      0   
remove    -          -          -          -          -          -          0.149823   0   
write     8360       1048576    131072     0.000490   1.96       0.000099   1.96       1   
read      1367.32    1048576    131072     0.000070   11.98      0.000026   11.98      1   
remove    -          -          -          -          -          -          0.167044   1   
write     8573       1048576    131072     0.000478   1.91       0.000033   1.91       2   
read      1377.18    1048576    131072     0.000018   11.90      0.000024   11.90      2   
remove    -          -          -          -          -          -          0.157635   2   
write     8504       1048576    131072     0.000477   1.93       0.000046   1.93       3   
read      1369.76    1048576    131072     0.000024   11.96      0.000029   11.96      3   
remove    -          -          -          -          -          -          0.147340   3   
write     8407       1048576    131072     0.000485   1.95       0.000041   1.95       4   
read      1377.32    1048576    131072     0.000030   11.90      0.000036   11.90      4   
remove    -          -          -          -          -          -          0.173332   4   
write     8484       1048576    131072     0.000524   1.93       0.000046   1.93       5   
read      1373.51    1048576    131072     0.000036   11.93      0.000050   11.93      5   
remove    -          -          -          -          -          -          0.157415   5   
write     8376       1048576    131072     0.000490   1.96       0.000082   1.96       6   
read      1330.97    1048576    131072     0.000042   12.31      0.000050   12.31      6   
remove    -          -          -          -          -          -          0.164963   6   
write     7891       1048576    131072     0.000515   2.08       0.000058   2.08       7   
read      1297.42    1048576    131072     0.000049   12.63      0.000061   12.63      7   
remove    -          -          -          -          -          -          0.157269   7   
write     7818       1048576    131072     0.000520   2.10       0.000064   2.10       8   
read      1269.98    1048576    131072     0.000056   12.90      0.000060   12.90      8   
remove    -          -          -          -          -          -          0.144735   8   
write     7554       1048576    131072     0.000521   2.17       0.000075   2.17       9   
read      1306.52    1048576    131072     0.000063   12.54      0.000069   12.54      9   
remove    -          -          -          -          -          -          0.153957   9   
Max Write: 8572.58 MiB/sec (8989.01 MB/sec)
Max Read:  1377.32 MiB/sec (1444.23 MB/sec)

Summary of all tests:
Operation   Max(MiB)   Min(MiB)  Mean(MiB)     StdDev   Max(OPs)   Min(OPs)  Mean(OPs)     StdDev    Mean(s) Test# #Tasks tPN reps fPP reord reordoff reordrand seed segcnt   blksiz    xsize aggs(MiB)   API RefNum
write        8572.58    7553.82    8170.74     356.67      66.97      59.01      63.83       2.79    2.00912     0     16   1   10   0     1        1         0    0      1 1073741824 134217728   16384.0  Z5      0
read         1377.32    1269.98    1335.20      40.72      10.76       9.92      10.43       0.32   12.28237     0     16   1   10   0     1        1         0    0      1 1073741824 134217728   16384.0  Z5      0
Finished            : Thu Jun  6 17:45:41 2019
