IOR-3.2.0: MPI Coordinated Test of Parallel I/O
Began               : Thu Jun  6 16:26:57 2019
Command line        : /glade/work/kpaul/software/ncar-ior/bin/ior -a MPIIO -w -r -C -i10 -g -t 32m -b 128m -c
Machine             : Linux r8i1n18
TestID              : 0
StartTime           : Thu Jun  6 16:26:57 2019
Path                : /gpfs/fs1/scratch/kpaul/ior_scaling
FS                  : 15000.0 TiB   Used FS: 59.5%   Inodes: 2355.6 Mi   Used Inodes: 62.6%

Options: 
api                 : MPIIO
apiVersion          : (3.1)
test filename       : testFile
access              : single-shared-file
type                : collective
segments            : 1
ordering in a file  : sequential
ordering inter file : constant task offset
task offset         : 1
tasks               : 4
clients per node    : 1
repetitions         : 10
xfersize            : 32 MiB
blocksize           : 128 MiB
aggregate filesize  : 512 MiB

Results: 

access    bw(MiB/s)  block(KiB) xfer(KiB)  open(s)    wr/rd(s)   close(s)   total(s)   iter
------    ---------  ---------- ---------  --------   --------   --------   --------   ----
write     11136      131072     32768      0.006627   0.039241   0.000097   0.045975   0   
read      3163.73    131072     32768      0.000473   0.161318   0.000035   0.161834   0   
remove    -          -          -          -          -          -          0.007777   0   
write     11219      131072     32768      0.006149   0.039399   0.000079   0.045638   1   
read      5685       131072     32768      0.000457   0.089557   0.000035   0.090057   1   
remove    -          -          -          -          -          -          0.003919   1   
write     11206      131072     32768      0.005599   0.039993   0.000086   0.045689   2   
read      4904       131072     32768      0.000354   0.104012   0.000037   0.104409   2   
remove    -          -          -          -          -          -          0.003642   2   
write     10961      131072     32768      0.006502   0.040125   0.000074   0.046712   3   
read      5086       131072     32768      0.000480   0.100135   0.000036   0.100659   3   
remove    -          -          -          -          -          -          0.004003   3   
write     11394      131072     32768      0.005888   0.038955   0.000080   0.044934   4   
read      2063.78    131072     32768      0.000515   0.247528   0.000036   0.248089   4   
remove    -          -          -          -          -          -          0.003829   4   
write     11403      131072     32768      0.005658   0.039151   0.000080   0.044899   5   
read      5706       131072     32768      0.000484   0.089204   0.000036   0.089730   5   
remove    -          -          -          -          -          -          0.003402   5   
write     5802       131072     32768      0.005254   0.082906   0.000073   0.088244   6   
read      3620       131072     32768      0.000426   0.140966   0.000037   0.141444   6   
remove    -          -          -          -          -          -          0.003185   6   
write     11462      131072     32768      0.005721   0.038863   0.000075   0.044669   7   
read      2461.26    131072     32768      0.000389   0.207587   0.000039   0.208024   7   
remove    -          -          -          -          -          -          0.003557   7   
write     11224      131072     32768      0.005407   0.040126   0.000074   0.045617   8   
read      4663       131072     32768      0.000360   0.109387   0.000035   0.109790   8   
remove    -          -          -          -          -          -          0.003492   8   
write     11301      131072     32768      0.006443   0.038762   0.000092   0.045307   9   
read      2876.51    131072     32768      0.000441   0.177504   0.000037   0.177993   9   
remove    -          -          -          -          -          -          0.003575   9   
Max Write: 11462.10 MiB/sec (12018.88 MB/sec)
Max Read:  5706.03 MiB/sec (5983.21 MB/sec)

Summary of all tests:
Operation   Max(MiB)   Min(MiB)  Mean(MiB)     StdDev   Max(OPs)   Min(OPs)  Mean(OPs)     StdDev    Mean(s) Test# #Tasks tPN reps fPP reord reordoff reordrand seed segcnt   blksiz    xsize aggs(MiB)   API RefNum
write       11462.10    5802.10   10710.88    1642.10     358.19     181.32     334.71      51.32    0.04977     0      4   1   10   0     1        1         0    0      1 134217728 33554432     512.0 MPIIO      0
read         5706.03    2063.78    4023.01    1280.84     178.31      64.49     125.72      40.03    0.14320     0      4   1   10   0     1        1         0    0      1 134217728 33554432     512.0 MPIIO      0
Finished            : Thu Jun  6 16:26:59 2019
