IOR-3.2.0: MPI Coordinated Test of Parallel I/O
Began               : Wed Jun 12 08:10:41 2019
Command line        : /glade/work/kpaul/software/ncar-ior/bin/ior -a HDF5 -w -r -C -i10 -g -t 8m -b 16m -c
Machine             : Linux r1i1n28
TestID              : 0
StartTime           : Wed Jun 12 08:10:41 2019
Path                : /gpfs/fs1/scratch/kpaul/ior_scaling
FS                  : 15000.0 TiB   Used FS: 60.4%   Inodes: 2355.6 Mi   Used Inodes: 61.5%

Options: 
api                 : HDF5
apiVersion          : 1.8.21 (Parallel)
test filename       : testFile
access              : single-shared-file
type                : collective
segments            : 1
ordering in a file  : sequential
ordering inter file : constant task offset
task offset         : 1
tasks               : 32
clients per node    : 1
repetitions         : 10
xfersize            : 8 MiB
blocksize           : 16 MiB
aggregate filesize  : 512 MiB

Results: 

access    bw(MiB/s)  block(KiB) xfer(KiB)  open(s)    wr/rd(s)   close(s)   total(s)   iter
------    ---------  ---------- ---------  --------   --------   --------   --------   ----
write     644.20     16384      8192       0.015688   0.733812   0.045281   0.794789   0   
read      5948       16384      8192       0.038165   0.047750   0.000153   0.086077   0   
remove    -          -          -          -          -          -          0.000258   0   
write     1854.30    16384      8192       0.004840   0.210322   0.060934   0.276116   1   
read      8339       16384      8192       0.034648   0.026190   0.000539   0.061396   1   
remove    -          -          -          -          -          -          0.000286   1   
write     1695.52    16384      8192       0.004267   0.255795   0.041894   0.301973   2   
read      8074       16384      8192       0.031176   0.032066   0.000163   0.063415   2   
remove    -          -          -          -          -          -          0.000332   2   
write     1866.21    16384      8192       0.004737   0.213704   0.055906   0.274353   3   
read      8136       16384      8192       0.029718   0.032976   0.000227   0.062929   3   
remove    -          -          -          -          -          -          0.000258   3   
write     1815.25    16384      8192       0.006320   0.221129   0.054587   0.282054   4   
read      6133       16384      8192       0.032076   0.051259   0.000138   0.083485   4   
remove    -          -          -          -          -          -          0.000307   4   
write     2021.98    16384      8192       0.004679   0.205664   0.042863   0.253217   5   
read      10330      16384      8192       0.026922   0.022488   0.000142   0.049562   5   
remove    -          -          -          -          -          -          0.000271   5   
write     2007.05    16384      8192       0.004198   0.202323   0.048572   0.255101   6   
read      9585       16384      8192       0.026411   0.026745   0.000249   0.053415   6   
remove    -          -          -          -          -          -          0.000228   6   
write     2042.99    16384      8192       0.006201   0.198289   0.046105   0.250613   7   
read      9968       16384      8192       0.026549   0.024589   0.000214   0.051364   7   
remove    -          -          -          -          -          -          0.000332   7   
write     1669.77    16384      8192       0.004866   0.231625   0.070131   0.306629   8   
read      7327       16384      8192       0.027900   0.041829   0.000144   0.069883   8   
remove    -          -          -          -          -          -          0.000218   8   
write     1905.91    16384      8192       0.004310   0.199709   0.064608   0.268638   9   
read      9221       16384      8192       0.026962   0.028395   0.000160   0.055526   9   
remove    -          -          -          -          -          -          0.000203   9   
Max Write: 2042.99 MiB/sec (2142.23 MB/sec)
Max Read:  10330.47 MiB/sec (10832.28 MB/sec)

Summary of all tests:
Operation   Max(MiB)   Min(MiB)  Mean(MiB)     StdDev   Max(OPs)   Min(OPs)  Mean(OPs)     StdDev    Mean(s) Test# #Tasks tPN reps fPP reord reordoff reordrand seed segcnt   blksiz    xsize aggs(MiB)   API RefNum
write        2042.99     644.20    1752.32     388.72     255.37      80.52     219.04      48.59    0.32635     0     32   1   10   0     1        1         0    0      1 16777216  8388608     512.0 HDF5      0
read        10330.47    5948.17    8306.14    1437.34    1291.31     743.52    1038.27     179.67    0.06371     0     32   1   10   0     1        1         0    0      1 16777216  8388608     512.0 HDF5      0
Finished            : Wed Jun 12 08:10:45 2019
