IOR-3.2.0: MPI Coordinated Test of Parallel I/O
Began               : Thu Jun  6 16:54:50 2019
Command line        : /glade/work/kpaul/software/ncar-ior/bin/ior -a MPIIO -w -r -C -i10 -g -t 64m -b 256m -c
Machine             : Linux r8i1n21
TestID              : 0
StartTime           : Thu Jun  6 16:54:50 2019
Path                : /gpfs/fs1/scratch/kpaul/ior_scaling
FS                  : 15000.0 TiB   Used FS: 59.6%   Inodes: 2355.6 Mi   Used Inodes: 62.6%

Options: 
api                 : MPIIO
apiVersion          : (3.1)
test filename       : testFile
access              : single-shared-file
type                : collective
segments            : 1
ordering in a file  : sequential
ordering inter file : constant task offset
task offset         : 1
tasks               : 8
clients per node    : 1
repetitions         : 10
xfersize            : 64 MiB
blocksize           : 256 MiB
aggregate filesize  : 2 GiB

Results: 

access    bw(MiB/s)  block(KiB) xfer(KiB)  open(s)    wr/rd(s)   close(s)   total(s)   iter
------    ---------  ---------- ---------  --------   --------   --------   --------   ----
write     21996      262144     65536      0.008010   0.084977   0.000106   0.093109   0   
read      9429       262144     65536      0.000558   0.216599   0.000044   0.217204   0   
remove    -          -          -          -          -          -          0.005211   0   
write     22712      262144     65536      0.005680   0.084395   0.000081   0.090174   1   
read      10371      262144     65536      0.000786   0.196641   0.000043   0.197477   1   
remove    -          -          -          -          -          -          0.003534   1   
write     22643      262144     65536      0.006881   0.083462   0.000088   0.090448   2   
read      8366       262144     65536      0.000513   0.244247   0.000049   0.244814   2   
remove    -          -          -          -          -          -          0.004025   2   
write     22382      262144     65536      0.006388   0.085015   0.000086   0.091503   3   
read      10818      262144     65536      0.000648   0.188624   0.000041   0.189317   3   
remove    -          -          -          -          -          -          0.005563   3   
write     22868      262144     65536      0.005903   0.083551   0.000086   0.089556   4   
read      9266       262144     65536      0.000496   0.220481   0.000041   0.221022   4   
remove    -          -          -          -          -          -          0.003923   4   
write     22065      262144     65536      0.006775   0.085907   0.000117   0.092815   5   
read      10890      262144     65536      0.000560   0.187460   0.000040   0.188064   5   
remove    -          -          -          -          -          -          0.003429   5   
write     22300      262144     65536      0.006582   0.085140   0.000098   0.091840   6   
read      11262      262144     65536      0.000449   0.181352   0.000040   0.181850   6   
remove    -          -          -          -          -          -          0.005079   6   
write     22779      262144     65536      0.006487   0.083277   0.000128   0.089907   7   
read      10942      262144     65536      0.000528   0.186595   0.000040   0.187168   7   
remove    -          -          -          -          -          -          0.004725   7   
write     22864      262144     65536      0.006278   0.083192   0.000090   0.089575   8   
read      11019      262144     65536      0.000577   0.185233   0.000043   0.185863   8   
remove    -          -          -          -          -          -          0.004512   8   
write     22568      262144     65536      0.007459   0.083181   0.000085   0.090748   9   
read      11191      262144     65536      0.000474   0.182484   0.000040   0.183003   9   
remove    -          -          -          -          -          -          0.004320   9   
Max Write: 22868.41 MiB/sec (23979.27 MB/sec)
Max Read:  11262.05 MiB/sec (11809.12 MB/sec)

Summary of all tests:
Operation   Max(MiB)   Min(MiB)  Mean(MiB)     StdDev   Max(OPs)   Min(OPs)  Mean(OPs)     StdDev    Mean(s) Test# #Tasks tPN reps fPP reord reordoff reordrand seed segcnt   blksiz    xsize aggs(MiB)   API RefNum
write       22868.41   21995.79   22517.62     301.62     357.32     343.68     351.84       4.71    0.09097     0      8   1   10   0     1        1         0    0      1 268435456 67108864    2048.0 MPIIO      0
read        11262.05    8365.55   10355.32     938.57     175.97     130.71     161.80      14.67    0.19958     0      8   1   10   0     1        1         0    0      1 268435456 67108864    2048.0 MPIIO      0
Finished            : Thu Jun  6 16:54:53 2019
