IOR-3.2.0: MPI Coordinated Test of Parallel I/O
Began               : Thu Jun  6 15:54:23 2019
Command line        : /glade/work/kpaul/software/ncar-ior/bin/ior -a NCMPI -w -r -C -i10 -g -t 8m -b 16m
Machine             : Linux r11i3n24
TestID              : 0
StartTime           : Thu Jun  6 15:54:23 2019
Path                : /gpfs/fs1/scratch/kpaul/ior_scaling
FS                  : 15000.0 TiB   Used FS: 59.5%   Inodes: 2355.6 Mi   Used Inodes: 62.6%

Options: 
api                 : NCMPI
apiVersion          : 1.11.0 of 19 Dec 2018
test filename       : testFile
access              : single-shared-file
type                : independent
segments            : 1
ordering in a file  : sequential
ordering inter file : constant task offset
task offset         : 1
tasks               : 2
clients per node    : 1
repetitions         : 10
xfersize            : 8 MiB
blocksize           : 16 MiB
aggregate filesize  : 32 MiB

Results: 

access    bw(MiB/s)  block(KiB) xfer(KiB)  open(s)    wr/rd(s)   close(s)   total(s)   iter
------    ---------  ---------- ---------  --------   --------   --------   --------   ----
write     355.51     16384      8192       0.007051   0.081823   0.001131   0.090011   0   
read      558.69     16384      8192       0.000805   0.052055   0.004412   0.057277   0   
remove    -          -          -          -          -          -          0.003912   0   
write     465.99     16384      8192       0.003902   0.063537   0.001227   0.068672   1   
read      3276.81    16384      8192       0.000484   0.006872   0.002404   0.009766   1   
remove    -          -          -          -          -          -          0.001237   1   
write     355.20     16384      8192       0.005552   0.083282   0.001250   0.090089   2   
read      1510.12    16384      8192       0.000490   0.018681   0.002014   0.021190   2   
remove    -          -          -          -          -          -          0.001712   2   
write     428.39     16384      8192       0.005784   0.067638   0.001271   0.074699   3   
read      749.07     16384      8192       0.000540   0.041402   0.000772   0.042720   3   
remove    -          -          -          -          -          -          0.001699   3   
write     640.08     16384      8192       0.005444   0.043025   0.001519   0.049994   4   
read      1420.67    16384      8192       0.000528   0.020276   0.001715   0.022525   4   
remove    -          -          -          -          -          -          0.001305   4   
write     505.75     16384      8192       0.005093   0.057062   0.001111   0.063272   5   
read      1171.55    16384      8192       0.000494   0.025191   0.001622   0.027314   5   
remove    -          -          -          -          -          -          0.001406   5   
write     502.92     16384      8192       0.005412   0.055128   0.003084   0.063629   6   
read      1027.16    16384      8192       0.000574   0.027012   0.003563   0.031154   6   
remove    -          -          -          -          -          -          0.001758   6   
write     730.57     16384      8192       0.005427   0.037247   0.001122   0.043802   7   
read      2610.71    16384      8192       0.000510   0.009713   0.002029   0.012257   7   
remove    -          -          -          -          -          -          0.001234   7   
write     438.89     16384      8192       0.005453   0.066277   0.001176   0.072912   8   
read      797.77     16384      8192       0.000494   0.036234   0.003378   0.040112   8   
remove    -          -          -          -          -          -          0.001776   8   
write     431.94     16384      8192       0.005704   0.067080   0.001296   0.074085   9   
read      1423.97    16384      8192       0.000467   0.021397   0.000603   0.022472   9   
remove    -          -          -          -          -          -          0.001395   9   
Max Write: 730.57 MiB/sec (766.05 MB/sec)
Max Read:  3276.81 MiB/sec (3435.99 MB/sec)

Summary of all tests:
Operation   Max(MiB)   Min(MiB)  Mean(MiB)     StdDev   Max(OPs)   Min(OPs)  Mean(OPs)     StdDev    Mean(s) Test# #Tasks tPN reps fPP reord reordoff reordrand seed segcnt   blksiz    xsize aggs(MiB)   API RefNum
write         730.57     355.20     485.52     112.79      91.32      44.40      60.69      14.10    0.06912     0      2   1   10   0     1        1         0    0      1 16777216  8388608      32.0 NCMPI      0
read         3276.81     558.69    1454.65     815.90     409.60      69.84     181.83     101.99    0.02868     0      2   1   10   0     1        1         0    0      1 16777216  8388608      32.0 NCMPI      0
Finished            : Thu Jun  6 15:54:24 2019
