IOR-3.2.0: MPI Coordinated Test of Parallel I/O
Began               : Thu Jun  6 16:49:05 2019
Command line        : /glade/work/kpaul/software/ncar-ior/bin/ior -a POSIX -w -r -C -i10 -g -t 32m -b 64m -e -F
Machine             : Linux r8i1n21
TestID              : 0
StartTime           : Thu Jun  6 16:49:05 2019
Path                : /gpfs/fs1/scratch/kpaul/ior_scaling
FS                  : 15000.0 TiB   Used FS: 59.6%   Inodes: 2355.6 Mi   Used Inodes: 62.6%

Options: 
api                 : POSIX
apiVersion          : 
test filename       : testFile
access              : file-per-process
type                : independent
segments            : 1
ordering in a file  : sequential
ordering inter file : constant task offset
task offset         : 1
tasks               : 8
clients per node    : 1
repetitions         : 10
xfersize            : 32 MiB
blocksize           : 64 MiB
aggregate filesize  : 512 MiB

Results: 

access    bw(MiB/s)  block(KiB) xfer(KiB)  open(s)    wr/rd(s)   close(s)   total(s)   iter
------    ---------  ---------- ---------  --------   --------   --------   --------   ----
write     1608.41    65536      32768      0.216464   0.101795   0.000056   0.318327   0   
read      8813       65536      32768      0.010521   0.047545   0.000042   0.058099   0   
remove    -          -          -          -          -          -          0.006126   0   
write     3888       65536      32768      0.005632   0.125988   0.000055   0.131688   1   
read      4535       65536      32768      0.009833   0.103006   0.000053   0.112911   1   
remove    -          -          -          -          -          -          0.006187   1   
write     2836.76    65536      32768      0.005927   0.174502   0.000065   0.180488   2   
read      6401       65536      32768      0.011287   0.068662   0.000042   0.079984   2   
remove    -          -          -          -          -          -          0.005506   2   
write     6725       65536      32768      0.006099   0.069965   0.000056   0.076135   3   
read      11613      65536      32768      0.010050   0.034005   0.000027   0.044087   3   
remove    -          -          -          -          -          -          0.005623   3   
write     3757       65536      32768      0.005273   0.130954   0.000064   0.136289   4   
read      15816      65536      32768      0.007939   0.024377   0.000044   0.032372   4   
remove    -          -          -          -          -          -          0.005989   4   
write     6248       65536      32768      0.006031   0.075844   0.000080   0.081948   5   
read      8045       65536      32768      0.010374   0.053203   0.000055   0.063646   5   
remove    -          -          -          -          -          -          0.006960   5   
write     8218       65536      32768      0.005748   0.056497   0.000064   0.062303   6   
read      10196      65536      32768      0.009800   0.040382   0.000032   0.050216   6   
remove    -          -          -          -          -          -          0.005392   6   
write     3696       65536      32768      0.005764   0.132687   0.000068   0.138519   7   
read      13383      65536      32768      0.009253   0.028964   0.000028   0.038259   7   
remove    -          -          -          -          -          -          0.005473   7   
write     7353       65536      32768      0.006091   0.063486   0.000065   0.069636   8   
read      10502      65536      32768      0.010061   0.038659   0.000043   0.048754   8   
remove    -          -          -          -          -          -          0.006159   8   
write     4892       65536      32768      0.005892   0.098718   0.000059   0.104671   9   
read      12159      65536      32768      0.009355   0.032720   0.000027   0.042109   9   
remove    -          -          -          -          -          -          0.005633   9   
Max Write: 8217.91 MiB/sec (8617.10 MB/sec)
Max Read:  15816.12 MiB/sec (16584.40 MB/sec)

Summary of all tests:
Operation   Max(MiB)   Min(MiB)  Mean(MiB)     StdDev   Max(OPs)   Min(OPs)  Mean(OPs)     StdDev    Mean(s) Test# #Tasks tPN reps fPP reord reordoff reordrand seed segcnt   blksiz    xsize aggs(MiB)   API RefNum
write        8217.91    1608.41    4922.09    2025.77     256.81      50.26     153.82      63.31    0.13000     0      8   1   10   1     1        1         0    0      1 67108864 33554432     512.0 POSIX      0
read        15816.12    4534.54   10146.14    3172.77     494.25     141.70     317.07      99.15    0.05704     0      8   1   10   1     1        1         0    0      1 67108864 33554432     512.0 POSIX      0
Finished            : Thu Jun  6 16:49:07 2019
