IOR-3.2.0: MPI Coordinated Test of Parallel I/O
Began               : Wed Jun 12 08:05:39 2019
Command line        : /glade/work/kpaul/software/ncar-ior/bin/ior -a MPIIO -w -r -C -i10 -g -t 8m -b 8m -c
Machine             : Linux r1i1n28
TestID              : 0
StartTime           : Wed Jun 12 08:05:39 2019
Path                : /gpfs/fs1/scratch/kpaul/ior_scaling
FS                  : 15000.0 TiB   Used FS: 60.4%   Inodes: 2355.6 Mi   Used Inodes: 61.5%

Options: 
api                 : MPIIO
apiVersion          : (3.1)
test filename       : testFile
access              : single-shared-file
type                : collective
segments            : 1
ordering in a file  : sequential
ordering inter file : constant task offset
task offset         : 1
tasks               : 32
clients per node    : 1
repetitions         : 10
xfersize            : 8 MiB
blocksize           : 8 MiB
aggregate filesize  : 256 MiB

Results: 

access    bw(MiB/s)  block(KiB) xfer(KiB)  open(s)    wr/rd(s)   close(s)   total(s)   iter
------    ---------  ---------- ---------  --------   --------   --------   --------   ----
write     12488      8192       8192       0.007057   0.013365   0.000077   0.020499   0   
read      5849       8192       8192       0.001441   0.042284   0.000044   0.043765   0   
remove    -          -          -          -          -          -          0.008512   0   
write     13521      8192       8192       0.006900   0.011965   0.000070   0.018933   1   
read      4111       8192       8192       0.000969   0.060875   0.000425   0.062265   1   
remove    -          -          -          -          -          -          0.008423   1   
write     13340      8192       8192       0.005799   0.013287   0.000110   0.019191   2   
read      1869.23    8192       8192       0.001130   0.135703   0.000131   0.136955   2   
remove    -          -          -          -          -          -          0.008844   2   
write     14299      8192       8192       0.006060   0.011784   0.000064   0.017903   3   
read      4763       8192       8192       0.001473   0.052084   0.000189   0.053750   3   
remove    -          -          -          -          -          -          0.008163   3   
write     13483      8192       8192       0.005862   0.012999   0.000124   0.018986   4   
read      5390       8192       8192       0.001984   0.045478   0.000042   0.047497   4   
remove    -          -          -          -          -          -          0.009875   4   
write     260.50     8192       8192       0.795774   0.186880   0.000071   0.982716   5   
read      4449       8192       8192       0.000907   0.056579   0.000064   0.057546   5   
remove    -          -          -          -          -          -          0.008317   5   
write     13086      8192       8192       0.006211   0.013271   0.000081   0.019562   6   
read      2794.65    8192       8192       0.001404   0.090142   0.000065   0.091604   6   
remove    -          -          -          -          -          -          0.009170   6   
write     14043      8192       8192       0.006022   0.011926   0.000281   0.018230   7   
read      4739       8192       8192       0.000914   0.053070   0.000049   0.054025   7   
remove    -          -          -          -          -          -          0.007316   7   
write     12959      8192       8192       0.006637   0.013027   0.000087   0.019755   8   
read      3758       8192       8192       0.001334   0.066698   0.000093   0.068127   8   
remove    -          -          -          -          -          -          0.009080   8   
write     13511      8192       8192       0.005913   0.012857   0.000173   0.018947   9   
read      5266       8192       8192       0.001335   0.047089   0.000189   0.048614   9   
remove    -          -          -          -          -          -          0.008550   9   
Max Write: 14298.90 MiB/sec (14993.49 MB/sec)
Max Read:  5849.48 MiB/sec (6133.63 MB/sec)

Summary of all tests:
Operation   Max(MiB)   Min(MiB)  Mean(MiB)     StdDev   Max(OPs)   Min(OPs)  Mean(OPs)     StdDev    Mean(s) Test# #Tasks tPN reps fPP reord reordoff reordrand seed segcnt   blksiz    xsize aggs(MiB)   API RefNum
write       14298.90     260.50   12099.20    3976.29    1787.36      32.56    1512.40     497.04    0.11547     0     32   1   10   0     1        1         0    0      1  8388608  8388608     256.0 MPIIO      0
read         5849.48    1869.23    4298.83    1159.94     731.19     233.65     537.35     144.99    0.06641     0     32   1   10   0     1        1         0    0      1  8388608  8388608     256.0 MPIIO      0
Finished            : Wed Jun 12 08:05:41 2019
