IOR-3.2.0: MPI Coordinated Test of Parallel I/O
Began               : Thu Jun  6 16:22:44 2019
Command line        : /glade/work/kpaul/software/ncar-ior/bin/ior -a HDF5 -w -r -C -i10 -g -t 16m -b 32m -c
Machine             : Linux r8i1n18
TestID              : 0
StartTime           : Thu Jun  6 16:22:44 2019
Path                : /gpfs/fs1/scratch/kpaul/ior_scaling
FS                  : 15000.0 TiB   Used FS: 59.5%   Inodes: 2355.6 Mi   Used Inodes: 62.6%

Options: 
api                 : HDF5
apiVersion          : 1.8.21 (Parallel)
test filename       : testFile
access              : single-shared-file
type                : collective
segments            : 1
ordering in a file  : sequential
ordering inter file : constant task offset
task offset         : 1
tasks               : 4
clients per node    : 1
repetitions         : 10
xfersize            : 16 MiB
blocksize           : 32 MiB
aggregate filesize  : 128 MiB

Results: 

access    bw(MiB/s)  block(KiB) xfer(KiB)  open(s)    wr/rd(s)   close(s)   total(s)   iter
------    ---------  ---------- ---------  --------   --------   --------   --------   ----
write     623.19     32768      16384      0.006968   0.122835   0.075587   0.205395   0   
read      1975.53    32768      16384      0.005598   0.059027   0.000164   0.064793   0   
remove    -          -          -          -          -          -          0.000266   0   
write     1137.32    32768      16384      0.002315   0.045096   0.065134   0.112545   1   
read      2424.25    32768      16384      0.006239   0.046369   0.000190   0.052800   1   
remove    -          -          -          -          -          -          0.000304   1   
write     1553.94    32768      16384      0.002080   0.046411   0.033871   0.082371   2   
read      3344.30    32768      16384      0.004438   0.033651   0.000176   0.038274   2   
remove    -          -          -          -          -          -          0.000280   2   
write     1590.71    32768      16384      0.002029   0.046373   0.032063   0.080467   3   
read      3339.01    32768      16384      0.005046   0.033096   0.000188   0.038335   3   
remove    -          -          -          -          -          -          0.000298   3   
write     1568.87    32768      16384      0.001832   0.044999   0.034752   0.081587   4   
read      3347.92    32768      16384      0.005015   0.033036   0.000178   0.038233   4   
remove    -          -          -          -          -          -          0.000205   4   
write     1360.85    32768      16384      0.002215   0.047939   0.043900   0.094059   5   
read      3298.65    32768      16384      0.004706   0.033925   0.000166   0.038804   5   
remove    -          -          -          -          -          -          0.000325   5   
write     2020.06    32768      16384      0.001717   0.046694   0.014949   0.063364   6   
read      1765.42    32768      16384      0.004806   0.067519   0.000174   0.072504   6   
remove    -          -          -          -          -          -          0.000248   6   
write     1869.54    32768      16384      0.002248   0.050075   0.016140   0.068466   7   
read      3311.80    32768      16384      0.004964   0.033492   0.000189   0.038650   7   
remove    -          -          -          -          -          -          0.000278   7   
write     2059.85    32768      16384      0.002448   0.044033   0.015655   0.062140   8   
read      3295.76    32768      16384      0.004674   0.033970   0.000191   0.038838   8   
remove    -          -          -          -          -          -          0.000330   8   
write     1227.59    32768      16384      0.002674   0.066760   0.034836   0.104270   9   
read      3023.51    32768      16384      0.004907   0.037253   0.000171   0.042335   9   
remove    -          -          -          -          -          -          0.000259   9   
Max Write: 2059.85 MiB/sec (2159.91 MB/sec)
Max Read:  3347.92 MiB/sec (3510.55 MB/sec)

Summary of all tests:
Operation   Max(MiB)   Min(MiB)  Mean(MiB)     StdDev   Max(OPs)   Min(OPs)  Mean(OPs)     StdDev    Mean(s) Test# #Tasks tPN reps fPP reord reordoff reordrand seed segcnt   blksiz    xsize aggs(MiB)   API RefNum
write        2059.85     623.19    1501.19     415.96     128.74      38.95      93.82      26.00    0.09547     0      4   1   10   0     1        1         0    0      1 33554432 16777216     128.0 HDF5      0
read         3347.92    1765.42    2912.62     588.03     209.25     110.34     182.04      36.75    0.04636     0      4   1   10   0     1        1         0    0      1 33554432 16777216     128.0 HDF5      0
Finished            : Thu Jun  6 16:22:46 2019
