IOR-3.2.0: MPI Coordinated Test of Parallel I/O
Began               : Thu Jun  6 15:58:30 2019
Command line        : /glade/work/kpaul/software/ncar-ior/bin/ior -a POSIX -w -r -C -i10 -g -t 64m -b 256m -e -F
Machine             : Linux r11i3n24
TestID              : 0
StartTime           : Thu Jun  6 15:58:30 2019
Path                : /gpfs/fs1/scratch/kpaul/ior_scaling
FS                  : 15000.0 TiB   Used FS: 59.5%   Inodes: 2355.6 Mi   Used Inodes: 62.6%

Options: 
api                 : POSIX
apiVersion          : 
test filename       : testFile
access              : file-per-process
type                : independent
segments            : 1
ordering in a file  : sequential
ordering inter file : constant task offset
task offset         : 1
tasks               : 2
clients per node    : 1
repetitions         : 10
xfersize            : 64 MiB
blocksize           : 256 MiB
aggregate filesize  : 512 MiB

Results: 

access    bw(MiB/s)  block(KiB) xfer(KiB)  open(s)    wr/rd(s)   close(s)   total(s)   iter
------    ---------  ---------- ---------  --------   --------   --------   --------   ----
write     3993       262144     65536      0.002227   0.125931   0.000046   0.128221   0   
read      6592       262144     65536      0.003536   0.074086   0.000026   0.077665   0   
remove    -          -          -          -          -          -          0.003943   0   
write     3338.53    262144     65536      0.005012   0.148289   0.000044   0.153361   1   
read      5557       262144     65536      0.003565   0.088531   0.000024   0.092140   1   
remove    -          -          -          -          -          -          0.004077   1   
write     2186.30    262144     65536      0.005566   0.228561   0.000040   0.234186   2   
read      6718       262144     65536      0.003176   0.072987   0.000024   0.076212   2   
remove    -          -          -          -          -          -          0.005025   2   
write     4872       262144     65536      0.004968   0.100068   0.000044   0.105096   3   
read      6165       262144     65536      0.003463   0.079547   0.000027   0.083053   3   
remove    -          -          -          -          -          -          0.004510   3   
write     4598       262144     65536      0.004850   0.106437   0.000043   0.111349   4   
read      6738       262144     65536      0.003529   0.072422   0.000024   0.075991   4   
remove    -          -          -          -          -          -          0.003914   4   
write     5250       262144     65536      0.004827   0.092642   0.000043   0.097530   5   
read      4224       262144     65536      0.003528   0.117639   0.000025   0.121210   5   
remove    -          -          -          -          -          -          0.003982   5   
write     3425.38    262144     65536      0.004747   0.144666   0.000042   0.149473   6   
read      6843       262144     65536      0.003206   0.071575   0.000024   0.074822   6   
remove    -          -          -          -          -          -          0.005004   6   
write     4100       262144     65536      0.005005   0.119816   0.000040   0.124877   7   
read      6175       262144     65536      0.002778   0.080095   0.000025   0.082915   7   
remove    -          -          -          -          -          -          0.004242   7   
write     4661       262144     65536      0.005345   0.104434   0.000040   0.109836   8   
read      5467       262144     65536      0.003203   0.090407   0.000026   0.093652   8   
remove    -          -          -          -          -          -          0.003883   8   
write     4776       262144     65536      0.007720   0.099427   0.000040   0.107204   9   
read      6802       262144     65536      0.003506   0.071729   0.000025   0.075277   9   
remove    -          -          -          -          -          -          0.004390   9   
Max Write: 5249.66 MiB/sec (5504.66 MB/sec)
Max Read:  6842.92 MiB/sec (7175.32 MB/sec)

Summary of all tests:
Operation   Max(MiB)   Min(MiB)  Mean(MiB)     StdDev   Max(OPs)   Min(OPs)  Mean(OPs)     StdDev    Mean(s) Test# #Tasks tPN reps fPP reord reordoff reordrand seed segcnt   blksiz    xsize aggs(MiB)   API RefNum
write        5249.66    2186.30    4120.03     874.20      82.03      34.16      64.38      13.66    0.13211     0      2   1   10   1     1        1         0    0      1 268435456 67108864     512.0 POSIX      0
read         6842.92    4224.09    6128.02     793.22     106.92      66.00      95.75      12.39    0.08529     0      2   1   10   1     1        1         0    0      1 268435456 67108864     512.0 POSIX      0
Finished            : Thu Jun  6 15:58:32 2019
