IOR-3.2.0: MPI Coordinated Test of Parallel I/O
Began               : Thu Jun  6 15:21:12 2019
Command line        : /glade/work/kpaul/software/ncar-ior/bin/ior -a POSIX -w -r -C -i10 -g -t 256m -b 256m -e -F
Machine             : Linux r1i1n0
TestID              : 0
StartTime           : Thu Jun  6 15:21:12 2019
Path                : /gpfs/fs1/scratch/kpaul/ior_scaling
FS                  : 15000.0 TiB   Used FS: 59.5%   Inodes: 2355.6 Mi   Used Inodes: 62.6%

Options: 
api                 : POSIX
apiVersion          : 
test filename       : testFile
access              : file-per-process
type                : independent
segments            : 1
ordering in a file  : sequential
ordering inter file : constant task offset
task offset         : 1
tasks               : 1
clients per node    : 1
repetitions         : 10
xfersize            : 256 MiB
blocksize           : 256 MiB
aggregate filesize  : 256 MiB

Results: 

access    bw(MiB/s)  block(KiB) xfer(KiB)  open(s)    wr/rd(s)   close(s)   total(s)   iter
------    ---------  ---------- ---------  --------   --------   --------   --------   ----
write     1406.89    262144     262144     0.002408   0.179522   0.000030   0.181962   0   
read      3383.29    262144     262144     0.000018   0.075626   0.000020   0.075666   0   
remove    -          -          -          -          -          -          0.000278   0   
write     2028.66    262144     262144     0.000105   0.126059   0.000027   0.126192   1   
read      3778       262144     262144     0.000017   0.067718   0.000017   0.067754   1   
remove    -          -          -          -          -          -          0.000093   1   
write     2085.22    262144     262144     0.000095   0.122647   0.000025   0.122769   2   
read      3754       262144     262144     0.000017   0.068096   0.000078   0.068193   2   
remove    -          -          -          -          -          -          0.000094   2   
write     2329.59    262144     262144     0.000106   0.109755   0.000028   0.109891   3   
read      3763       262144     262144     0.000017   0.067994   0.000018   0.068031   3   
remove    -          -          -          -          -          -          0.000095   3   
write     2156.95    262144     262144     0.002771   0.115886   0.000026   0.118686   4   
read      3761       262144     262144     0.000016   0.068026   0.000018   0.068062   4   
remove    -          -          -          -          -          -          0.000090   4   
write     970.67     262144     262144     0.000094   0.263613   0.000026   0.263735   5   
read      3763       262144     262144     0.000017   0.067993   0.000016   0.068028   5   
remove    -          -          -          -          -          -          0.000091   5   
write     1636.11    262144     262144     0.000098   0.156342   0.000026   0.156469   6   
read      3766       262144     262144     0.000018   0.067935   0.000019   0.067974   6   
remove    -          -          -          -          -          -          0.000089   6   
write     1937.20    262144     262144     0.000100   0.132022   0.000026   0.132150   7   
read      3761       262144     262144     0.000016   0.068027   0.000018   0.068063   7   
remove    -          -          -          -          -          -          0.000097   7   
write     2169.74    262144     262144     0.000099   0.117859   0.000026   0.117987   8   
read      3752       262144     262144     0.000016   0.068191   0.000020   0.068228   8   
remove    -          -          -          -          -          -          0.000095   8   
write     1739.44    262144     262144     0.000099   0.147047   0.000026   0.147174   9   
read      3761       262144     262144     0.000017   0.068029   0.000019   0.068067   9   
remove    -          -          -          -          -          -          0.000090   9   
Max Write: 2329.59 MiB/sec (2442.75 MB/sec)
Max Read:  3778.37 MiB/sec (3961.91 MB/sec)

Summary of all tests:
Operation   Max(MiB)   Min(MiB)  Mean(MiB)     StdDev   Max(OPs)   Min(OPs)  Mean(OPs)     StdDev    Mean(s) Test# #Tasks tPN reps fPP reord reordoff reordrand seed segcnt   blksiz    xsize aggs(MiB)   API RefNum
write        2329.59     970.67    1846.05     393.53       9.10       3.79       7.21       1.54    0.14770     0      1   1   10   1     1        1         0    0      1 268435456 268435456     256.0 POSIX      0
read         3778.37    3383.29    3724.35     113.89      14.76      13.22      14.55       0.44    0.06881     0      1   1   10   1     1        1         0    0      1 268435456 268435456     256.0 POSIX      0
Finished            : Thu Jun  6 15:21:14 2019
