IOR-3.2.0: MPI Coordinated Test of Parallel I/O
Began               : Wed Jun 12 09:25:47 2019
Command line        : /glade/work/kpaul/software/ncar-ior/bin/ior -a HDF5 -w -r -C -i10 -g -t 256m -b 1024m -c
Machine             : Linux r5i0n9
TestID              : 0
StartTime           : Wed Jun 12 09:25:47 2019
Path                : /gpfs/fs1/scratch/kpaul/ior_scaling
FS                  : 15000.0 TiB   Used FS: 60.3%   Inodes: 2355.6 Mi   Used Inodes: 61.5%

Options: 
api                 : HDF5
apiVersion          : 1.8.21 (Parallel)
test filename       : testFile
access              : single-shared-file
type                : collective
segments            : 1
ordering in a file  : sequential
ordering inter file : constant task offset
task offset         : 1
tasks               : 64
clients per node    : 1
repetitions         : 10
xfersize            : 256 MiB
blocksize           : 1 GiB
aggregate filesize  : 64 GiB

Results: 

access    bw(MiB/s)  block(KiB) xfer(KiB)  open(s)    wr/rd(s)   close(s)   total(s)   iter
------    ---------  ---------- ---------  --------   --------   --------   --------   ----
write     28.84      1048576    262144     0.030365   2272.28    0.174537   2272.49    0   
read      40667      1048576    262144     0.079634   1.46       0.069039   1.61       0   
remove    -          -          -          -          -          -          0.000362   0   
write     16429      1048576    262144     0.473560   3.41       0.112318   3.99       1   
read      40967      1048576    262144     0.058653   1.44       0.102467   1.60       1   
remove    -          -          -          -          -          -          0.000316   1   
write     15966      1048576    262144     0.237259   3.77       0.098776   4.10       2   
read      40772      1048576    262144     0.058990   1.50       0.054386   1.61       2   
remove    -          -          -          -          -          -          0.000318   2   
write     18674      1048576    262144     0.244993   3.20       0.069525   3.51       3   
read      40030      1048576    262144     0.058549   1.51       0.066218   1.64       3   
remove    -          -          -          -          -          -          0.000294   3   
write     18175      1048576    262144     0.300185   3.24       0.064555   3.61       4   
read      36093      1048576    262144     0.060928   1.57       0.189729   1.82       4   
remove    -          -          -          -          -          -          0.000361   4   
write     18299      1048576    262144     0.241581   3.28       0.062694   3.58       5   
read      47825      1048576    262144     0.055852   1.25       0.065586   1.37       5   
remove    -          -          -          -          -          -          0.000476   5   
write     17228      1048576    262144     0.263219   3.51       0.037466   3.80       6   
read      40071      1048576    262144     0.071337   1.47       0.094769   1.64       6   
remove    -          -          -          -          -          -          0.000258   6   
write     16849      1048576    262144     0.231351   3.60       0.057866   3.89       7   
read      41765      1048576    262144     0.113816   1.40       0.060345   1.57       7   
remove    -          -          -          -          -          -          0.000348   7   
write     18812      1048576    262144     0.231196   3.13       0.128736   3.48       8   
read      44085      1048576    262144     0.086706   1.33       0.068268   1.49       8   
remove    -          -          -          -          -          -          0.000250   8   
write     15076      1048576    262144     0.391390   3.87       0.085034   4.35       9   
read      29496      1048576    262144     0.081332   2.07       0.076572   2.22       9   
remove    -          -          -          -          -          -          0.000295   9   
Max Write: 18812.23 MiB/sec (19726.05 MB/sec)
Max Read:  47825.18 MiB/sec (50148.33 MB/sec)

Summary of all tests:
Operation   Max(MiB)   Min(MiB)  Mean(MiB)     StdDev   Max(OPs)   Min(OPs)  Mean(OPs)     StdDev    Mean(s) Test# #Tasks tPN reps fPP reord reordoff reordrand seed segcnt   blksiz    xsize aggs(MiB)   API RefNum
write       18812.23      28.84   15553.88    5305.02      73.49       0.11      60.76      20.72  230.67997     0     64   1   10   0     1        1         0    0      1 1073741824 268435456   65536.0 HDF5      0
read        47825.18   29495.62   40177.04    4564.05     186.82     115.22     156.94      17.83    1.65550     0     64   1   10   0     1        1         0    0      1 1073741824 268435456   65536.0 HDF5      0
Finished            : Wed Jun 12 10:04:31 2019
