IOR-3.2.0: MPI Coordinated Test of Parallel I/O
Began               : Thu Jun  6 15:55:09 2019
Command line        : /glade/work/kpaul/software/ncar-ior/bin/ior -a NCMPI -w -r -C -i10 -g -t 64m -b 128m
Machine             : Linux r11i3n24
TestID              : 0
StartTime           : Thu Jun  6 15:55:09 2019
Path                : /gpfs/fs1/scratch/kpaul/ior_scaling
FS                  : 15000.0 TiB   Used FS: 59.5%   Inodes: 2355.6 Mi   Used Inodes: 62.6%

Options: 
api                 : NCMPI
apiVersion          : 1.11.0 of 19 Dec 2018
test filename       : testFile
access              : single-shared-file
type                : independent
segments            : 1
ordering in a file  : sequential
ordering inter file : constant task offset
task offset         : 1
tasks               : 2
clients per node    : 1
repetitions         : 10
xfersize            : 64 MiB
blocksize           : 128 MiB
aggregate filesize  : 256 MiB

Results: 

access    bw(MiB/s)  block(KiB) xfer(KiB)  open(s)    wr/rd(s)   close(s)   total(s)   iter
------    ---------  ---------- ---------  --------   --------   --------   --------   ----
write     1797.20    131072     65536      0.008753   0.132419   0.001257   0.142444   0   
read      2929.01    131072     65536      0.000804   0.083974   0.002611   0.087401   0   
remove    -          -          -          -          -          -          0.001976   0   
write     1765.86    131072     65536      0.004451   0.138630   0.001876   0.144972   1   
read      3294.16    131072     65536      0.000677   0.076881   0.000142   0.077713   1   
remove    -          -          -          -          -          -          0.002088   1   
write     1906.38    131072     65536      0.006478   0.126111   0.001683   0.134286   2   
read      3691       131072     65536      0.000607   0.068180   0.000565   0.069366   2   
remove    -          -          -          -          -          -          0.001838   2   
write     2127.83    131072     65536      0.006332   0.112351   0.001613   0.120310   3   
read      4561       131072     65536      0.000613   0.053193   0.002309   0.056127   3   
remove    -          -          -          -          -          -          0.001886   3   
write     2276.86    131072     65536      0.006104   0.104692   0.001626   0.112436   4   
read      980.81     131072     65536      0.000625   0.133229   0.127142   0.261009   4   
remove    -          -          -          -          -          -          0.001596   4   
write     1528.80    131072     65536      0.006220   0.159293   0.001924   0.167451   5   
read      5904       131072     65536      0.000571   0.042194   0.000585   0.043364   5   
remove    -          -          -          -          -          -          0.001660   5   
write     2280.96    131072     65536      0.006475   0.101935   0.003810   0.112233   6   
read      5005       131072     65536      0.000555   0.049742   0.000837   0.051147   6   
remove    -          -          -          -          -          -          0.001744   6   
write     2149.44    131072     65536      0.005586   0.111875   0.001625   0.119101   7   
read      5135       131072     65536      0.000601   0.048114   0.001123   0.049854   7   
remove    -          -          -          -          -          -          0.001572   7   
write     1925.43    131072     65536      0.005574   0.125575   0.001794   0.132957   8   
read      5292       131072     65536      0.000542   0.047092   0.000725   0.048373   8   
remove    -          -          -          -          -          -          0.001637   8   
write     2336.68    131072     65536      0.005740   0.101700   0.002103   0.109557   9   
read      4743       131072     65536      0.000499   0.051194   0.002262   0.053969   9   
remove    -          -          -          -          -          -          0.001835   9   
Max Write: 2336.68 MiB/sec (2450.18 MB/sec)
Max Read:  5903.55 MiB/sec (6190.33 MB/sec)

Summary of all tests:
Operation   Max(MiB)   Min(MiB)  Mean(MiB)     StdDev   Max(OPs)   Min(OPs)  Mean(OPs)     StdDev    Mean(s) Test# #Tasks tPN reps fPP reord reordoff reordrand seed segcnt   blksiz    xsize aggs(MiB)   API RefNum
write        2336.68    1528.80    2009.54     252.79      36.51      23.89      31.40       3.95    0.12957     0      2   1   10   0     1        1         0    0      1 134217728 67108864     256.0 NCMPI      0
read         5903.55     980.81    4153.50    1381.31      92.24      15.33      64.90      21.58    0.07983     0      2   1   10   0     1        1         0    0      1 134217728 67108864     256.0 NCMPI      0
Finished            : Thu Jun  6 15:55:12 2019
