IOR-3.2.0: MPI Coordinated Test of Parallel I/O
Began               : Wed Jun 12 09:12:41 2019
Command line        : /glade/work/kpaul/software/ncar-ior/bin/ior -a POSIX -w -r -C -i10 -g -t 8m -b 32m -e -F
Machine             : Linux r5i0n9
TestID              : 0
StartTime           : Wed Jun 12 09:12:41 2019
Path                : /gpfs/fs1/scratch/kpaul/ior_scaling
FS                  : 15000.0 TiB   Used FS: 60.4%   Inodes: 2355.6 Mi   Used Inodes: 61.5%

Options: 
api                 : POSIX
apiVersion          : 
test filename       : testFile
access              : file-per-process
type                : independent
segments            : 1
ordering in a file  : sequential
ordering inter file : constant task offset
task offset         : 1
tasks               : 64
clients per node    : 1
repetitions         : 10
xfersize            : 8 MiB
blocksize           : 32 MiB
aggregate filesize  : 2 GiB

Results: 

access    bw(MiB/s)  block(KiB) xfer(KiB)  open(s)    wr/rd(s)   close(s)   total(s)   iter
------    ---------  ---------- ---------  --------   --------   --------   --------   ----
write     17138      32768      8192       0.013388   0.106051   0.000053   0.119504   0   
read      21018      32768      8192       0.059831   0.037570   0.000021   0.097442   0   
remove    -          -          -          -          -          -          0.017285   0   
write     12646      32768      8192       0.020085   0.141798   0.000048   0.161943   1   
read      18228      32768      8192       0.062537   0.049777   0.000028   0.112357   1   
remove    -          -          -          -          -          -          0.018492   1   
write     15313      32768      8192       0.019393   0.114234   0.000093   0.133740   2   
read      17679      32768      8192       0.060278   0.055531   0.000020   0.115846   2   
remove    -          -          -          -          -          -          0.018191   2   
write     17447      32768      8192       0.020793   0.096523   0.000045   0.117381   3   
read      21211      32768      8192       0.058863   0.037647   0.000025   0.096552   3   
remove    -          -          -          -          -          -          0.017186   3   
write     11418      32768      8192       0.027656   0.151640   0.000051   0.179361   4   
read      16710      32768      8192       0.053585   0.068924   0.000037   0.122558   4   
remove    -          -          -          -          -          -          0.013851   4   
write     18880      32768      8192       0.018846   0.089555   0.000049   0.108475   5   
read      21377      32768      8192       0.063129   0.032636   0.000018   0.095803   5   
remove    -          -          -          -          -          -          0.018001   5   
write     5986       32768      8192       0.018389   0.323671   0.000050   0.342131   6   
read      14811      32768      8192       0.060631   0.077609   0.000020   0.138277   6   
remove    -          -          -          -          -          -          0.018203   6   
write     14556      32768      8192       0.020224   0.120410   0.000042   0.140697   7   
read      15587      32768      8192       0.062451   0.068902   0.000024   0.131392   7   
remove    -          -          -          -          -          -          0.017975   7   
write     12066      32768      8192       0.027549   0.142119   0.000050   0.169737   8   
read      15601      32768      8192       0.050804   0.080435   0.000020   0.131270   8   
remove    -          -          -          -          -          -          0.014165   8   
write     16131      32768      8192       0.020052   0.106843   0.000053   0.126963   9   
read      21427      32768      8192       0.062396   0.033148   0.000021   0.095581   9   
remove    -          -          -          -          -          -          0.018564   9   
Max Write: 18879.99 MiB/sec (19797.11 MB/sec)
Max Read:  21426.83 MiB/sec (22467.66 MB/sec)

Summary of all tests:
Operation   Max(MiB)   Min(MiB)  Mean(MiB)     StdDev   Max(OPs)   Min(OPs)  Mean(OPs)     StdDev    Mean(s) Test# #Tasks tPN reps fPP reord reordoff reordrand seed segcnt   blksiz    xsize aggs(MiB)   API RefNum
write       18879.99    5986.01   14158.15    3582.31    2360.00     748.25    1769.77     447.79    0.15999     0     64   1   10   1     1        1         0    0      1 33554432  8388608    2048.0 POSIX      0
read        21426.83   14810.87   18364.88    2545.59    2678.35    1851.36    2295.61     318.20    0.11371     0     64   1   10   1     1        1         0    0      1 33554432  8388608    2048.0 POSIX      0
Finished            : Wed Jun 12 09:12:44 2019
