IOR-3.2.0: MPI Coordinated Test of Parallel I/O
Began               : Wed Jun 12 08:33:33 2019
Command line        : /glade/work/kpaul/software/ncar-ior/bin/ior -a NCMPI -w -r -C -i10 -g -t 64m -b 512m
Machine             : Linux r1i1n28
TestID              : 0
StartTime           : Wed Jun 12 08:33:33 2019
Path                : /gpfs/fs1/scratch/kpaul/ior_scaling
FS                  : 15000.0 TiB   Used FS: 60.4%   Inodes: 2355.6 Mi   Used Inodes: 61.4%

Options: 
api                 : NCMPI
apiVersion          : 1.11.0 of 19 Dec 2018
test filename       : testFile
access              : single-shared-file
type                : independent
segments            : 1
ordering in a file  : sequential
ordering inter file : constant task offset
task offset         : 1
tasks               : 32
clients per node    : 1
repetitions         : 10
xfersize            : 64 MiB
blocksize           : 512 MiB
aggregate filesize  : 16 GiB

Results: 

access    bw(MiB/s)  block(KiB) xfer(KiB)  open(s)    wr/rd(s)   close(s)   total(s)   iter
------    ---------  ---------- ---------  --------   --------   --------   --------   ----
write     10716      524288     65536      0.013119   1.51       0.001850   1.53       0   
read      53026      524288     65536      0.002083   0.251183   0.055696   0.308979   0   
remove    -          -          -          -          -          -          0.002801   0   
write     5643       524288     65536      0.008260   2.89       0.001641   2.90       1   
read      33260      524288     65536      0.004339   0.485462   0.002785   0.492604   1   
remove    -          -          -          -          -          -          0.007648   1   
write     12430      524288     65536      0.008642   1.31       0.001666   1.32       2   
read      54597      524288     65536      0.001458   0.295256   0.003358   0.300090   2   
remove    -          -          -          -          -          -          0.003108   2   
write     4077       524288     65536      0.007264   4.01       0.001672   4.02       3   
read      33400      524288     65536      0.004022   0.463092   0.023419   0.490544   3   
remove    -          -          -          -          -          -          0.006834   3   
write     9326       524288     65536      0.006743   1.70       0.049943   1.76       4   
read      37248      524288     65536      0.002292   0.379222   0.058343   0.439866   4   
remove    -          -          -          -          -          -          0.004771   4   
write     8062       524288     65536      0.016493   1.99       0.029212   2.03       5   
read      31129      524288     65536      0.001585   0.494209   0.030510   0.526332   5   
remove    -          -          -          -          -          -          0.003503   5   
write     4418       524288     65536      0.007425   3.70       0.001516   3.71       6   
read      19754      524288     65536      0.004394   0.733465   0.091547   0.829407   6   
remove    -          -          -          -          -          -          0.008331   6   
write     8502       524288     65536      0.007303   1.91       0.010465   1.93       7   
read      27754      524288     65536      0.005774   0.463115   0.121433   0.590325   7   
remove    -          -          -          -          -          -          0.011653   7   
write     10190      524288     65536      0.008720   1.60       0.003453   1.61       8   
read      30031      524288     65536      0.017205   0.414384   0.113999   0.545565   8   
remove    -          -          -          -          -          -          0.008088   8   
write     10215      524288     65536      0.009920   1.59       0.001340   1.60       9   
read      42342      524288     65536      0.004398   0.319778   0.062803   0.386947   9   
remove    -          -          -          -          -          -          0.008651   9   
Max Write: 12430.11 MiB/sec (13033.92 MB/sec)
Max Read:  54597.03 MiB/sec (57249.14 MB/sec)

Summary of all tests:
Operation   Max(MiB)   Min(MiB)  Mean(MiB)     StdDev   Max(OPs)   Min(OPs)  Mean(OPs)     StdDev    Mean(s) Test# #Tasks tPN reps fPP reord reordoff reordrand seed segcnt   blksiz    xsize aggs(MiB)   API RefNum
write       12430.11    4077.25    8357.86    2668.47     194.22      63.71     130.59      41.69    2.24052     0     32   1   10   0     1        1         0    0      1 536870912 67108864   16384.0 NCMPI      0
read        54597.03   19753.86   36254.03   10403.97     853.08     308.65     566.47     162.56    0.49107     0     32   1   10   0     1        1         0    0      1 536870912 67108864   16384.0 NCMPI      0
Finished            : Wed Jun 12 08:34:01 2019
