IOR-3.2.0: MPI Coordinated Test of Parallel I/O
Began               : Wed Jun 12 08:29:21 2019
Command line        : /glade/work/kpaul/software/ncar-ior/bin/ior -a HDF5 -w -r -C -i10 -g -t 8m -b 64m -c
Machine             : Linux r1i1n28
TestID              : 0
StartTime           : Wed Jun 12 08:29:21 2019
Path                : /gpfs/fs1/scratch/kpaul/ior_scaling
FS                  : 15000.0 TiB   Used FS: 60.4%   Inodes: 2355.6 Mi   Used Inodes: 61.5%

Options: 
api                 : HDF5
apiVersion          : 1.8.21 (Parallel)
test filename       : testFile
access              : single-shared-file
type                : collective
segments            : 1
ordering in a file  : sequential
ordering inter file : constant task offset
task offset         : 1
tasks               : 32
clients per node    : 1
repetitions         : 10
xfersize            : 8 MiB
blocksize           : 64 MiB
aggregate filesize  : 2 GiB

Results: 

access    bw(MiB/s)  block(KiB) xfer(KiB)  open(s)    wr/rd(s)   close(s)   total(s)   iter
------    ---------  ---------- ---------  --------   --------   --------   --------   ----
write     732.16     65536      8192       0.012769   2.67       0.112969   2.80       0   
read      6129       65536      8192       0.031787   0.302210   0.000185   0.334168   0   
remove    -          -          -          -          -          -          0.000259   0   
write     2224.40    65536      8192       0.010903   0.604057   0.305753   0.920696   1   
read      8433       65536      8192       0.029720   0.187860   0.025290   0.242866   1   
remove    -          -          -          -          -          -          0.000274   1   
write     4673       65536      8192       0.014206   0.372128   0.051953   0.438269   2   
read      9800       65536      8192       0.026566   0.157107   0.025307   0.208977   2   
remove    -          -          -          -          -          -          0.000288   2   
write     4658       65536      8192       0.012696   0.351205   0.075812   0.439696   3   
read      10714      65536      8192       0.026524   0.145645   0.018989   0.191150   3   
remove    -          -          -          -          -          -          0.000275   3   
write     5029       65536      8192       0.011540   0.353923   0.041817   0.407275   4   
read      11930      65536      8192       0.028791   0.138577   0.004313   0.171667   4   
remove    -          -          -          -          -          -          0.000323   4   
write     4905       65536      8192       0.011336   0.342294   0.063869   0.417496   5   
read      10717      65536      8192       0.028359   0.148899   0.013830   0.191095   5   
remove    -          -          -          -          -          -          0.000310   5   
write     5079       65536      8192       0.012975   0.340152   0.050090   0.403209   6   
read      14749      65536      8192       0.026892   0.104714   0.007244   0.138853   6   
remove    -          -          -          -          -          -          0.000292   6   
write     5377       65536      8192       0.009305   0.304156   0.067453   0.380901   7   
read      13703      65536      8192       0.028521   0.116931   0.004015   0.149456   7   
remove    -          -          -          -          -          -          0.000305   7   
write     5564       65536      8192       0.011039   0.297152   0.059909   0.368091   8   
read      10239      65536      8192       0.030328   0.126040   0.043656   0.200021   8   
remove    -          -          -          -          -          -          0.000308   8   
write     5807       65536      8192       0.011394   0.283601   0.057718   0.352699   9   
read      12743      65536      8192       0.029076   0.111996   0.019649   0.160711   9   
remove    -          -          -          -          -          -          0.000247   9   
Max Write: 5806.65 MiB/sec (6088.72 MB/sec)
Max Read:  14749.42 MiB/sec (15465.89 MB/sec)

Summary of all tests:
Operation   Max(MiB)   Min(MiB)  Mean(MiB)     StdDev   Max(OPs)   Min(OPs)  Mean(OPs)     StdDev    Mean(s) Test# #Tasks tPN reps fPP reord reordoff reordrand seed segcnt   blksiz    xsize aggs(MiB)   API RefNum
write        5806.65     732.16    4404.77    1540.33     725.83      91.52     550.60     192.54    0.69255     0     32   1   10   0     1        1         0    0      1 67108864  8388608    2048.0 HDF5      0
read        14749.42    6128.66   10915.75    2402.08    1843.68     766.08    1364.47     300.26    0.19890     0     32   1   10   0     1        1         0    0      1 67108864  8388608    2048.0 HDF5      0
Finished            : Wed Jun 12 08:29:30 2019
