IOR-3.2.0: MPI Coordinated Test of Parallel I/O
Began               : Thu Jun  6 16:49:02 2019
Command line        : /glade/work/kpaul/software/ncar-ior/bin/ior -a MPIIO -w -r -C -i10 -g -t 16m -b 32m -c
Machine             : Linux r8i1n21
TestID              : 0
StartTime           : Thu Jun  6 16:49:02 2019
Path                : /gpfs/fs1/scratch/kpaul/ior_scaling
FS                  : 15000.0 TiB   Used FS: 59.6%   Inodes: 2355.6 Mi   Used Inodes: 62.6%

Options: 
api                 : MPIIO
apiVersion          : (3.1)
test filename       : testFile
access              : single-shared-file
type                : collective
segments            : 1
ordering in a file  : sequential
ordering inter file : constant task offset
task offset         : 1
tasks               : 8
clients per node    : 1
repetitions         : 10
xfersize            : 16 MiB
blocksize           : 32 MiB
aggregate filesize  : 256 MiB

Results: 

access    bw(MiB/s)  block(KiB) xfer(KiB)  open(s)    wr/rd(s)   close(s)   total(s)   iter
------    ---------  ---------- ---------  --------   --------   --------   --------   ----
write     14307      32768      16384      0.006359   0.011370   0.000158   0.017894   0   
read      3222.88    32768      16384      0.000497   0.078890   0.000045   0.079432   0   
remove    -          -          -          -          -          -          0.004284   0   
write     13572      32768      16384      0.005847   0.012952   0.000061   0.018862   1   
read      5324       32768      16384      0.000528   0.047513   0.000047   0.048088   1   
remove    -          -          -          -          -          -          0.004858   1   
write     14551      32768      16384      0.005721   0.011806   0.000064   0.017594   2   
read      4805       32768      16384      0.000525   0.052670   0.000081   0.053276   2   
remove    -          -          -          -          -          -          0.003415   2   
write     14395      32768      16384      0.005859   0.011839   0.000084   0.017784   3   
read      3977       32768      16384      0.000585   0.063733   0.000043   0.064364   3   
remove    -          -          -          -          -          -          0.004034   3   
write     14077      32768      16384      0.006822   0.011301   0.000062   0.018185   4   
read      4976       32768      16384      0.000588   0.050814   0.000043   0.051445   4   
remove    -          -          -          -          -          -          0.004325   4   
write     14956      32768      16384      0.005941   0.011097   0.000072   0.017116   5   
read      5895       32768      16384      0.000491   0.042885   0.000052   0.043429   5   
remove    -          -          -          -          -          -          0.003940   5   
write     15353      32768      16384      0.005712   0.010681   0.000281   0.016674   6   
read      4829       32768      16384      0.000570   0.052336   0.000108   0.053018   6   
remove    -          -          -          -          -          -          0.004442   6   
write     14443      32768      16384      0.006636   0.011025   0.000064   0.017725   7   
read      5052       32768      16384      0.000488   0.050118   0.000067   0.050677   7   
remove    -          -          -          -          -          -          0.004257   7   
write     13471      32768      16384      0.005890   0.012841   0.000266   0.019004   8   
read      5842       32768      16384      0.000608   0.043167   0.000043   0.043818   8   
remove    -          -          -          -          -          -          0.003802   8   
write     14005      32768      16384      0.006449   0.011763   0.000060   0.018279   9   
read      6304       32768      16384      0.000646   0.039916   0.000044   0.040609   9   
remove    -          -          -          -          -          -          0.003566   9   
Max Write: 15353.32 MiB/sec (16099.12 MB/sec)
Max Read:  6303.96 MiB/sec (6610.18 MB/sec)

Summary of all tests:
Operation   Max(MiB)   Min(MiB)  Mean(MiB)     StdDev   Max(OPs)   Min(OPs)  Mean(OPs)     StdDev    Mean(s) Test# #Tasks tPN reps fPP reord reordoff reordrand seed segcnt   blksiz    xsize aggs(MiB)   API RefNum
write       15353.32   13471.11   14313.05     546.31     959.58     841.94     894.57      34.14    0.01791     0      8   1   10   0     1        1         0    0      1 33554432 16777216     256.0 MPIIO      0
read         6303.96    3222.88    5022.63     870.89     394.00     201.43     313.91      54.43    0.05282     0      8   1   10   0     1        1         0    0      1 33554432 16777216     256.0 MPIIO      0
Finished            : Thu Jun  6 16:49:03 2019
