IOR-3.2.0: MPI Coordinated Test of Parallel I/O
Began               : Wed Jun 12 08:45:23 2019
Command line        : /glade/work/kpaul/software/ncar-ior/bin/ior -a HDF5 -w -r -C -i10 -g -t 256m -b 2048m -c
Machine             : Linux r1i1n28
TestID              : 0
StartTime           : Wed Jun 12 08:45:23 2019
Path                : /gpfs/fs1/scratch/kpaul/ior_scaling
FS                  : 15000.0 TiB   Used FS: 60.4%   Inodes: 2355.6 Mi   Used Inodes: 61.4%

Options: 
api                 : HDF5
apiVersion          : 1.8.21 (Parallel)
test filename       : testFile
access              : single-shared-file
type                : collective
segments            : 1
ordering in a file  : sequential
ordering inter file : constant task offset
task offset         : 1
tasks               : 32
clients per node    : 1
repetitions         : 10
xfersize            : 256 MiB
blocksize           : 2 GiB
aggregate filesize  : 64 GiB

Results: 

access    bw(MiB/s)  block(KiB) xfer(KiB)  open(s)    wr/rd(s)   close(s)   total(s)   iter
------    ---------  ---------- ---------  --------   --------   --------   --------   ----
write     1148.07    2097152    262144     0.017364   57.01      0.057628   57.08      0   
read      29702      2097152    262144     0.053954   2.05       0.098053   2.21       0   
remove    -          -          -          -          -          -          0.000320   0   
write     15941      2097152    262144     0.502641   3.55       0.063308   4.11       1   
read      31865      2097152    262144     0.027753   1.99       0.037892   2.06       1   
remove    -          -          -          -          -          -          0.000311   1   
write     18933      2097152    262144     0.323540   3.08       0.060538   3.46       2   
read      31075      2097152    262144     0.026703   2.02       0.058333   2.11       2   
remove    -          -          -          -          -          -          0.000257   2   
write     18189      2097152    262144     0.320546   3.22       0.062500   3.60       3   
read      32387      2097152    262144     0.025848   1.88       0.113447   2.02       3   
remove    -          -          -          -          -          -          0.000244   3   
write     17874      2097152    262144     0.302710   3.31       0.053539   3.67       4   
read      31990      2097152    262144     0.025595   1.98       0.044354   2.05       4   
remove    -          -          -          -          -          -          0.000304   4   
write     19940      2097152    262144     0.234275   2.98       0.071311   3.29       5   
read      34341      2097152    262144     0.027686   1.85       0.033670   1.91       5   
remove    -          -          -          -          -          -          0.000271   5   
write     19577      2097152    262144     0.217787   3.07       0.057587   3.35       6   
read      32973      2097152    262144     0.025520   1.94       0.024652   1.99       6   
remove    -          -          -          -          -          -          0.000342   6   
write     19645      2097152    262144     0.222755   3.04       0.071362   3.34       7   
read      34289      2097152    262144     0.025447   1.85       0.036354   1.91       7   
remove    -          -          -          -          -          -          0.000266   7   
write     18326      2097152    262144     0.220510   3.29       0.067641   3.58       8   
read      31265      2097152    262144     0.026349   2.03       0.042793   2.10       8   
remove    -          -          -          -          -          -          0.000363   8   
write     19484      2097152    262144     0.225391   3.08       0.061776   3.36       9   
read      32656      2097152    262144     0.026228   1.95       0.028201   2.01       9   
remove    -          -          -          -          -          -          0.000355   9   
Max Write: 19940.08 MiB/sec (20908.69 MB/sec)
Max Read:  34340.69 MiB/sec (36008.83 MB/sec)

Summary of all tests:
Operation   Max(MiB)   Min(MiB)  Mean(MiB)     StdDev   Max(OPs)   Min(OPs)  Mean(OPs)     StdDev    Mean(s) Test# #Tasks tPN reps fPP reord reordoff reordrand seed segcnt   blksiz    xsize aggs(MiB)   API RefNum
write       19940.08    1148.07   16905.77    5370.69      77.89       4.48      66.04      20.98    8.88359     0     32   1   10   0     1        1         0    0      1 2147483648 268435456   65536.0 HDF5      0
read        34340.69   29702.25   32254.25    1352.51     134.14     116.02     125.99       5.28    2.03545     0     32   1   10   0     1        1         0    0      1 2147483648 268435456   65536.0 HDF5      0
Finished            : Wed Jun 12 08:47:12 2019
