IOR-3.2.0: MPI Coordinated Test of Parallel I/O
Began               : Thu Jun  6 15:53:31 2019
Command line        : /glade/work/kpaul/software/ncar-ior/bin/ior -a POSIX -w -r -C -i10 -g -t 256m -b 256m -e -F
Machine             : Linux r11i3n24
TestID              : 0
StartTime           : Thu Jun  6 15:53:31 2019
Path                : /gpfs/fs1/scratch/kpaul/ior_scaling
FS                  : 15000.0 TiB   Used FS: 59.5%   Inodes: 2355.6 Mi   Used Inodes: 62.6%

Options: 
api                 : POSIX
apiVersion          : 
test filename       : testFile
access              : file-per-process
type                : independent
segments            : 1
ordering in a file  : sequential
ordering inter file : constant task offset
task offset         : 1
tasks               : 2
clients per node    : 1
repetitions         : 10
xfersize            : 256 MiB
blocksize           : 256 MiB
aggregate filesize  : 512 MiB

Results: 

access    bw(MiB/s)  block(KiB) xfer(KiB)  open(s)    wr/rd(s)   close(s)   total(s)   iter
------    ---------  ---------- ---------  --------   --------   --------   --------   ----
write     2451.26    262144     262144     0.004774   0.204037   0.000040   0.208872   0   
read      6096       262144     262144     0.004918   0.079028   0.000029   0.083990   0   
remove    -          -          -          -          -          -          0.004862   0   
write     5067       262144     262144     0.005293   0.095701   0.000044   0.101053   1   
read      5964       262144     262144     0.005246   0.080552   0.000028   0.085844   1   
remove    -          -          -          -          -          -          0.004297   1   
write     4082       262144     262144     0.005392   0.119985   0.000040   0.125437   2   
read      4971       262144     262144     0.005013   0.097937   0.000026   0.102992   2   
remove    -          -          -          -          -          -          0.004003   2   
write     3386.22    262144     262144     0.005109   0.146033   0.000042   0.151201   3   
read      6069       262144     262144     0.005387   0.078938   0.000027   0.084368   3   
remove    -          -          -          -          -          -          0.004238   3   
write     4786       262144     262144     0.005409   0.101521   0.000039   0.106987   4   
read      6062       262144     262144     0.005482   0.078930   0.000027   0.084457   4   
remove    -          -          -          -          -          -          0.004787   4   
write     4170       262144     262144     0.005110   0.117611   0.000043   0.122780   5   
read      6015       262144     262144     0.004943   0.080135   0.000027   0.085123   5   
remove    -          -          -          -          -          -          0.004328   5   
write     4337       262144     262144     0.005002   0.112998   0.000038   0.118056   6   
read      6045       262144     262144     0.004786   0.079867   0.000027   0.084698   6   
remove    -          -          -          -          -          -          0.004133   6   
write     4304       262144     262144     0.005195   0.113697   0.000038   0.118949   7   
read      6011       262144     262144     0.005336   0.079791   0.000027   0.085172   7   
remove    -          -          -          -          -          -          0.004710   7   
write     3761       262144     262144     0.005341   0.130750   0.000043   0.136151   8   
read      6067       262144     262144     0.004907   0.079435   0.000028   0.084387   8   
remove    -          -          -          -          -          -          0.004868   8   
write     1780.60    262144     262144     0.173850   0.113633   0.000042   0.287544   9   
read      6264       262144     262144     0.002265   0.079433   0.000026   0.081743   9   
remove    -          -          -          -          -          -          0.004878   9   
Max Write: 5066.65 MiB/sec (5312.77 MB/sec)
Max Read:  6263.51 MiB/sec (6567.76 MB/sec)

Summary of all tests:
Operation   Max(MiB)   Min(MiB)  Mean(MiB)     StdDev   Max(OPs)   Min(OPs)  Mean(OPs)     StdDev    Mean(s) Test# #Tasks tPN reps fPP reord reordoff reordrand seed segcnt   blksiz    xsize aggs(MiB)   API RefNum
write        5066.65    1780.60    3812.40     969.70      19.79       6.96      14.89       3.79    0.14770     0      2   1   10   1     1        1         0    0      1 268435456 268435456     512.0 POSIX      0
read         6263.51    4971.26    5956.45     336.86      24.47      19.42      23.27       1.32    0.08628     0      2   1   10   1     1        1         0    0      1 268435456 268435456     512.0 POSIX      0
Finished            : Thu Jun  6 15:53:34 2019
