IOR-3.2.0: MPI Coordinated Test of Parallel I/O
Began               : Thu Jun  6 16:26:36 2019
Command line        : /glade/work/kpaul/software/ncar-ior/bin/ior -a Z5 -w -r -C -i10 -g -t 32m -b 128m
Machine             : Linux r8i1n18
TestID              : 0
StartTime           : Thu Jun  6 16:26:36 2019
Path                : /gpfs/fs1/scratch/kpaul/ior_scaling
FS                  : 15000.0 TiB   Used FS: 59.5%   Inodes: 2355.6 Mi   Used Inodes: 62.6%

Options: 
api                 : Z5
apiVersion          : (null)
test filename       : testFile
access              : single-shared-file
type                : independent
segments            : 1
ordering in a file  : sequential
ordering inter file : constant task offset
task offset         : 1
tasks               : 4
clients per node    : 1
repetitions         : 10
xfersize            : 32 MiB
blocksize           : 128 MiB
aggregate filesize  : 512 MiB

Results: 

access    bw(MiB/s)  block(KiB) xfer(KiB)  open(s)    wr/rd(s)   close(s)   total(s)   iter
------    ---------  ---------- ---------  --------   --------   --------   --------   ----
write     1760.95    131072     32768      0.004681   0.286046   0.000009   0.290752   0   
read      344.15     131072     32768      0.000003   1.49       0.000008   1.49       0   
remove    -          -          -          -          -          -          0.031900   0   
write     1958.27    131072     32768      0.000786   0.260645   0.000008   0.261455   1   
read      330.92     131072     32768      0.000002   1.55       0.000008   1.55       1   
remove    -          -          -          -          -          -          0.031955   1   
write     1956.75    131072     32768      0.000357   0.261277   0.000008   0.261658   2   
read      346.44     131072     32768      0.000003   1.48       0.000009   1.48       2   
remove    -          -          -          -          -          -          0.029542   2   
write     1957.60    131072     32768      0.000364   0.261156   0.000008   0.261544   3   
read      343.44     131072     32768      0.000002   1.49       0.000006   1.49       3   
remove    -          -          -          -          -          -          0.029304   3   
write     2006.34    131072     32768      0.001043   0.254124   0.000009   0.255192   4   
read      331.23     131072     32768      0.000002   1.55       0.000008   1.55       4   
remove    -          -          -          -          -          -          0.031265   4   
write     2015.30    131072     32768      0.000350   0.253675   0.000017   0.254057   5   
read      341.48     131072     32768      0.000002   1.50       0.000008   1.50       5   
remove    -          -          -          -          -          -          0.035731   5   
write     1975.80    131072     32768      0.000924   0.258187   0.000009   0.259135   6   
read      333.00     131072     32768      0.000002   1.54       0.000008   1.54       6   
remove    -          -          -          -          -          -          0.029219   6   
write     1897.07    131072     32768      0.000948   0.268917   0.000008   0.269890   7   
read      344.63     131072     32768      0.000002   1.49       0.000009   1.49       7   
remove    -          -          -          -          -          -          0.028939   7   
write     1978.78    131072     32768      0.000370   0.258352   0.000008   0.258745   8   
read      342.64     131072     32768      0.000002   1.49       0.000008   1.49       8   
remove    -          -          -          -          -          -          0.054130   8   
write     2001.04    131072     32768      0.000363   0.255481   0.000008   0.255867   9   
read      342.70     131072     32768      0.000002   1.49       0.000011   1.49       9   
remove    -          -          -          -          -          -          0.030144   9   
Max Write: 2015.30 MiB/sec (2113.19 MB/sec)
Max Read:  346.44 MiB/sec (363.27 MB/sec)

Summary of all tests:
Operation   Max(MiB)   Min(MiB)  Mean(MiB)     StdDev   Max(OPs)   Min(OPs)  Mean(OPs)     StdDev    Mean(s) Test# #Tasks tPN reps fPP reord reordoff reordrand seed segcnt   blksiz    xsize aggs(MiB)   API RefNum
write        2015.30    1760.95    1950.79      70.88      62.98      55.03      60.96       2.22    0.26283     0      4   1   10   0     1        1         0    0      1 134217728 33554432     512.0  Z5      0
read          346.44     330.92     340.06       5.63      10.83      10.34      10.63       0.18    1.50602     0      4   1   10   0     1        1         0    0      1 134217728 33554432     512.0  Z5      0
Finished            : Thu Jun  6 16:26:54 2019
