IOR-3.2.0: MPI Coordinated Test of Parallel I/O
Began               : Thu Jun  6 15:35:17 2019
Command line        : /glade/work/kpaul/software/ncar-ior/bin/ior -a Z5 -w -r -C -i10 -g -t 8m -b 64m
Machine             : Linux r1i1n0
TestID              : 0
StartTime           : Thu Jun  6 15:35:17 2019
Path                : /gpfs/fs1/scratch/kpaul/ior_scaling
FS                  : 15000.0 TiB   Used FS: 59.5%   Inodes: 2355.6 Mi   Used Inodes: 62.6%

Options: 
api                 : Z5
apiVersion          : (null)
test filename       : testFile
access              : single-shared-file
type                : independent
segments            : 1
ordering in a file  : sequential
ordering inter file : constant task offset
task offset         : 1
tasks               : 1
clients per node    : 1
repetitions         : 10
xfersize            : 8 MiB
blocksize           : 64 MiB
aggregate filesize  : 64 MiB

Results: 

access    bw(MiB/s)  block(KiB) xfer(KiB)  open(s)    wr/rd(s)   close(s)   total(s)   iter
------    ---------  ---------- ---------  --------   --------   --------   --------   ----
write     530.03     65536      8192       0.001086   0.119659   0.000000   0.120747   0   
read      92.54      65536      8192       0.000000   0.691609   0.000000   0.691611   0   
remove    -          -          -          -          -          -          0.001986   0   
write     585.51     65536      8192       0.000260   0.109045   0.000000   0.109307   1   
read      92.80      65536      8192       0.000000   0.689666   0.000000   0.689668   1   
remove    -          -          -          -          -          -          0.000622   1   
write     169.04     65536      8192       0.270141   0.108459   0.000000   0.378602   2   
read      92.80      65536      8192       0.000000   0.689666   0.000000   0.689668   2   
remove    -          -          -          -          -          -          0.000614   2   
write     587.74     65536      8192       0.000250   0.108640   0.000000   0.108891   3   
read      92.80      65536      8192       0.000000   0.689680   0.000000   0.689682   3   
remove    -          -          -          -          -          -          0.000610   3   
write     585.46     65536      8192       0.000253   0.109062   0.000000   0.109316   4   
read      92.82      65536      8192       0.000000   0.689534   0.000000   0.689536   4   
remove    -          -          -          -          -          -          0.000622   4   
write     585.66     65536      8192       0.000261   0.109016   0.000000   0.109279   5   
read      92.89      65536      8192       0.000000   0.688954   0.000000   0.688956   5   
remove    -          -          -          -          -          -          0.000653   5   
write     586.25     65536      8192       0.000274   0.108893   0.000000   0.109168   6   
read      92.82      65536      8192       0.000000   0.689469   0.000000   0.689471   6   
remove    -          -          -          -          -          -          0.000636   6   
write     585.41     65536      8192       0.000266   0.109057   0.000000   0.109324   7   
read      92.71      65536      8192       0.000000   0.690315   0.000000   0.690317   7   
remove    -          -          -          -          -          -          0.000637   7   
write     584.55     65536      8192       0.000265   0.109219   0.000000   0.109486   8   
read      92.76      65536      8192       0.000000   0.689927   0.000000   0.689928   8   
remove    -          -          -          -          -          -          0.000640   8   
write     586.26     65536      8192       0.000257   0.108908   0.000000   0.109167   9   
read      92.76      65536      8192       0.000000   0.689959   0.000000   0.689961   9   
remove    -          -          -          -          -          -          0.000634   9   
Max Write: 587.74 MiB/sec (616.29 MB/sec)
Max Read:  92.89 MiB/sec (97.41 MB/sec)

Summary of all tests:
Operation   Max(MiB)   Min(MiB)  Mean(MiB)     StdDev   Max(OPs)   Min(OPs)  Mean(OPs)     StdDev    Mean(s) Test# #Tasks tPN reps fPP reord reordoff reordrand seed segcnt   blksiz    xsize aggs(MiB)   API RefNum
write         587.74     169.04     538.59     124.30      73.47      21.13      67.32      15.54    0.13733     0      1   1   10   0     1        1         0    0      1 67108864  8388608      64.0  Z5      0
read           92.89      92.54      92.77       0.09      11.61      11.57      11.60       0.01    0.68988     0      1   1   10   0     1        1         0    0      1 67108864  8388608      64.0  Z5      0
Finished            : Thu Jun  6 15:35:25 2019
