IOR-3.2.0: MPI Coordinated Test of Parallel I/O
Began               : Thu Jun  6 16:26:59 2019
Command line        : /glade/work/kpaul/software/ncar-ior/bin/ior -a HDF5 -w -r -C -i10 -g -t 32m -b 128m -c
Machine             : Linux r8i1n18
TestID              : 0
StartTime           : Thu Jun  6 16:26:59 2019
Path                : /gpfs/fs1/scratch/kpaul/ior_scaling
FS                  : 15000.0 TiB   Used FS: 59.5%   Inodes: 2355.6 Mi   Used Inodes: 62.6%

Options: 
api                 : HDF5
apiVersion          : 1.8.21 (Parallel)
test filename       : testFile
access              : single-shared-file
type                : collective
segments            : 1
ordering in a file  : sequential
ordering inter file : constant task offset
task offset         : 1
tasks               : 4
clients per node    : 1
repetitions         : 10
xfersize            : 32 MiB
blocksize           : 128 MiB
aggregate filesize  : 512 MiB

Results: 

access    bw(MiB/s)  block(KiB) xfer(KiB)  open(s)    wr/rd(s)   close(s)   total(s)   iter
------    ---------  ---------- ---------  --------   --------   --------   --------   ----
write     1181.23    131072     32768      0.006807   0.359131   0.067502   0.433448   0   
read      3142.86    131072     32768      0.005852   0.156871   0.000178   0.162909   0   
remove    -          -          -          -          -          -          0.000272   0   
write     2913.16    131072     32768      0.004190   0.134566   0.036991   0.175754   1   
read      3193.23    131072     32768      0.004840   0.155311   0.000181   0.160339   1   
remove    -          -          -          -          -          -          0.000232   1   
write     2759.31    131072     32768      0.003734   0.108733   0.073080   0.185553   2   
read      3378.75    131072     32768      0.005756   0.145596   0.000176   0.151535   2   
remove    -          -          -          -          -          -          0.000228   2   
write     3109.21    131072     32768      0.003471   0.109752   0.051441   0.164672   3   
read      3747       131072     32768      0.004958   0.131476   0.000186   0.136628   3   
remove    -          -          -          -          -          -          0.000384   3   
write     3115.76    131072     32768      0.003868   0.115131   0.045320   0.164326   4   
read      4587       131072     32768      0.004968   0.106465   0.000187   0.111628   4   
remove    -          -          -          -          -          -          0.000261   4   
write     3070.71    131072     32768      0.003535   0.111560   0.051635   0.166737   5   
read      2007.70    131072     32768      0.005239   0.249586   0.000183   0.255018   5   
remove    -          -          -          -          -          -          0.000246   5   
write     3395.50    131072     32768      0.004780   0.110091   0.035910   0.150788   6   
read      4156       131072     32768      0.004330   0.118676   0.000192   0.123206   6   
remove    -          -          -          -          -          -          0.000282   6   
write     1572.62    131072     32768      0.004021   0.116920   0.204624   0.325572   7   
read      2370.06    131072     32768      0.004836   0.210999   0.000186   0.216028   7   
remove    -          -          -          -          -          -          0.000229   7   
write     3442.40    131072     32768      0.003354   0.107157   0.038215   0.148733   8   
read      3560.39    131072     32768      0.004677   0.138932   0.000188   0.143805   8   
remove    -          -          -          -          -          -          0.000252   8   
write     3154.05    131072     32768      0.003479   0.113203   0.045641   0.162331   9   
read      4299       131072     32768      0.004694   0.114207   0.000194   0.119104   9   
remove    -          -          -          -          -          -          0.000275   9   
Max Write: 3442.40 MiB/sec (3609.62 MB/sec)
Max Read:  4586.65 MiB/sec (4809.45 MB/sec)

Summary of all tests:
Operation   Max(MiB)   Min(MiB)  Mean(MiB)     StdDev   Max(OPs)   Min(OPs)  Mean(OPs)     StdDev    Mean(s) Test# #Tasks tPN reps fPP reord reordoff reordrand seed segcnt   blksiz    xsize aggs(MiB)   API RefNum
write        3442.40    1181.23    2771.39     727.63     107.58      36.91      86.61      22.74    0.20779     0      4   1   10   0     1        1         0    0      1 134217728 33554432     512.0 HDF5      0
read         4586.65    2007.70    3444.14     776.04     143.33      62.74     107.63      24.25    0.15802     0      4   1   10   0     1        1         0    0      1 134217728 33554432     512.0 HDF5      0
Finished            : Thu Jun  6 16:27:03 2019
