IOR-3.2.0: MPI Coordinated Test of Parallel I/O
Began               : Thu Jun  6 15:53:06 2019
Command line        : /glade/work/kpaul/software/ncar-ior/bin/ior -a Z5 -w -r -C -i10 -g -t 128m -b 128m
Machine             : Linux r11i3n24
TestID              : 0
StartTime           : Thu Jun  6 15:53:06 2019
Path                : /gpfs/fs1/scratch/kpaul/ior_scaling
FS                  : 15000.0 TiB   Used FS: 59.5%   Inodes: 2355.6 Mi   Used Inodes: 62.6%

Options: 
api                 : Z5
apiVersion          : (null)
test filename       : testFile
access              : single-shared-file
type                : independent
segments            : 1
ordering in a file  : sequential
ordering inter file : constant task offset
task offset         : 1
tasks               : 2
clients per node    : 1
repetitions         : 10
xfersize            : 128 MiB
blocksize           : 128 MiB
aggregate filesize  : 256 MiB

Results: 

access    bw(MiB/s)  block(KiB) xfer(KiB)  open(s)    wr/rd(s)   close(s)   total(s)   iter
------    ---------  ---------- ---------  --------   --------   --------   --------   ----
write     745.16     131072     131072     0.006821   0.336705   0.000003   0.343550   0   
read      177.86     131072     131072     0.000002   1.44       0.000004   1.44       0   
remove    -          -          -          -          -          -          0.007354   0   
write     1075.28    131072     131072     0.000511   0.237541   0.000006   0.238077   1   
read      178.54     131072     131072     0.000001   1.43       0.000005   1.43       1   
remove    -          -          -          -          -          -          0.011180   1   
write     1078.91    131072     131072     0.000822   0.236431   0.000004   0.237276   2   
read      179.71     131072     131072     0.000001   1.42       0.000006   1.42       2   
remove    -          -          -          -          -          -          0.007226   2   
write     1100.37    131072     131072     0.000505   0.232123   0.000003   0.232650   3   
read      174.62     131072     131072     0.000001   1.47       0.000002   1.47       3   
remove    -          -          -          -          -          -          0.010732   3   
write     1076.23    131072     131072     0.000503   0.237344   0.000002   0.237867   4   
read      179.69     131072     131072     0.000003   1.42       0.000008   1.42       4   
remove    -          -          -          -          -          -          0.012517   4   
write     1077.07    131072     131072     0.001223   0.236438   0.000001   0.237681   5   
read      180.19     131072     131072     0.000004   1.42       0.000009   1.42       5   
remove    -          -          -          -          -          -          0.011954   5   
write     1037.46    131072     131072     0.000519   0.246219   0.000000   0.246757   6   
read      178.29     131072     131072     0.000005   1.44       0.000001   1.44       6   
remove    -          -          -          -          -          -          0.010910   6   
write     1086.46    131072     131072     0.000501   0.235107   0.000003   0.235628   7   
read      175.82     131072     131072     0.000006   1.46       0.000003   1.46       7   
remove    -          -          -          -          -          -          0.010149   7   
write     1073.02    131072     131072     0.001254   0.237307   0.000002   0.238579   8   
read      180.08     131072     131072     0.000007   1.42       0.000013   1.42       8   
remove    -          -          -          -          -          -          0.015517   8   
write     1062.65    131072     131072     0.000527   0.240359   0.000004   0.240906   9   
read      176.76     131072     131072     0.000008   1.45       0.000004   1.45       9   
remove    -          -          -          -          -          -          0.014358   9   
Max Write: 1100.37 MiB/sec (1153.82 MB/sec)
Max Read:  180.19 MiB/sec (188.94 MB/sec)

Summary of all tests:
Operation   Max(MiB)   Min(MiB)  Mean(MiB)     StdDev   Max(OPs)   Min(OPs)  Mean(OPs)     StdDev    Mean(s) Test# #Tasks tPN reps fPP reord reordoff reordrand seed segcnt   blksiz    xsize aggs(MiB)   API RefNum
write        1100.37     745.16    1041.26      99.89       8.60       5.82       8.13       0.78    0.24890     0      2   1   10   0     1        1         0    0      1 134217728 134217728     256.0  Z5      0
read          180.19     174.62     178.16       1.81       1.41       1.36       1.39       0.01    1.43710     0      2   1   10   0     1        1         0    0      1 134217728 134217728     256.0  Z5      0
Finished            : Thu Jun  6 15:53:24 2019
