IOR-3.2.0: MPI Coordinated Test of Parallel I/O
Began               : Thu Jun  6 15:27:10 2019
Command line        : /glade/work/kpaul/software/ncar-ior/bin/ior -a POSIX -w -r -C -i10 -g -t 32m -b 128m -e -F
Machine             : Linux r1i1n0
TestID              : 0
StartTime           : Thu Jun  6 15:27:10 2019
Path                : /gpfs/fs1/scratch/kpaul/ior_scaling
FS                  : 15000.0 TiB   Used FS: 59.5%   Inodes: 2355.6 Mi   Used Inodes: 62.6%

Options: 
api                 : POSIX
apiVersion          : 
test filename       : testFile
access              : file-per-process
type                : independent
segments            : 1
ordering in a file  : sequential
ordering inter file : constant task offset
task offset         : 1
tasks               : 1
clients per node    : 1
repetitions         : 10
xfersize            : 32 MiB
blocksize           : 128 MiB
aggregate filesize  : 128 MiB

Results: 

access    bw(MiB/s)  block(KiB) xfer(KiB)  open(s)    wr/rd(s)   close(s)   total(s)   iter
------    ---------  ---------- ---------  --------   --------   --------   --------   ----
write     1293.32    131072     32768      0.000562   0.098378   0.000027   0.098970   0   
read      4031       131072     32768      0.000017   0.031719   0.000015   0.031753   0   
remove    -          -          -          -          -          -          0.000099   0   
write     1275.23    131072     32768      0.000090   0.100254   0.000026   0.100374   1   
read      4038       131072     32768      0.000017   0.031666   0.000014   0.031699   1   
remove    -          -          -          -          -          -          0.000094   1   
write     2040.45    131072     32768      0.000089   0.062615   0.000025   0.062731   2   
read      4039       131072     32768      0.000016   0.031661   0.000014   0.031694   2   
remove    -          -          -          -          -          -          0.000092   2   
write     1712.79    131072     32768      0.000087   0.074616   0.000027   0.074732   3   
read      4030       131072     32768      0.000018   0.031728   0.000013   0.031761   3   
remove    -          -          -          -          -          -          0.000096   3   
write     1593.18    131072     32768      0.000095   0.080220   0.000026   0.080342   4   
read      4035       131072     32768      0.000016   0.031688   0.000014   0.031720   4   
remove    -          -          -          -          -          -          0.000096   4   
write     1239.91    131072     32768      0.000092   0.103111   0.000028   0.103233   5   
read      3997       131072     32768      0.000016   0.031995   0.000013   0.032027   5   
remove    -          -          -          -          -          -          0.000092   5   
write     1286.16    131072     32768      0.000088   0.099406   0.000025   0.099521   6   
read      4034       131072     32768      0.000016   0.031699   0.000013   0.031730   6   
remove    -          -          -          -          -          -          0.000088   6   
write     1496.56    131072     32768      0.000084   0.085419   0.000025   0.085529   7   
read      4045       131072     32768      0.000016   0.031613   0.000013   0.031643   7   
remove    -          -          -          -          -          -          0.000090   7   
write     895.49     131072     32768      0.000085   0.142827   0.000025   0.142939   8   
read      4039       131072     32768      0.000016   0.031659   0.000012   0.031689   8   
remove    -          -          -          -          -          -          0.000087   8   
write     1725.39    131072     32768      0.000087   0.074074   0.000024   0.074186   9   
read      4015       131072     32768      0.000016   0.031849   0.000015   0.031881   9   
remove    -          -          -          -          -          -          0.000089   9   
Max Write: 2040.45 MiB/sec (2139.56 MB/sec)
Max Read:  4045.08 MiB/sec (4241.57 MB/sec)

Summary of all tests:
Operation   Max(MiB)   Min(MiB)  Mean(MiB)     StdDev   Max(OPs)   Min(OPs)  Mean(OPs)     StdDev    Mean(s) Test# #Tasks tPN reps fPP reord reordoff reordrand seed segcnt   blksiz    xsize aggs(MiB)   API RefNum
write        2040.45     895.49    1455.85     308.13      63.76      27.98      45.50       9.63    0.09226     0      1   1   10   1     1        1         0    0      1 134217728 33554432     128.0 POSIX      0
read         4045.08    3996.65    4030.30      13.54     126.41     124.90     125.95       0.42    0.03176     0      1   1   10   1     1        1         0    0      1 134217728 33554432     128.0 POSIX      0
Finished            : Thu Jun  6 15:27:11 2019
