IOR-3.2.0: MPI Coordinated Test of Parallel I/O
Began               : Thu Jun  6 16:04:21 2019
Command line        : /glade/work/kpaul/software/ncar-ior/bin/ior -a NCMPI -w -r -C -i10 -g -t 16m -b 128m
Machine             : Linux r11i3n24
TestID              : 0
StartTime           : Thu Jun  6 16:04:21 2019
Path                : /gpfs/fs1/scratch/kpaul/ior_scaling
FS                  : 15000.0 TiB   Used FS: 59.5%   Inodes: 2355.6 Mi   Used Inodes: 62.6%

Options: 
api                 : NCMPI
apiVersion          : 1.11.0 of 19 Dec 2018
test filename       : testFile
access              : single-shared-file
type                : independent
segments            : 1
ordering in a file  : sequential
ordering inter file : constant task offset
task offset         : 1
tasks               : 2
clients per node    : 1
repetitions         : 10
xfersize            : 16 MiB
blocksize           : 128 MiB
aggregate filesize  : 256 MiB

Results: 

access    bw(MiB/s)  block(KiB) xfer(KiB)  open(s)    wr/rd(s)   close(s)   total(s)   iter
------    ---------  ---------- ---------  --------   --------   --------   --------   ----
write     2149.81    131072     16384      0.007783   0.107889   0.003395   0.119080   0   
read      9091       131072     16384      0.000835   0.026646   0.000670   0.028160   0   
remove    -          -          -          -          -          -          0.002019   0   
write     4342       131072     16384      0.005645   0.049377   0.003925   0.058958   1   
read      5686       131072     16384      0.002630   0.041667   0.000716   0.045023   1   
remove    -          -          -          -          -          -          0.003160   1   
write     1317.17    131072     16384      0.005266   0.185549   0.003529   0.194356   2   
read      8345       131072     16384      0.000596   0.029382   0.000692   0.030677   2   
remove    -          -          -          -          -          -          0.001390   2   
write     1154.49    131072     16384      0.005613   0.141221   0.074898   0.221743   3   
read      3157.47    131072     16384      0.004469   0.024487   0.052113   0.081078   3   
remove    -          -          -          -          -          -          0.002227   3   
write     2667.45    131072     16384      0.003976   0.065182   0.026802   0.095972   4   
read      7037       131072     16384      0.000547   0.035215   0.000609   0.036381   4   
remove    -          -          -          -          -          -          0.001535   4   
write     1656.85    131072     16384      0.003910   0.112739   0.037851   0.154510   5   
read      3832       131072     16384      0.004435   0.046073   0.016290   0.066805   5   
remove    -          -          -          -          -          -          0.002096   5   
write     2056.32    131072     16384      0.003519   0.115810   0.005157   0.124494   6   
read      3226.33    131072     16384      0.004842   0.073307   0.001190   0.079347   6   
remove    -          -          -          -          -          -          0.002266   6   
write     1784.07    131072     16384      0.004558   0.133944   0.004982   0.143492   7   
read      7431       131072     16384      0.004576   0.028647   0.001221   0.034453   7   
remove    -          -          -          -          -          -          0.002541   7   
write     1749.58    131072     16384      0.005132   0.105827   0.035350   0.146321   8   
read      9045       131072     16384      0.000532   0.026922   0.000843   0.028304   8   
remove    -          -          -          -          -          -          0.001712   8   
write     2487.45    131072     16384      0.005410   0.080214   0.017281   0.102916   9   
read      7527       131072     16384      0.000594   0.032783   0.000625   0.034010   9   
remove    -          -          -          -          -          -          0.003003   9   
Max Write: 4342.07 MiB/sec (4552.99 MB/sec)
Max Read:  9091.04 MiB/sec (9532.65 MB/sec)

Summary of all tests:
Operation   Max(MiB)   Min(MiB)  Mean(MiB)     StdDev   Max(OPs)   Min(OPs)  Mean(OPs)     StdDev    Mean(s) Test# #Tasks tPN reps fPP reord reordoff reordrand seed segcnt   blksiz    xsize aggs(MiB)   API RefNum
write        4342.07    1154.49    2136.53     861.15     271.38      72.16     133.53      53.82    0.13618     0      2   1   10   0     1        1         0    0      1 134217728 16777216     256.0 NCMPI      0
read         9091.04    3157.47    6437.71    2200.77     568.19     197.34     402.36     137.55    0.04642     0      2   1   10   0     1        1         0    0      1 134217728 16777216     256.0 NCMPI      0
Finished            : Thu Jun  6 16:04:23 2019
