IOR-3.2.0: MPI Coordinated Test of Parallel I/O
Began               : Thu Jun  6 15:37:51 2019
Command line        : /glade/work/kpaul/software/ncar-ior/bin/ior -a HDF5 -w -r -C -i10 -g -t 64m -b 512m -c
Machine             : Linux r1i1n0
TestID              : 0
StartTime           : Thu Jun  6 15:37:51 2019
Path                : /gpfs/fs1/scratch/kpaul/ior_scaling
FS                  : 15000.0 TiB   Used FS: 59.5%   Inodes: 2355.6 Mi   Used Inodes: 62.6%

Options: 
api                 : HDF5
apiVersion          : 1.8.21 (Parallel)
test filename       : testFile
access              : single-shared-file
type                : collective
segments            : 1
ordering in a file  : sequential
ordering inter file : constant task offset
task offset         : 1
tasks               : 1
clients per node    : 1
repetitions         : 10
xfersize            : 64 MiB
blocksize           : 512 MiB
aggregate filesize  : 512 MiB

Results: 

access    bw(MiB/s)  block(KiB) xfer(KiB)  open(s)    wr/rd(s)   close(s)   total(s)   iter
------    ---------  ---------- ---------  --------   --------   --------   --------   ----
write     2131.11    524288     65536      0.001359   0.238551   0.000340   0.240251   0   
read      284.82     524288     65536      0.000476   1.80       0.000146   1.80       0   
remove    -          -          -          -          -          -          0.000243   0   
write     2082.52    524288     65536      0.004601   0.241009   0.000245   0.245856   1   
read      292.62     524288     65536      0.000428   1.75       0.000147   1.75       1   
remove    -          -          -          -          -          -          0.000261   1   
write     2125.57    524288     65536      0.002966   0.237664   0.000246   0.240877   2   
read      292.66     524288     65536      0.000474   1.75       0.000147   1.75       2   
remove    -          -          -          -          -          -          0.000268   2   
write     2115.23    524288     65536      0.003978   0.237837   0.000238   0.242054   3   
read      292.56     524288     65536      0.000476   1.75       0.000149   1.75       3   
remove    -          -          -          -          -          -          0.000261   3   
write     2142.60    524288     65536      0.003209   0.235506   0.000246   0.238962   4   
read      292.63     524288     65536      0.000453   1.75       0.000152   1.75       4   
remove    -          -          -          -          -          -          0.000260   4   
write     2125.08    524288     65536      0.003535   0.236802   0.000594   0.240932   5   
read      292.64     524288     65536      0.000319   1.75       0.000151   1.75       5   
remove    -          -          -          -          -          -          0.000184   5   
write     2112.31    524288     65536      0.003052   0.239097   0.000239   0.242389   6   
read      292.45     524288     65536      0.000450   1.75       0.000153   1.75       6   
remove    -          -          -          -          -          -          0.000169   6   
write     2130.90    524288     65536      0.003236   0.236787   0.000250   0.240274   7   
read      292.66     524288     65536      0.000416   1.75       0.000155   1.75       7   
remove    -          -          -          -          -          -          0.000243   7   
write     2144.23    524288     65536      0.002220   0.236317   0.000244   0.238781   8   
read      292.56     524288     65536      0.000500   1.75       0.000153   1.75       8   
remove    -          -          -          -          -          -          0.000220   8   
write     2139.18    524288     65536      0.002857   0.236240   0.000247   0.239344   9   
read      292.62     524288     65536      0.000364   1.75       0.000151   1.75       9   
remove    -          -          -          -          -          -          0.000254   9   
Max Write: 2144.23 MiB/sec (2248.38 MB/sec)
Max Read:  292.66 MiB/sec (306.88 MB/sec)

Summary of all tests:
Operation   Max(MiB)   Min(MiB)  Mean(MiB)     StdDev   Max(OPs)   Min(OPs)  Mean(OPs)     StdDev    Mean(s) Test# #Tasks tPN reps fPP reord reordoff reordrand seed segcnt   blksiz    xsize aggs(MiB)   API RefNum
write        2144.23    2082.52    2124.87      17.36      33.50      32.54      33.20       0.27    0.24097     0      1   1   10   0     1        1         0    0      1 536870912 67108864     512.0 HDF5      0
read          292.66     284.82     291.82       2.34       4.57       4.45       4.56       0.04    1.75461     0      1   1   10   0     1        1         0    0      1 536870912 67108864     512.0 HDF5      0
Finished            : Thu Jun  6 15:38:11 2019
