IOR-3.2.0: MPI Coordinated Test of Parallel I/O
Began               : Thu Jun  6 15:26:57 2019
Command line        : /glade/work/kpaul/software/ncar-ior/bin/ior -a HDF5 -w -r -C -i10 -g -t 8m -b 32m -c
Machine             : Linux r1i1n0
TestID              : 0
StartTime           : Thu Jun  6 15:26:57 2019
Path                : /gpfs/fs1/scratch/kpaul/ior_scaling
FS                  : 15000.0 TiB   Used FS: 59.5%   Inodes: 2355.6 Mi   Used Inodes: 62.6%

Options: 
api                 : HDF5
apiVersion          : 1.8.21 (Parallel)
test filename       : testFile
access              : single-shared-file
type                : collective
segments            : 1
ordering in a file  : sequential
ordering inter file : constant task offset
task offset         : 1
tasks               : 1
clients per node    : 1
repetitions         : 10
xfersize            : 8 MiB
blocksize           : 32 MiB
aggregate filesize  : 32 MiB

Results: 

access    bw(MiB/s)  block(KiB) xfer(KiB)  open(s)    wr/rd(s)   close(s)   total(s)   iter
------    ---------  ---------- ---------  --------   --------   --------   --------   ----
write     2020.03    32768      8192       0.000846   0.014280   0.000714   0.015841   0   
read      813.16     32768      8192       0.000403   0.038830   0.000119   0.039353   0   
remove    -          -          -          -          -          -          0.000260   0   
write     2008.03    32768      8192       0.000543   0.014807   0.000586   0.015936   1   
read      1171.48    32768      8192       0.000361   0.026845   0.000110   0.027316   1   
remove    -          -          -          -          -          -          0.000299   1   
write     1955.62    32768      8192       0.000586   0.015116   0.000660   0.016363   2   
read      712.96     32768      8192       0.000404   0.044365   0.000113   0.044883   2   
remove    -          -          -          -          -          -          0.000281   2   
write     1995.56    32768      8192       0.000492   0.014900   0.000643   0.016036   3   
read      954.71     32768      8192       0.000409   0.032995   0.000114   0.033518   3   
remove    -          -          -          -          -          -          0.000318   3   
write     1999.64    32768      8192       0.000491   0.014893   0.000618   0.016003   4   
read      713.09     32768      8192       0.000392   0.044370   0.000112   0.044875   4   
remove    -          -          -          -          -          -          0.000164   4   
write     1998.67    32768      8192       0.000611   0.014800   0.000599   0.016011   5   
read      1064.97    32768      8192       0.000346   0.029587   0.000114   0.030048   5   
remove    -          -          -          -          -          -          0.000305   5   
write     1979.12    32768      8192       0.000521   0.015076   0.000571   0.016169   6   
read      1215.67    32768      8192       0.000366   0.025823   0.000133   0.026323   6   
remove    -          -          -          -          -          -          0.000288   6   
write     2047.66    32768      8192       0.000520   0.014538   0.000569   0.015628   7   
read      732.49     32768      8192       0.000395   0.043175   0.000115   0.043687   7   
remove    -          -          -          -          -          -          0.000163   7   
write     2018.95    32768      8192       0.000464   0.014786   0.000599   0.015850   8   
read      534.90     32768      8192       0.000444   0.059264   0.000115   0.059824   8   
remove    -          -          -          -          -          -          0.000271   8   
write     2079.97    32768      8192       0.000536   0.014628   0.000220   0.015385   9   
read      492.35     32768      8192       0.000478   0.064404   0.000112   0.064994   9   
remove    -          -          -          -          -          -          0.000158   9   
Max Write: 2079.97 MiB/sec (2181.01 MB/sec)
Max Read:  1215.67 MiB/sec (1274.72 MB/sec)

Summary of all tests:
Operation   Max(MiB)   Min(MiB)  Mean(MiB)     StdDev   Max(OPs)   Min(OPs)  Mean(OPs)     StdDev    Mean(s) Test# #Tasks tPN reps fPP reord reordoff reordrand seed segcnt   blksiz    xsize aggs(MiB)   API RefNum
write        2079.97    1955.62    2010.33      32.94     260.00     244.45     251.29       4.12    0.01592     0      1   1   10   0     1        1         0    0      1 33554432  8388608      32.0 HDF5      0
read         1215.67     492.35     840.58     239.43     151.96      61.54     105.07      29.93    0.04148     0      1   1   10   0     1        1         0    0      1 33554432  8388608      32.0 HDF5      0
Finished            : Thu Jun  6 15:26:57 2019
