IOR-3.2.0: MPI Coordinated Test of Parallel I/O
Began               : Thu Jun  6 16:38:59 2019
Command line        : /glade/work/kpaul/software/ncar-ior/bin/ior -a HDF5 -w -r -C -i10 -g -t 128m -b 1024m -c
Machine             : Linux r8i1n18
TestID              : 0
StartTime           : Thu Jun  6 16:38:59 2019
Path                : /gpfs/fs1/scratch/kpaul/ior_scaling
FS                  : 15000.0 TiB   Used FS: 59.6%   Inodes: 2355.6 Mi   Used Inodes: 62.6%

Options: 
api                 : HDF5
apiVersion          : 1.8.21 (Parallel)
test filename       : testFile
access              : single-shared-file
type                : collective
segments            : 1
ordering in a file  : sequential
ordering inter file : constant task offset
task offset         : 1
tasks               : 4
clients per node    : 1
repetitions         : 10
xfersize            : 128 MiB
blocksize           : 1 GiB
aggregate filesize  : 4 GiB

Results: 

access    bw(MiB/s)  block(KiB) xfer(KiB)  open(s)    wr/rd(s)   close(s)   total(s)   iter
------    ---------  ---------- ---------  --------   --------   --------   --------   ----
write     1440.45    1048576    131072     0.010594   2.74       0.091195   2.84       0   
read      4556       1048576    131072     0.004860   0.893955   0.000263   0.899084   0   
remove    -          -          -          -          -          -          0.000319   0   
write     4840       1048576    131072     0.016241   0.758642   0.071381   0.846266   1   
read      5153       1048576    131072     0.005805   0.788880   0.000263   0.794954   1   
remove    -          -          -          -          -          -          0.000283   1   
write     4559       1048576    131072     0.032247   0.800799   0.065305   0.898350   2   
read      5172       1048576    131072     0.004796   0.777684   0.009439   0.791924   2   
remove    -          -          -          -          -          -          0.000351   2   
write     4715       1048576    131072     0.018334   0.788378   0.062076   0.868790   3   
read      5145       1048576    131072     0.005137   0.790709   0.000271   0.796123   3   
remove    -          -          -          -          -          -          0.000420   3   
write     5024       1048576    131072     0.018573   0.756901   0.039864   0.815339   4   
read      5164       1048576    131072     0.004790   0.788107   0.000271   0.793169   4   
remove    -          -          -          -          -          -          0.000254   4   
write     3467.27    1048576    131072     0.283535   0.804820   0.092974   1.18       5   
read      4535       1048576    131072     0.004839   0.897862   0.000535   0.903236   5   
remove    -          -          -          -          -          -          0.000338   5   
write     4996       1048576    131072     0.018310   0.767728   0.033839   0.819873   6   
read      5185       1048576    131072     0.004353   0.785335   0.000273   0.789964   6   
remove    -          -          -          -          -          -          0.000252   6   
write     4810       1048576    131072     0.015287   0.788661   0.047529   0.851472   7   
read      5065       1048576    131072     0.004839   0.803516   0.000271   0.808630   7   
remove    -          -          -          -          -          -          0.000211   7   
write     4110       1048576    131072     0.171461   0.777134   0.047894   0.996485   8   
read      4940       1048576    131072     0.004884   0.798290   0.025911   0.829090   8   
remove    -          -          -          -          -          -          0.000252   8   
write     5032       1048576    131072     0.018689   0.757424   0.037897   0.814005   9   
read      5018       1048576    131072     0.004767   0.803441   0.008011   0.816222   9   
remove    -          -          -          -          -          -          0.000363   9   
Max Write: 5031.91 MiB/sec (5276.34 MB/sec)
Max Read:  5185.05 MiB/sec (5436.92 MB/sec)

Summary of all tests:
Operation   Max(MiB)   Min(MiB)  Mean(MiB)     StdDev   Max(OPs)   Min(OPs)  Mean(OPs)     StdDev    Mean(s) Test# #Tasks tPN reps fPP reord reordoff reordrand seed segcnt   blksiz    xsize aggs(MiB)   API RefNum
write        5031.91    1440.45    4299.43    1060.26      39.31      11.25      33.59       8.28    1.09355     0      4   1   10   0     1        1         0    0      1 1073741824 134217728    4096.0 HDF5      0
read         5185.05    4534.81    4993.33     235.92      40.51      35.43      39.01       1.84    0.82224     0      4   1   10   0     1        1         0    0      1 1073741824 134217728    4096.0 HDF5      0
Finished            : Thu Jun  6 16:39:19 2019
