IOR-3.2.0: MPI Coordinated Test of Parallel I/O
Began               : Thu Jun  6 15:20:24 2019
Command line        : /glade/work/kpaul/software/ncar-ior/bin/ior -a POSIX -w -r -C -i10 -g -t 64m -b 64m -e -F
Machine             : Linux r1i1n0
TestID              : 0
StartTime           : Thu Jun  6 15:20:24 2019
Path                : /gpfs/fs1/scratch/kpaul/ior_scaling
FS                  : 15000.0 TiB   Used FS: 59.5%   Inodes: 2355.6 Mi   Used Inodes: 62.6%

Options: 
api                 : POSIX
apiVersion          : 
test filename       : testFile
access              : file-per-process
type                : independent
segments            : 1
ordering in a file  : sequential
ordering inter file : constant task offset
task offset         : 1
tasks               : 1
clients per node    : 1
repetitions         : 10
xfersize            : 64 MiB
blocksize           : 64 MiB
aggregate filesize  : 64 MiB

Results: 

access    bw(MiB/s)  block(KiB) xfer(KiB)  open(s)    wr/rd(s)   close(s)   total(s)   iter
------    ---------  ---------- ---------  --------   --------   --------   --------   ----
write     899.07     65536      65536      0.006174   0.064982   0.000027   0.071185   0   
read      3744       65536      65536      0.000017   0.017064   0.000013   0.017096   0   
remove    -          -          -          -          -          -          0.000272   0   
write     1330.36    65536      65536      0.000307   0.047773   0.000024   0.048107   1   
read      3749       65536      65536      0.000016   0.017044   0.000011   0.017073   1   
remove    -          -          -          -          -          -          0.000087   1   
write     1521.59    65536      65536      0.000298   0.041737   0.000025   0.042061   2   
read      3748       65536      65536      0.000016   0.017047   0.000011   0.017075   2   
remove    -          -          -          -          -          -          0.000516   2   
write     1580.20    65536      65536      0.000264   0.040210   0.000025   0.040501   3   
read      3734       65536      65536      0.000016   0.017107   0.000013   0.017138   3   
remove    -          -          -          -          -          -          0.000089   3   
write     1148.02    65536      65536      0.000311   0.055411   0.000025   0.055748   4   
read      3549.62    65536      65536      0.000017   0.017999   0.000012   0.018030   4   
remove    -          -          -          -          -          -          0.000086   4   
write     1419.31    65536      65536      0.000369   0.044697   0.000025   0.045092   5   
read      3744       65536      65536      0.000017   0.017063   0.000011   0.017092   5   
remove    -          -          -          -          -          -          0.000085   5   
write     1440.95    65536      65536      0.000253   0.044136   0.000024   0.044415   6   
read      3742       65536      65536      0.000017   0.017076   0.000010   0.017105   6   
remove    -          -          -          -          -          -          0.000084   6   
write     1706.47    65536      65536      0.000323   0.037154   0.000025   0.037504   7   
read      3751       65536      65536      0.000017   0.017031   0.000010   0.017061   7   
remove    -          -          -          -          -          -          0.000089   7   
write     1671.69    65536      65536      0.000317   0.037941   0.000025   0.038285   8   
read      3747       65536      65536      0.000017   0.017051   0.000011   0.017081   8   
remove    -          -          -          -          -          -          0.000086   8   
write     1347.27    65536      65536      0.000343   0.047134   0.000024   0.047503   9   
read      3732       65536      65536      0.000016   0.017119   0.000011   0.017148   9   
remove    -          -          -          -          -          -          0.000083   9   
Max Write: 1706.47 MiB/sec (1789.36 MB/sec)
Max Read:  3751.35 MiB/sec (3933.58 MB/sec)

Summary of all tests:
Operation   Max(MiB)   Min(MiB)  Mean(MiB)     StdDev   Max(OPs)   Min(OPs)  Mean(OPs)     StdDev    Mean(s) Test# #Tasks tPN reps fPP reord reordoff reordrand seed segcnt   blksiz    xsize aggs(MiB)   API RefNum
write        1706.47     899.07    1406.49     232.10      26.66      14.05      21.98       3.63    0.04704     0      1   1   10   1     1        1         0    0      1 67108864 67108864      64.0 POSIX      0
read         3751.35    3549.62    3724.05      58.43      58.61      55.46      58.19       0.91    0.01719     0      1   1   10   1     1        1         0    0      1 67108864 67108864      64.0 POSIX      0
Finished            : Thu Jun  6 15:20:25 2019
