IOR-3.2.0: MPI Coordinated Test of Parallel I/O
Began               : Thu Jun  6 15:22:55 2019
Command line        : /glade/work/kpaul/software/ncar-ior/bin/ior -a POSIX -w -r -C -i10 -g -t 64m -b 128m -e -F
Machine             : Linux r1i1n0
TestID              : 0
StartTime           : Thu Jun  6 15:22:55 2019
Path                : /gpfs/fs1/scratch/kpaul/ior_scaling
FS                  : 15000.0 TiB   Used FS: 59.5%   Inodes: 2355.6 Mi   Used Inodes: 62.6%

Options: 
api                 : POSIX
apiVersion          : 
test filename       : testFile
access              : file-per-process
type                : independent
segments            : 1
ordering in a file  : sequential
ordering inter file : constant task offset
task offset         : 1
tasks               : 1
clients per node    : 1
repetitions         : 10
xfersize            : 64 MiB
blocksize           : 128 MiB
aggregate filesize  : 128 MiB

Results: 

access    bw(MiB/s)  block(KiB) xfer(KiB)  open(s)    wr/rd(s)   close(s)   total(s)   iter
------    ---------  ---------- ---------  --------   --------   --------   --------   ----
write     448.96     131072     65536      0.000831   0.284242   0.000029   0.285105   0   
read      3752       131072     65536      0.000020   0.034080   0.000015   0.034117   0   
remove    -          -          -          -          -          -          0.000339   0   
write     859.40     131072     65536      0.000098   0.148814   0.000027   0.148940   1   
read      3759       131072     65536      0.000017   0.034021   0.000014   0.034054   1   
remove    -          -          -          -          -          -          0.000098   1   
write     1429.70    131072     65536      0.000096   0.089405   0.000026   0.089529   2   
read      3761       131072     65536      0.000017   0.033998   0.000013   0.034030   2   
remove    -          -          -          -          -          -          0.000094   2   
write     1807.44    131072     65536      0.000096   0.070696   0.000024   0.070818   3   
read      3747       131072     65536      0.000016   0.034131   0.000013   0.034162   3   
remove    -          -          -          -          -          -          0.000087   3   
write     1724.82    131072     65536      0.000092   0.074093   0.000024   0.074211   4   
read      3765       131072     65536      0.000017   0.033968   0.000013   0.034000   4   
remove    -          -          -          -          -          -          0.000090   4   
write     1794.19    131072     65536      0.000088   0.071226   0.000024   0.071341   5   
read      3734       131072     65536      0.000016   0.034250   0.000014   0.034283   5   
remove    -          -          -          -          -          -          0.000087   5   
write     996.46     131072     65536      0.000091   0.128337   0.000024   0.128455   6   
read      3760       131072     65536      0.000017   0.034014   0.000013   0.034046   6   
remove    -          -          -          -          -          -          0.000086   6   
write     1726.31    131072     65536      0.000088   0.074033   0.000024   0.074147   7   
read      3760       131072     65536      0.000017   0.034012   0.000013   0.034043   7   
remove    -          -          -          -          -          -          0.000088   7   
write     1663.33    131072     65536      0.000087   0.076841   0.000024   0.076954   8   
read      3758       131072     65536      0.000015   0.034033   0.000013   0.034063   8   
remove    -          -          -          -          -          -          0.000084   8   
write     1883.21    131072     65536      0.000086   0.067858   0.000023   0.067969   9   
read      3768       131072     65536      0.000016   0.033943   0.000013   0.033973   9   
remove    -          -          -          -          -          -          0.000084   9   
Max Write: 1883.21 MiB/sec (1974.69 MB/sec)
Max Read:  3767.67 MiB/sec (3950.69 MB/sec)

Summary of all tests:
Operation   Max(MiB)   Min(MiB)  Mean(MiB)     StdDev   Max(OPs)   Min(OPs)  Mean(OPs)     StdDev    Mean(s) Test# #Tasks tPN reps fPP reord reordoff reordrand seed segcnt   blksiz    xsize aggs(MiB)   API RefNum
write        1883.21     448.96    1433.38     467.50      29.43       7.01      22.40       7.30    0.10875     0      1   1   10   1     1        1         0    0      1 134217728 67108864     128.0 POSIX      0
read         3767.67    3733.68    3756.22       9.39      58.87      58.34      58.69       0.15    0.03408     0      1   1   10   1     1        1         0    0      1 134217728 67108864     128.0 POSIX      0
Finished            : Thu Jun  6 15:22:56 2019
