IOR-3.2.0: MPI Coordinated Test of Parallel I/O
Began               : Thu Jun  6 16:49:56 2019
Command line        : /glade/work/kpaul/software/ncar-ior/bin/ior -a HDF5 -w -r -C -i10 -g -t 64m -b 128m -c
Machine             : Linux r8i1n21
TestID              : 0
StartTime           : Thu Jun  6 16:49:56 2019
Path                : /gpfs/fs1/scratch/kpaul/ior_scaling
FS                  : 15000.0 TiB   Used FS: 59.6%   Inodes: 2355.6 Mi   Used Inodes: 62.6%

Options: 
api                 : HDF5
apiVersion          : 1.8.21 (Parallel)
test filename       : testFile
access              : single-shared-file
type                : collective
segments            : 1
ordering in a file  : sequential
ordering inter file : constant task offset
task offset         : 1
tasks               : 8
clients per node    : 1
repetitions         : 10
xfersize            : 64 MiB
blocksize           : 128 MiB
aggregate filesize  : 1 GiB

Results: 

access    bw(MiB/s)  block(KiB) xfer(KiB)  open(s)    wr/rd(s)   close(s)   total(s)   iter
------    ---------  ---------- ---------  --------   --------   --------   --------   ----
write     1319.93    131072     65536      0.007013   0.599258   0.169524   0.775800   0   
read      2966.83    131072     65536      0.009025   0.335930   0.000187   0.345150   0   
remove    -          -          -          -          -          -          0.000267   0   
write     3049.09    131072     65536      0.004951   0.261348   0.069530   0.335837   1   
read      4151       131072     65536      0.008330   0.209737   0.028614   0.246686   1   
remove    -          -          -          -          -          -          0.000364   1   
write     2285.88    131072     65536      0.004801   0.163790   0.279376   0.447968   2   
read      1977.10    131072     65536      0.007293   0.465667   0.044963   0.517929   2   
remove    -          -          -          -          -          -          0.000260   2   
write     3003.09    131072     65536      0.006503   0.232900   0.101574   0.340982   3   
read      2122.02    131072     65536      0.007264   0.451347   0.023943   0.482560   3   
remove    -          -          -          -          -          -          0.000333   3   
write     2076.68    131072     65536      0.006754   0.432660   0.053675   0.493096   4   
read      2108.89    131072     65536      0.007473   0.389135   0.088948   0.485563   4   
remove    -          -          -          -          -          -          0.000335   4   
write     2759.18    131072     65536      0.006359   0.311738   0.053022   0.371125   5   
read      4625       131072     65536      0.007678   0.204972   0.008732   0.221392   5   
remove    -          -          -          -          -          -          0.000365   5   
write     4942       131072     65536      0.005118   0.136993   0.065078   0.207192   6   
read      2166.61    131072     65536      0.008283   0.347082   0.117255   0.472628   6   
remove    -          -          -          -          -          -          0.000276   6   
write     2702.59    131072     65536      0.006221   0.331745   0.040924   0.378896   7   
read      3111.69    131072     65536      0.008176   0.320705   0.000194   0.329082   7   
remove    -          -          -          -          -          -          0.000322   7   
write     2349.89    131072     65536      0.008404   0.333013   0.094340   0.435764   8   
read      4279       131072     65536      0.007440   0.231667   0.000192   0.239304   8   
remove    -          -          -          -          -          -          0.000373   8   
write     3348.65    131072     65536      0.005803   0.251251   0.048736   0.305795   9   
read      4543       131072     65536      0.007707   0.215296   0.002412   0.225417   9   
remove    -          -          -          -          -          -          0.000444   9   
Max Write: 4942.27 MiB/sec (5182.35 MB/sec)
Max Read:  4625.28 MiB/sec (4849.96 MB/sec)

Summary of all tests:
Operation   Max(MiB)   Min(MiB)  Mean(MiB)     StdDev   Max(OPs)   Min(OPs)  Mean(OPs)     StdDev    Mean(s) Test# #Tasks tPN reps fPP reord reordoff reordrand seed segcnt   blksiz    xsize aggs(MiB)   API RefNum
write        4942.27    1319.93    2783.72     904.59      77.22      20.62      43.50      14.13    0.40925     0      8   1   10   0     1        1         0    0      1 134217728 67108864    1024.0 HDF5      0
read         4625.28    1977.10    3205.12    1043.12      72.27      30.89      50.08      16.30    0.35657     0      8   1   10   0     1        1         0    0      1 134217728 67108864    1024.0 HDF5      0
Finished            : Thu Jun  6 16:50:04 2019
