IOR-3.2.0: MPI Coordinated Test of Parallel I/O
Began               : Thu Jun  6 17:00:01 2019
Command line        : /glade/work/kpaul/software/ncar-ior/bin/ior -a POSIX -w -r -C -i10 -g -t 8m -b 64m -e -F
Machine             : Linux r8i1n21
TestID              : 0
StartTime           : Thu Jun  6 17:00:01 2019
Path                : /gpfs/fs1/scratch/kpaul/ior_scaling
FS                  : 15000.0 TiB   Used FS: 59.6%   Inodes: 2355.6 Mi   Used Inodes: 62.6%

Options: 
api                 : POSIX
apiVersion          : 
test filename       : testFile
access              : file-per-process
type                : independent
segments            : 1
ordering in a file  : sequential
ordering inter file : constant task offset
task offset         : 1
tasks               : 8
clients per node    : 1
repetitions         : 10
xfersize            : 8 MiB
blocksize           : 64 MiB
aggregate filesize  : 512 MiB

Results: 

access    bw(MiB/s)  block(KiB) xfer(KiB)  open(s)    wr/rd(s)   close(s)   total(s)   iter
------    ---------  ---------- ---------  --------   --------   --------   --------   ----
write     811.86     65536      8192       0.565815   0.064766   0.000047   0.630650   0   
read      8632       65536      8192       0.008353   0.050916   0.000024   0.059314   0   
remove    -          -          -          -          -          -          0.005289   0   
write     4613       65536      8192       0.019361   0.091560   0.000049   0.110992   1   
read      6357       65536      8192       0.012494   0.068006   0.000027   0.080536   1   
remove    -          -          -          -          -          -          0.005354   1   
write     7941       65536      8192       0.006950   0.057462   0.000044   0.064478   2   
read      17095      65536      8192       0.009864   0.020055   0.000023   0.029951   2   
remove    -          -          -          -          -          -          0.005244   2   
write     3245.46    65536      8192       0.008194   0.149503   0.000051   0.157759   3   
read      11190      65536      8192       0.008246   0.037471   0.000022   0.045755   3   
remove    -          -          -          -          -          -          0.004909   3   
write     5928       65536      8192       0.005731   0.080577   0.000050   0.086368   4   
read      16210      65536      8192       0.009703   0.021841   0.000019   0.031585   4   
remove    -          -          -          -          -          -          0.005693   4   
write     7906       65536      8192       0.005950   0.058732   0.000071   0.064763   5   
read      16128      65536      8192       0.010089   0.021618   0.000021   0.031746   5   
remove    -          -          -          -          -          -          0.004917   5   
write     6379       65536      8192       0.004896   0.075299   0.000048   0.080265   6   
read      16991      65536      8192       0.010220   0.019883   0.000023   0.030133   6   
remove    -          -          -          -          -          -          0.005154   6   
write     5390       65536      8192       0.007995   0.086868   0.000104   0.094989   7   
read      13597      65536      8192       0.010500   0.027117   0.000023   0.037655   7   
remove    -          -          -          -          -          -          0.004988   7   
write     6064       65536      8192       0.005749   0.078570   0.000079   0.084426   8   
read      8373       65536      8192       0.011590   0.049512   0.000022   0.061148   8   
remove    -          -          -          -          -          -          0.005537   8   
write     6189       65536      8192       0.005709   0.076947   0.000048   0.082722   9   
read      10892      65536      8192       0.012101   0.034861   0.000022   0.047008   9   
remove    -          -          -          -          -          -          0.005482   9   
Max Write: 7940.67 MiB/sec (8326.39 MB/sec)
Max Read:  17094.54 MiB/sec (17924.93 MB/sec)

Summary of all tests:
Operation   Max(MiB)   Min(MiB)  Mean(MiB)     StdDev   Max(OPs)   Min(OPs)  Mean(OPs)     StdDev    Mean(s) Test# #Tasks tPN reps fPP reord reordoff reordrand seed segcnt   blksiz    xsize aggs(MiB)   API RefNum
write        7940.67     811.86    5446.76    2032.88     992.58     101.48     680.84     254.11    0.14574     0      8   1   10   1     1        1         0    0      1 67108864  8388608     512.0 POSIX      0
read        17094.54    6357.43   12546.54    3787.01    2136.82     794.68    1568.32     473.38    0.04548     0      8   1   10   1     1        1         0    0      1 67108864  8388608     512.0 POSIX      0
Finished            : Thu Jun  6 17:00:04 2019
