IOR-3.2.0: MPI Coordinated Test of Parallel I/O
Began               : Wed Jun 12 10:06:34 2019
Command line        : /glade/work/kpaul/software/ncar-ior/bin/ior -a NCMPI -w -r -C -i10 -g -t 16m -b 128m
Machine             : Linux r5i0n9
TestID              : 0
StartTime           : Wed Jun 12 10:06:34 2019
Path                : /gpfs/fs1/scratch/kpaul/ior_scaling
FS                  : 15000.0 TiB   Used FS: 60.4%   Inodes: 2355.6 Mi   Used Inodes: 61.5%

Options: 
api                 : NCMPI
apiVersion          : 1.11.0 of 19 Dec 2018
test filename       : testFile
access              : single-shared-file
type                : independent
segments            : 1
ordering in a file  : sequential
ordering inter file : constant task offset
task offset         : 1
tasks               : 64
clients per node    : 1
repetitions         : 10
xfersize            : 16 MiB
blocksize           : 128 MiB
aggregate filesize  : 8 GiB

Results: 

access    bw(MiB/s)  block(KiB) xfer(KiB)  open(s)    wr/rd(s)   close(s)   total(s)   iter
------    ---------  ---------- ---------  --------   --------   --------   --------   ----
write     3538.18    131072     16384      0.016773   2.23       0.072126   2.32       0   
read      36183      131072     16384      0.004505   0.218081   0.003802   0.226407   0   
remove    -          -          -          -          -          -          0.007272   0   
write     3198.48    131072     16384      0.012384   2.41       0.143466   2.56       1   
read      31943      131072     16384      0.001914   0.250900   0.003630   0.256459   1   
remove    -          -          -          -          -          -          0.004703   1   
write     2680.76    131072     16384      0.009868   3.01       0.039748   3.06       2   
read      36109      131072     16384      0.026709   0.179500   0.020650   0.226866   2   
remove    -          -          -          -          -          -          0.027654   2   
write     3815       131072     16384      0.009511   2.06       0.077770   2.15       3   
read      43352      131072     16384      0.004268   0.126528   0.058161   0.188963   3   
remove    -          -          -          -          -          -          0.007554   3   
write     2035.38    131072     16384      0.008732   3.96       0.055497   4.02       4   
read      31760      131072     16384      0.025220   0.216892   0.015817   0.257931   4   
remove    -          -          -          -          -          -          0.012721   4   
write     3524.01    131072     16384      0.010130   2.28       0.039167   2.32       5   
read      43299      131072     16384      0.003759   0.169201   0.016229   0.189195   5   
remove    -          -          -          -          -          -          0.002292   5   
write     3470.49    131072     16384      0.013662   2.28       0.067204   2.36       6   
read      39415      131072     16384      0.026539   0.155616   0.025686   0.207838   6   
remove    -          -          -          -          -          -          0.020059   6   
write     2190.87    131072     16384      0.016697   3.71       0.014625   3.74       7   
read      38358      131072     16384      0.023671   0.187237   0.002657   0.213566   7   
remove    -          -          -          -          -          -          0.012889   7   
write     2411.77    131072     16384      0.010093   3.30       0.087779   3.40       8   
read      15987      131072     16384      0.004352   0.503145   0.004906   0.512406   8   
remove    -          -          -          -          -          -          0.008867   8   
write     5737       131072     16384      0.009797   1.31       0.104902   1.43       9   
read      24318      131072     16384      0.002133   0.326675   0.008064   0.336872   9   
remove    -          -          -          -          -          -          0.007706   9   
Max Write: 5737.11 MiB/sec (6015.79 MB/sec)
Max Read:  43352.48 MiB/sec (45458.37 MB/sec)

Summary of all tests:
Operation   Max(MiB)   Min(MiB)  Mean(MiB)     StdDev   Max(OPs)   Min(OPs)  Mean(OPs)     StdDev    Mean(s) Test# #Tasks tPN reps fPP reord reordoff reordrand seed segcnt   blksiz    xsize aggs(MiB)   API RefNum
write        5737.11    2035.38    3260.25    1016.74     358.57     127.21     203.77      63.55    2.73531     0     64   1   10   0     1        1         0    0      1 134217728 16777216    8192.0 NCMPI      0
read        43352.48   15987.31   34072.58    8117.12    2709.53     999.21    2129.54     507.32    0.26165     0     64   1   10   0     1        1         0    0      1 134217728 16777216    8192.0 NCMPI      0
Finished            : Wed Jun 12 10:07:05 2019
