IOR-3.2.0: MPI Coordinated Test of Parallel I/O
Began               : Thu Jun  6 15:25:34 2019
Command line        : /glade/work/kpaul/software/ncar-ior/bin/ior -a MPIIO -w -r -C -i10 -g -t 256m -b 512m -c
Machine             : Linux r1i1n0
TestID              : 0
StartTime           : Thu Jun  6 15:25:34 2019
Path                : /gpfs/fs1/scratch/kpaul/ior_scaling
FS                  : 15000.0 TiB   Used FS: 59.5%   Inodes: 2355.6 Mi   Used Inodes: 62.6%

Options: 
api                 : MPIIO
apiVersion          : (3.1)
test filename       : testFile
access              : single-shared-file
type                : collective
segments            : 1
ordering in a file  : sequential
ordering inter file : constant task offset
task offset         : 1
tasks               : 1
clients per node    : 1
repetitions         : 10
xfersize            : 256 MiB
blocksize           : 512 MiB
aggregate filesize  : 512 MiB

Results: 

access    bw(MiB/s)  block(KiB) xfer(KiB)  open(s)    wr/rd(s)   close(s)   total(s)   iter
------    ---------  ---------- ---------  --------   --------   --------   --------   ----
write     3156.82    524288     262144     0.000370   0.161745   0.000070   0.162189   0   
read      2347.52    524288     262144     0.000369   0.217680   0.000051   0.218102   0   
remove    -          -          -          -          -          -          0.000353   0   
write     3152.97    524288     262144     0.000874   0.161455   0.000055   0.162386   1   
read      3764       524288     262144     0.000211   0.135769   0.000047   0.136028   1   
remove    -          -          -          -          -          -          0.000465   1   
write     3159.83    524288     262144     0.000727   0.161251   0.000053   0.162034   2   
read      3453.04    524288     262144     0.000276   0.147951   0.000046   0.148275   2   
remove    -          -          -          -          -          -          0.000396   2   
write     3136.39    524288     262144     0.000663   0.162518   0.000060   0.163245   3   
read      3760       524288     262144     0.000308   0.135807   0.000046   0.136163   3   
remove    -          -          -          -          -          -          0.000466   3   
write     3150.57    524288     262144     0.000298   0.162157   0.000053   0.162510   4   
read      3760       524288     262144     0.000346   0.135765   0.000045   0.136157   4   
remove    -          -          -          -          -          -          0.000369   4   
write     3150.85    524288     262144     0.000346   0.162094   0.000052   0.162496   5   
read      3749       524288     262144     0.000342   0.136163   0.000051   0.136558   5   
remove    -          -          -          -          -          -          0.000447   5   
write     3136.50    524288     262144     0.000291   0.162887   0.000059   0.163239   6   
read      3757       524288     262144     0.000295   0.135936   0.000046   0.136278   6   
remove    -          -          -          -          -          -          0.000702   6   
write     2065.04    524288     262144     0.085815   0.162067   0.000054   0.247937   7   
read      3761       524288     262144     0.000243   0.135845   0.000046   0.136136   7   
remove    -          -          -          -          -          -          0.000549   7   
write     3144.43    524288     262144     0.000482   0.162285   0.000058   0.162828   8   
read      3760       524288     262144     0.000343   0.135797   0.000045   0.136187   8   
remove    -          -          -          -          -          -          0.000483   8   
write     3179.92    524288     262144     0.000426   0.160527   0.000055   0.161011   9   
read      2634.38    524288     262144     0.000190   0.194117   0.000045   0.194353   9   
remove    -          -          -          -          -          -          0.000511   9   
Max Write: 3179.92 MiB/sec (3334.38 MB/sec)
Max Read:  3763.93 MiB/sec (3946.77 MB/sec)

Summary of all tests:
Operation   Max(MiB)   Min(MiB)  Mean(MiB)     StdDev   Max(OPs)   Min(OPs)  Mean(OPs)     StdDev    Mean(s) Test# #Tasks tPN reps fPP reord reordoff reordrand seed segcnt   blksiz    xsize aggs(MiB)   API RefNum
write        3179.92    2065.04    3043.33     326.31      12.42       8.07      11.89       1.27    0.17099     0      1   1   10   0     1        1         0    0      1 536870912 268435456     512.0 MPIIO      0
read         3763.93    2347.52    3474.63     504.19      14.70       9.17      13.57       1.97    0.15142     0      1   1   10   0     1        1         0    0      1 536870912 268435456     512.0 MPIIO      0
Finished            : Thu Jun  6 15:25:38 2019
