IOR-3.2.0: MPI Coordinated Test of Parallel I/O
Began               : Thu Jun  6 16:00:40 2019
Command line        : /glade/work/kpaul/software/ncar-ior/bin/ior -a HDF5 -w -r -C -i10 -g -t 128m -b 512m -c
Machine             : Linux r11i3n24
TestID              : 0
StartTime           : Thu Jun  6 16:00:40 2019
Path                : /gpfs/fs1/scratch/kpaul/ior_scaling
FS                  : 15000.0 TiB   Used FS: 59.5%   Inodes: 2355.6 Mi   Used Inodes: 62.6%

Options: 
api                 : HDF5
apiVersion          : 1.8.21 (Parallel)
test filename       : testFile
access              : single-shared-file
type                : collective
segments            : 1
ordering in a file  : sequential
ordering inter file : constant task offset
task offset         : 1
tasks               : 2
clients per node    : 1
repetitions         : 10
xfersize            : 128 MiB
blocksize           : 512 MiB
aggregate filesize  : 1 GiB

Results: 

access    bw(MiB/s)  block(KiB) xfer(KiB)  open(s)    wr/rd(s)   close(s)   total(s)   iter
------    ---------  ---------- ---------  --------   --------   --------   --------   ----
write     837.63     524288     131072     0.010577   1.15       0.060586   1.22       0   
read      2540.83    524288     131072     0.004471   0.398328   0.000214   0.403019   0   
remove    -          -          -          -          -          -          0.000209   0   
write     2331.52    524288     131072     0.005668   0.361311   0.072214   0.439198   1   
read      2650.46    524288     131072     0.005242   0.380883   0.000216   0.386348   1   
remove    -          -          -          -          -          -          0.000224   1   
write     2747.77    524288     131072     0.009349   0.323136   0.040176   0.372666   2   
read      2668.16    524288     131072     0.002800   0.380761   0.000217   0.383785   2   
remove    -          -          -          -          -          -          0.000258   2   
write     2798.73    524288     131072     0.005758   0.311296   0.048821   0.365880   3   
read      2658.16    524288     131072     0.003410   0.381592   0.000220   0.385229   3   
remove    -          -          -          -          -          -          0.000242   3   
write     2910.54    524288     131072     0.005048   0.313290   0.033480   0.351824   4   
read      2660.24    524288     131072     0.002904   0.380096   0.001921   0.384928   4   
remove    -          -          -          -          -          -          0.000294   4   
write     2890.32    524288     131072     0.005252   0.304319   0.044710   0.354286   5   
read      2657.35    524288     131072     0.003132   0.379856   0.002350   0.385346   5   
remove    -          -          -          -          -          -          0.000288   5   
write     2589.17    524288     131072     0.006967   0.359700   0.028823   0.395494   6   
read      2680.13    524288     131072     0.002810   0.379034   0.000220   0.382070   6   
remove    -          -          -          -          -          -          0.000261   6   
write     2706.51    524288     131072     0.037169   0.307892   0.033282   0.378347   7   
read      2604.05    524288     131072     0.002845   0.390164   0.000218   0.393234   7   
remove    -          -          -          -          -          -          0.000265   7   
write     2969.84    524288     131072     0.007934   0.306637   0.030220   0.344800   8   
read      2661.54    524288     131072     0.003086   0.381337   0.000309   0.384739   8   
remove    -          -          -          -          -          -          0.000282   8   
write     2873.28    524288     131072     0.005356   0.305954   0.045074   0.356387   9   
read      2523.89    524288     131072     0.009822   0.395669   0.000226   0.405723   9   
remove    -          -          -          -          -          -          0.000302   9   
Max Write: 2969.84 MiB/sec (3114.10 MB/sec)
Max Read:  2680.13 MiB/sec (2810.32 MB/sec)

Summary of all tests:
Operation   Max(MiB)   Min(MiB)  Mean(MiB)     StdDev   Max(OPs)   Min(OPs)  Mean(OPs)     StdDev    Mean(s) Test# #Tasks tPN reps fPP reord reordoff reordrand seed segcnt   blksiz    xsize aggs(MiB)   API RefNum
write        2969.84     837.63    2565.53     602.59      23.20       6.54      20.04       4.71    0.45814     0      2   1   10   0     1        1         0    0      1 536870912 134217728    1024.0 HDF5      0
read         2680.13    2523.89    2630.48      52.65      20.94      19.72      20.55       0.41    0.38944     0      2   1   10   0     1        1         0    0      1 536870912 134217728    1024.0 HDF5      0
Finished            : Thu Jun  6 16:00:49 2019
