IOR-3.2.0: MPI Coordinated Test of Parallel I/O
Began               : Thu Jun  6 17:42:24 2019
Command line        : /glade/work/kpaul/software/ncar-ior/bin/ior -a NCMPI -w -r -C -i10 -g -t 64m -b 512m
Machine             : Linux r14i0n9
TestID              : 0
StartTime           : Thu Jun  6 17:42:24 2019
Path                : /gpfs/fs1/scratch/kpaul/ior_scaling
FS                  : 15000.0 TiB   Used FS: 59.6%   Inodes: 2355.6 Mi   Used Inodes: 62.6%

Options: 
api                 : NCMPI
apiVersion          : 1.11.0 of 19 Dec 2018
test filename       : testFile
access              : single-shared-file
type                : independent
segments            : 1
ordering in a file  : sequential
ordering inter file : constant task offset
task offset         : 1
tasks               : 16
clients per node    : 1
repetitions         : 10
xfersize            : 64 MiB
blocksize           : 512 MiB
aggregate filesize  : 8 GiB

Results: 

access    bw(MiB/s)  block(KiB) xfer(KiB)  open(s)    wr/rd(s)   close(s)   total(s)   iter
------    ---------  ---------- ---------  --------   --------   --------   --------   ----
write     8403       524288     65536      0.009782   0.963222   0.001892   0.974920   0   
read      31074      524288     65536      0.001625   0.253147   0.008837   0.263632   0   
remove    -          -          -          -          -          -          0.007860   0   
write     7691       524288     65536      0.007166   1.06       0.002313   1.07       1   
read      34492      524288     65536      0.000926   0.232687   0.003871   0.237503   1   
remove    -          -          -          -          -          -          0.002181   1   
write     10683      524288     65536      0.007411   0.758223   0.001150   0.766806   2   
read      31143      524288     65536      0.001130   0.241743   0.020152   0.263049   2   
remove    -          -          -          -          -          -          0.002849   2   
write     7066       524288     65536      0.004504   1.15       0.000937   1.16       3   
read      17498      524288     65536      0.004213   0.442927   0.020996   0.468157   3   
remove    -          -          -          -          -          -          0.005364   3   
write     7708       524288     65536      0.012564   1.05       0.001306   1.06       4   
read      20890      524288     65536      0.004540   0.309935   0.077668   0.392158   4   
remove    -          -          -          -          -          -          0.006880   4   
write     3213.77    524288     65536      0.006204   2.54       0.001139   2.55       5   
read      14176      524288     65536      0.002871   0.511555   0.063432   0.577881   5   
remove    -          -          -          -          -          -          0.007457   5   
write     4026       524288     65536      0.005585   2.03       0.001173   2.03       6   
read      22925      524288     65536      0.004824   0.320897   0.031589   0.357335   6   
remove    -          -          -          -          -          -          0.005396   6   
write     11966      524288     65536      0.005565   0.677085   0.001917   0.684582   7   
read      26205      524288     65536      0.004447   0.285249   0.022880   0.312609   7   
remove    -          -          -          -          -          -          0.006106   7   
write     12100      524288     65536      0.007722   0.668224   0.001087   0.677052   8   
read      35429      524288     65536      0.001098   0.208149   0.021947   0.231221   8   
remove    -          -          -          -          -          -          0.002968   8   
write     14192      524288     65536      0.006949   0.569128   0.001135   0.577231   9   
read      35590      524288     65536      0.003123   0.213876   0.013152   0.230175   9   
remove    -          -          -          -          -          -          0.007972   9   
Max Write: 14191.89 MiB/sec (14881.28 MB/sec)
Max Read:  35590.25 MiB/sec (37319.08 MB/sec)

Summary of all tests:
Operation   Max(MiB)   Min(MiB)  Mean(MiB)     StdDev   Max(OPs)   Min(OPs)  Mean(OPs)     StdDev    Mean(s) Test# #Tasks tPN reps fPP reord reordoff reordrand seed segcnt   blksiz    xsize aggs(MiB)   API RefNum
write       14191.89    3213.77    8704.84    3361.95     221.75      50.22     136.01      52.53    1.15518     0     16   1   10   0     1        1         0    0      1 536870912 67108864    8192.0 NCMPI      0
read        35590.25   14175.94   26942.24    7375.71     556.10     221.50     420.97     115.25    0.33337     0     16   1   10   0     1        1         0    0      1 536870912 67108864    8192.0 NCMPI      0
Finished            : Thu Jun  6 17:42:40 2019
