IOR-3.2.0: MPI Coordinated Test of Parallel I/O
Began               : Thu Jun  6 15:28:09 2019
Command line        : /glade/work/kpaul/software/ncar-ior/bin/ior -a NCMPI -w -r -C -i10 -g -t 64m -b 256m
Machine             : Linux r1i1n0
TestID              : 0
StartTime           : Thu Jun  6 15:28:09 2019
Path                : /gpfs/fs1/scratch/kpaul/ior_scaling
FS                  : 15000.0 TiB   Used FS: 59.5%   Inodes: 2355.6 Mi   Used Inodes: 62.6%

Options: 
api                 : NCMPI
apiVersion          : 1.11.0 of 19 Dec 2018
test filename       : testFile
access              : single-shared-file
type                : independent
segments            : 1
ordering in a file  : sequential
ordering inter file : constant task offset
task offset         : 1
tasks               : 1
clients per node    : 1
repetitions         : 10
xfersize            : 64 MiB
blocksize           : 256 MiB
aggregate filesize  : 256 MiB

Results: 

access    bw(MiB/s)  block(KiB) xfer(KiB)  open(s)    wr/rd(s)   close(s)   total(s)   iter
------    ---------  ---------- ---------  --------   --------   --------   --------   ----
write     2193.16    262144     65536      0.000513   0.116050   0.000161   0.116727   0   
read      3730       262144     65536      0.000447   0.068099   0.000081   0.068629   0   
remove    -          -          -          -          -          -          0.000452   0   
write     2293.96    262144     65536      0.000301   0.111166   0.000129   0.111597   1   
read      3474.29    262144     65536      0.000306   0.073297   0.000079   0.073684   1   
remove    -          -          -          -          -          -          0.000432   1   
write     2477.86    262144     65536      0.000308   0.102868   0.000138   0.103315   2   
read      3739       262144     65536      0.000342   0.068039   0.000076   0.068459   2   
remove    -          -          -          -          -          -          0.000470   2   
write     2242.60    262144     65536      0.000445   0.113573   0.000133   0.114153   3   
read      3732       262144     65536      0.000313   0.068194   0.000078   0.068587   3   
remove    -          -          -          -          -          -          0.000381   3   
write     1790.76    262144     65536      0.000276   0.142545   0.000133   0.142956   4   
read      3717       262144     65536      0.000383   0.068404   0.000082   0.068870   4   
remove    -          -          -          -          -          -          0.000398   4   
write     1962.08    262144     65536      0.000429   0.129368   0.000674   0.130474   5   
read      3735       262144     65536      0.000324   0.068145   0.000078   0.068550   5   
remove    -          -          -          -          -          -          0.000506   5   
write     1999.37    262144     65536      0.000293   0.127259   0.000487   0.128040   6   
read      2902.69    262144     65536      0.000322   0.087791   0.000079   0.088194   6   
remove    -          -          -          -          -          -          0.000392   6   
write     2087.91    262144     65536      0.000457   0.121534   0.000617   0.122610   7   
read      3733       262144     65536      0.000363   0.068127   0.000078   0.068569   7   
remove    -          -          -          -          -          -          0.000472   7   
write     2370.88    262144     65536      0.000311   0.107162   0.000502   0.107977   8   
read      2411.56    262144     65536      0.000313   0.105761   0.000079   0.106156   8   
remove    -          -          -          -          -          -          0.000540   8   
write     989.69     262144     65536      0.000370   0.258160   0.000135   0.258667   9   
read      2309.40    262144     65536      0.000418   0.110355   0.000077   0.110851   9   
remove    -          -          -          -          -          -          0.000461   9   
Max Write: 2477.86 MiB/sec (2598.23 MB/sec)
Max Read:  3739.45 MiB/sec (3921.10 MB/sec)

Summary of all tests:
Operation   Max(MiB)   Min(MiB)  Mean(MiB)     StdDev   Max(OPs)   Min(OPs)  Mean(OPs)     StdDev    Mean(s) Test# #Tasks tPN reps fPP reord reordoff reordrand seed segcnt   blksiz    xsize aggs(MiB)   API RefNum
write        2477.86     989.69    2040.83     400.69      38.72      15.46      31.89       6.26    0.13365     0      1   1   10   0     1        1         0    0      1 268435456 67108864     256.0 NCMPI      0
read         3739.45    2309.40    3348.52     552.38      58.43      36.08      52.32       8.63    0.07905     0      1   1   10   0     1        1         0    0      1 268435456 67108864     256.0 NCMPI      0
Finished            : Thu Jun  6 15:28:11 2019
