IOR-3.2.0: MPI Coordinated Test of Parallel I/O
Began               : Thu Jun  6 15:26:58 2019
Command line        : /glade/work/kpaul/software/ncar-ior/bin/ior -a POSIX -w -r -C -i10 -g -t 16m -b 64m -e -F
Machine             : Linux r1i1n0
TestID              : 0
StartTime           : Thu Jun  6 15:26:58 2019
Path                : /gpfs/fs1/scratch/kpaul/ior_scaling
FS                  : 15000.0 TiB   Used FS: 59.5%   Inodes: 2355.6 Mi   Used Inodes: 62.6%

Options: 
api                 : POSIX
apiVersion          : 
test filename       : testFile
access              : file-per-process
type                : independent
segments            : 1
ordering in a file  : sequential
ordering inter file : constant task offset
task offset         : 1
tasks               : 1
clients per node    : 1
repetitions         : 10
xfersize            : 16 MiB
blocksize           : 64 MiB
aggregate filesize  : 64 MiB

Results: 

access    bw(MiB/s)  block(KiB) xfer(KiB)  open(s)    wr/rd(s)   close(s)   total(s)   iter
------    ---------  ---------- ---------  --------   --------   --------   --------   ----
write     501.53     65536      16384      0.000663   0.126917   0.000027   0.127610   0   
read      5224       65536      16384      0.000016   0.012225   0.000008   0.012251   0   
remove    -          -          -          -          -          -          0.000098   0   
write     1170.63    65536      16384      0.000083   0.054563   0.000023   0.054671   1   
read      5310       65536      16384      0.000016   0.012027   0.000007   0.012052   1   
remove    -          -          -          -          -          -          0.000084   1   
write     1238.48    65536      16384      0.000079   0.050900   0.000695   0.051676   2   
read      5283       65536      16384      0.000021   0.012085   0.000007   0.012114   2   
remove    -          -          -          -          -          -          0.000094   2   
write     1619.18    65536      16384      0.000084   0.039413   0.000028   0.039526   3   
read      5307       65536      16384      0.000017   0.012033   0.000008   0.012059   3   
remove    -          -          -          -          -          -          0.000086   3   
write     1227.95    65536      16384      0.000080   0.052014   0.000023   0.052119   4   
read      5311       65536      16384      0.000016   0.012026   0.000007   0.012050   4   
remove    -          -          -          -          -          -          0.000083   4   
write     1407.25    65536      16384      0.000076   0.045378   0.000023   0.045479   5   
read      5254       65536      16384      0.000016   0.012156   0.000007   0.012182   5   
remove    -          -          -          -          -          -          0.000081   5   
write     294.98     65536      16384      0.000076   0.216862   0.000027   0.216967   6   
read      5323       65536      16384      0.000017   0.011998   0.000007   0.012023   6   
remove    -          -          -          -          -          -          0.000091   6   
write     1488.77    65536      16384      0.000085   0.042876   0.000026   0.042988   7   
read      5303       65536      16384      0.000016   0.012044   0.000007   0.012068   7   
remove    -          -          -          -          -          -          0.000092   7   
write     1394.06    65536      16384      0.000089   0.045794   0.000025   0.045909   8   
read      5290       65536      16384      0.000015   0.012074   0.000007   0.012098   8   
remove    -          -          -          -          -          -          0.000092   8   
write     1393.86    65536      16384      0.000083   0.045807   0.000024   0.045916   9   
read      5316       65536      16384      0.000015   0.012015   0.000007   0.012038   9   
remove    -          -          -          -          -          -          0.000084   9   
Max Write: 1619.18 MiB/sec (1697.83 MB/sec)
Max Read:  5323.23 MiB/sec (5581.81 MB/sec)

Summary of all tests:
Operation   Max(MiB)   Min(MiB)  Mean(MiB)     StdDev   Max(OPs)   Min(OPs)  Mean(OPs)     StdDev    Mean(s) Test# #Tasks tPN reps fPP reord reordoff reordrand seed segcnt   blksiz    xsize aggs(MiB)   API RefNum
write        1619.18     294.98    1173.67     409.93     101.20      18.44      73.35      25.62    0.07229     0      1   1   10   1     1        1         0    0      1 67108864 16777216      64.0 POSIX      0
read         5323.23    5224.00    5292.27      29.66     332.70     326.50     330.77       1.85    0.01209     0      1   1   10   1     1        1         0    0      1 67108864 16777216      64.0 POSIX      0
Finished            : Thu Jun  6 15:26:58 2019
