IOR-3.2.0: MPI Coordinated Test of Parallel I/O
Began               : Thu Jun  6 17:23:25 2019
Command line        : /glade/work/kpaul/software/ncar-ior/bin/ior -a POSIX -w -r -C -i10 -g -t 16m -b 64m -e -F
Machine             : Linux r14i0n9
TestID              : 0
StartTime           : Thu Jun  6 17:23:25 2019
Path                : /gpfs/fs1/scratch/kpaul/ior_scaling
FS                  : 15000.0 TiB   Used FS: 59.6%   Inodes: 2355.6 Mi   Used Inodes: 62.6%

Options: 
api                 : POSIX
apiVersion          : 
test filename       : testFile
access              : file-per-process
type                : independent
segments            : 1
ordering in a file  : sequential
ordering inter file : constant task offset
task offset         : 1
tasks               : 16
clients per node    : 1
repetitions         : 10
xfersize            : 16 MiB
blocksize           : 64 MiB
aggregate filesize  : 1 GiB

Results: 

access    bw(MiB/s)  block(KiB) xfer(KiB)  open(s)    wr/rd(s)   close(s)   total(s)   iter
------    ---------  ---------- ---------  --------   --------   --------   --------   ----
write     4036       65536      16384      0.019136   0.234498   0.000056   0.253712   0   
read      7998       65536      16384      0.019651   0.108334   0.000028   0.128035   0   
remove    -          -          -          -          -          -          0.007732   0   
write     2934.15    65536      16384      0.007939   0.340971   0.000058   0.348993   1   
read      7901       65536      16384      0.018687   0.110862   0.000027   0.129600   1   
remove    -          -          -          -          -          -          0.007095   1   
write     6710       65536      16384      0.007251   0.145281   0.000050   0.152606   2   
read      16510      65536      16384      0.017077   0.044898   0.000024   0.062022   2   
remove    -          -          -          -          -          -          0.007605   2   
write     10957      65536      16384      0.008309   0.085079   0.000050   0.093454   3   
read      10844      65536      16384      0.018610   0.075772   0.000025   0.094427   3   
remove    -          -          -          -          -          -          0.007384   3   
write     14121      65536      16384      0.007531   0.064904   0.000057   0.072514   4   
read      15415      65536      16384      0.033706   0.032664   0.000036   0.066429   4   
remove    -          -          -          -          -          -          0.007729   4   
write     10550      65536      16384      0.007723   0.089183   0.000133   0.097063   5   
read      15992      65536      16384      0.019592   0.044401   0.000022   0.064031   5   
remove    -          -          -          -          -          -          0.007512   5   
write     14521      65536      16384      0.006546   0.063899   0.000052   0.070519   6   
read      12356      65536      16384      0.018212   0.064619   0.000022   0.082876   6   
remove    -          -          -          -          -          -          0.007228   6   
write     10088      65536      16384      0.007215   0.094219   0.000051   0.101509   7   
read      20662      65536      16384      0.017648   0.031864   0.000021   0.049559   7   
remove    -          -          -          -          -          -          0.007973   7   
write     11028      65536      16384      0.007672   0.085109   0.000050   0.092852   8   
read      13995      65536      16384      0.017663   0.055462   0.000025   0.073171   8   
remove    -          -          -          -          -          -          0.007968   8   
write     3312.16    65536      16384      0.156185   0.152904   0.000052   0.309164   9   
read      9601       65536      16384      0.017703   0.088900   0.000027   0.106650   9   
remove    -          -          -          -          -          -          0.007282   9   
Max Write: 14520.84 MiB/sec (15226.20 MB/sec)
Max Read:  20662.25 MiB/sec (21665.93 MB/sec)

Summary of all tests:
Operation   Max(MiB)   Min(MiB)  Mean(MiB)     StdDev   Max(OPs)   Min(OPs)  Mean(OPs)     StdDev    Mean(s) Test# #Tasks tPN reps fPP reord reordoff reordrand seed segcnt   blksiz    xsize aggs(MiB)   API RefNum
write       14520.84    2934.15    8825.80    4086.15     907.55     183.38     551.61     255.38    0.15924     0     16   1   10   1     1        1         0    0      1 67108864 16777216    1024.0 POSIX      0
read        20662.25    7901.22   13127.47    3927.78    1291.39     493.83     820.47     245.49    0.08568     0     16   1   10   1     1        1         0    0      1 67108864 16777216    1024.0 POSIX      0
Finished            : Thu Jun  6 17:23:28 2019
