IOR-3.2.0: MPI Coordinated Test of Parallel I/O
Began               : Thu Jun  6 15:36:35 2019
Command line        : /glade/work/kpaul/software/ncar-ior/bin/ior -a POSIX -w -r -C -i10 -g -t 64m -b 512m -e -F
Machine             : Linux r1i1n0
TestID              : 0
StartTime           : Thu Jun  6 15:36:35 2019
Path                : /gpfs/fs1/scratch/kpaul/ior_scaling
FS                  : 15000.0 TiB   Used FS: 59.5%   Inodes: 2355.6 Mi   Used Inodes: 62.6%

Options: 
api                 : POSIX
apiVersion          : 
test filename       : testFile
access              : file-per-process
type                : independent
segments            : 1
ordering in a file  : sequential
ordering inter file : constant task offset
task offset         : 1
tasks               : 1
clients per node    : 1
repetitions         : 10
xfersize            : 64 MiB
blocksize           : 512 MiB
aggregate filesize  : 512 MiB

Results: 

access    bw(MiB/s)  block(KiB) xfer(KiB)  open(s)    wr/rd(s)   close(s)   total(s)   iter
------    ---------  ---------- ---------  --------   --------   --------   --------   ----
write     1755.02    524288     65536      0.000114   0.291587   0.000029   0.291734   0   
read      3769       524288     65536      0.000018   0.135802   0.000028   0.135850   0   
remove    -          -          -          -          -          -          0.000104   0   
write     2554.08    524288     65536      0.000099   0.200332   0.000031   0.200463   1   
read      3770       524288     65536      0.000017   0.135755   0.000028   0.135802   1   
remove    -          -          -          -          -          -          0.000108   1   
write     2544.26    524288     65536      0.000111   0.201095   0.000029   0.201237   2   
read      3765       524288     65536      0.000017   0.135932   0.000027   0.135979   2   
remove    -          -          -          -          -          -          0.000099   2   
write     2142.80    524288     65536      0.000098   0.238810   0.000029   0.238940   3   
read      3764       524288     65536      0.000017   0.135989   0.000028   0.136036   3   
remove    -          -          -          -          -          -          0.000098   3   
write     2179.21    524288     65536      0.000099   0.234820   0.000026   0.234947   4   
read      3765       524288     65536      0.000017   0.135959   0.000028   0.136006   4   
remove    -          -          -          -          -          -          0.000094   4   
write     1831.77    524288     65536      0.000095   0.279386   0.000027   0.279511   5   
read      3768       524288     65536      0.000017   0.135842   0.000028   0.135890   5   
remove    -          -          -          -          -          -          0.000096   5   
write     2663.26    524288     65536      0.000097   0.192119   0.000027   0.192246   6   
read      3767       524288     65536      0.000018   0.135873   0.000027   0.135920   6   
remove    -          -          -          -          -          -          0.000096   6   
write     2545.49    524288     65536      0.000096   0.201014   0.000028   0.201140   7   
read      3769       524288     65536      0.000018   0.135808   0.000026   0.135855   7   
remove    -          -          -          -          -          -          0.000096   7   
write     2699.91    524288     65536      0.000521   0.189081   0.000031   0.189636   8   
read      3770       524288     65536      0.000017   0.135756   0.000028   0.135803   8   
remove    -          -          -          -          -          -          0.000095   8   
write     2354.77    524288     65536      0.000098   0.217303   0.000027   0.217431   9   
read      3761       524288     65536      0.000018   0.136101   0.000027   0.136150   9   
remove    -          -          -          -          -          -          0.000099   9   
Max Write: 2699.91 MiB/sec (2831.06 MB/sec)
Max Read:  3770.20 MiB/sec (3953.34 MB/sec)

Summary of all tests:
Operation   Max(MiB)   Min(MiB)  Mean(MiB)     StdDev   Max(OPs)   Min(OPs)  Mean(OPs)     StdDev    Mean(s) Test# #Tasks tPN reps fPP reord reordoff reordrand seed segcnt   blksiz    xsize aggs(MiB)   API RefNum
write        2699.91    1755.02    2327.06     320.56      42.19      27.42      36.36       5.01    0.22473     0      1   1   10   1     1        1         0    0      1 536870912 67108864     512.0 POSIX      0
read         3770.20    3760.57    3766.68       2.95      58.91      58.76      58.85       0.05    0.13593     0      1   1   10   1     1        1         0    0      1 536870912 67108864     512.0 POSIX      0
Finished            : Thu Jun  6 15:36:38 2019
