IOR-3.2.0: MPI Coordinated Test of Parallel I/O
Began               : Wed Jun 12 09:02:18 2019
Command line        : /glade/work/kpaul/software/ncar-ior/bin/ior -a MPIIO -w -r -C -i10 -g -t 8m -b 16m -c
Machine             : Linux r5i0n9
TestID              : 0
StartTime           : Wed Jun 12 09:02:18 2019
Path                : /gpfs/fs1/scratch/kpaul/ior_scaling
FS                  : 15000.0 TiB   Used FS: 60.4%   Inodes: 2355.6 Mi   Used Inodes: 61.5%

Options: 
api                 : MPIIO
apiVersion          : (3.1)
test filename       : testFile
access              : single-shared-file
type                : collective
segments            : 1
ordering in a file  : sequential
ordering inter file : constant task offset
task offset         : 1
tasks               : 64
clients per node    : 1
repetitions         : 10
xfersize            : 8 MiB
blocksize           : 16 MiB
aggregate filesize  : 1 GiB

Results: 

access    bw(MiB/s)  block(KiB) xfer(KiB)  open(s)    wr/rd(s)   close(s)   total(s)   iter
------    ---------  ---------- ---------  --------   --------   --------   --------   ----
write     38874      16384      8192       0.012791   0.013405   0.000134   0.026342   0   
read      38476      16384      8192       0.002094   0.024452   0.000059   0.026614   0   
remove    -          -          -          -          -          -          0.016788   0   
write     51249      16384      8192       0.007368   0.012530   0.000071   0.019981   1   
read      33293      16384      8192       0.001593   0.029114   0.000041   0.030757   1   
remove    -          -          -          -          -          -          0.021401   1   
write     50207      16384      8192       0.008637   0.011672   0.000074   0.020396   2   
read      50295      16384      8192       0.001525   0.018738   0.000087   0.020360   2   
remove    -          -          -          -          -          -          0.013428   2   
write     44235      16384      8192       0.009706   0.013285   0.000126   0.023149   3   
read      34200      16384      8192       0.001861   0.027995   0.000071   0.029941   3   
remove    -          -          -          -          -          -          0.021204   3   
write     46552      16384      8192       0.009281   0.012637   0.000069   0.021997   4   
read      28920      16384      8192       0.001585   0.033733   0.000081   0.035408   4   
remove    -          -          -          -          -          -          0.015980   4   
write     44046      16384      8192       0.010247   0.012903   0.000083   0.023248   5   
read      48314      16384      8192       0.001721   0.019425   0.000041   0.021195   5   
remove    -          -          -          -          -          -          0.016987   5   
write     6701       16384      8192       0.069775   0.082952   0.000077   0.152814   6   
read      82111      16384      8192       0.002090   0.010335   0.000037   0.012471   6   
remove    -          -          -          -          -          -          0.019109   6   
write     47039      16384      8192       0.009800   0.011813   0.000143   0.021769   7   
read      38054      16384      8192       0.001574   0.025264   0.000064   0.026909   7   
remove    -          -          -          -          -          -          0.015556   7   
write     39575      16384      8192       0.011115   0.014385   0.000345   0.025875   8   
read      36017      16384      8192       0.001551   0.026832   0.000040   0.028431   8   
remove    -          -          -          -          -          -          0.016764   8   
write     36615      16384      8192       0.012814   0.015079   0.000064   0.027967   9   
read      44912      16384      8192       0.001679   0.021071   0.000041   0.022800   9   
remove    -          -          -          -          -          -          0.013477   9   
Max Write: 51249.01 MiB/sec (53738.48 MB/sec)
Max Read:  82111.23 MiB/sec (86099.87 MB/sec)

Summary of all tests:
Operation   Max(MiB)   Min(MiB)  Mean(MiB)     StdDev   Max(OPs)   Min(OPs)  Mean(OPs)     StdDev    Mean(s) Test# #Tasks tPN reps fPP reord reordoff reordrand seed segcnt   blksiz    xsize aggs(MiB)   API RefNum
write       51249.01    6700.97   40509.34   12151.74    6406.13     837.62    5063.67    1518.97    0.03635     0     64   1   10   0     1        1         0    0      1 16777216  8388608    1024.0 MPIIO      0
read        82111.23   28920.20   43459.36   14409.28   10263.90    3615.03    5432.42    1801.16    0.02549     0     64   1   10   0     1        1         0    0      1 16777216  8388608    1024.0 MPIIO      0
Finished            : Wed Jun 12 09:02:19 2019
