IOR-3.2.0: MPI Coordinated Test of Parallel I/O
Began               : Thu Jun  6 15:22:33 2019
Command line        : /glade/work/kpaul/software/ncar-ior/bin/ior -a MPIIO -w -r -C -i10 -g -t 8m -b 16m -c
Machine             : Linux r1i1n0
TestID              : 0
StartTime           : Thu Jun  6 15:22:33 2019
Path                : /gpfs/fs1/scratch/kpaul/ior_scaling
FS                  : 15000.0 TiB   Used FS: 59.5%   Inodes: 2355.6 Mi   Used Inodes: 62.6%

Options: 
api                 : MPIIO
apiVersion          : (3.1)
test filename       : testFile
access              : single-shared-file
type                : collective
segments            : 1
ordering in a file  : sequential
ordering inter file : constant task offset
task offset         : 1
tasks               : 1
clients per node    : 1
repetitions         : 10
xfersize            : 8 MiB
blocksize           : 16 MiB
aggregate filesize  : 16 MiB

Results: 

access    bw(MiB/s)  block(KiB) xfer(KiB)  open(s)    wr/rd(s)   close(s)   total(s)   iter
------    ---------  ---------- ---------  --------   --------   --------   --------   ----
write     3044.23    16384      8192       0.000332   0.004884   0.000039   0.005256   0   
read      571.52     16384      8192       0.000266   0.027720   0.000009   0.027995   0   
remove    -          -          -          -          -          -          0.000392   0   
write     3127.82    16384      8192       0.000254   0.004831   0.000030   0.005115   1   
read      596.13     16384      8192       0.000230   0.026600   0.000009   0.026840   1   
remove    -          -          -          -          -          -          0.000545   1   
write     3103.51    16384      8192       0.000229   0.004894   0.000032   0.005155   2   
read      508.56     16384      8192       0.000238   0.031213   0.000009   0.031461   2   
remove    -          -          -          -          -          -          0.000375   2   
write     3236.38    16384      8192       0.000235   0.004670   0.000039   0.004944   3   
read      248.66     16384      8192       0.000244   0.064089   0.000010   0.064344   3   
remove    -          -          -          -          -          -          0.000378   3   
write     3093.67    16384      8192       0.000240   0.004901   0.000030   0.005172   4   
read      347.24     16384      8192       0.000324   0.045744   0.000009   0.046077   4   
remove    -          -          -          -          -          -          0.000376   4   
write     3127.92    16384      8192       0.000261   0.004825   0.000028   0.005115   5   
read      367.14     16384      8192       0.000186   0.043385   0.000009   0.043580   5   
remove    -          -          -          -          -          -          0.000422   5   
write     3170.97    16384      8192       0.000250   0.004767   0.000028   0.005046   6   
read      798.20     16384      8192       0.000385   0.019650   0.000009   0.020045   6   
remove    -          -          -          -          -          -          0.000428   6   
write     3202.88    16384      8192       0.000244   0.004723   0.000028   0.004996   7   
read      414.87     16384      8192       0.000217   0.038339   0.000009   0.038566   7   
remove    -          -          -          -          -          -          0.000460   7   
write     3146.46    16384      8192       0.000222   0.004833   0.000029   0.005085   8   
read      443.39     16384      8192       0.000254   0.035822   0.000009   0.036085   8   
remove    -          -          -          -          -          -          0.000379   8   
write     3092.78    16384      8192       0.000306   0.004839   0.000028   0.005173   9   
read      328.91     16384      8192       0.000278   0.048359   0.000009   0.048646   9   
remove    -          -          -          -          -          -          0.000445   9   
Max Write: 3236.38 MiB/sec (3393.59 MB/sec)
Max Read:  798.20 MiB/sec (836.98 MB/sec)

Summary of all tests:
Operation   Max(MiB)   Min(MiB)  Mean(MiB)     StdDev   Max(OPs)   Min(OPs)  Mean(OPs)     StdDev    Mean(s) Test# #Tasks tPN reps fPP reord reordoff reordrand seed segcnt   blksiz    xsize aggs(MiB)   API RefNum
write        3236.38    3044.23    3134.66      53.97     404.55     380.53     391.83       6.75    0.00511     0      1   1   10   0     1        1         0    0      1 16777216  8388608      16.0 MPIIO      0
read          798.20     248.66     462.46     152.69      99.78      31.08      57.81      19.09    0.03836     0      1   1   10   0     1        1         0    0      1 16777216  8388608      16.0 MPIIO      0
Finished            : Thu Jun  6 15:22:34 2019
