IOR-3.2.0: MPI Coordinated Test of Parallel I/O
Began               : Wed Jun 12 09:01:47 2019
Command line        : /glade/work/kpaul/software/ncar-ior/bin/ior -a POSIX -w -r -C -i10 -g -t 8m -b 16m -e -F
Machine             : Linux r5i0n9
TestID              : 0
StartTime           : Wed Jun 12 09:01:47 2019
Path                : /gpfs/fs1/scratch/kpaul/ior_scaling
FS                  : 15000.0 TiB   Used FS: 60.4%   Inodes: 2355.6 Mi   Used Inodes: 61.5%

Options: 
api                 : POSIX
apiVersion          : 
test filename       : testFile
access              : file-per-process
type                : independent
segments            : 1
ordering in a file  : sequential
ordering inter file : constant task offset
task offset         : 1
tasks               : 64
clients per node    : 1
repetitions         : 10
xfersize            : 8 MiB
blocksize           : 16 MiB
aggregate filesize  : 1 GiB

Results: 

access    bw(MiB/s)  block(KiB) xfer(KiB)  open(s)    wr/rd(s)   close(s)   total(s)   iter
------    ---------  ---------- ---------  --------   --------   --------   --------   ----
write     10184      16384      8192       0.013400   0.087078   0.000058   0.100553   0   
read      12496      16384      8192       0.064044   0.017850   0.000037   0.081946   0   
remove    -          -          -          -          -          -          0.017988   0   
write     6256       16384      8192       0.020077   0.143543   0.000061   0.163688   1   
read      10818      16384      8192       0.061456   0.033139   0.000040   0.094654   1   
remove    -          -          -          -          -          -          0.017036   1   
write     9949       16384      8192       0.017968   0.084889   0.000058   0.102929   2   
read      9647       16384      8192       0.063264   0.042723   0.000161   0.106146   2   
remove    -          -          -          -          -          -          0.017752   2   
write     6833       16384      8192       0.020875   0.128883   0.000086   0.149856   3   
read      11601      16384      8192       0.058247   0.029962   0.000039   0.088266   3   
remove    -          -          -          -          -          -          0.017048   3   
write     9177       16384      8192       0.025197   0.086339   0.000055   0.111586   4   
read      15173      16384      8192       0.052697   0.014744   0.000036   0.067486   4   
remove    -          -          -          -          -          -          0.015274   4   
write     7804       16384      8192       0.019441   0.111690   0.000062   0.131209   5   
read      13516      16384      8192       0.058909   0.016767   0.000075   0.075761   5   
remove    -          -          -          -          -          -          0.017708   5   
write     10390      16384      8192       0.018344   0.080145   0.000052   0.098552   6   
read      13749      16384      8192       0.060009   0.014411   0.000036   0.074477   6   
remove    -          -          -          -          -          -          0.019897   6   
write     7394       16384      8192       0.020157   0.118267   0.000056   0.138495   7   
read      12799      16384      8192       0.060265   0.019709   0.000049   0.080009   7   
remove    -          -          -          -          -          -          0.019001   7   
write     7825       16384      8192       0.027477   0.103314   0.000056   0.130861   8   
read      13073      16384      8192       0.055403   0.022885   0.000033   0.078330   8   
remove    -          -          -          -          -          -          0.015169   8   
write     9179       16384      8192       0.018868   0.092614   0.000059   0.111558   9   
read      11228      16384      8192       0.060267   0.030531   0.000385   0.091200   9   
remove    -          -          -          -          -          -          0.017597   9   
Max Write: 10390.49 MiB/sec (10895.22 MB/sec)
Max Read:  15173.41 MiB/sec (15910.47 MB/sec)

Summary of all tests:
Operation   Max(MiB)   Min(MiB)  Mean(MiB)     StdDev   Max(OPs)   Min(OPs)  Mean(OPs)     StdDev    Mean(s) Test# #Tasks tPN reps fPP reord reordoff reordrand seed segcnt   blksiz    xsize aggs(MiB)   API RefNum
write       10390.49    6255.80    8499.08    1392.98    1298.81     781.98    1062.39     174.12    0.12393     0     64   1   10   1     1        1         0    0      1 16777216  8388608    1024.0 POSIX      0
read        15173.41    9647.09   12410.12    1531.98    1896.68    1205.89    1551.26     191.50    0.08383     0     64   1   10   1     1        1         0    0      1 16777216  8388608    1024.0 POSIX      0
Finished            : Wed Jun 12 09:01:50 2019
