IOR-3.2.0: MPI Coordinated Test of Parallel I/O
Began               : Thu Jun  6 15:52:48 2019
Command line        : /glade/work/kpaul/software/ncar-ior/bin/ior -a POSIX -w -r -C -i10 -g -t 64m -b 64m -e -F
Machine             : Linux r11i3n24
TestID              : 0
StartTime           : Thu Jun  6 15:52:48 2019
Path                : /gpfs/fs1/scratch/kpaul/ior_scaling
FS                  : 15000.0 TiB   Used FS: 59.5%   Inodes: 2355.6 Mi   Used Inodes: 62.6%

Options: 
api                 : POSIX
apiVersion          : 
test filename       : testFile
access              : file-per-process
type                : independent
segments            : 1
ordering in a file  : sequential
ordering inter file : constant task offset
task offset         : 1
tasks               : 2
clients per node    : 1
repetitions         : 10
xfersize            : 64 MiB
blocksize           : 64 MiB
aggregate filesize  : 128 MiB

Results: 

access    bw(MiB/s)  block(KiB) xfer(KiB)  open(s)    wr/rd(s)   close(s)   total(s)   iter
------    ---------  ---------- ---------  --------   --------   --------   --------   ----
write     1476.45    65536      65536      0.022028   0.064605   0.000045   0.086694   0   
read      2166.18    65536      65536      0.003266   0.055784   0.000022   0.059090   0   
remove    -          -          -          -          -          -          0.003982   0   
write     1357.53    65536      65536      0.005901   0.088323   0.000046   0.094289   1   
read      4536       65536      65536      0.005629   0.022555   0.000021   0.028222   1   
remove    -          -          -          -          -          -          0.004072   1   
write     1511.18    65536      65536      0.005085   0.079548   0.000051   0.084702   2   
read      3399.00    65536      65536      0.003696   0.033923   0.000021   0.037658   2   
remove    -          -          -          -          -          -          0.004031   2   
write     1725.77    65536      65536      0.005234   0.068878   0.000039   0.074170   3   
read      2143.09    65536      65536      0.003243   0.056444   0.000021   0.059727   3   
remove    -          -          -          -          -          -          0.005019   3   
write     1632.34    65536      65536      0.004639   0.073719   0.000040   0.078415   4   
read      2946.21    65536      65536      0.003162   0.040244   0.000021   0.043446   4   
remove    -          -          -          -          -          -          0.007232   4   
write     1515.64    65536      65536      0.005066   0.079328   0.000040   0.084453   5   
read      3539.98    65536      65536      0.003449   0.032673   0.000020   0.036158   5   
remove    -          -          -          -          -          -          0.004352   5   
write     2247.45    65536      65536      0.004431   0.052465   0.000040   0.056953   6   
read      3323.41    65536      65536      0.003823   0.034653   0.000022   0.038515   6   
remove    -          -          -          -          -          -          0.004327   6   
write     1294.94    65536      65536      0.004636   0.094154   0.000039   0.098846   7   
read      4816       65536      65536      0.003868   0.022675   0.000021   0.026580   7   
remove    -          -          -          -          -          -          0.004121   7   
write     1654.19    65536      65536      0.004426   0.072897   0.000038   0.077379   8   
read      1957.53    65536      65536      0.003382   0.061968   0.000021   0.065388   8   
remove    -          -          -          -          -          -          0.004137   8   
write     1925.21    65536      65536      0.004807   0.061622   0.000040   0.066486   9   
read      4533       65536      65536      0.003516   0.024683   0.000020   0.028235   9   
remove    -          -          -          -          -          -          0.004371   9   
Max Write: 2247.45 MiB/sec (2356.63 MB/sec)
Max Read:  4815.66 MiB/sec (5049.58 MB/sec)

Summary of all tests:
Operation   Max(MiB)   Min(MiB)  Mean(MiB)     StdDev   Max(OPs)   Min(OPs)  Mean(OPs)     StdDev    Mean(s) Test# #Tasks tPN reps fPP reord reordoff reordrand seed segcnt   blksiz    xsize aggs(MiB)   API RefNum
write        2247.45    1294.94    1634.07     267.45      35.12      20.23      25.53       4.18    0.08024     0      2   1   10   1     1        1         0    0      1 67108864 67108864     128.0 POSIX      0
read         4815.66    1957.53    3336.00     997.56      75.24      30.59      52.12      15.59    0.04230     0      2   1   10   1     1        1         0    0      1 67108864 67108864     128.0 POSIX      0
Finished            : Thu Jun  6 15:52:50 2019
