IOR-3.2.0: MPI Coordinated Test of Parallel I/O
Began               : Wed Jun 12 09:17:24 2019
Command line        : /glade/work/kpaul/software/ncar-ior/bin/ior -a HDF5 -w -r -C -i10 -g -t 64m -b 256m -c
Machine             : Linux r5i0n9
TestID              : 0
StartTime           : Wed Jun 12 09:17:24 2019
Path                : /gpfs/fs1/scratch/kpaul/ior_scaling
FS                  : 15000.0 TiB   Used FS: 60.4%   Inodes: 2355.6 Mi   Used Inodes: 61.5%

Options: 
api                 : HDF5
apiVersion          : 1.8.21 (Parallel)
test filename       : testFile
access              : single-shared-file
type                : collective
segments            : 1
ordering in a file  : sequential
ordering inter file : constant task offset
task offset         : 1
tasks               : 64
clients per node    : 1
repetitions         : 10
xfersize            : 64 MiB
blocksize           : 256 MiB
aggregate filesize  : 16 GiB

Results: 

access    bw(MiB/s)  block(KiB) xfer(KiB)  open(s)    wr/rd(s)   close(s)   total(s)   iter
------    ---------  ---------- ---------  --------   --------   --------   --------   ----
write     1103.71    262144     65536      0.013828   14.77      0.063095   14.84      0   
read      11019      262144     65536      0.100609   1.26       0.128027   1.49       0   
remove    -          -          -          -          -          -          0.000418   0   
write     7278       262144     65536      0.069893   2.10       0.086115   2.25       1   
read      17619      262144     65536      0.054667   0.722802   0.152462   0.929914   1   
remove    -          -          -          -          -          -          0.000310   1   
write     11539      262144     65536      0.069450   1.30       0.051265   1.42       2   
read      17724      262144     65536      0.066952   0.723216   0.134224   0.924382   2   
remove    -          -          -          -          -          -          0.000282   2   
write     10560      262144     65536      0.078553   1.37       0.099019   1.55       3   
read      16825      262144     65536      0.111055   0.767786   0.094960   0.973784   3   
remove    -          -          -          -          -          -          0.000245   3   
write     11242      262144     65536      0.083237   1.32       0.052096   1.46       4   
read      19891      262144     65536      0.107481   0.625035   0.091193   0.823674   4   
remove    -          -          -          -          -          -          0.000283   4   
write     12364      262144     65536      0.079574   1.19       0.055713   1.33       5   
read      20155      262144     65536      0.054065   0.707932   0.050945   0.812920   5   
remove    -          -          -          -          -          -          0.000203   5   
write     10560      262144     65536      0.204989   1.28       0.064851   1.55       6   
read      18698      262144     65536      0.121844   0.588265   0.166143   0.876224   6   
remove    -          -          -          -          -          -          0.000367   6   
write     6103       262144     65536      0.177355   2.42       0.088166   2.68       7   
read      10794      262144     65536      0.121422   1.25       0.144988   1.52       7   
remove    -          -          -          -          -          -          0.000273   7   
write     12353      262144     65536      0.069958   1.20       0.059043   1.33       8   
read      19879      262144     65536      0.119667   0.672509   0.032052   0.824202   8   
remove    -          -          -          -          -          -          0.000359   8   
write     13244      262144     65536      0.081522   1.11       0.046597   1.24       9   
read      31069      262144     65536      0.052172   0.447110   0.028104   0.527340   9   
remove    -          -          -          -          -          -          0.000279   9   
Max Write: 13243.71 MiB/sec (13887.04 MB/sec)
Max Read:  31069.14 MiB/sec (32578.36 MB/sec)

Summary of all tests:
Operation   Max(MiB)   Min(MiB)  Mean(MiB)     StdDev   Max(OPs)   Min(OPs)  Mean(OPs)     StdDev    Mean(s) Test# #Tasks tPN reps fPP reord reordoff reordrand seed segcnt   blksiz    xsize aggs(MiB)   API RefNum
write       13243.71    1103.71    9634.71    3557.97     206.93      17.25     150.54      55.59    2.96491     0     64   1   10   0     1        1         0    0      1 268435456 67108864   16384.0 HDF5      0
read        31069.14   10794.11   18367.30    5328.75     485.46     168.66     286.99      83.26    0.96972     0     64   1   10   0     1        1         0    0      1 268435456 67108864   16384.0 HDF5      0
Finished            : Wed Jun 12 09:18:04 2019
