IOR-3.2.0: MPI Coordinated Test of Parallel I/O
Began               : Wed Jun 12 08:58:57 2019
Command line        : /glade/work/kpaul/software/ncar-ior/bin/ior -a HDF5 -w -r -C -i10 -g -t 128m -b 128m -c
Machine             : Linux r5i0n9
TestID              : 0
StartTime           : Wed Jun 12 08:58:57 2019
Path                : /gpfs/fs1/scratch/kpaul/ior_scaling
FS                  : 15000.0 TiB   Used FS: 60.4%   Inodes: 2355.6 Mi   Used Inodes: 61.5%

Options: 
api                 : HDF5
apiVersion          : 1.8.21 (Parallel)
test filename       : testFile
access              : single-shared-file
type                : collective
segments            : 1
ordering in a file  : sequential
ordering inter file : constant task offset
task offset         : 1
tasks               : 64
clients per node    : 1
repetitions         : 10
xfersize            : 128 MiB
blocksize           : 128 MiB
aggregate filesize  : 8 GiB

Results: 

access    bw(MiB/s)  block(KiB) xfer(KiB)  open(s)    wr/rd(s)   close(s)   total(s)   iter
------    ---------  ---------- ---------  --------   --------   --------   --------   ----
write     1033.64    131072     131072     0.012560   7.86       0.055752   7.93       0   
read      17369      131072     131072     0.051494   0.419900   0.000246   0.471657   0   
remove    -          -          -          -          -          -          0.000303   0   
write     5494       131072     131072     0.030219   1.39       0.072706   1.49       1   
read      23636      131072     131072     0.067151   0.264880   0.014547   0.346583   1   
remove    -          -          -          -          -          -          0.000296   1   
write     8930       131072     131072     0.130957   0.726942   0.059421   0.917331   2   
read      21421      131072     131072     0.051527   0.314023   0.016859   0.382420   2   
remove    -          -          -          -          -          -          0.000311   2   
write     10214      131072     131072     0.032315   0.745861   0.023885   0.802064   3   
read      23126      131072     131072     0.050252   0.289449   0.014525   0.354234   3   
remove    -          -          -          -          -          -          0.000300   3   
write     9731       131072     131072     0.037199   0.775237   0.029425   0.841866   4   
read      20281      131072     131072     0.055552   0.332421   0.015942   0.403919   4   
remove    -          -          -          -          -          -          0.000347   4   
write     10542      131072     131072     0.039321   0.712135   0.025630   0.777090   5   
read      26182      131072     131072     0.049592   0.246314   0.016975   0.312886   5   
remove    -          -          -          -          -          -          0.000286   5   
write     9938       131072     131072     0.041385   0.748784   0.034140   0.824315   6   
read      23927      131072     131072     0.055242   0.256026   0.031102   0.342372   6   
remove    -          -          -          -          -          -          0.000309   6   
write     4437       131072     131072     0.043584   1.75       0.054424   1.85       7   
read      25290      131072     131072     0.052422   0.251592   0.019894   0.323922   7   
remove    -          -          -          -          -          -          0.000297   7   
write     9718       131072     131072     0.029413   0.765534   0.047996   0.842947   8   
read      25109      131072     131072     0.054995   0.252583   0.018670   0.326256   8   
remove    -          -          -          -          -          -          0.000314   8   
write     10499      131072     131072     0.028125   0.725111   0.027041   0.780269   9   
read      26006      131072     131072     0.055080   0.243432   0.016503   0.315003   9   
remove    -          -          -          -          -          -          0.000244   9   
Max Write: 10541.89 MiB/sec (11053.98 MB/sec)
Max Read:  26182.04 MiB/sec (27453.86 MB/sec)

Summary of all tests:
Operation   Max(MiB)   Min(MiB)  Mean(MiB)     StdDev   Max(OPs)   Min(OPs)  Mean(OPs)     StdDev    Mean(s) Test# #Tasks tPN reps fPP reord reordoff reordrand seed segcnt   blksiz    xsize aggs(MiB)   API RefNum
write       10541.89    1033.64    8053.60    3092.80      82.36       8.08      62.92      24.16    1.70488     0     64   1   10   0     1        1         0    0      1 134217728 134217728    8192.0 HDF5      0
read        26182.04   17368.56   23234.82    2667.96     204.55     135.69     181.52      20.84    0.35793     0     64   1   10   0     1        1         0    0      1 134217728 134217728    8192.0 HDF5      0
Finished            : Wed Jun 12 08:59:17 2019
