IOR-3.2.0: MPI Coordinated Test of Parallel I/O
Began               : Wed Jun 12 09:01:08 2019
Command line        : /glade/work/kpaul/software/ncar-ior/bin/ior -a MPIIO -w -r -C -i10 -g -t 256m -b 256m -c
Machine             : Linux r5i0n9
TestID              : 0
StartTime           : Wed Jun 12 09:01:08 2019
Path                : /gpfs/fs1/scratch/kpaul/ior_scaling
FS                  : 15000.0 TiB   Used FS: 60.4%   Inodes: 2355.6 Mi   Used Inodes: 61.5%

Options: 
api                 : MPIIO
apiVersion          : (3.1)
test filename       : testFile
access              : single-shared-file
type                : collective
segments            : 1
ordering in a file  : sequential
ordering inter file : constant task offset
task offset         : 1
tasks               : 64
clients per node    : 1
repetitions         : 10
xfersize            : 256 MiB
blocksize           : 256 MiB
aggregate filesize  : 16 GiB

Results: 

access    bw(MiB/s)  block(KiB) xfer(KiB)  open(s)    wr/rd(s)   close(s)   total(s)   iter
------    ---------  ---------- ---------  --------   --------   --------   --------   ----
write     162007     262144     262144     0.012507   0.088710   0.000366   0.101132   0   
read      26383      262144     262144     0.001954   0.619219   0.000298   0.621013   0   
remove    -          -          -          -          -          -          0.017841   0   
write     150192     262144     262144     0.011834   0.097340   0.000327   0.109087   1   
read      30559      262144     262144     0.001922   0.533857   0.000526   0.536149   1   
remove    -          -          -          -          -          -          0.016339   1   
write     159097     262144     262144     0.012000   0.090965   0.000369   0.102981   2   
read      62297      262144     262144     0.002082   0.260798   0.000408   0.262999   2   
remove    -          -          -          -          -          -          0.015341   2   
write     160638     262144     262144     0.011323   0.090640   0.000379   0.101993   3   
read      61102      262144     262144     0.001936   0.266330   0.000318   0.268142   3   
remove    -          -          -          -          -          -          0.014895   3   
write     155258     262144     262144     0.012018   0.093427   0.000366   0.105528   4   
read      58985      262144     262144     0.002191   0.275577   0.000339   0.277768   4   
remove    -          -          -          -          -          -          0.014121   4   
write     154179     262144     262144     0.010472   0.095698   0.000547   0.106266   5   
read      64676      262144     262144     0.002304   0.251132   0.000304   0.253322   5   
remove    -          -          -          -          -          -          0.015680   5   
write     142840     262144     262144     0.008968   0.105716   0.000373   0.114702   6   
read      48375      262144     262144     0.001881   0.336613   0.000550   0.338687   6   
remove    -          -          -          -          -          -          0.018136   6   
write     141511     262144     262144     0.008550   0.107009   0.000625   0.115779   7   
read      47921      262144     262144     0.001779   0.340117   0.000426   0.341898   7   
remove    -          -          -          -          -          -          0.022335   7   
write     159481     262144     262144     0.009154   0.093702   0.000336   0.102734   8   
read      63664      262144     262144     0.002083   0.255363   0.000375   0.257351   8   
remove    -          -          -          -          -          -          0.018599   8   
write     163547     262144     262144     0.011340   0.088729   0.000466   0.100179   9   
read      60376      262144     262144     0.001986   0.269437   0.000350   0.271367   9   
remove    -          -          -          -          -          -          0.021643   9   
Max Write: 163546.82 MiB/sec (171491.27 MB/sec)
Max Read:  64676.47 MiB/sec (67818.19 MB/sec)

Summary of all tests:
Operation   Max(MiB)   Min(MiB)  Mean(MiB)     StdDev   Max(OPs)   Min(OPs)  Mean(OPs)     StdDev    Mean(s) Test# #Tasks tPN reps fPP reord reordoff reordrand seed segcnt   blksiz    xsize aggs(MiB)   API RefNum
write      163546.82  141510.57  154874.76    7377.79     638.85     552.78     604.98      28.82    0.10604     0     64   1   10   0     1        1         0    0      1 268435456 268435456   16384.0 MPIIO      0
read        64676.47   26382.71   52433.67   13222.80     252.64     103.06     204.82      51.65    0.34287     0     64   1   10   0     1        1         0    0      1 268435456 268435456   16384.0 MPIIO      0
Finished            : Wed Jun 12 09:01:14 2019
