IOR-3.2.0: MPI Coordinated Test of Parallel I/O
Began               : Thu Jun  6 15:41:58 2019
Command line        : /glade/work/kpaul/software/ncar-ior/bin/ior -a POSIX -w -r -C -i10 -g -t 256m -b 2048m -e -F
Machine             : Linux r1i1n0
TestID              : 0
StartTime           : Thu Jun  6 15:41:58 2019
Path                : /gpfs/fs1/scratch/kpaul/ior_scaling
FS                  : 15000.0 TiB   Used FS: 59.5%   Inodes: 2355.6 Mi   Used Inodes: 62.6%

Options: 
api                 : POSIX
apiVersion          : 
test filename       : testFile
access              : file-per-process
type                : independent
segments            : 1
ordering in a file  : sequential
ordering inter file : constant task offset
task offset         : 1
tasks               : 1
clients per node    : 1
repetitions         : 10
xfersize            : 256 MiB
blocksize           : 2 GiB
aggregate filesize  : 2 GiB

Results: 

access    bw(MiB/s)  block(KiB) xfer(KiB)  open(s)    wr/rd(s)   close(s)   total(s)   iter
------    ---------  ---------- ---------  --------   --------   --------   --------   ----
write     2887.92    2097152    262144     0.000143   0.708974   0.000040   0.709160   0   
read      3469.64    2097152    262144     0.000019   0.590206   0.000037   0.590264   0   
remove    -          -          -          -          -          -          0.002951   0   
write     2814.18    2097152    262144     0.000531   0.727167   0.000042   0.727744   1   
read      3629       2097152    262144     0.000019   0.564213   0.000038   0.564271   1   
remove    -          -          -          -          -          -          0.000115   1   
write     2970.57    2097152    262144     0.000110   0.689279   0.000039   0.689431   2   
read      3614       2097152    262144     0.000019   0.566645   0.000039   0.566706   2   
remove    -          -          -          -          -          -          0.000111   2   
write     2996.43    2097152    262144     0.000109   0.683334   0.000037   0.683481   3   
read      3615       2097152    262144     0.000017   0.566472   0.000039   0.566532   3   
remove    -          -          -          -          -          -          0.000112   3   
write     2978.30    2097152    262144     0.000112   0.687489   0.000038   0.687642   4   
read      2894.20    2097152    262144     0.000018   0.707560   0.000042   0.707622   4   
remove    -          -          -          -          -          -          0.000111   4   
write     2459.88    2097152    262144     0.000116   0.832404   0.000038   0.832561   5   
read      3596.84    2097152    262144     0.000018   0.569326   0.000043   0.569389   5   
remove    -          -          -          -          -          -          0.000108   5   
write     2921.03    2097152    262144     0.000105   0.700977   0.000039   0.701123   6   
read      3620       2097152    262144     0.000018   0.565719   0.000042   0.565781   6   
remove    -          -          -          -          -          -          0.000110   6   
write     2907.86    2097152    262144     0.000110   0.704150   0.000036   0.704299   7   
read      3610       2097152    262144     0.000021   0.567248   0.000041   0.567312   7   
remove    -          -          -          -          -          -          0.000115   7   
write     2994.27    2097152    262144     0.000107   0.683821   0.000043   0.683973   8   
read      3683       2097152    262144     0.000018   0.556019   0.000050   0.556090   8   
remove    -          -          -          -          -          -          0.000109   8   
write     2974.62    2097152    262144     0.000106   0.688342   0.000040   0.688491   9   
read      3681       2097152    262144     0.000019   0.556286   0.000057   0.556364   9   
remove    -          -          -          -          -          -          0.000108   9   
Max Write: 2996.43 MiB/sec (3141.98 MB/sec)
Max Read:  3682.85 MiB/sec (3861.75 MB/sec)

Summary of all tests:
Operation   Max(MiB)   Min(MiB)  Mean(MiB)     StdDev   Max(OPs)   Min(OPs)  Mean(OPs)     StdDev    Mean(s) Test# #Tasks tPN reps fPP reord reordoff reordrand seed segcnt   blksiz    xsize aggs(MiB)   API RefNum
write        2996.43    2459.88    2890.50     153.52      11.70       9.61      11.29       0.60    0.71079     0      1   1   10   1     1        1         0    0      1 2147483648 268435456    2048.0 POSIX      0
read         3682.85    2894.20    3541.27     222.68      14.39      11.31      13.83       0.87    0.58103     0      1   1   10   1     1        1         0    0      1 2147483648 268435456    2048.0 POSIX      0
Finished            : Thu Jun  6 15:42:12 2019
