IOR-3.2.0: MPI Coordinated Test of Parallel I/O
Began               : Thu Jun  6 16:26:13 2019
Command line        : /glade/work/kpaul/software/ncar-ior/bin/ior -a MPIIO -w -r -C -i10 -g -t 8m -b 32m -c
Machine             : Linux r8i1n18
TestID              : 0
StartTime           : Thu Jun  6 16:26:13 2019
Path                : /gpfs/fs1/scratch/kpaul/ior_scaling
FS                  : 15000.0 TiB   Used FS: 59.5%   Inodes: 2355.6 Mi   Used Inodes: 62.6%

Options: 
api                 : MPIIO
apiVersion          : (3.1)
test filename       : testFile
access              : single-shared-file
type                : collective
segments            : 1
ordering in a file  : sequential
ordering inter file : constant task offset
task offset         : 1
tasks               : 4
clients per node    : 1
repetitions         : 10
xfersize            : 8 MiB
blocksize           : 32 MiB
aggregate filesize  : 128 MiB

Results: 

access    bw(MiB/s)  block(KiB) xfer(KiB)  open(s)    wr/rd(s)   close(s)   total(s)   iter
------    ---------  ---------- ---------  --------   --------   --------   --------   ----
write     7596       32768      8192       0.006568   0.010206   0.000069   0.016851   0   
read      1142.44    32768      8192       0.000480   0.111528   0.000027   0.112041   0   
remove    -          -          -          -          -          -          0.003256   0   
write     7369       32768      8192       0.006333   0.010978   0.000051   0.017369   1   
read      2861.29    32768      8192       0.000468   0.044235   0.000027   0.044735   1   
remove    -          -          -          -          -          -          0.003197   1   
write     7544       32768      8192       0.006387   0.010522   0.000050   0.016966   2   
read      3237.18    32768      8192       0.000473   0.039033   0.000028   0.039541   2   
remove    -          -          -          -          -          -          0.003492   2   
write     6719       32768      8192       0.005669   0.013326   0.000048   0.019051   3   
read      3002.25    32768      8192       0.000398   0.042205   0.000026   0.042635   3   
remove    -          -          -          -          -          -          0.003062   3   
write     7765       32768      8192       0.005487   0.010931   0.000058   0.016484   4   
read      3233.17    32768      8192       0.000436   0.039122   0.000025   0.039590   4   
remove    -          -          -          -          -          -          0.003117   4   
write     8070       32768      8192       0.005327   0.010471   0.000056   0.015862   5   
read      1637.94    32768      8192       0.000421   0.077693   0.000026   0.078147   5   
remove    -          -          -          -          -          -          0.003273   5   
write     8122       32768      8192       0.006047   0.009656   0.000050   0.015760   6   
read      2584.28    32768      8192       0.000416   0.049083   0.000026   0.049530   6   
remove    -          -          -          -          -          -          0.003170   6   
write     8114       32768      8192       0.006007   0.009710   0.000050   0.015775   7   
read      3400.98    32768      8192       0.000445   0.037138   0.000046   0.037636   7   
remove    -          -          -          -          -          -          0.004081   7   
write     7424       32768      8192       0.005693   0.011489   0.000051   0.017241   8   
read      3210.17    32768      8192       0.000440   0.039382   0.000047   0.039873   8   
remove    -          -          -          -          -          -          0.003213   8   
write     7255       32768      8192       0.005724   0.011860   0.000050   0.017642   9   
read      1884.92    32768      8192       0.000494   0.067383   0.000027   0.067907   9   
remove    -          -          -          -          -          -          0.004579   9   
Max Write: 8121.68 MiB/sec (8516.20 MB/sec)
Max Read:  3400.98 MiB/sec (3566.18 MB/sec)

Summary of all tests:
Operation   Max(MiB)   Min(MiB)  Mean(MiB)     StdDev   Max(OPs)   Min(OPs)  Mean(OPs)     StdDev    Mean(s) Test# #Tasks tPN reps fPP reord reordoff reordrand seed segcnt   blksiz    xsize aggs(MiB)   API RefNum
write        8121.68    6718.87    7597.89     420.35    1015.21     839.86     949.74      52.54    0.01690     0      4   1   10   0     1        1         0    0      1 33554432  8388608     128.0 MPIIO      0
read         3400.98    1142.44    2619.46     748.91     425.12     142.80     327.43      93.61    0.05516     0      4   1   10   0     1        1         0    0      1 33554432  8388608     128.0 MPIIO      0
Finished            : Thu Jun  6 16:26:14 2019
