IOR-3.2.0: MPI Coordinated Test of Parallel I/O
Began               : Thu Jun  6 15:54:52 2019
Command line        : /glade/work/kpaul/software/ncar-ior/bin/ior -a Z5 -w -r -C -i10 -g -t 64m -b 128m
Machine             : Linux r11i3n24
TestID              : 0
StartTime           : Thu Jun  6 15:54:52 2019
Path                : /gpfs/fs1/scratch/kpaul/ior_scaling
FS                  : 15000.0 TiB   Used FS: 59.5%   Inodes: 2355.6 Mi   Used Inodes: 62.6%

Options: 
api                 : Z5
apiVersion          : (null)
test filename       : testFile
access              : single-shared-file
type                : independent
segments            : 1
ordering in a file  : sequential
ordering inter file : constant task offset
task offset         : 1
tasks               : 2
clients per node    : 1
repetitions         : 10
xfersize            : 64 MiB
blocksize           : 128 MiB
aggregate filesize  : 256 MiB

Results: 

access    bw(MiB/s)  block(KiB) xfer(KiB)  open(s)    wr/rd(s)   close(s)   total(s)   iter
------    ---------  ---------- ---------  --------   --------   --------   --------   ----
write     867.17     131072     65536      0.004484   0.290697   0.000003   0.295213   0   
read      179.49     131072     65536      0.000002   1.43       0.000003   1.43       0   
remove    -          -          -          -          -          -          0.012215   0   
write     1053.09    131072     65536      0.000445   0.242627   0.000005   0.243093   1   
read      177.78     131072     65536      0.000001   1.44       0.000005   1.44       1   
remove    -          -          -          -          -          -          0.012605   1   
write     1048.62    131072     65536      0.000452   0.243657   0.000005   0.244129   2   
read      179.14     131072     65536      0.000000   1.43       0.000006   1.43       2   
remove    -          -          -          -          -          -          0.010585   2   
write     1062.20    131072     65536      0.000454   0.240537   0.000007   0.241010   3   
read      175.66     131072     65536      0.000002   1.46       0.000008   1.46       3   
remove    -          -          -          -          -          -          0.012364   3   
write     1063.99    131072     65536      0.000464   0.240123   0.000007   0.240605   4   
read      179.45     131072     65536      0.000003   1.43       0.000011   1.43       4   
remove    -          -          -          -          -          -          0.012312   4   
write     1060.60    131072     65536      0.000448   0.240908   0.000009   0.241373   5   
read      176.58     131072     65536      0.000004   1.45       0.000010   1.45       5   
remove    -          -          -          -          -          -          0.011029   5   
write     1052.02    131072     65536      0.000452   0.242872   0.000010   0.243341   6   
read      174.94     131072     65536      0.000005   1.46       0.000001   1.46       6   
remove    -          -          -          -          -          -          0.012453   6   
write     1054.91    131072     65536      0.001053   0.241607   0.000012   0.242675   7   
read      175.85     131072     65536      0.000006   1.46       0.000012   1.46       7   
remove    -          -          -          -          -          -          0.013311   7   
write     1045.62    131072     65536      0.000451   0.244355   0.000008   0.244832   8   
read      172.19     131072     65536      0.000007   1.49       0.000003   1.49       8   
remove    -          -          -          -          -          -          0.010675   8   
write     1039.66    131072     65536      0.000456   0.245766   0.000013   0.246234   9   
read      176.88     131072     65536      0.000009   1.45       0.000004   1.45       9   
remove    -          -          -          -          -          -          0.013130   9   
Max Write: 1063.99 MiB/sec (1115.67 MB/sec)
Max Read:  179.49 MiB/sec (188.21 MB/sec)

Summary of all tests:
Operation   Max(MiB)   Min(MiB)  Mean(MiB)     StdDev   Max(OPs)   Min(OPs)  Mean(OPs)     StdDev    Mean(s) Test# #Tasks tPN reps fPP reord reordoff reordrand seed segcnt   blksiz    xsize aggs(MiB)   API RefNum
write        1063.99     867.17    1034.79      56.33      16.62      13.55      16.17       0.88    0.24825     0      2   1   10   0     1        1         0    0      1 134217728 67108864     256.0  Z5      0
read          179.49     172.19     176.80       2.18       2.80       2.69       2.76       0.03    1.44821     0      2   1   10   0     1        1         0    0      1 134217728 67108864     256.0  Z5      0
Finished            : Thu Jun  6 15:55:09 2019
