IOR-3.2.0: MPI Coordinated Test of Parallel I/O
Began               : Thu Jun  6 15:30:18 2019
Command line        : /glade/work/kpaul/software/ncar-ior/bin/ior -a POSIX -w -r -C -i10 -g -t 256m -b 1024m -e -F
Machine             : Linux r1i1n0
TestID              : 0
StartTime           : Thu Jun  6 15:30:18 2019
Path                : /gpfs/fs1/scratch/kpaul/ior_scaling
FS                  : 15000.0 TiB   Used FS: 59.5%   Inodes: 2355.6 Mi   Used Inodes: 62.6%

Options: 
api                 : POSIX
apiVersion          : 
test filename       : testFile
access              : file-per-process
type                : independent
segments            : 1
ordering in a file  : sequential
ordering inter file : constant task offset
task offset         : 1
tasks               : 1
clients per node    : 1
repetitions         : 10
xfersize            : 256 MiB
blocksize           : 1 GiB
aggregate filesize  : 1 GiB

Results: 

access    bw(MiB/s)  block(KiB) xfer(KiB)  open(s)    wr/rd(s)   close(s)   total(s)   iter
------    ---------  ---------- ---------  --------   --------   --------   --------   ----
write     2707.09    1048576    262144     0.000711   0.377518   0.000033   0.378265   0   
read      3096.34    1048576    262144     0.000018   0.330651   0.000041   0.330713   0   
remove    -          -          -          -          -          -          0.000131   0   
write     1814.78    1048576    262144     0.041634   0.522586   0.000034   0.564256   1   
read      3501.22    1048576    262144     0.000018   0.292408   0.000042   0.292469   1   
remove    -          -          -          -          -          -          0.000289   1   
write     2509.54    1048576    262144     0.000110   0.407896   0.000032   0.408042   2   
read      3627       1048576    262144     0.000018   0.282264   0.000041   0.282326   2   
remove    -          -          -          -          -          -          0.000116   2   
write     2543.79    1048576    262144     0.000107   0.402410   0.000030   0.402550   3   
read      3523.61    1048576    262144     0.000019   0.290547   0.000043   0.290611   3   
remove    -          -          -          -          -          -          0.000112   3   
write     2808.72    1048576    262144     0.000104   0.364441   0.000030   0.364579   4   
read      3337.03    1048576    262144     0.000019   0.306799   0.000040   0.306859   4   
remove    -          -          -          -          -          -          0.000113   4   
write     2168.91    1048576    262144     0.000107   0.471987   0.000030   0.472126   5   
read      3565.35    1048576    262144     0.000019   0.287146   0.000042   0.287209   5   
remove    -          -          -          -          -          -          0.000111   5   
write     2515.58    1048576    262144     0.000106   0.406926   0.000029   0.407063   6   
read      3739       1048576    262144     0.000022   0.273776   0.000041   0.273841   6   
remove    -          -          -          -          -          -          0.000124   6   
write     2898.40    1048576    262144     0.000108   0.353159   0.000030   0.353299   7   
read      3647       1048576    262144     0.000019   0.280749   0.000041   0.280811   7   
remove    -          -          -          -          -          -          0.000111   7   
write     1581.34    1048576    262144     0.253705   0.393813   0.000032   0.647551   8   
read      3701       1048576    262144     0.000018   0.276584   0.000042   0.276647   8   
remove    -          -          -          -          -          -          0.000110   8   
write     2282.31    1048576    262144     0.000106   0.448530   0.000030   0.448668   9   
read      3762       1048576    262144     0.000018   0.272136   0.000044   0.272201   9   
remove    -          -          -          -          -          -          0.000107   9   
Max Write: 2898.40 MiB/sec (3039.19 MB/sec)
Max Read:  3761.93 MiB/sec (3944.67 MB/sec)

Summary of all tests:
Operation   Max(MiB)   Min(MiB)  Mean(MiB)     StdDev   Max(OPs)   Min(OPs)  Mean(OPs)     StdDev    Mean(s) Test# #Tasks tPN reps fPP reord reordoff reordrand seed segcnt   blksiz    xsize aggs(MiB)   API RefNum
write        2898.40    1581.34    2383.05     404.09      11.32       6.18       9.31       1.58    0.44464     0      1   1   10   1     1        1         0    0      1 1073741824 268435456    1024.0 POSIX      0
read         3761.93    3096.34    3549.99     193.25      14.70      12.10      13.87       0.75    0.28937     0      1   1   10   1     1        1         0    0      1 1073741824 268435456    1024.0 POSIX      0
Finished            : Thu Jun  6 15:30:26 2019
