IOR-3.2.0: MPI Coordinated Test of Parallel I/O
Began               : Thu Jun  6 15:54:27 2019
Command line        : /glade/work/kpaul/software/ncar-ior/bin/ior -a Z5 -w -r -C -i10 -g -t 16m -b 32m
Machine             : Linux r11i3n24
TestID              : 0
StartTime           : Thu Jun  6 15:54:27 2019
Path                : /gpfs/fs1/scratch/kpaul/ior_scaling
FS                  : 15000.0 TiB   Used FS: 59.5%   Inodes: 2355.6 Mi   Used Inodes: 62.6%

Options: 
api                 : Z5
apiVersion          : (null)
test filename       : testFile
access              : single-shared-file
type                : independent
segments            : 1
ordering in a file  : sequential
ordering inter file : constant task offset
task offset         : 1
tasks               : 2
clients per node    : 1
repetitions         : 10
xfersize            : 16 MiB
blocksize           : 32 MiB
aggregate filesize  : 64 MiB

Results: 

access    bw(MiB/s)  block(KiB) xfer(KiB)  open(s)    wr/rd(s)   close(s)   total(s)   iter
------    ---------  ---------- ---------  --------   --------   --------   --------   ----
write     404.22     32768      16384      0.016494   0.141812   0.000001   0.158328   0   
read      176.26     32768      16384      0.000002   0.363086   0.000007   0.363105   0   
remove    -          -          -          -          -          -          0.013090   0   
write     861.00     32768      16384      0.000332   0.073981   0.000003   0.074332   1   
read      174.36     32768      16384      0.000002   0.367040   0.000007   0.367060   1   
remove    -          -          -          -          -          -          0.010816   1   
write     837.98     32768      16384      0.000336   0.076018   0.000003   0.076375   2   
read      175.47     32768      16384      0.000002   0.364706   0.000006   0.364726   2   
remove    -          -          -          -          -          -          0.012543   2   
write     818.65     32768      16384      0.000969   0.077186   0.000006   0.078177   3   
read      175.19     32768      16384      0.000002   0.365308   0.000006   0.365328   3   
remove    -          -          -          -          -          -          0.012057   3   
write     849.63     32768      16384      0.000680   0.074625   0.000006   0.075327   4   
read      175.04     32768      16384      0.000001   0.365611   0.000005   0.365630   4   
remove    -          -          -          -          -          -          0.012014   4   
write     823.48     32768      16384      0.000340   0.077358   0.000006   0.077719   5   
read      175.15     32768      16384      0.000001   0.365377   0.000005   0.365397   5   
remove    -          -          -          -          -          -          0.012727   5   
write     838.22     32768      16384      0.000335   0.075987   0.000004   0.076352   6   
read      168.60     32768      16384      0.000001   0.379569   0.000006   0.379590   6   
remove    -          -          -          -          -          -          0.014670   6   
write     844.31     32768      16384      0.000336   0.075444   0.000006   0.075801   7   
read      147.12     32768      16384      0.000000   0.435005   0.000004   0.435024   7   
remove    -          -          -          -          -          -          0.011588   7   
write     847.21     32768      16384      0.000341   0.075181   0.000004   0.075542   8   
read      164.60     32768      16384      0.000001   0.388806   0.000005   0.388824   8   
remove    -          -          -          -          -          -          0.015611   8   
write     777.14     32768      16384      0.000338   0.081987   0.000012   0.082353   9   
read      174.83     32768      16384      0.000001   0.366059   0.000004   0.366078   9   
remove    -          -          -          -          -          -          0.010534   9   
Max Write: 861.00 MiB/sec (902.82 MB/sec)
Max Read:  176.26 MiB/sec (184.82 MB/sec)

Summary of all tests:
Operation   Max(MiB)   Min(MiB)  Mean(MiB)     StdDev   Max(OPs)   Min(OPs)  Mean(OPs)     StdDev    Mean(s) Test# #Tasks tPN reps fPP reord reordoff reordrand seed segcnt   blksiz    xsize aggs(MiB)   API RefNum
write         861.00     404.22     790.18     130.53      53.81      25.26      49.39       8.16    0.08503     0      2   1   10   0     1        1         0    0      1 33554432 16777216      64.0  Z5      0
read          176.26     147.12     170.66       8.61      11.02       9.19      10.67       0.54    0.37608     0      2   1   10   0     1        1         0    0      1 33554432 16777216      64.0  Z5      0
Finished            : Thu Jun  6 15:54:32 2019
