IOR-3.2.0: MPI Coordinated Test of Parallel I/O
Began               : Wed Jun 12 10:05:37 2019
Command line        : /glade/work/kpaul/software/ncar-ior/bin/ior -a MPIIO -w -r -C -i10 -g -t 8m -b 64m -c
Machine             : Linux r5i0n9
TestID              : 0
StartTime           : Wed Jun 12 10:05:37 2019
Path                : /gpfs/fs1/scratch/kpaul/ior_scaling
FS                  : 15000.0 TiB   Used FS: 60.4%   Inodes: 2355.6 Mi   Used Inodes: 61.5%

Options: 
api                 : MPIIO
apiVersion          : (3.1)
test filename       : testFile
access              : single-shared-file
type                : collective
segments            : 1
ordering in a file  : sequential
ordering inter file : constant task offset
task offset         : 1
tasks               : 64
clients per node    : 1
repetitions         : 10
xfersize            : 8 MiB
blocksize           : 64 MiB
aggregate filesize  : 4 GiB

Results: 

access    bw(MiB/s)  block(KiB) xfer(KiB)  open(s)    wr/rd(s)   close(s)   total(s)   iter
------    ---------  ---------- ---------  --------   --------   --------   --------   ----
write     84653      65536      8192       0.011006   0.037168   0.000244   0.048386   0   
read      11227      65536      8192       0.001619   0.363176   0.000074   0.364839   0   
remove    -          -          -          -          -          -          0.016898   0   
write     89570      65536      8192       0.011115   0.034490   0.000158   0.045730   1   
read      10316      65536      8192       0.001755   0.395202   0.000116   0.397065   1   
remove    -          -          -          -          -          -          0.017219   1   
write     77858      65536      8192       0.009508   0.043000   0.000115   0.052608   2   
read      44155      65536      8192       0.001681   0.091030   0.000073   0.092764   2   
remove    -          -          -          -          -          -          0.013497   2   
write     67549      65536      8192       0.009915   0.050592   0.000158   0.060637   3   
read      32775      65536      8192       0.001703   0.123234   0.000063   0.124972   3   
remove    -          -          -          -          -          -          0.014461   3   
write     81273      65536      8192       0.013416   0.036892   0.000109   0.050398   4   
read      37866      65536      8192       0.001835   0.106259   0.000115   0.108170   4   
remove    -          -          -          -          -          -          0.018217   4   
write     78061      65536      8192       0.011050   0.041291   0.000151   0.052472   5   
read      15674      65536      8192       0.001664   0.259591   0.000099   0.261327   5   
remove    -          -          -          -          -          -          0.018819   5   
write     64416      65536      8192       0.010908   0.052057   0.000626   0.063587   6   
read      34422      65536      8192       0.001749   0.117125   0.000146   0.118992   6   
remove    -          -          -          -          -          -          0.015074   6   
write     92903      65536      8192       0.010666   0.033343   0.000102   0.044089   7   
read      40712      65536      8192       0.001988   0.098554   0.000089   0.100609   7   
remove    -          -          -          -          -          -          0.013457   7   
write     87655      65536      8192       0.010565   0.036056   0.000134   0.046729   8   
read      39676      65536      8192       0.001552   0.101640   0.000070   0.103237   8   
remove    -          -          -          -          -          -          0.015649   8   
write     62281      65536      8192       0.016427   0.049251   0.000108   0.065766   9   
read      46433      65536      8192       0.002049   0.086080   0.000099   0.088214   9   
remove    -          -          -          -          -          -          0.015453   9   
Max Write: 92903.18 MiB/sec (97416.05 MB/sec)
Max Read:  46432.55 MiB/sec (48688.05 MB/sec)

Summary of all tests:
Operation   Max(MiB)   Min(MiB)  Mean(MiB)     StdDev   Max(OPs)   Min(OPs)  Mean(OPs)     StdDev    Mean(s) Test# #Tasks tPN reps fPP reord reordoff reordrand seed segcnt   blksiz    xsize aggs(MiB)   API RefNum
write       92903.18   62280.97   78621.95   10203.65   11612.90    7785.12    9827.74    1275.46    0.05304     0     64   1   10   0     1        1         0    0      1 67108864  8388608    4096.0 MPIIO      0
read        46432.55   10315.70   31325.61   13021.02    5804.07    1289.46    3915.70    1627.63    0.17602     0     64   1   10   0     1        1         0    0      1 67108864  8388608    4096.0 MPIIO      0
Finished            : Wed Jun 12 10:05:40 2019
