IOR-3.2.0: MPI Coordinated Test of Parallel I/O
Began               : Thu Jun  6 17:18:21 2019
Command line        : /glade/work/kpaul/software/ncar-ior/bin/ior -a POSIX -w -r -C -i10 -g -t 16m -b 32m -e -F
Machine             : Linux r14i0n9
TestID              : 0
StartTime           : Thu Jun  6 17:18:21 2019
Path                : /gpfs/fs1/scratch/kpaul/ior_scaling
FS                  : 15000.0 TiB   Used FS: 59.6%   Inodes: 2355.6 Mi   Used Inodes: 62.6%

Options: 
api                 : POSIX
apiVersion          : 
test filename       : testFile
access              : file-per-process
type                : independent
segments            : 1
ordering in a file  : sequential
ordering inter file : constant task offset
task offset         : 1
tasks               : 16
clients per node    : 1
repetitions         : 10
xfersize            : 16 MiB
blocksize           : 32 MiB
aggregate filesize  : 512 MiB

Results: 

access    bw(MiB/s)  block(KiB) xfer(KiB)  open(s)    wr/rd(s)   close(s)   total(s)   iter
------    ---------  ---------- ---------  --------   --------   --------   --------   ----
write     1041.40    32768      16384      0.225376   0.266195   0.000052   0.491644   0   
read      10665      32768      16384      0.016588   0.031354   0.000046   0.048009   0   
remove    -          -          -          -          -          -          0.007346   0   
write     5565       32768      16384      0.007199   0.084740   0.000039   0.091999   1   
read      7478       32768      16384      0.020497   0.047883   0.000076   0.068471   1   
remove    -          -          -          -          -          -          0.007729   1   
write     3456.64    32768      16384      0.007320   0.140739   0.000045   0.148121   2   
read      10527      32768      16384      0.017426   0.031180   0.000016   0.048638   2   
remove    -          -          -          -          -          -          0.007044   2   
write     3827       32768      16384      0.007664   0.126061   0.000041   0.133783   3   
read      10461      32768      16384      0.018429   0.030481   0.000016   0.048946   3   
remove    -          -          -          -          -          -          0.007066   3   
write     6914       32768      16384      0.007594   0.066392   0.000045   0.074048   4   
read      5681       32768      16384      0.017576   0.072517   0.000012   0.090124   4   
remove    -          -          -          -          -          -          0.007518   4   
write     6827       32768      16384      0.007744   0.067191   0.000042   0.074995   5   
read      7161       32768      16384      0.019476   0.051993   0.000017   0.071503   5   
remove    -          -          -          -          -          -          0.007754   5   
write     8061       32768      16384      0.007913   0.055530   0.000058   0.063519   6   
read      12446      32768      16384      0.018604   0.022499   0.000017   0.041137   6   
remove    -          -          -          -          -          -          0.021292   6   
write     7942       32768      16384      0.007630   0.056774   0.000045   0.064470   7   
read      8535       32768      16384      0.018806   0.041144   0.000019   0.059989   7   
remove    -          -          -          -          -          -          0.006857   7   
write     4188       32768      16384      0.008150   0.114010   0.000076   0.122257   8   
read      16436      32768      16384      0.018148   0.012965   0.000019   0.031151   8   
remove    -          -          -          -          -          -          0.007431   8   
write     5953       32768      16384      0.008487   0.077448   0.000050   0.086005   9   
read      16490      32768      16384      0.017362   0.013655   0.000015   0.031050   9   
remove    -          -          -          -          -          -          0.008318   9   
Max Write: 8060.52 MiB/sec (8452.07 MB/sec)
Max Read:  16489.77 MiB/sec (17290.77 MB/sec)

Summary of all tests:
Operation   Max(MiB)   Min(MiB)  Mean(MiB)     StdDev   Max(OPs)   Min(OPs)  Mean(OPs)     StdDev    Mean(s) Test# #Tasks tPN reps fPP reord reordoff reordrand seed segcnt   blksiz    xsize aggs(MiB)   API RefNum
write        8060.52    1041.40    5377.53    2119.30     503.78      65.09     336.10     132.46    0.13508     0     16   1   10   1     1        1         0    0      1 33554432 16777216     512.0 POSIX      0
read        16489.77    5681.08   10587.78    3496.03    1030.61     355.07     661.74     218.50    0.05390     0     16   1   10   1     1        1         0    0      1 33554432 16777216     512.0 POSIX      0
Finished            : Thu Jun  6 17:18:24 2019
