IOR-3.2.0: MPI Coordinated Test of Parallel I/O
Began               : Wed Jun 12 08:06:12 2019
Command line        : /glade/work/kpaul/software/ncar-ior/bin/ior -a HDF5 -w -r -C -i10 -g -t 16m -b 16m -c
Machine             : Linux r1i1n28
TestID              : 0
StartTime           : Wed Jun 12 08:06:12 2019
Path                : /gpfs/fs1/scratch/kpaul/ior_scaling
FS                  : 15000.0 TiB   Used FS: 60.4%   Inodes: 2355.6 Mi   Used Inodes: 61.5%

Options: 
api                 : HDF5
apiVersion          : 1.8.21 (Parallel)
test filename       : testFile
access              : single-shared-file
type                : collective
segments            : 1
ordering in a file  : sequential
ordering inter file : constant task offset
task offset         : 1
tasks               : 32
clients per node    : 1
repetitions         : 10
xfersize            : 16 MiB
blocksize           : 16 MiB
aggregate filesize  : 512 MiB

Results: 

access    bw(MiB/s)  block(KiB) xfer(KiB)  open(s)    wr/rd(s)   close(s)   total(s)   iter
------    ---------  ---------- ---------  --------   --------   --------   --------   ----
write     722.66     16384      16384      0.015511   0.614305   0.078881   0.708490   0   
read      4904       16384      16384      0.034026   0.070198   0.000371   0.104406   0   
remove    -          -          -          -          -          -          0.000269   0   
write     1191.06    16384      16384      0.006423   0.244484   0.179143   0.429870   1   
read      6274       16384      16384      0.050769   0.030608   0.000372   0.081607   1   
remove    -          -          -          -          -          -          0.000268   1   
write     1860.34    16384      16384      0.004878   0.249047   0.021470   0.275218   2   
read      10613      16384      16384      0.025255   0.022865   0.000280   0.048242   2   
remove    -          -          -          -          -          -          0.000309   2   
write     1490.61    16384      16384      0.005053   0.297046   0.041582   0.343484   3   
read      9938       16384      16384      0.026391   0.025023   0.000302   0.051521   3   
remove    -          -          -          -          -          -          0.000321   3   
write     2182.53    16384      16384      0.004761   0.198510   0.031506   0.234590   4   
read      10538      16384      16384      0.025122   0.023385   0.000278   0.048587   4   
remove    -          -          -          -          -          -          0.000349   4   
write     1666.13    16384      16384      0.005302   0.263287   0.038865   0.307299   5   
read      10208      16384      16384      0.026099   0.023694   0.000509   0.050158   5   
remove    -          -          -          -          -          -          0.000373   5   
write     1976.16    16384      16384      0.006773   0.205036   0.047403   0.259088   6   
read      10055      16384      16384      0.026917   0.023783   0.000386   0.050920   6   
remove    -          -          -          -          -          -          0.000309   6   
write     2014.97    16384      16384      0.005468   0.202462   0.046363   0.254098   7   
read      8916       16384      16384      0.026031   0.031312   0.000280   0.057423   7   
remove    -          -          -          -          -          -          0.000286   7   
write     2174.56    16384      16384      0.005267   0.208684   0.021683   0.235450   8   
read      10177      16384      16384      0.025216   0.024841   0.000396   0.050310   8   
remove    -          -          -          -          -          -          0.000492   8   
write     2173.38    16384      16384      0.005493   0.210283   0.019996   0.235578   9   
read      10502      16384      16384      0.025434   0.023212   0.000297   0.048751   9   
remove    -          -          -          -          -          -          0.000340   9   
Max Write: 2182.53 MiB/sec (2288.55 MB/sec)
Max Read:  10613.09 MiB/sec (11128.64 MB/sec)

Summary of all tests:
Operation   Max(MiB)   Min(MiB)  Mean(MiB)     StdDev   Max(OPs)   Min(OPs)  Mean(OPs)     StdDev    Mean(s) Test# #Tasks tPN reps fPP reord reordoff reordrand seed segcnt   blksiz    xsize aggs(MiB)   API RefNum
write        2182.53     722.66    1745.24     460.66     136.41      45.17     109.08      28.79    0.32832     0     32   1   10   0     1        1         0    0      1 16777216 16777216     512.0 HDF5      0
read        10613.09    4903.94    9212.50    1892.75     663.32     306.50     575.78     118.30    0.05919     0     32   1   10   0     1        1         0    0      1 16777216 16777216     512.0 HDF5      0
Finished            : Wed Jun 12 08:06:16 2019
