IOR-3.2.0: MPI Coordinated Test of Parallel I/O
Began               : Wed Jun 12 09:11:43 2019
Command line        : /glade/work/kpaul/software/ncar-ior/bin/ior -a HDF5 -w -r -C -i10 -g -t 256m -b 512m -c
Machine             : Linux r5i0n9
TestID              : 0
StartTime           : Wed Jun 12 09:11:43 2019
Path                : /gpfs/fs1/scratch/kpaul/ior_scaling
FS                  : 15000.0 TiB   Used FS: 60.4%   Inodes: 2355.6 Mi   Used Inodes: 61.5%

Options: 
api                 : HDF5
apiVersion          : 1.8.21 (Parallel)
test filename       : testFile
access              : single-shared-file
type                : collective
segments            : 1
ordering in a file  : sequential
ordering inter file : constant task offset
task offset         : 1
tasks               : 64
clients per node    : 1
repetitions         : 10
xfersize            : 256 MiB
blocksize           : 512 MiB
aggregate filesize  : 32 GiB

Results: 

access    bw(MiB/s)  block(KiB) xfer(KiB)  open(s)    wr/rd(s)   close(s)   total(s)   iter
------    ---------  ---------- ---------  --------   --------   --------   --------   ----
write     1148.38    524288     262144     0.014968   28.43      0.084159   28.53      0   
read      26910      524288     262144     0.081306   1.11       0.027967   1.22       0   
remove    -          -          -          -          -          -          0.000310   0   
write     13708      524288     262144     0.113309   2.19       0.085748   2.39       1   
read      38288      524288     262144     0.054084   0.751670   0.050209   0.855840   1   
remove    -          -          -          -          -          -          0.000271   1   
write     15593      524288     262144     0.124541   1.93       0.051660   2.10       2   
read      30713      524288     262144     0.056829   0.914196   0.096028   1.07       2   
remove    -          -          -          -          -          -          0.000258   2   
write     15442      524288     262144     0.149182   1.90       0.076059   2.12       3   
read      32979      524288     262144     0.055421   0.901804   0.036500   0.993612   3   
remove    -          -          -          -          -          -          0.000297   3   
write     15222      524288     262144     0.151791   1.96       0.042548   2.15       4   
read      35323      524288     262144     0.053257   0.839596   0.034918   0.927659   4   
remove    -          -          -          -          -          -          0.000353   4   
write     16233      524288     262144     0.156990   1.81       0.051936   2.02       5   
read      37388      524288     262144     0.054322   0.789597   0.032640   0.876442   5   
remove    -          -          -          -          -          -          0.000310   5   
write     15978      524288     262144     0.115825   1.87       0.067582   2.05       6   
read      41029      524288     262144     0.053521   0.718046   0.027198   0.798656   6   
remove    -          -          -          -          -          -          0.000323   6   
write     16469      524288     262144     0.147537   1.76       0.083849   1.99       7   
read      46067      524288     262144     0.053411   0.621409   0.036634   0.711317   7   
remove    -          -          -          -          -          -          0.000293   7   
write     15692      524288     262144     0.115209   1.89       0.081546   2.09       8   
read      41024      524288     262144     0.052888   0.698546   0.047398   0.798761   8   
remove    -          -          -          -          -          -          0.000332   8   
write     15983      524288     262144     0.138238   1.87       0.039474   2.05       9   
read      43806      524288     262144     0.052951   0.670494   0.024717   0.748029   9   
remove    -          -          -          -          -          -          0.000260   9   
Max Write: 16468.84 MiB/sec (17268.83 MB/sec)
Max Read:  46066.67 MiB/sec (48304.40 MB/sec)

Summary of all tests:
Operation   Max(MiB)   Min(MiB)  Mean(MiB)     StdDev   Max(OPs)   Min(OPs)  Mean(OPs)     StdDev    Mean(s) Test# #Tasks tPN reps fPP reord reordoff reordrand seed segcnt   blksiz    xsize aggs(MiB)   API RefNum
write       16468.84    1148.38   14146.69    4392.38      64.33       4.49      55.26      17.16    4.74982     0     64   1   10   0     1        1         0    0      1 536870912 268435456   32768.0 HDF5      0
read        46066.67   26909.80   37352.43    5673.07     179.95     105.12     145.91      22.16    0.89949     0     64   1   10   0     1        1         0    0      1 536870912 268435456   32768.0 HDF5      0
Finished            : Wed Jun 12 09:12:40 2019
