IOR-3.2.0: MPI Coordinated Test of Parallel I/O
Began               : Wed Jun 12 08:06:16 2019
Command line        : /glade/work/kpaul/software/ncar-ior/bin/ior -a POSIX -w -r -C -i10 -g -t 32m -b 32m -e -F
Machine             : Linux r1i1n28
TestID              : 0
StartTime           : Wed Jun 12 08:06:16 2019
Path                : /gpfs/fs1/scratch/kpaul/ior_scaling
FS                  : 15000.0 TiB   Used FS: 60.4%   Inodes: 2355.6 Mi   Used Inodes: 61.5%

Options: 
api                 : POSIX
apiVersion          : 
test filename       : testFile
access              : file-per-process
type                : independent
segments            : 1
ordering in a file  : sequential
ordering inter file : constant task offset
task offset         : 1
tasks               : 32
clients per node    : 1
repetitions         : 10
xfersize            : 32 MiB
blocksize           : 32 MiB
aggregate filesize  : 1 GiB

Results: 

access    bw(MiB/s)  block(KiB) xfer(KiB)  open(s)    wr/rd(s)   close(s)   total(s)   iter
------    ---------  ---------- ---------  --------   --------   --------   --------   ----
write     2765.63    32768      32768      0.009310   0.360840   0.000107   0.370259   0   
read      10492      32768      32768      0.043882   0.053684   0.000038   0.097603   0   
remove    -          -          -          -          -          -          0.012007   0   
write     12114      32768      32768      0.011086   0.073387   0.000059   0.084533   1   
read      4341       32768      32768      0.051107   0.184744   0.000058   0.235907   1   
remove    -          -          -          -          -          -          0.010351   1   
write     3019.39    32768      32768      0.011013   0.328055   0.000072   0.339141   2   
read      10029      32768      32768      0.049491   0.052573   0.000032   0.102106   2   
remove    -          -          -          -          -          -          0.011824   2   
write     9828       32768      32768      0.011791   0.092333   0.000062   0.104188   3   
read      11522      32768      32768      0.044038   0.044795   0.000033   0.088873   3   
remove    -          -          -          -          -          -          0.012949   3   
write     8454       32768      32768      0.011666   0.109382   0.000064   0.121119   4   
read      10098      32768      32768      0.052767   0.048601   0.000047   0.101410   4   
remove    -          -          -          -          -          -          0.011970   4   
write     10011      32768      32768      0.011997   0.090239   0.000053   0.102292   5   
read      8015       32768      32768      0.045761   0.081936   0.000048   0.127758   5   
remove    -          -          -          -          -          -          0.011537   5   
write     11320      32768      32768      0.011619   0.078780   0.000059   0.090457   6   
read      12638      32768      32768      0.049979   0.030991   0.000065   0.081027   6   
remove    -          -          -          -          -          -          0.012428   6   
write     11584      32768      32768      0.018968   0.069362   0.000069   0.088396   7   
read      13714      32768      32768      0.041035   0.033580   0.000050   0.074667   7   
remove    -          -          -          -          -          -          0.010009   7   
write     11908      32768      32768      0.013536   0.072392   0.000062   0.085991   8   
read      10376      32768      32768      0.048198   0.050463   0.000034   0.098693   8   
remove    -          -          -          -          -          -          0.011803   8   
write     9489       32768      32768      0.012100   0.095755   0.000061   0.107919   9   
read      11893      32768      32768      0.050242   0.035831   0.000037   0.086103   9   
remove    -          -          -          -          -          -          0.011752   9   
Max Write: 12113.63 MiB/sec (12702.06 MB/sec)
Max Read:  13714.22 MiB/sec (14380.40 MB/sec)

Summary of all tests:
Operation   Max(MiB)   Min(MiB)  Mean(MiB)     StdDev   Max(OPs)   Min(OPs)  Mean(OPs)     StdDev    Mean(s) Test# #Tasks tPN reps fPP reord reordoff reordrand seed segcnt   blksiz    xsize aggs(MiB)   API RefNum
write       12113.63    2765.63    9049.35    3272.14     378.55      86.43     282.79     102.25    0.14943     0     32   1   10   1     1        1         0    0      1 33554432 33554432    1024.0 POSIX      0
read        13714.22    4340.70   10311.60    2490.80     428.57     135.65     322.24      77.84    0.10941     0     32   1   10   1     1        1         0    0      1 33554432 33554432    1024.0 POSIX      0
Finished            : Wed Jun 12 08:06:19 2019
