IOR-3.2.0: MPI Coordinated Test of Parallel I/O
Began               : Wed Jun 12 10:07:34 2019
Command line        : /glade/work/kpaul/software/ncar-ior/bin/ior -a POSIX -w -r -C -i10 -g -t 32m -b 256m -e -F
Machine             : Linux r5i0n9
TestID              : 0
StartTime           : Wed Jun 12 10:07:34 2019
Path                : /gpfs/fs1/scratch/kpaul/ior_scaling
FS                  : 15000.0 TiB   Used FS: 60.4%   Inodes: 2355.6 Mi   Used Inodes: 61.5%

Options: 
api                 : POSIX
apiVersion          : 
test filename       : testFile
access              : file-per-process
type                : independent
segments            : 1
ordering in a file  : sequential
ordering inter file : constant task offset
task offset         : 1
tasks               : 64
clients per node    : 1
repetitions         : 10
xfersize            : 32 MiB
blocksize           : 256 MiB
aggregate filesize  : 16 GiB

Results: 

access    bw(MiB/s)  block(KiB) xfer(KiB)  open(s)    wr/rd(s)   close(s)   total(s)   iter
------    ---------  ---------- ---------  --------   --------   --------   --------   ----
write     26728      262144     32768      0.006299   0.606601   0.000066   0.612992   0   
read      36759      262144     32768      0.062917   0.382735   0.000042   0.445719   0   
remove    -          -          -          -          -          -          0.018436   0   
write     34832      262144     32768      0.019845   0.450436   0.000060   0.470369   1   
read      44170      262144     32768      0.083005   0.287860   0.000044   0.370934   1   
remove    -          -          -          -          -          -          0.021679   1   
write     61046      262144     32768      0.020769   0.247531   0.000060   0.268387   2   
read      43428      262144     32768      0.066926   0.310283   0.000037   0.377271   2   
remove    -          -          -          -          -          -          0.021098   2   
write     36043      262144     32768      0.024164   0.430257   0.000126   0.454574   3   
read      46887      262144     32768      0.070568   0.278796   0.000047   0.349436   3   
remove    -          -          -          -          -          -          0.021876   3   
write     56372      262144     32768      0.026582   0.263971   0.000064   0.290641   4   
read      36101      262144     32768      0.063040   0.390691   0.000069   0.453835   4   
remove    -          -          -          -          -          -          0.016191   4   
write     63461      262144     32768      0.019020   0.239070   0.000060   0.258175   5   
read      46702      262144     32768      0.067886   0.282871   0.000035   0.350818   5   
remove    -          -          -          -          -          -          0.019967   5   
write     56162      262144     32768      0.061797   0.229829   0.000072   0.291727   6   
read      51703      262144     32768      0.063648   0.253125   0.000092   0.316889   6   
remove    -          -          -          -          -          -          0.022769   6   
write     54627      262144     32768      0.022408   0.277428   0.000063   0.299924   7   
read      42652      262144     32768      0.077620   0.306428   0.000060   0.384136   7   
remove    -          -          -          -          -          -          0.018519   7   
write     31212      262144     32768      0.025853   0.498983   0.000066   0.524924   8   
read      68447      262144     32768      0.051582   0.187704   0.000058   0.239367   8   
remove    -          -          -          -          -          -          0.016463   8   
write     67086      262144     32768      0.019885   0.224247   0.000068   0.244222   9   
read      50750      262144     32768      0.072504   0.250265   0.000043   0.322837   9   
remove    -          -          -          -          -          -          0.022742   9   
Max Write: 67086.41 MiB/sec (70345.20 MB/sec)
Max Read:  68447.20 MiB/sec (71772.09 MB/sec)

Summary of all tests:
Operation   Max(MiB)   Min(MiB)  Mean(MiB)     StdDev   Max(OPs)   Min(OPs)  Mean(OPs)     StdDev    Mean(s) Test# #Tasks tPN reps fPP reord reordoff reordrand seed segcnt   blksiz    xsize aggs(MiB)   API RefNum
write       67086.41   26727.92   48756.94   14139.08    2096.45     835.25    1523.65     441.85    0.37159     0     64   1   10   1     1        1         0    0      1 268435456 33554432   16384.0 POSIX      0
read        68447.20   36101.26   46759.78    8712.27    2138.98    1128.16    1461.24     272.26    0.36112     0     64   1   10   1     1        1         0    0      1 268435456 33554432   16384.0 POSIX      0
Finished            : Wed Jun 12 10:07:43 2019
