IOR-3.2.0: MPI Coordinated Test of Parallel I/O
Began               : Wed Jun 12 09:02:27 2019
Command line        : /glade/work/kpaul/software/ncar-ior/bin/ior -a POSIX -w -r -C -i10 -g -t 16m -b 32m -e -F
Machine             : Linux r5i0n9
TestID              : 0
StartTime           : Wed Jun 12 09:02:27 2019
Path                : /gpfs/fs1/scratch/kpaul/ior_scaling
FS                  : 15000.0 TiB   Used FS: 60.4%   Inodes: 2355.6 Mi   Used Inodes: 61.5%

Options: 
api                 : POSIX
apiVersion          : 
test filename       : testFile
access              : file-per-process
type                : independent
segments            : 1
ordering in a file  : sequential
ordering inter file : constant task offset
task offset         : 1
tasks               : 64
clients per node    : 1
repetitions         : 10
xfersize            : 16 MiB
blocksize           : 32 MiB
aggregate filesize  : 2 GiB

Results: 

access    bw(MiB/s)  block(KiB) xfer(KiB)  open(s)    wr/rd(s)   close(s)   total(s)   iter
------    ---------  ---------- ---------  --------   --------   --------   --------   ----
write     1950.48    32768      16384      0.003671   1.05       0.000063   1.05       0   
read      17254      32768      16384      0.054651   0.064005   0.000035   0.118697   0   
remove    -          -          -          -          -          -          0.017915   0   
write     8255       32768      16384      0.020287   0.227717   0.000048   0.248080   1   
read      13728      32768      16384      0.063275   0.085857   0.000027   0.149183   1   
remove    -          -          -          -          -          -          0.017314   1   
write     18225      32768      16384      0.020806   0.091504   0.000057   0.112371   2   
read      16423      32768      16384      0.059866   0.064797   0.000030   0.124701   2   
remove    -          -          -          -          -          -          0.016782   2   
write     17480      32768      16384      0.018701   0.098401   0.000045   0.117164   3   
read      17508      32768      16384      0.069321   0.047610   0.000029   0.116975   3   
remove    -          -          -          -          -          -          0.017431   3   
write     5609       32768      16384      0.014968   0.350059   0.000073   0.365120   4   
read      15916      32768      16384      0.063872   0.064770   0.000030   0.128676   4   
remove    -          -          -          -          -          -          0.017645   4   
write     15204      32768      16384      0.020819   0.113813   0.000060   0.134706   5   
read      19060      32768      16384      0.063829   0.043479   0.000123   0.107448   5   
remove    -          -          -          -          -          -          0.018561   5   
write     17769      32768      16384      0.021026   0.094171   0.000046   0.115259   6   
read      18592      32768      16384      0.062186   0.047941   0.000023   0.110157   6   
remove    -          -          -          -          -          -          0.018094   6   
write     12703      32768      16384      0.020064   0.141085   0.000060   0.161217   7   
read      16368      32768      16384      0.069303   0.055764   0.000032   0.125121   7   
remove    -          -          -          -          -          -          0.017770   7   
write     15470      32768      16384      0.024958   0.107365   0.000046   0.132383   8   
read      18053      32768      16384      0.054321   0.059082   0.000033   0.113442   8   
remove    -          -          -          -          -          -          0.015039   8   
write     15501      32768      16384      0.019796   0.112173   0.000136   0.132122   9   
read      17381      32768      16384      0.068375   0.049416   0.000033   0.117828   9   
remove    -          -          -          -          -          -          0.019206   9   
Max Write: 18225.31 MiB/sec (19110.63 MB/sec)
Max Read:  19060.45 MiB/sec (19986.34 MB/sec)

Summary of all tests:
Operation   Max(MiB)   Min(MiB)  Mean(MiB)     StdDev   Max(OPs)   Min(OPs)  Mean(OPs)     StdDev    Mean(s) Test# #Tasks tPN reps fPP reord reordoff reordrand seed segcnt   blksiz    xsize aggs(MiB)   API RefNum
write       18225.31    1950.48   12816.68    5350.74    1139.08     121.91     801.04     334.42    0.25684     0     64   1   10   1     1        1         0    0      1 33554432 16777216    2048.0 POSIX      0
read        19060.45   13728.12   17028.41    1447.77    1191.28     858.01    1064.28      90.49    0.12122     0     64   1   10   1     1        1         0    0      1 33554432 16777216    2048.0 POSIX      0
Finished            : Wed Jun 12 09:02:31 2019
