IOR-3.2.0: MPI Coordinated Test of Parallel I/O
Began               : Thu Jun  6 17:11:54 2019
Command line        : /glade/work/kpaul/software/ncar-ior/bin/ior -a NCMPI -w -r -C -i10 -g -t 256m -b 2048m
Machine             : Linux r8i1n21
TestID              : 0
StartTime           : Thu Jun  6 17:11:54 2019
Path                : /gpfs/fs1/scratch/kpaul/ior_scaling
FS                  : 15000.0 TiB   Used FS: 59.6%   Inodes: 2355.6 Mi   Used Inodes: 62.6%

Options: 
api                 : NCMPI
apiVersion          : 1.11.0 of 19 Dec 2018
test filename       : testFile
access              : single-shared-file
type                : independent
segments            : 1
ordering in a file  : sequential
ordering inter file : constant task offset
task offset         : 1
tasks               : 8
clients per node    : 1
repetitions         : 10
xfersize            : 256 MiB
blocksize           : 2 GiB
aggregate filesize  : 16 GiB

Results: 

access    bw(MiB/s)  block(KiB) xfer(KiB)  open(s)    wr/rd(s)   close(s)   total(s)   iter
------    ---------  ---------- ---------  --------   --------   --------   --------   ----
write     13621      2097152    262144     0.009043   1.19       0.005467   1.20       0   
read      18859      2097152    262144     0.001099   0.864772   0.002862   0.868753   0   
remove    -          -          -          -          -          -          0.004613   0   
write     5962       2097152    262144     0.004090   2.74       0.001847   2.75       1   
read      16466      2097152    262144     0.003797   0.988325   0.002905   0.995047   1   
remove    -          -          -          -          -          -          0.010301   1   
write     7615       2097152    262144     0.004966   2.14       0.001724   2.15       2   
read      15333      2097152    262144     0.002834   1.06       0.004367   1.07       2   
remove    -          -          -          -          -          -          0.009292   2   
write     7957       2097152    262144     0.005386   2.05       0.000798   2.06       3   
read      15110      2097152    262144     0.004268   1.08       0.003035   1.08       3   
remove    -          -          -          -          -          -          0.005078   3   
write     11434      2097152    262144     0.005204   1.43       0.000879   1.43       4   
read      20705      2097152    262144     0.005169   0.782585   0.003531   0.791299   4   
remove    -          -          -          -          -          -          0.005885   4   
write     6249       2097152    262144     0.005204   2.62       0.001327   2.62       5   
read      15078      2097152    262144     0.004205   1.08       0.000873   1.09       5   
remove    -          -          -          -          -          -          0.008606   5   
write     5925       2097152    262144     0.005288   2.76       0.001400   2.77       6   
read      14100      2097152    262144     0.002768   1.13       0.032754   1.16       6   
remove    -          -          -          -          -          -          0.008094   6   
write     7474       2097152    262144     0.006251   2.19       0.000943   2.19       7   
read      20581      2097152    262144     0.003877   0.789335   0.002855   0.796074   7   
remove    -          -          -          -          -          -          0.010627   7   
write     10764      2097152    262144     0.006432   1.51       0.001831   1.52       8   
read      21080      2097152    262144     0.023304   0.715794   0.038119   0.777223   8   
remove    -          -          -          -          -          -          0.008991   8   
write     16541      2097152    262144     0.014094   0.973861   0.002550   0.990516   9   
read      18274      2097152    262144     0.000806   0.831551   0.064190   0.896566   9   
remove    -          -          -          -          -          -          0.004741   9   
Max Write: 16540.88 MiB/sec (17344.37 MB/sec)
Max Read:  21080.18 MiB/sec (22104.17 MB/sec)

Summary of all tests:
Operation   Max(MiB)   Min(MiB)  Mean(MiB)     StdDev   Max(OPs)   Min(OPs)  Mean(OPs)     StdDev    Mean(s) Test# #Tasks tPN reps fPP reord reordoff reordrand seed segcnt   blksiz    xsize aggs(MiB)   API RefNum
write       16540.88    5924.90    9354.23    3429.15      64.61      23.14      36.54      13.40    1.96862     0      8   1   10   0     1        1         0    0      1 2147483648 268435456   16384.0 NCMPI      0
read        21080.18   14099.70   17558.57    2527.92      82.34      55.08      68.59       9.87    0.95265     0      8   1   10   0     1        1         0    0      1 2147483648 268435456   16384.0 NCMPI      0
Finished            : Thu Jun  6 17:12:24 2019
