IOR-3.2.0: MPI Coordinated Test of Parallel I/O
Began               : Thu Jun  6 17:21:09 2019
Command line        : /glade/work/kpaul/software/ncar-ior/bin/ior -a Z5 -w -r -C -i10 -g -t 256m -b 512m
Machine             : Linux r14i0n9
TestID              : 0
StartTime           : Thu Jun  6 17:21:09 2019
Path                : /gpfs/fs1/scratch/kpaul/ior_scaling
FS                  : 15000.0 TiB   Used FS: 59.6%   Inodes: 2355.6 Mi   Used Inodes: 62.6%

Options: 
api                 : Z5
apiVersion          : (null)
test filename       : testFile
access              : single-shared-file
type                : independent
segments            : 1
ordering in a file  : sequential
ordering inter file : constant task offset
task offset         : 1
tasks               : 16
clients per node    : 1
repetitions         : 10
xfersize            : 256 MiB
blocksize           : 512 MiB
aggregate filesize  : 8 GiB

Results: 

access    bw(MiB/s)  block(KiB) xfer(KiB)  open(s)    wr/rd(s)   close(s)   total(s)   iter
------    ---------  ---------- ---------  --------   --------   --------   --------   ----
write     6860       524288     262144     0.006956   1.19       0.000022   1.19       0   
read      1427.25    524288     262144     0.000082   5.74       0.000013   5.74       0   
remove    -          -          -          -          -          -          0.059659   0   
write     8316       524288     262144     0.000483   0.984509   0.000026   0.985042   1   
read      1426.13    524288     262144     0.000008   5.74       0.000019   5.74       1   
remove    -          -          -          -          -          -          0.059740   1   
write     8295       524288     262144     0.001080   0.986450   0.000018   0.987567   2   
read      1417.60    524288     262144     0.000036   5.78       0.000015   5.78       2   
remove    -          -          -          -          -          -          0.066604   2   
write     8388       524288     262144     0.001134   0.975452   0.000036   0.976643   3   
read      1420.95    524288     262144     0.000019   5.77       0.000023   5.77       3   
remove    -          -          -          -          -          -          0.062231   3   
write     8326       524288     262144     0.000531   0.983297   0.000020   0.983865   4   
read      1429.52    524288     262144     0.000014   5.73       0.000023   5.73       4   
remove    -          -          -          -          -          -          0.059453   4   
write     7718       524288     262144     0.000490   1.06       0.000023   1.06       5   
read      1399.25    524288     262144     0.000017   5.85       0.000028   5.85       5   
remove    -          -          -          -          -          -          0.059804   5   
write     8367       524288     262144     0.000489   0.978589   0.000025   0.979114   6   
read      1406.92    524288     262144     0.000019   5.82       0.000026   5.82       6   
remove    -          -          -          -          -          -          0.056712   6   
write     8048       524288     262144     0.000494   1.02       0.000027   1.02       7   
read      1416.28    524288     262144     0.000022   5.78       0.000022   5.78       7   
remove    -          -          -          -          -          -          0.060298   7   
write     8275       524288     262144     0.000507   0.989456   0.000028   0.989995   8   
read      1407.30    524288     262144     0.000025   5.82       0.000031   5.82       8   
remove    -          -          -          -          -          -          0.059134   8   
write     8129       524288     262144     0.000497   1.01       0.000031   1.01       9   
read      1410.35    524288     262144     0.000027   5.81       0.000032   5.81       9   
remove    -          -          -          -          -          -          0.056955   9   
Max Write: 8387.92 MiB/sec (8795.37 MB/sec)
Max Read:  1429.52 MiB/sec (1498.96 MB/sec)

Summary of all tests:
Operation   Max(MiB)   Min(MiB)  Mean(MiB)     StdDev   Max(OPs)   Min(OPs)  Mean(OPs)     StdDev    Mean(s) Test# #Tasks tPN reps fPP reord reordoff reordrand seed segcnt   blksiz    xsize aggs(MiB)   API RefNum
write        8387.92    6859.67    8072.20     447.29      32.77      26.80      31.53       1.75    1.01835     0     16   1   10   0     1        1         0    0      1 536870912 268435456    8192.0  Z5      0
read         1429.52    1399.25    1416.15       9.54       5.58       5.47       5.53       0.04    5.78494     0     16   1   10   0     1        1         0    0      1 536870912 268435456    8192.0  Z5      0
Finished            : Thu Jun  6 17:22:18 2019
