IOR-3.2.0: MPI Coordinated Test of Parallel I/O
Began               : Thu Jun  6 16:53:20 2019
Command line        : /glade/work/kpaul/software/ncar-ior/bin/ior -a NCMPI -w -r -C -i10 -g -t 16m -b 64m
Machine             : Linux r8i1n21
TestID              : 0
StartTime           : Thu Jun  6 16:53:20 2019
Path                : /gpfs/fs1/scratch/kpaul/ior_scaling
FS                  : 15000.0 TiB   Used FS: 59.6%   Inodes: 2355.6 Mi   Used Inodes: 62.6%

Options: 
api                 : NCMPI
apiVersion          : 1.11.0 of 19 Dec 2018
test filename       : testFile
access              : single-shared-file
type                : independent
segments            : 1
ordering in a file  : sequential
ordering inter file : constant task offset
task offset         : 1
tasks               : 8
clients per node    : 1
repetitions         : 10
xfersize            : 16 MiB
blocksize           : 64 MiB
aggregate filesize  : 512 MiB

Results: 

access    bw(MiB/s)  block(KiB) xfer(KiB)  open(s)    wr/rd(s)   close(s)   total(s)   iter
------    ---------  ---------- ---------  --------   --------   --------   --------   ----
write     1469.43    65536      16384      0.011732   0.259502   0.077187   0.348433   0   
read      8185       65536      16384      0.001091   0.056960   0.004492   0.062550   0   
remove    -          -          -          -          -          -          0.002965   0   
write     935.76     65536      16384      0.063356   0.452857   0.030930   0.547151   1   
read      5291       65536      16384      0.004623   0.089300   0.002847   0.096774   1   
remove    -          -          -          -          -          -          0.002537   1   
write     1072.95    65536      16384      0.005797   0.458158   0.013227   0.477191   2   
read      4650       65536      16384      0.003877   0.103255   0.002960   0.110101   2   
remove    -          -          -          -          -          -          0.003644   2   
write     951.60     65536      16384      0.004457   0.531932   0.001646   0.538041   3   
read      4996       65536      16384      0.003944   0.094601   0.003928   0.102479   3   
remove    -          -          -          -          -          -          0.004593   3   
write     1546.35    65536      16384      0.006157   0.313267   0.011669   0.331103   4   
read      4882       65536      16384      0.004007   0.100048   0.000807   0.104866   4   
remove    -          -          -          -          -          -          0.003779   4   
write     2087.44    65536      16384      0.005924   0.221163   0.018182   0.245277   5   
read      6519       65536      16384      0.001032   0.062162   0.015340   0.078538   5   
remove    -          -          -          -          -          -          0.002241   5   
write     1734.69    65536      16384      0.005502   0.221191   0.068455   0.295154   6   
read      3258.05    65536      16384      0.003988   0.150196   0.002959   0.157149   6   
remove    -          -          -          -          -          -          0.005897   6   
write     4707       65536      16384      0.005891   0.098398   0.004471   0.108770   7   
read      8445       65536      16384      0.000855   0.045102   0.014659   0.060628   7   
remove    -          -          -          -          -          -          0.003764   7   
write     5532       65536      16384      0.005706   0.082915   0.003923   0.092547   8   
read      13162      65536      16384      0.000819   0.035859   0.002218   0.038901   8   
remove    -          -          -          -          -          -          0.002994   8   
write     2163.16    65536      16384      0.005293   0.188324   0.043067   0.236690   9   
read      2682.56    65536      16384      0.003754   0.153659   0.033446   0.190863   9   
remove    -          -          -          -          -          -          0.003884   9   
Max Write: 5532.34 MiB/sec (5801.08 MB/sec)
Max Read:  13161.66 MiB/sec (13801.00 MB/sec)

Summary of all tests:
Operation   Max(MiB)   Min(MiB)  Mean(MiB)     StdDev   Max(OPs)   Min(OPs)  Mean(OPs)     StdDev    Mean(s) Test# #Tasks tPN reps fPP reord reordoff reordrand seed segcnt   blksiz    xsize aggs(MiB)   API RefNum
write        5532.34     935.76    2220.09    1516.74     345.77      58.48     138.76      94.80    0.32204     0      8   1   10   0     1        1         0    0      1 67108864 16777216     512.0 NCMPI      0
read        13161.66    2682.56    6207.13    2915.29     822.60     167.66     387.95     182.21    0.10028     0      8   1   10   0     1        1         0    0      1 67108864 16777216     512.0 NCMPI      0
Finished            : Thu Jun  6 16:53:24 2019
