IOR-3.2.0: MPI Coordinated Test of Parallel I/O
Began               : Wed Jun 12 09:21:46 2019
Command line        : /glade/work/kpaul/software/ncar-ior/bin/ior -a Z5 -w -r -C -i10 -g -t 256m -b 1024m
Machine             : Linux r5i0n9
TestID              : 0
StartTime           : Wed Jun 12 09:21:46 2019
Path                : /gpfs/fs1/scratch/kpaul/ior_scaling
FS                  : 15000.0 TiB   Used FS: 60.3%   Inodes: 2355.6 Mi   Used Inodes: 61.5%

Options: 
api                 : Z5
apiVersion          : (null)
test filename       : testFile
access              : single-shared-file
type                : independent
segments            : 1
ordering in a file  : sequential
ordering inter file : constant task offset
task offset         : 1
tasks               : 64
clients per node    : 1
repetitions         : 10
xfersize            : 256 MiB
blocksize           : 1 GiB
aggregate filesize  : 64 GiB

Results: 

access    bw(MiB/s)  block(KiB) xfer(KiB)  open(s)    wr/rd(s)   close(s)   total(s)   iter
------    ---------  ---------- ---------  --------   --------   --------   --------   ----
write     29086      1048576    262144     0.010207   2.24       0.000033   2.25       0   
read      5318       1048576    262144     0.000025   12.32      0.000041   12.32      0   
remove    -          -          -          -          -          -          0.330218   0   
write     30500      1048576    262144     0.000464   2.15       0.000030   2.15       1   
read      5495       1048576    262144     0.000029   11.93      0.000075   11.93      1   
remove    -          -          -          -          -          -          0.353868   1   
write     29995      1048576    262144     0.000474   2.18       0.000049   2.18       2   
read      5132       1048576    262144     0.000037   12.77      0.000056   12.77      2   
remove    -          -          -          -          -          -          0.367033   2   
write     30957      1048576    262144     0.000478   2.12       0.000051   2.12       3   
read      5178       1048576    262144     0.000048   12.66      0.000077   12.66      3   
remove    -          -          -          -          -          -          0.334934   3   
write     30396      1048576    262144     0.000475   2.16       0.000165   2.16       4   
read      5268       1048576    262144     0.000133   12.44      0.000070   12.44      4   
remove    -          -          -          -          -          -          0.333451   4   
write     29993      1048576    262144     0.000469   2.18       0.000077   2.19       5   
read      5308       1048576    262144     0.000071   12.35      0.000084   12.35      5   
remove    -          -          -          -          -          -          0.355864   5   
write     30023      1048576    262144     0.000459   2.18       0.000097   2.18       6   
read      5388       1048576    262144     0.000090   12.16      0.000106   12.16      6   
remove    -          -          -          -          -          -          0.354810   6   
write     27656      1048576    262144     0.000473   2.37       0.000105   2.37       7   
read      5152       1048576    262144     0.000098   12.72      0.000118   12.72      7   
remove    -          -          -          -          -          -          0.366570   7   
write     28727      1048576    262144     0.000553   2.28       0.000115   2.28       8   
read      5140       1048576    262144     0.000112   12.75      0.000141   12.75      8   
remove    -          -          -          -          -          -          0.411245   8   
write     27964      1048576    262144     0.000490   2.34       0.000138   2.34       9   
read      5235       1048576    262144     0.000126   12.52      0.000148   12.52      9   
remove    -          -          -          -          -          -          0.350275   9   
Max Write: 30956.82 MiB/sec (32460.58 MB/sec)
Max Read:  5494.60 MiB/sec (5761.51 MB/sec)

Summary of all tests:
Operation   Max(MiB)   Min(MiB)  Mean(MiB)     StdDev   Max(OPs)   Min(OPs)  Mean(OPs)     StdDev    Mean(s) Test# #Tasks tPN reps fPP reord reordoff reordrand seed segcnt   blksiz    xsize aggs(MiB)   API RefNum
write       30956.82   27655.78   29529.51    1058.62     120.93     108.03     115.35       4.14    2.22225     0     64   1   10   0     1        1         0    0      1 1073741824 268435456   65536.0  Z5      0
read         5494.60    5131.97    5261.36     112.67      21.46      20.05      20.55       0.44   12.46174     0     64   1   10   0     1        1         0    0      1 1073741824 268435456   65536.0  Z5      0
Finished            : Wed Jun 12 09:24:17 2019
