IOR-3.2.0: MPI Coordinated Test of Parallel I/O
Began               : Thu Jun  6 15:20:12 2019
Command line        : /glade/work/kpaul/software/ncar-ior/bin/ior -a POSIX -w -r -C -i10 -g -t 16m -b 16m -e -F
Machine             : Linux r1i1n0
TestID              : 0
StartTime           : Thu Jun  6 15:20:12 2019
Path                : /gpfs/fs1/scratch/kpaul/ior_scaling
FS                  : 15000.0 TiB   Used FS: 59.5%   Inodes: 2355.6 Mi   Used Inodes: 62.6%

Options: 
api                 : POSIX
apiVersion          : 
test filename       : testFile
access              : file-per-process
type                : independent
segments            : 1
ordering in a file  : sequential
ordering inter file : constant task offset
task offset         : 1
tasks               : 1
clients per node    : 1
repetitions         : 10
xfersize            : 16 MiB
blocksize           : 16 MiB
aggregate filesize  : 16 MiB

Results: 

access    bw(MiB/s)  block(KiB) xfer(KiB)  open(s)    wr/rd(s)   close(s)   total(s)   iter
------    ---------  ---------- ---------  --------   --------   --------   --------   ----
write     386.92     16384      16384      0.003961   0.037367   0.000023   0.041353   0   
read      9813       16384      16384      0.000011   0.001615   0.000004   0.001630   0   
remove    -          -          -          -          -          -          0.000085   0   
write     64.92      16384      16384      0.219433   0.026994   0.000020   0.246448   1   
read      9459       16384      16384      0.000009   0.001678   0.000003   0.001692   1   
remove    -          -          -          -          -          -          0.000844   1   
write     597.84     16384      16384      0.000263   0.026478   0.000021   0.026763   2   
read      9319       16384      16384      0.000009   0.001704   0.000003   0.001717   2   
remove    -          -          -          -          -          -          0.000077   2   
write     719.34     16384      16384      0.000255   0.021967   0.000020   0.022243   3   
read      9594       16384      16384      0.000009   0.001655   0.000003   0.001668   3   
remove    -          -          -          -          -          -          0.000074   3   
write     453.61     16384      16384      0.000260   0.034992   0.000020   0.035273   4   
read      9104       16384      16384      0.000010   0.001744   0.000004   0.001757   4   
remove    -          -          -          -          -          -          0.000074   4   
write     414.46     16384      16384      0.000270   0.038313   0.000020   0.038605   5   
read      9082       16384      16384      0.000009   0.001749   0.000003   0.001762   5   
remove    -          -          -          -          -          -          0.000073   5   
write     546.72     16384      16384      0.000289   0.028956   0.000020   0.029266   6   
read      9128       16384      16384      0.000010   0.001739   0.000003   0.001753   6   
remove    -          -          -          -          -          -          0.000071   6   
write     396.57     16384      16384      0.000362   0.039963   0.000019   0.040346   7   
read      9057       16384      16384      0.000009   0.001754   0.000003   0.001767   7   
remove    -          -          -          -          -          -          0.000072   7   
write     315.91     16384      16384      0.000278   0.050349   0.000019   0.050647   8   
read      9123       16384      16384      0.000009   0.001741   0.000003   0.001754   8   
remove    -          -          -          -          -          -          0.000072   8   
write     371.90     16384      16384      0.000290   0.042710   0.000022   0.043022   9   
read      9170       16384      16384      0.000011   0.001730   0.000003   0.001745   9   
remove    -          -          -          -          -          -          0.000072   9   
Max Write: 719.34 MiB/sec (754.28 MB/sec)
Max Read:  9813.46 MiB/sec (10290.16 MB/sec)

Summary of all tests:
Operation   Max(MiB)   Min(MiB)  Mean(MiB)     StdDev   Max(OPs)   Min(OPs)  Mean(OPs)     StdDev    Mean(s) Test# #Tasks tPN reps fPP reord reordoff reordrand seed segcnt   blksiz    xsize aggs(MiB)   API RefNum
write         719.34      64.92     426.82     166.99      44.96       4.06      26.68      10.44    0.05740     0      1   1   10   1     1        1         0    0      1 16777216 16777216      16.0 POSIX      0
read         9813.46    9056.91    9284.85     244.13     613.34     566.06     580.30      15.26    0.00172     0      1   1   10   1     1        1         0    0      1 16777216 16777216      16.0 POSIX      0
Finished            : Thu Jun  6 15:20:12 2019
