IOR-3.2.0: MPI Coordinated Test of Parallel I/O
Began               : Thu Jun  6 16:07:00 2019
Command line        : /glade/work/kpaul/software/ncar-ior/bin/ior -a Z5 -w -r -C -i10 -g -t 128m -b 1024m
Machine             : Linux r11i3n24
TestID              : 0
StartTime           : Thu Jun  6 16:07:00 2019
Path                : /gpfs/fs1/scratch/kpaul/ior_scaling
FS                  : 15000.0 TiB   Used FS: 59.5%   Inodes: 2355.6 Mi   Used Inodes: 62.6%

Options: 
api                 : Z5
apiVersion          : (null)
test filename       : testFile
access              : single-shared-file
type                : independent
segments            : 1
ordering in a file  : sequential
ordering inter file : constant task offset
task offset         : 1
tasks               : 2
clients per node    : 1
repetitions         : 10
xfersize            : 128 MiB
blocksize           : 1 GiB
aggregate filesize  : 2 GiB

Results: 

access    bw(MiB/s)  block(KiB) xfer(KiB)  open(s)    wr/rd(s)   close(s)   total(s)   iter
------    ---------  ---------- ---------  --------   --------   --------   --------   ----
write     1034.96    1048576    131072     0.003507   1.98       0.000003   1.98       0   
read      168.34     1048576    131072     0.000002   12.17      0.000008   12.17      0   
remove    -          -          -          -          -          -          0.025329   0   
write     1052.41    1048576    131072     0.000486   1.95       0.000008   1.95       1   
read      170.59     1048576    131072     0.000003   12.01      0.000001   12.01      1   
remove    -          -          -          -          -          -          0.023211   1   
write     892.55     1048576    131072     0.000560   2.29       0.000012   2.29       2   
read      162.57     1048576    131072     0.000008   12.60      0.000017   12.60      2   
remove    -          -          -          -          -          -          0.022288   2   
write     1032.58    1048576    131072     0.000500   1.98       0.000017   1.98       3   
read      168.01     1048576    131072     0.000013   12.19      0.000013   12.19      3   
remove    -          -          -          -          -          -          0.022153   3   
write     1028.58    1048576    131072     0.000523   1.99       0.000022   1.99       4   
read      170.11     1048576    131072     0.000018   12.04      0.000016   12.04      4   
remove    -          -          -          -          -          -          0.022088   4   
write     1075.68    1048576    131072     0.000504   1.90       0.000028   1.90       5   
read      173.99     1048576    131072     0.000022   11.77      0.000031   11.77      5   
remove    -          -          -          -          -          -          0.024302   5   
write     1104.21    1048576    131072     0.000536   1.85       0.000031   1.85       6   
read      167.73     1048576    131072     0.000027   12.21      0.000026   12.21      6   
remove    -          -          -          -          -          -          0.020210   6   
write     1098.28    1048576    131072     0.000524   1.86       0.000036   1.86       7   
read      170.00     1048576    131072     0.000032   12.05      0.000040   12.05      7   
remove    -          -          -          -          -          -          0.022551   7   
write     1100.41    1048576    131072     0.000529   1.86       0.000041   1.86       8   
read      174.99     1048576    131072     0.000036   11.70      0.000044   11.70      8   
remove    -          -          -          -          -          -          0.022211   8   
write     931.59     1048576    131072     0.000525   2.20       0.000036   2.20       9   
read      173.79     1048576    131072     0.000041   11.78      0.000040   11.78      9   
remove    -          -          -          -          -          -          0.022025   9   
Max Write: 1104.21 MiB/sec (1157.84 MB/sec)
Max Read:  174.99 MiB/sec (183.49 MB/sec)

Summary of all tests:
Operation   Max(MiB)   Min(MiB)  Mean(MiB)     StdDev   Max(OPs)   Min(OPs)  Mean(OPs)     StdDev    Mean(s) Test# #Tasks tPN reps fPP reord reordoff reordrand seed segcnt   blksiz    xsize aggs(MiB)   API RefNum
write        1104.21     892.55    1035.13      67.87       8.63       6.97       8.09       0.53    1.98767     0      2   1   10   0     1        1         0    0      1 1073741824 134217728    2048.0  Z5      0
read          174.99     162.57     170.01       3.50       1.37       1.27       1.33       0.03   12.05138     0      2   1   10   0     1        1         0    0      1 1073741824 134217728    2048.0  Z5      0
Finished            : Thu Jun  6 16:09:21 2019
