IOR-3.2.0: MPI Coordinated Test of Parallel I/O
Began               : Thu Jun  6 16:22:30 2019
Command line        : /glade/work/kpaul/software/ncar-ior/bin/ior -a NCMPI -w -r -C -i10 -g -t 8m -b 16m
Machine             : Linux r8i1n18
TestID              : 0
StartTime           : Thu Jun  6 16:22:30 2019
Path                : /gpfs/fs1/scratch/kpaul/ior_scaling
FS                  : 15000.0 TiB   Used FS: 59.5%   Inodes: 2355.6 Mi   Used Inodes: 62.6%

Options: 
api                 : NCMPI
apiVersion          : 1.11.0 of 19 Dec 2018
test filename       : testFile
access              : single-shared-file
type                : independent
segments            : 1
ordering in a file  : sequential
ordering inter file : constant task offset
task offset         : 1
tasks               : 4
clients per node    : 1
repetitions         : 10
xfersize            : 8 MiB
blocksize           : 16 MiB
aggregate filesize  : 64 MiB

Results: 

access    bw(MiB/s)  block(KiB) xfer(KiB)  open(s)    wr/rd(s)   close(s)   total(s)   iter
------    ---------  ---------- ---------  --------   --------   --------   --------   ----
write     413.02     16384      8192       0.008863   0.142288   0.003796   0.154956   0   
read      2899.77    16384      8192       0.004364   0.016366   0.001335   0.022071   0   
remove    -          -          -          -          -          -          0.004051   0   
write     188.46     16384      8192       0.004671   0.331799   0.003124   0.339601   1   
read      5305       16384      8192       0.000609   0.009509   0.001936   0.012063   1   
remove    -          -          -          -          -          -          0.003800   1   
write     363.05     16384      8192       0.005861   0.153985   0.016429   0.176283   2   
read      1750.02    16384      8192       0.000652   0.034215   0.001695   0.036571   2   
remove    -          -          -          -          -          -          0.006516   2   
write     631.02     16384      8192       0.007025   0.090921   0.003470   0.101423   3   
read      4127       16384      8192       0.000582   0.012814   0.002104   0.015507   3   
remove    -          -          -          -          -          -          0.002789   3   
write     379.33     16384      8192       0.006297   0.160878   0.001536   0.168718   4   
read      2228.41    16384      8192       0.000564   0.026973   0.001174   0.028720   4   
remove    -          -          -          -          -          -          0.003039   4   
write     251.26     16384      8192       0.006798   0.244838   0.003070   0.254715   5   
read      1702.44    16384      8192       0.000670   0.036377   0.000540   0.037593   5   
remove    -          -          -          -          -          -          0.001751   5   
write     348.91     16384      8192       0.005722   0.163769   0.013932   0.183430   6   
read      5331       16384      8192       0.000664   0.008665   0.002667   0.012005   6   
remove    -          -          -          -          -          -          0.002497   6   
write     572.80     16384      8192       0.006377   0.104620   0.000730   0.111733   7   
read      4768       16384      8192       0.000603   0.011202   0.001609   0.013423   7   
remove    -          -          -          -          -          -          0.004143   7   
write     375.68     16384      8192       0.008694   0.158916   0.002742   0.170359   8   
read      4233       16384      8192       0.003709   0.008244   0.003157   0.015120   8   
remove    -          -          -          -          -          -          0.005831   8   
write     487.58     16384      8192       0.006435   0.118739   0.006079   0.131261   9   
read      4135       16384      8192       0.000635   0.012514   0.002321   0.015478   9   
remove    -          -          -          -          -          -          0.003792   9   
Max Write: 631.02 MiB/sec (661.67 MB/sec)
Max Read:  5331.10 MiB/sec (5590.06 MB/sec)

Summary of all tests:
Operation   Max(MiB)   Min(MiB)  Mean(MiB)     StdDev   Max(OPs)   Min(OPs)  Mean(OPs)     StdDev    Mean(s) Test# #Tasks tPN reps fPP reord reordoff reordrand seed segcnt   blksiz    xsize aggs(MiB)   API RefNum
write         631.02     188.46     401.11     127.64      78.88      23.56      50.14      15.96    0.17925     0      4   1   10   0     1        1         0    0      1 16777216  8388608      64.0 NCMPI      0
read         5331.10    1702.44    3647.98    1326.84     666.39     212.80     456.00     165.86    0.02086     0      4   1   10   0     1        1         0    0      1 16777216  8388608      64.0 NCMPI      0
Finished            : Thu Jun  6 16:22:32 2019
