IOR-3.2.0: MPI Coordinated Test of Parallel I/O
Began               : Wed Jun 12 08:20:37 2019
Command line        : /glade/work/kpaul/software/ncar-ior/bin/ior -a Z5 -w -r -C -i10 -g -t 64m -b 256m
Machine             : Linux r1i1n28
TestID              : 0
StartTime           : Wed Jun 12 08:20:37 2019
Path                : /gpfs/fs1/scratch/kpaul/ior_scaling
FS                  : 15000.0 TiB   Used FS: 60.4%   Inodes: 2355.6 Mi   Used Inodes: 61.5%

Options: 
api                 : Z5
apiVersion          : (null)
test filename       : testFile
access              : single-shared-file
type                : independent
segments            : 1
ordering in a file  : sequential
ordering inter file : constant task offset
task offset         : 1
tasks               : 32
clients per node    : 1
repetitions         : 10
xfersize            : 64 MiB
blocksize           : 256 MiB
aggregate filesize  : 8 GiB

Results: 

access    bw(MiB/s)  block(KiB) xfer(KiB)  open(s)    wr/rd(s)   close(s)   total(s)   iter
------    ---------  ---------- ---------  --------   --------   --------   --------   ----
write     12194      262144     65536      0.007610   0.664122   0.000041   0.671794   0   
read      2748.35    262144     65536      0.000060   2.98       0.000013   2.98       0   
remove    -          -          -          -          -          -          0.192558   0   
write     11870      262144     65536      0.000461   0.689663   0.000024   0.690170   1   
read      2496.12    262144     65536      0.000014   3.28       0.000020   3.28       1   
remove    -          -          -          -          -          -          0.187167   1   
write     12104      262144     65536      0.000451   0.676282   0.000039   0.676803   2   
read      2684.40    262144     65536      0.000032   3.05       0.000022   3.05       2   
remove    -          -          -          -          -          -          0.174582   2   
write     12415      262144     65536      0.000924   0.658880   0.000021   0.659847   3   
read      2734.99    262144     65536      0.000017   3.00       0.000042   3.00       3   
remove    -          -          -          -          -          -          0.172417   3   
write     12392      262144     65536      0.000459   0.660551   0.000022   0.661058   4   
read      2763.28    262144     65536      0.000018   2.96       0.000040   2.96       4   
remove    -          -          -          -          -          -          0.187483   4   
write     12359      262144     65536      0.001748   0.661061   0.000018   0.662850   5   
read      2688.39    262144     65536      0.000021   3.05       0.000022   3.05       5   
remove    -          -          -          -          -          -          0.173227   5   
write     12410      262144     65536      0.000462   0.659605   0.000030   0.660119   6   
read      2521.44    262144     65536      0.000021   3.25       0.000023   3.25       6   
remove    -          -          -          -          -          -          0.168256   6   
write     12610      262144     65536      0.000487   0.649093   0.000031   0.649635   7   
read      2742.35    262144     65536      0.000026   2.99       0.000073   2.99       7   
remove    -          -          -          -          -          -          0.168716   7   
write     12634      262144     65536      0.000455   0.647884   0.000019   0.648387   8   
read      2687.20    262144     65536      0.000024   3.05       0.000023   3.05       8   
remove    -          -          -          -          -          -          0.173407   8   
write     12522      262144     65536      0.000650   0.653542   0.000033   0.654233   9   
read      2674.57    262144     65536      0.000039   3.06       0.000030   3.06       9   
remove    -          -          -          -          -          -          0.180632   9   
Max Write: 12634.43 MiB/sec (13248.16 MB/sec)
Max Read:  2763.28 MiB/sec (2897.51 MB/sec)

Summary of all tests:
Operation   Max(MiB)   Min(MiB)  Mean(MiB)     StdDev   Max(OPs)   Min(OPs)  Mean(OPs)     StdDev    Mean(s) Test# #Tasks tPN reps fPP reord reordoff reordrand seed segcnt   blksiz    xsize aggs(MiB)   API RefNum
write       12634.43   11869.54   12350.98     224.35     197.41     185.46     192.98       3.51    0.66349     0     32   1   10   0     1        1         0    0      1 268435456 67108864    8192.0  Z5      0
read         2763.28    2496.12    2674.11      87.92      43.18      39.00      41.78       1.37    3.06689     0     32   1   10   0     1        1         0    0      1 268435456 67108864    8192.0  Z5      0
Finished            : Wed Jun 12 08:21:17 2019
