IOR-3.2.0: MPI Coordinated Test of Parallel I/O
Began               : Wed Jun 12 09:03:18 2019
Command line        : /glade/work/kpaul/software/ncar-ior/bin/ior -a HDF5 -w -r -C -i10 -g -t 16m -b 32m -c
Machine             : Linux r5i0n9
TestID              : 0
StartTime           : Wed Jun 12 09:03:18 2019
Path                : /gpfs/fs1/scratch/kpaul/ior_scaling
FS                  : 15000.0 TiB   Used FS: 60.4%   Inodes: 2355.6 Mi   Used Inodes: 61.5%

Options: 
api                 : HDF5
apiVersion          : 1.8.21 (Parallel)
test filename       : testFile
access              : single-shared-file
type                : collective
segments            : 1
ordering in a file  : sequential
ordering inter file : constant task offset
task offset         : 1
tasks               : 64
clients per node    : 1
repetitions         : 10
xfersize            : 16 MiB
blocksize           : 32 MiB
aggregate filesize  : 2 GiB

Results: 

access    bw(MiB/s)  block(KiB) xfer(KiB)  open(s)    wr/rd(s)   close(s)   total(s)   iter
------    ---------  ---------- ---------  --------   --------   --------   --------   ----
write     28.47      32768      16384      0.012612   71.88      0.040475   71.93      0   
read      6005       32768      16384      0.080736   0.260724   0.000837   0.341028   0   
remove    -          -          -          -          -          -          0.000297   0   
write     3414.66    32768      16384      0.012759   0.525754   0.062514   0.599766   1   
read      14276      32768      16384      0.052824   0.091042   0.000835   0.143457   1   
remove    -          -          -          -          -          -          0.000279   1   
write     3532.18    32768      16384      0.015076   0.476868   0.089153   0.579813   2   
read      12285      32768      16384      0.053197   0.113928   0.000845   0.166714   2   
remove    -          -          -          -          -          -          0.000365   2   
write     4054       32768      16384      0.013198   0.448332   0.044953   0.505204   3   
read      15160      32768      16384      0.052952   0.082513   0.000883   0.135094   3   
remove    -          -          -          -          -          -          0.000353   3   
write     3679       32768      16384      0.013612   0.442009   0.102404   0.556733   4   
read      17464      32768      16384      0.053800   0.063885   0.000881   0.117272   4   
remove    -          -          -          -          -          -          0.000298   4   
write     3356.00    32768      16384      0.013221   0.436879   0.161421   0.610249   5   
read      18369      32768      16384      0.050928   0.061006   0.000836   0.111494   5   
remove    -          -          -          -          -          -          0.000394   5   
write     3994       32768      16384      0.011116   0.418795   0.084117   0.512765   6   
read      13811      32768      16384      0.052798   0.095897   0.000843   0.148291   6   
remove    -          -          -          -          -          -          0.000210   6   
write     2530.23    32768      16384      0.015355   0.763108   0.032237   0.809413   7   
read      15217      32768      16384      0.054983   0.080063   0.000839   0.134583   7   
remove    -          -          -          -          -          -          0.000283   7   
write     4245       32768      16384      0.017550   0.421791   0.044355   0.482413   8   
read      16067      32768      16384      0.056314   0.071442   0.000841   0.127469   8   
remove    -          -          -          -          -          -          0.000293   8   
write     3780       32768      16384      0.014345   0.446776   0.081913   0.541804   9   
read      11351      32768      16384      0.053865   0.127023   0.000843   0.180430   9   
remove    -          -          -          -          -          -          0.000282   9   
Max Write: 4245.33 MiB/sec (4451.55 MB/sec)
Max Read:  18368.71 MiB/sec (19260.99 MB/sec)

Summary of all tests:
Operation   Max(MiB)   Min(MiB)  Mean(MiB)     StdDev   Max(OPs)   Min(OPs)  Mean(OPs)     StdDev    Mean(s) Test# #Tasks tPN reps fPP reord reordoff reordrand seed segcnt   blksiz    xsize aggs(MiB)   API RefNum
write        4245.33      28.47    3261.33    1169.10     265.33       1.78     203.83      73.07    7.71307     0     64   1   10   0     1        1         0    0      1 33554432 16777216    2048.0 HDF5      0
read        18368.71    6005.38   14000.35    3349.16    1148.04     375.34     875.02     209.32    0.16058     0     64   1   10   0     1        1         0    0      1 33554432 16777216    2048.0 HDF5      0
Finished            : Wed Jun 12 09:04:37 2019
