IOR-3.2.0: MPI Coordinated Test of Parallel I/O
Began               : Thu Jun  6 16:05:13 2019
Command line        : /glade/work/kpaul/software/ncar-ior/bin/ior -a HDF5 -w -r -C -i10 -g -t 32m -b 256m -c
Machine             : Linux r11i3n24
TestID              : 0
StartTime           : Thu Jun  6 16:05:13 2019
Path                : /gpfs/fs1/scratch/kpaul/ior_scaling
FS                  : 15000.0 TiB   Used FS: 59.5%   Inodes: 2355.6 Mi   Used Inodes: 62.6%

Options: 
api                 : HDF5
apiVersion          : 1.8.21 (Parallel)
test filename       : testFile
access              : single-shared-file
type                : collective
segments            : 1
ordering in a file  : sequential
ordering inter file : constant task offset
task offset         : 1
tasks               : 2
clients per node    : 1
repetitions         : 10
xfersize            : 32 MiB
blocksize           : 256 MiB
aggregate filesize  : 512 MiB

Results: 

access    bw(MiB/s)  block(KiB) xfer(KiB)  open(s)    wr/rd(s)   close(s)   total(s)   iter
------    ---------  ---------- ---------  --------   --------   --------   --------   ----
write     888.67     262144     32768      0.006859   0.476399   0.092877   0.576139   0   
read      2336.01    262144     32768      0.004175   0.214799   0.000197   0.219177   0   
remove    -          -          -          -          -          -          0.000386   0   
write     2183.64    262144     32768      0.003758   0.157293   0.073415   0.234470   1   
read      2179.04    262144     32768      0.004153   0.218226   0.012579   0.234966   1   
remove    -          -          -          -          -          -          0.001400   1   
write     2503.76    262144     32768      0.003890   0.162761   0.037835   0.204493   2   
read      1656.59    262144     32768      0.003417   0.202311   0.103333   0.309068   2   
remove    -          -          -          -          -          -          0.000281   2   
write     2549.24    262144     32768      0.003304   0.158729   0.038806   0.200844   3   
read      2393.04    262144     32768      0.002889   0.209647   0.001411   0.213953   3   
remove    -          -          -          -          -          -          0.000328   3   
write     2568.93    262144     32768      0.004343   0.157355   0.037601   0.199304   4   
read      2437.75    262144     32768      0.003267   0.206560   0.000196   0.210030   4   
remove    -          -          -          -          -          -          0.000295   4   
write     2576.29    262144     32768      0.003139   0.160185   0.035407   0.198736   5   
read      2162.75    262144     32768      0.002927   0.213303   0.020498   0.236735   5   
remove    -          -          -          -          -          -          0.000261   5   
write     2378.93    262144     32768      0.003349   0.158906   0.052963   0.215223   6   
read      2546.13    262144     32768      0.002742   0.198145   0.000195   0.201089   6   
remove    -          -          -          -          -          -          0.000274   6   
write     2502.25    262144     32768      0.003709   0.156650   0.044251   0.204616   7   
read      2546.88    262144     32768      0.003075   0.197750   0.000199   0.201030   7   
remove    -          -          -          -          -          -          0.000309   7   
write     2468.25    262144     32768      0.003257   0.161111   0.043062   0.207435   8   
read      2295.72    262144     32768      0.003345   0.206323   0.013348   0.223023   8   
remove    -          -          -          -          -          -          0.000312   8   
write     1825.81    262144     32768      0.003344   0.184271   0.092803   0.280423   9   
read      2517.40    262144     32768      0.004346   0.198832   0.000199   0.203384   9   
remove    -          -          -          -          -          -          0.000272   9   
Max Write: 2576.29 MiB/sec (2701.43 MB/sec)
Max Read:  2546.88 MiB/sec (2670.60 MB/sec)

Summary of all tests:
Operation   Max(MiB)   Min(MiB)  Mean(MiB)     StdDev   Max(OPs)   Min(OPs)  Mean(OPs)     StdDev    Mean(s) Test# #Tasks tPN reps fPP reord reordoff reordrand seed segcnt   blksiz    xsize aggs(MiB)   API RefNum
write        2576.29     888.67    2244.58     502.72      80.51      27.77      70.14      15.71    0.25217     0      2   1   10   0     1        1         0    0      1 268435456 33554432     512.0 HDF5      0
read         2546.88    1656.59    2307.13     253.90      79.59      51.77      72.10       7.93    0.22525     0      2   1   10   0     1        1         0    0      1 268435456 33554432     512.0 HDF5      0
Finished            : Thu Jun  6 16:05:18 2019
