IOR-3.2.0: MPI Coordinated Test of Parallel I/O
Began               : Wed Jun 12 08:11:24 2019
Command line        : /glade/work/kpaul/software/ncar-ior/bin/ior -a Z5 -w -r -C -i10 -g -t 32m -b 64m
Machine             : Linux r1i1n28
TestID              : 0
StartTime           : Wed Jun 12 08:11:24 2019
Path                : /gpfs/fs1/scratch/kpaul/ior_scaling
FS                  : 15000.0 TiB   Used FS: 60.4%   Inodes: 2355.6 Mi   Used Inodes: 61.5%

Options: 
api                 : Z5
apiVersion          : (null)
test filename       : testFile
access              : single-shared-file
type                : independent
segments            : 1
ordering in a file  : sequential
ordering inter file : constant task offset
task offset         : 1
tasks               : 32
clients per node    : 1
repetitions         : 10
xfersize            : 32 MiB
blocksize           : 64 MiB
aggregate filesize  : 2 GiB

Results: 

access    bw(MiB/s)  block(KiB) xfer(KiB)  open(s)    wr/rd(s)   close(s)   total(s)   iter
------    ---------  ---------- ---------  --------   --------   --------   --------   ----
write     6579       65536      32768      0.006269   0.304990   0.000022   0.311301   0   
read      2719.16    65536      32768      0.000028   0.753110   0.000019   0.753174   0   
remove    -          -          -          -          -          -          0.153061   0   
write     6909       65536      32768      0.000357   0.296009   0.000028   0.296411   1   
read      2635.88    65536      32768      0.000020   0.776919   0.000026   0.776971   1   
remove    -          -          -          -          -          -          0.128436   1   
write     7670       65536      32768      0.000890   0.266070   0.000019   0.267007   2   
read      2524.94    65536      32768      0.000020   0.811058   0.000017   0.811107   2   
remove    -          -          -          -          -          -          0.146979   2   
write     7392       65536      32768      0.000355   0.276658   0.000043   0.277070   3   
read      2524.52    65536      32768      0.000023   0.811160   0.000049   0.811243   3   
remove    -          -          -          -          -          -          0.141493   3   
write     7443       65536      32768      0.000353   0.274743   0.000017   0.275143   4   
read      2557.22    65536      32768      0.000053   0.800781   0.000028   0.800870   4   
remove    -          -          -          -          -          -          0.141054   4   
write     7699       65536      32768      0.000355   0.265617   0.000028   0.266022   5   
read      2528.73    65536      32768      0.000911   0.808952   0.000020   0.809894   5   
remove    -          -          -          -          -          -          0.135622   5   
write     8031       65536      32768      0.000355   0.254600   0.000021   0.255000   6   
read      2655.16    65536      32768      0.000022   0.771250   0.000033   0.771329   6   
remove    -          -          -          -          -          -          0.140848   6   
write     7234       65536      32768      0.000355   0.282714   0.000026   0.283109   7   
read      2572.23    65536      32768      0.000023   0.796130   0.000032   0.796196   7   
remove    -          -          -          -          -          -          0.148239   7   
write     7834       65536      32768      0.000360   0.261007   0.000027   0.261417   8   
read      2664.45    65536      32768      0.000022   0.768438   0.000162   0.768638   8   
remove    -          -          -          -          -          -          0.144310   8   
write     7115       65536      32768      0.001008   0.286790   0.000011   0.287838   9   
read      2587.16    65536      32768      0.000021   0.791557   0.000020   0.791602   9   
remove    -          -          -          -          -          -          0.128972   9   
Max Write: 8031.37 MiB/sec (8421.50 MB/sec)
Max Read:  2719.16 MiB/sec (2851.25 MB/sec)

Summary of all tests:
Operation   Max(MiB)   Min(MiB)  Mean(MiB)     StdDev   Max(OPs)   Min(OPs)  Mean(OPs)     StdDev    Mean(s) Test# #Tasks tPN reps fPP reord reordoff reordrand seed segcnt   blksiz    xsize aggs(MiB)   API RefNum
write        8031.37    6578.83    7390.67     421.22     250.98     205.59     230.96      13.16    0.27803     0     32   1   10   0     1        1         0    0      1 67108864 33554432    2048.0  Z5      0
read         2719.16    2524.52    2596.94      64.63      84.97      78.89      81.15       2.02    0.78910     0     32   1   10   0     1        1         0    0      1 67108864 33554432    2048.0  Z5      0
Finished            : Wed Jun 12 08:11:37 2019
