IOR-3.2.0: MPI Coordinated Test of Parallel I/O
Began               : Wed Jun 12 08:26:51 2019
Command line        : /glade/work/kpaul/software/ncar-ior/bin/ior -a NCMPI -w -r -C -i10 -g -t 256m -b 1024m
Machine             : Linux r1i1n28
TestID              : 0
StartTime           : Wed Jun 12 08:26:51 2019
Path                : /gpfs/fs1/scratch/kpaul/ior_scaling
FS                  : 15000.0 TiB   Used FS: 60.4%   Inodes: 2355.6 Mi   Used Inodes: 61.5%

Options: 
api                 : NCMPI
apiVersion          : 1.11.0 of 19 Dec 2018
test filename       : testFile
access              : single-shared-file
type                : independent
segments            : 1
ordering in a file  : sequential
ordering inter file : constant task offset
task offset         : 1
tasks               : 32
clients per node    : 1
repetitions         : 10
xfersize            : 256 MiB
blocksize           : 1 GiB
aggregate filesize  : 32 GiB

Results: 

access    bw(MiB/s)  block(KiB) xfer(KiB)  open(s)    wr/rd(s)   close(s)   total(s)   iter
------    ---------  ---------- ---------  --------   --------   --------   --------   ----
write     12792      1048576    262144     0.011191   2.55       0.001152   2.56       0   
read      41992      1048576    262144     0.003913   0.772900   0.003511   0.780336   0   
remove    -          -          -          -          -          -          0.013609   0   
write     12435      1048576    262144     0.019168   2.61       0.001371   2.64       1   
read      25252      1048576    262144     0.005781   1.22       0.072268   1.30       1   
remove    -          -          -          -          -          -          0.008194   1   
write     10803      1048576    262144     0.010623   3.02       0.001390   3.03       2   
read      27920      1048576    262144     0.004514   1.16       0.008114   1.17       2   
remove    -          -          -          -          -          -          0.013284   2   
write     6920       1048576    262144     0.005794   4.73       0.002979   4.74       3   
read      22846      1048576    262144     0.003538   1.43       0.003461   1.43       3   
remove    -          -          -          -          -          -          0.011188   3   
write     14813      1048576    262144     0.006850   2.20       0.003935   2.21       4   
read      26563      1048576    262144     0.004647   1.18       0.046483   1.23       4   
remove    -          -          -          -          -          -          0.032175   4   
write     9206       1048576    262144     0.006659   3.53       0.019799   3.56       5   
read      21963      1048576    262144     0.026339   1.43       0.032504   1.49       5   
remove    -          -          -          -          -          -          0.007384   5   
write     8781       1048576    262144     0.007917   3.70       0.020769   3.73       6   
read      25054      1048576    262144     0.029323   1.23       0.047166   1.31       6   
remove    -          -          -          -          -          -          0.008117   6   
write     13610      1048576    262144     0.007227   2.40       0.003127   2.41       7   
read      24075      1048576    262144     0.001414   1.36       0.003625   1.36       7   
remove    -          -          -          -          -          -          0.004600   7   
write     19447      1048576    262144     0.013913   1.67       0.005489   1.69       8   
read      33380      1048576    262144     0.003839   0.948677   0.029216   0.981671   8   
remove    -          -          -          -          -          -          0.008162   8   
write     12520      1048576    262144     0.006428   2.61       0.003917   2.62       9   
read      34338      1048576    262144     0.004484   0.925951   0.023883   0.954285   9   
remove    -          -          -          -          -          -          0.006161   9   
Max Write: 19446.82 MiB/sec (20391.47 MB/sec)
Max Read:  41992.19 MiB/sec (44032.00 MB/sec)

Summary of all tests:
Operation   Max(MiB)   Min(MiB)  Mean(MiB)     StdDev   Max(OPs)   Min(OPs)  Mean(OPs)     StdDev    Mean(s) Test# #Tasks tPN reps fPP reord reordoff reordrand seed segcnt   blksiz    xsize aggs(MiB)   API RefNum
write       19446.82    6919.73   12132.66    3350.80      75.96      27.03      47.39      13.09    2.91784     0     32   1   10   0     1        1         0    0      1 1073741824 268435456   32768.0 NCMPI      0
read        41992.19   21963.20   28338.27    6003.86     164.03      85.79     110.70      23.45    1.20164     0     32   1   10   0     1        1         0    0      1 1073741824 268435456   32768.0 NCMPI      0
Finished            : Wed Jun 12 08:27:33 2019
