IOR-3.2.0: MPI Coordinated Test of Parallel I/O
Began               : Wed Jun 12 08:29:35 2019
Command line        : /glade/work/kpaul/software/ncar-ior/bin/ior -a Z5 -w -r -C -i10 -g -t 16m -b 128m
Machine             : Linux r1i1n28
TestID              : 0
StartTime           : Wed Jun 12 08:29:35 2019
Path                : /gpfs/fs1/scratch/kpaul/ior_scaling
FS                  : 15000.0 TiB   Used FS: 60.4%   Inodes: 2355.6 Mi   Used Inodes: 61.5%

Options: 
api                 : Z5
apiVersion          : (null)
test filename       : testFile
access              : single-shared-file
type                : independent
segments            : 1
ordering in a file  : sequential
ordering inter file : constant task offset
task offset         : 1
tasks               : 32
clients per node    : 1
repetitions         : 10
xfersize            : 16 MiB
blocksize           : 128 MiB
aggregate filesize  : 4 GiB

Results: 

access    bw(MiB/s)  block(KiB) xfer(KiB)  open(s)    wr/rd(s)   close(s)   total(s)   iter
------    ---------  ---------- ---------  --------   --------   --------   --------   ----
write     9888       131072     16384      0.016691   0.397498   0.000346   0.414233   0   
read      2267.60    131072     16384      0.000340   1.81       0.000343   1.81       0   
remove    -          -          -          -          -          -          0.304371   0   
write     7934       131072     16384      0.073099   0.442760   0.000337   0.516231   1   
read      2172.40    131072     16384      0.000340   1.89       0.000361   1.89       1   
remove    -          -          -          -          -          -          0.279419   1   
write     9154       131072     16384      0.000337   0.446841   0.000350   0.447479   2   
read      2482.00    131072     16384      0.000341   1.65       0.000331   1.65       2   
remove    -          -          -          -          -          -          0.320488   2   
write     8802       131072     16384      0.000348   0.464980   0.000348   0.465372   3   
read      2338.55    131072     16384      0.000341   1.75       0.000348   1.75       3   
remove    -          -          -          -          -          -          0.280874   3   
write     9158       131072     16384      0.000354   0.446912   0.000339   0.447279   4   
read      2384.78    131072     16384      0.000343   1.72       0.000351   1.72       4   
remove    -          -          -          -          -          -          0.328272   4   
write     8220       131072     16384      0.000345   0.497929   0.000343   0.498300   5   
read      2334.51    131072     16384      0.000342   1.75       0.000400   1.75       5   
remove    -          -          -          -          -          -          0.282192   5   
write     9093       131072     16384      0.000337   0.450046   0.000341   0.450475   6   
read      2212.70    131072     16384      0.000344   1.85       0.000346   1.85       6   
remove    -          -          -          -          -          -          0.312223   6   
write     9038       131072     16384      0.000343   0.452810   0.000345   0.453198   7   
read      2376.02    131072     16384      0.000345   1.72       0.000633   1.72       7   
remove    -          -          -          -          -          -          0.301155   7   
write     9117       131072     16384      0.000343   0.448832   0.000401   0.449260   8   
read      2368.03    131072     16384      0.000373   1.73       0.000356   1.73       8   
remove    -          -          -          -          -          -          0.292926   8   
write     9079       131072     16384      0.000362   0.450752   0.000350   0.451133   9   
read      2497.31    131072     16384      0.000346   1.64       0.000356   1.64       9   
remove    -          -          -          -          -          -          0.306518   9   
Max Write: 9888.14 MiB/sec (10368.47 MB/sec)
Max Read:  2497.31 MiB/sec (2618.62 MB/sec)

Summary of all tests:
Operation   Max(MiB)   Min(MiB)  Mean(MiB)     StdDev   Max(OPs)   Min(OPs)  Mean(OPs)     StdDev    Mean(s) Test# #Tasks tPN reps fPP reord reordoff reordrand seed segcnt   blksiz    xsize aggs(MiB)   API RefNum
write        9888.14    7934.44    8948.24     512.23     618.01     495.90     559.27      32.01    0.45930     0     32   1   10   0     1        1         0    0      1 134217728 16777216    4096.0  Z5      0
read         2497.31    2172.40    2343.39      99.22     156.08     135.78     146.46       6.20    1.75106     0     32   1   10   0     1        1         0    0      1 134217728 16777216    4096.0  Z5      0
Finished            : Wed Jun 12 08:30:00 2019
