IOR-3.2.0: MPI Coordinated Test of Parallel I/O
Began               : Thu Jun  6 16:14:50 2019
Command line        : /glade/work/kpaul/software/ncar-ior/bin/ior -a MPIIO -w -r -C -i10 -g -t 256m -b 2048m -c
Machine             : Linux r11i3n24
TestID              : 0
StartTime           : Thu Jun  6 16:14:50 2019
Path                : /gpfs/fs1/scratch/kpaul/ior_scaling
FS                  : 15000.0 TiB   Used FS: 59.5%   Inodes: 2355.6 Mi   Used Inodes: 62.6%

Options: 
api                 : MPIIO
apiVersion          : (3.1)
test filename       : testFile
access              : single-shared-file
type                : collective
segments            : 1
ordering in a file  : sequential
ordering inter file : constant task offset
task offset         : 1
tasks               : 2
clients per node    : 1
repetitions         : 10
xfersize            : 256 MiB
blocksize           : 2 GiB
aggregate filesize  : 4 GiB

Results: 

access    bw(MiB/s)  block(KiB) xfer(KiB)  open(s)    wr/rd(s)   close(s)   total(s)   iter
------    ---------  ---------- ---------  --------   --------   --------   --------   ----
write     7554       2097152    262144     0.006650   0.535434   0.000160   0.542258   0   
read      2915.81    2097152    262144     0.000337   1.40       0.000034   1.40       0   
remove    -          -          -          -          -          -          0.003859   0   
write     7571       2097152    262144     0.006322   0.534573   0.000133   0.541042   1   
read      2938.05    2097152    262144     0.000412   1.39       0.000034   1.39       1   
remove    -          -          -          -          -          -          0.003261   1   
write     7599       2097152    262144     0.006902   0.531969   0.000141   0.539040   2   
read      2917.18    2097152    262144     0.000470   1.40       0.000036   1.40       2   
remove    -          -          -          -          -          -          0.004451   2   
write     5580       2097152    262144     0.005417   0.728542   0.000127   0.734104   3   
read      2873.72    2097152    262144     0.000320   1.42       0.000034   1.43       3   
remove    -          -          -          -          -          -          0.003823   3   
write     7373       2097152    262144     0.006468   0.548970   0.000115   0.555565   4   
read      2837.42    2097152    262144     0.000368   1.44       0.000036   1.44       4   
remove    -          -          -          -          -          -          0.004143   4   
write     7359       2097152    262144     0.006042   0.550383   0.000127   0.556567   5   
read      2824.68    2097152    262144     0.000468   1.45       0.000039   1.45       5   
remove    -          -          -          -          -          -          0.003864   5   
write     7256       2097152    262144     0.005368   0.558934   0.000130   0.564496   6   
read      2823.58    2097152    262144     0.000339   1.45       0.000039   1.45       6   
remove    -          -          -          -          -          -          0.004133   6   
write     7374       2097152    262144     0.006143   0.549205   0.000123   0.555490   7   
read      2855.93    2097152    262144     0.000460   1.43       0.000037   1.43       7   
remove    -          -          -          -          -          -          0.004116   7   
write     5665       2097152    262144     0.005433   0.717470   0.000137   0.723056   8   
read      2880.19    2097152    262144     0.000422   1.42       0.000037   1.42       8   
remove    -          -          -          -          -          -          0.003534   8   
write     7495       2097152    262144     0.005523   0.540840   0.000131   0.546507   9   
read      2887.99    2097152    262144     0.000426   1.42       0.000038   1.42       9   
remove    -          -          -          -          -          -          0.003849   9   
Max Write: 7598.69 MiB/sec (7967.81 MB/sec)
Max Read:  2938.05 MiB/sec (3080.77 MB/sec)

Summary of all tests:
Operation   Max(MiB)   Min(MiB)  Mean(MiB)     StdDev   Max(OPs)   Min(OPs)  Mean(OPs)     StdDev    Mean(s) Test# #Tasks tPN reps fPP reord reordoff reordrand seed segcnt   blksiz    xsize aggs(MiB)   API RefNum
write        7598.69    5579.59    7082.40     737.63      29.68      21.80      27.67       2.88    0.58581     0      2   1   10   0     1        1         0    0      1 2147483648 268435456    4096.0 MPIIO      0
read         2938.05    2823.58    2875.46      38.17      11.48      11.03      11.23       0.15    1.42472     0      2   1   10   0     1        1         0    0      1 2147483648 268435456    4096.0 MPIIO      0
Finished            : Thu Jun  6 16:15:10 2019
