IOR-3.2.0: MPI Coordinated Test of Parallel I/O
Began               : Thu Jun  6 17:29:26 2019
Command line        : /glade/work/kpaul/software/ncar-ior/bin/ior -a POSIX -w -r -C -i10 -g -t 256m -b 1024m -e -F
Machine             : Linux r14i0n9
TestID              : 0
StartTime           : Thu Jun  6 17:29:26 2019
Path                : /gpfs/fs1/scratch/kpaul/ior_scaling
FS                  : 15000.0 TiB   Used FS: 59.6%   Inodes: 2355.6 Mi   Used Inodes: 62.6%

Options: 
api                 : POSIX
apiVersion          : 
test filename       : testFile
access              : file-per-process
type                : independent
segments            : 1
ordering in a file  : sequential
ordering inter file : constant task offset
task offset         : 1
tasks               : 16
clients per node    : 1
repetitions         : 10
xfersize            : 256 MiB
blocksize           : 1 GiB
aggregate filesize  : 16 GiB

Results: 

access    bw(MiB/s)  block(KiB) xfer(KiB)  open(s)    wr/rd(s)   close(s)   total(s)   iter
------    ---------  ---------- ---------  --------   --------   --------   --------   ----
write     10628      1048576    262144     0.877544   0.663974   0.000057   1.54       0   
read      47313      1048576    262144     0.015181   0.331027   0.000052   0.346288   0   
remove    -          -          -          -          -          -          0.007064   0   
write     12208      1048576    262144     0.724758   0.617235   0.000060   1.34       1   
read      46724      1048576    262144     0.016906   0.333672   0.000049   0.350655   1   
remove    -          -          -          -          -          -          0.007420   1   
write     43348      1048576    262144     0.008173   0.369715   0.000052   0.377965   2   
read      45908      1048576    262144     0.017251   0.339553   0.000058   0.356885   2   
remove    -          -          -          -          -          -          0.007314   2   
write     14475      1048576    262144     0.574792   0.556973   0.000050   1.13       3   
read      45090      1048576    262144     0.014714   0.348575   0.000049   0.363364   3   
remove    -          -          -          -          -          -          0.006175   3   
write     42108      1048576    262144     0.007481   0.381531   0.000054   0.389091   4   
read      45786      1048576    262144     0.016250   0.341511   0.000053   0.357835   4   
remove    -          -          -          -          -          -          0.008311   4   
write     41750      1048576    262144     0.007665   0.384683   0.000055   0.392432   5   
read      47027      1048576    262144     0.016910   0.331411   0.000051   0.348394   5   
remove    -          -          -          -          -          -          0.007985   5   
write     43787      1048576    262144     0.008327   0.365768   0.000057   0.374172   6   
read      46761      1048576    262144     0.018325   0.331980   0.000051   0.350379   6   
remove    -          -          -          -          -          -          0.008128   6   
write     19551      1048576    262144     0.457851   0.380077   0.000080   0.838029   7   
read      46727      1048576    262144     0.017586   0.332969   0.000053   0.350629   7   
remove    -          -          -          -          -          -          0.008191   7   
write     41767      1048576    262144     0.008315   0.383874   0.000064   0.392273   8   
read      46758      1048576    262144     0.016791   0.333534   0.000056   0.350401   8   
remove    -          -          -          -          -          -          0.007143   8   
write     43197      1048576    262144     0.007755   0.371449   0.000058   0.379289   9   
read      45549      1048576    262144     0.017770   0.341857   0.000046   0.359699   9   
remove    -          -          -          -          -          -          0.007947   9   
Max Write: 43787.39 MiB/sec (45914.41 MB/sec)
Max Read:  47313.20 MiB/sec (49611.48 MB/sec)

Summary of all tests:
Operation   Max(MiB)   Min(MiB)  Mean(MiB)     StdDev   Max(OPs)   Min(OPs)  Mean(OPs)     StdDev    Mean(s) Test# #Tasks tPN reps fPP reord reordoff reordrand seed segcnt   blksiz    xsize aggs(MiB)   API RefNum
write       43787.39   10627.86   31281.88   14110.81     171.04      41.52     122.19      55.12    0.71588     0     16   1   10   1     1        1         0    0      1 1073741824 268435456   16384.0 POSIX      0
read        47313.20   45089.80   46364.41     688.74     184.82     176.13     181.11       2.69    0.35345     0     16   1   10   1     1        1         0    0      1 1073741824 268435456   16384.0 POSIX      0
Finished            : Thu Jun  6 17:29:38 2019
