IOR-3.2.0: MPI Coordinated Test of Parallel I/O
Began               : Thu Jun  6 16:25:47 2019
Command line        : /glade/work/kpaul/software/ncar-ior/bin/ior -a MPIIO -w -r -C -i10 -g -t 256m -b 512m -c
Machine             : Linux r8i1n18
TestID              : 0
StartTime           : Thu Jun  6 16:25:47 2019
Path                : /gpfs/fs1/scratch/kpaul/ior_scaling
FS                  : 15000.0 TiB   Used FS: 59.5%   Inodes: 2355.6 Mi   Used Inodes: 62.6%

Options: 
api                 : MPIIO
apiVersion          : (3.1)
test filename       : testFile
access              : single-shared-file
type                : collective
segments            : 1
ordering in a file  : sequential
ordering inter file : constant task offset
task offset         : 1
tasks               : 4
clients per node    : 1
repetitions         : 10
xfersize            : 256 MiB
blocksize           : 512 MiB
aggregate filesize  : 2 GiB

Results: 

access    bw(MiB/s)  block(KiB) xfer(KiB)  open(s)    wr/rd(s)   close(s)   total(s)   iter
------    ---------  ---------- ---------  --------   --------   --------   --------   ----
write     12124      524288     262144     0.007225   0.161564   0.000105   0.168915   0   
read      5223       524288     262144     0.000494   0.391561   0.000036   0.392100   0   
remove    -          -          -          -          -          -          0.003454   0   
write     12314      524288     262144     0.007337   0.158865   0.000088   0.166310   1   
read      4399       524288     262144     0.000434   0.465059   0.000039   0.465540   1   
remove    -          -          -          -          -          -          0.003679   1   
write     12436      524288     262144     0.006977   0.157596   0.000089   0.164677   2   
read      5810       524288     262144     0.000467   0.351955   0.000036   0.352466   2   
remove    -          -          -          -          -          -          0.003512   2   
write     12553      524288     262144     0.005476   0.157569   0.000093   0.163152   3   
read      3536.15    524288     262144     0.000445   0.578668   0.000040   0.579160   3   
remove    -          -          -          -          -          -          0.004735   3   
write     12417      524288     262144     0.006226   0.158603   0.000090   0.164934   4   
read      5810       524288     262144     0.000418   0.352033   0.000035   0.352494   4   
remove    -          -          -          -          -          -          0.003977   4   
write     12484      524288     262144     0.006633   0.157306   0.000094   0.164048   5   
read      5810       524288     262144     0.000509   0.351918   0.000038   0.352473   5   
remove    -          -          -          -          -          -          0.003775   5   
write     12456      524288     262144     0.006646   0.157674   0.000088   0.164422   6   
read      4747       524288     262144     0.000454   0.430904   0.000037   0.431403   6   
remove    -          -          -          -          -          -          0.003731   6   
write     12460      524288     262144     0.006910   0.157353   0.000093   0.164371   7   
read      5811       524288     262144     0.000487   0.351892   0.000037   0.352423   7   
remove    -          -          -          -          -          -          0.003833   7   
write     12477      524288     262144     0.006457   0.157584   0.000086   0.164147   8   
read      5797       524288     262144     0.000431   0.352833   0.000037   0.353309   8   
remove    -          -          -          -          -          -          0.005222   8   
write     12401      524288     262144     0.007427   0.157577   0.000125   0.165143   9   
read      5810       524288     262144     0.000434   0.352001   0.000036   0.352480   9   
remove    -          -          -          -          -          -          0.003472   9   
Max Write: 12552.69 MiB/sec (13162.44 MB/sec)
Max Read:  5811.20 MiB/sec (6093.48 MB/sec)

Summary of all tests:
Operation   Max(MiB)   Min(MiB)  Mean(MiB)     StdDev   Max(OPs)   Min(OPs)  Mean(OPs)     StdDev    Mean(s) Test# #Tasks tPN reps fPP reord reordoff reordrand seed segcnt   blksiz    xsize aggs(MiB)   API RefNum
write       12552.69   12124.43   12412.26     112.39      49.03      47.36      48.49       0.44    0.16501     0      4   1   10   0     1        1         0    0      1 536870912 268435456    2048.0 MPIIO      0
read         5811.20    3536.15    5275.48     760.10      22.70      13.81      20.61       2.97    0.39838     0      4   1   10   0     1        1         0    0      1 536870912 268435456    2048.0 MPIIO      0
Finished            : Thu Jun  6 16:25:54 2019
