IOR-3.2.0: MPI Coordinated Test of Parallel I/O
Began               : Thu Jun  6 15:21:00 2019
Command line        : /glade/work/kpaul/software/ncar-ior/bin/ior -a MPIIO -w -r -C -i10 -g -t 128m -b 128m -c
Machine             : Linux r1i1n0
TestID              : 0
StartTime           : Thu Jun  6 15:21:00 2019
Path                : /gpfs/fs1/scratch/kpaul/ior_scaling
FS                  : 15000.0 TiB   Used FS: 59.5%   Inodes: 2355.6 Mi   Used Inodes: 62.6%

Options: 
api                 : MPIIO
apiVersion          : (3.1)
test filename       : testFile
access              : single-shared-file
type                : collective
segments            : 1
ordering in a file  : sequential
ordering inter file : constant task offset
task offset         : 1
tasks               : 1
clients per node    : 1
repetitions         : 10
xfersize            : 128 MiB
blocksize           : 128 MiB
aggregate filesize  : 128 MiB

Results: 

access    bw(MiB/s)  block(KiB) xfer(KiB)  open(s)    wr/rd(s)   close(s)   total(s)   iter
------    ---------  ---------- ---------  --------   --------   --------   --------   ----
write     3100.46    131072     131072     0.000830   0.040383   0.000069   0.041284   0   
read      770.59     131072     131072     0.000246   0.165824   0.000036   0.166107   0   
remove    -          -          -          -          -          -          0.000354   0   
write     3099.24    131072     131072     0.000741   0.040504   0.000054   0.041300   1   
read      1445.94    131072     131072     0.000184   0.088305   0.000034   0.088524   1   
remove    -          -          -          -          -          -          0.000397   1   
write     3108.45    131072     131072     0.000783   0.040340   0.000053   0.041178   2   
read      2832.12    131072     131072     0.000278   0.044884   0.000033   0.045196   2   
remove    -          -          -          -          -          -          0.000371   2   
write     3101.05    131072     131072     0.000714   0.040510   0.000051   0.041276   3   
read      2091.77    131072     131072     0.000192   0.060966   0.000033   0.061192   3   
remove    -          -          -          -          -          -          0.000426   3   
write     3082.43    131072     131072     0.000789   0.040685   0.000050   0.041526   4   
read      2047.72    131072     131072     0.000254   0.062221   0.000032   0.062509   4   
remove    -          -          -          -          -          -          0.002040   4   
write     3067.03    131072     131072     0.000882   0.040796   0.000055   0.041734   5   
read      1392.10    131072     131072     0.000287   0.091626   0.000033   0.091947   5   
remove    -          -          -          -          -          -          0.000449   5   
write     3101.29    131072     131072     0.000881   0.040341   0.000049   0.041273   6   
read      1154.71    131072     131072     0.000204   0.110605   0.000039   0.110850   6   
remove    -          -          -          -          -          -          0.000400   6   
write     3082.59    131072     131072     0.001007   0.040466   0.000049   0.041523   7   
read      1959.50    131072     131072     0.000205   0.065083   0.000033   0.065323   7   
remove    -          -          -          -          -          -          0.000373   7   
write     3108.64    131072     131072     0.000709   0.040416   0.000049   0.041176   8   
read      673.71     131072     131072     0.000300   0.189657   0.000034   0.189993   8   
remove    -          -          -          -          -          -          0.001154   8   
write     3090.50    131072     131072     0.000796   0.040570   0.000050   0.041417   9   
read      662.15     131072     131072     0.000313   0.192957   0.000038   0.193310   9   
remove    -          -          -          -          -          -          0.000723   9   
Max Write: 3108.64 MiB/sec (3259.65 MB/sec)
Max Read:  2832.12 MiB/sec (2969.69 MB/sec)

Summary of all tests:
Operation   Max(MiB)   Min(MiB)  Mean(MiB)     StdDev   Max(OPs)   Min(OPs)  Mean(OPs)     StdDev    Mean(s) Test# #Tasks tPN reps fPP reord reordoff reordrand seed segcnt   blksiz    xsize aggs(MiB)   API RefNum
write        3108.64    3067.03    3094.17      12.64      24.29      23.96      24.17       0.10    0.04137     0      1   1   10   0     1        1         0    0      1 134217728 134217728     128.0 MPIIO      0
read         2832.12     662.15    1503.03     684.57      22.13       5.17      11.74       5.35    0.10750     0      1   1   10   0     1        1         0    0      1 134217728 134217728     128.0 MPIIO      0
Finished            : Thu Jun  6 15:21:02 2019
