IOR-3.2.0: MPI Coordinated Test of Parallel I/O
Began               : Thu Jun  6 16:10:08 2019
Command line        : /glade/work/kpaul/software/ncar-ior/bin/ior -a Z5 -w -r -C -i10 -g -t 256m -b 2048m
Machine             : Linux r11i3n24
TestID              : 0
StartTime           : Thu Jun  6 16:10:08 2019
Path                : /gpfs/fs1/scratch/kpaul/ior_scaling
FS                  : 15000.0 TiB   Used FS: 59.5%   Inodes: 2355.6 Mi   Used Inodes: 62.6%

Options: 
api                 : Z5
apiVersion          : (null)
test filename       : testFile
access              : single-shared-file
type                : independent
segments            : 1
ordering in a file  : sequential
ordering inter file : constant task offset
task offset         : 1
tasks               : 2
clients per node    : 1
repetitions         : 10
xfersize            : 256 MiB
blocksize           : 2 GiB
aggregate filesize  : 4 GiB

Results: 

access    bw(MiB/s)  block(KiB) xfer(KiB)  open(s)    wr/rd(s)   close(s)   total(s)   iter
------    ---------  ---------- ---------  --------   --------   --------   --------   ----
write     1084.80    2097152    262144     0.004084   3.77       0.000005   3.78       0   
read      178.03     2097152    262144     0.000000   23.01      0.000012   23.01      0   
remove    -          -          -          -          -          -          0.022029   0   
write     1159.74    2097152    262144     0.000497   3.53       0.000013   3.53       1   
read      177.47     2097152    262144     0.000009   23.08      0.000012   23.08      1   
remove    -          -          -          -          -          -          0.023630   1   
write     1159.89    2097152    262144     0.000507   3.53       0.000022   3.53       2   
read      179.08     2097152    262144     0.000017   22.87      0.000030   22.87      2   
remove    -          -          -          -          -          -          0.021519   2   
write     1156.54    2097152    262144     0.000521   3.54       0.000031   3.54       3   
read      177.94     2097152    262144     0.000026   23.02      0.000039   23.02      3   
remove    -          -          -          -          -          -          0.023099   3   
write     1158.01    2097152    262144     0.000524   3.54       0.000039   3.54       4   
read      178.31     2097152    262144     0.000035   22.97      0.000047   22.97      4   
remove    -          -          -          -          -          -          0.023847   4   
write     1150.64    2097152    262144     0.000529   3.56       0.000048   3.56       5   
read      178.54     2097152    262144     0.000044   22.94      0.000057   22.94      5   
remove    -          -          -          -          -          -          0.022794   5   
write     1149.50    2097152    262144     0.000534   3.56       0.000056   3.56       6   
read      178.80     2097152    262144     0.000052   22.91      0.000065   22.91      6   
remove    -          -          -          -          -          -          0.023318   6   
write     1147.80    2097152    262144     0.000549   3.57       0.000066   3.57       7   
read      171.59     2097152    262144     0.000060   23.87      0.000074   23.87      7   
remove    -          -          -          -          -          -          0.016613   7   
write     1157.36    2097152    262144     0.000606   3.54       0.000074   3.54       8   
read      178.88     2097152    262144     0.000069   22.90      0.000071   22.90      8   
remove    -          -          -          -          -          -          0.023516   8   
write     1069.19    2097152    262144     0.000565   3.83       0.000082   3.83       9   
read      179.26     2097152    262144     0.000077   22.85      0.000090   22.85      9   
remove    -          -          -          -          -          -          0.022156   9   
Max Write: 1159.89 MiB/sec (1216.24 MB/sec)
Max Read:  179.26 MiB/sec (187.97 MB/sec)

Summary of all tests:
Operation   Max(MiB)   Min(MiB)  Mean(MiB)     StdDev   Max(OPs)   Min(OPs)  Mean(OPs)     StdDev    Mean(s) Test# #Tasks tPN reps fPP reord reordoff reordrand seed segcnt   blksiz    xsize aggs(MiB)   API RefNum
write        1159.89    1069.19    1139.35      31.63       4.53       4.18       4.45       0.12    3.59793     0      2   1   10   0     1        1         0    0      1 2147483648 268435456    4096.0  Z5      0
read          179.26     171.59     177.79       2.13       0.70       0.67       0.69       0.01   23.04218     0      2   1   10   0     1        1         0    0      1 2147483648 268435456    4096.0  Z5      0
Finished            : Thu Jun  6 16:14:35 2019
