IOR-3.2.0: MPI Coordinated Test of Parallel I/O
Began               : Thu Jun  6 15:52:38 2019
Command line        : /glade/work/kpaul/software/ncar-ior/bin/ior -a HDF5 -w -r -C -i10 -g -t 16m -b 16m -c
Machine             : Linux r11i3n24
TestID              : 0
StartTime           : Thu Jun  6 15:52:38 2019
Path                : /gpfs/fs1/scratch/kpaul/ior_scaling
FS                  : 15000.0 TiB   Used FS: 59.5%   Inodes: 2355.6 Mi   Used Inodes: 62.6%

Options: 
api                 : HDF5
apiVersion          : 1.8.21 (Parallel)
test filename       : testFile
access              : single-shared-file
type                : collective
segments            : 1
ordering in a file  : sequential
ordering inter file : constant task offset
task offset         : 1
tasks               : 2
clients per node    : 1
repetitions         : 10
xfersize            : 16 MiB
blocksize           : 16 MiB
aggregate filesize  : 32 MiB

Results: 

access    bw(MiB/s)  block(KiB) xfer(KiB)  open(s)    wr/rd(s)   close(s)   total(s)   iter
------    ---------  ---------- ---------  --------   --------   --------   --------   ----
write     205.60     16384      16384      0.004996   0.081963   0.068674   0.155642   0   
read      797.66     16384      16384      0.004466   0.035437   0.000209   0.040117   0   
remove    -          -          -          -          -          -          0.000282   0   
write     319.15     16384      16384      0.001554   0.041586   0.057120   0.100265   1   
read      1469.57    16384      16384      0.004122   0.017493   0.000154   0.021775   1   
remove    -          -          -          -          -          -          0.000380   1   
write     335.09     16384      16384      0.001729   0.035796   0.057965   0.095496   2   
read      1482.34    16384      16384      0.004228   0.017185   0.000169   0.021587   2   
remove    -          -          -          -          -          -          0.000373   2   
write     619.22     16384      16384      0.002125   0.022984   0.026563   0.051678   3   
read      1166.96    16384      16384      0.002886   0.024378   0.000152   0.027422   3   
remove    -          -          -          -          -          -          0.000306   3   
write     425.31     16384      16384      0.002527   0.022014   0.050693   0.075239   4   
read      1451.44    16384      16384      0.004710   0.017167   0.000163   0.022047   4   
remove    -          -          -          -          -          -          0.000326   4   
write     251.09     16384      16384      0.001275   0.050896   0.075267   0.127443   5   
read      1477.24    16384      16384      0.004302   0.017204   0.000150   0.021662   5   
remove    -          -          -          -          -          -          0.000302   5   
write     476.37     16384      16384      0.001628   0.021564   0.043977   0.067175   6   
read      1526.86    16384      16384      0.004191   0.016603   0.000158   0.020958   6   
remove    -          -          -          -          -          -          0.000305   6   
write     498.29     16384      16384      0.001632   0.020898   0.041684   0.064220   7   
read      1439.50    16384      16384      0.004282   0.017758   0.000185   0.022230   7   
remove    -          -          -          -          -          -          0.000233   7   
write     697.02     16384      16384      0.001288   0.019536   0.025080   0.045909   8   
read      1395.70    16384      16384      0.003569   0.019198   0.000155   0.022928   8   
remove    -          -          -          -          -          -          0.000358   8   
write     587.58     16384      16384      0.001616   0.021289   0.031550   0.054460   9   
read      1634.57    16384      16384      0.002806   0.016612   0.000154   0.019577   9   
remove    -          -          -          -          -          -          0.000394   9   
Max Write: 697.02 MiB/sec (730.88 MB/sec)
Max Read:  1634.57 MiB/sec (1713.97 MB/sec)

Summary of all tests:
Operation   Max(MiB)   Min(MiB)  Mean(MiB)     StdDev   Max(OPs)   Min(OPs)  Mean(OPs)     StdDev    Mean(s) Test# #Tasks tPN reps fPP reord reordoff reordrand seed segcnt   blksiz    xsize aggs(MiB)   API RefNum
write         697.02     205.60     441.47     155.28      43.56      12.85      27.59       9.70    0.08375     0      2   1   10   0     1        1         0    0      1 16777216 16777216      32.0 HDF5      0
read         1634.57     797.66    1384.18     225.29     102.16      49.85      86.51      14.08    0.02403     0      2   1   10   0     1        1         0    0      1 16777216 16777216      32.0 HDF5      0
Finished            : Thu Jun  6 15:52:39 2019
