IOR-3.2.0: MPI Coordinated Test of Parallel I/O
Began               : Thu Jun  6 16:25:39 2019
Command line        : /glade/work/kpaul/software/ncar-ior/bin/ior -a NCMPI -w -r -C -i10 -g -t 256m -b 512m
Machine             : Linux r8i1n18
TestID              : 0
StartTime           : Thu Jun  6 16:25:39 2019
Path                : /gpfs/fs1/scratch/kpaul/ior_scaling
FS                  : 15000.0 TiB   Used FS: 59.5%   Inodes: 2355.6 Mi   Used Inodes: 62.6%

Options: 
api                 : NCMPI
apiVersion          : 1.11.0 of 19 Dec 2018
test filename       : testFile
access              : single-shared-file
type                : independent
segments            : 1
ordering in a file  : sequential
ordering inter file : constant task offset
task offset         : 1
tasks               : 4
clients per node    : 1
repetitions         : 10
xfersize            : 256 MiB
blocksize           : 512 MiB
aggregate filesize  : 2 GiB

Results: 

access    bw(MiB/s)  block(KiB) xfer(KiB)  open(s)    wr/rd(s)   close(s)   total(s)   iter
------    ---------  ---------- ---------  --------   --------   --------   --------   ----
write     3079.82    524288     262144     0.006584   0.608377   0.049997   0.664974   0   
read      6637       524288     262144     0.000938   0.289193   0.018432   0.308581   0   
remove    -          -          -          -          -          -          0.001749   0   
write     3897       524288     262144     0.006944   0.515832   0.002714   0.525506   1   
read      7522       524288     262144     0.002357   0.267001   0.002883   0.272259   1   
remove    -          -          -          -          -          -          0.006743   1   
write     4422       524288     262144     0.006965   0.453404   0.002795   0.463184   2   
read      8130       524288     262144     0.000709   0.250607   0.000579   0.251911   2   
remove    -          -          -          -          -          -          0.002011   2   
write     4631       524288     262144     0.006503   0.432793   0.002911   0.442223   3   
read      6946       524288     262144     0.000673   0.291756   0.002414   0.294858   3   
remove    -          -          -          -          -          -          0.002182   3   
write     4449       524288     262144     0.006651   0.449796   0.003882   0.460344   4   
read      10551      524288     262144     0.000698   0.172942   0.020452   0.194114   4   
remove    -          -          -          -          -          -          0.001853   4   
write     4517       524288     262144     0.006783   0.445737   0.000844   0.453380   5   
read      8247       524288     262144     0.000670   0.246844   0.000804   0.248334   5   
remove    -          -          -          -          -          -          0.002091   5   
write     4917       524288     262144     0.006660   0.406846   0.003000   0.416522   6   
read      7496       524288     262144     0.000667   0.269055   0.003478   0.273215   6   
remove    -          -          -          -          -          -          0.001826   6   
write     3119.98    524288     262144     0.006189   0.648955   0.001256   0.656414   7   
read      6672       524288     262144     0.003711   0.295760   0.007463   0.306955   7   
remove    -          -          -          -          -          -          0.004996   7   
write     4430       524288     262144     0.006378   0.444418   0.011517   0.462328   8   
read      3802       524288     262144     0.000644   0.494782   0.043261   0.538701   8   
remove    -          -          -          -          -          -          0.001964   8   
write     3659       524288     262144     0.005970   0.549776   0.003931   0.559696   9   
read      3749       524288     262144     0.002197   0.541037   0.003011   0.546268   9   
remove    -          -          -          -          -          -          0.004572   9   
Max Write: 4916.91 MiB/sec (5155.75 MB/sec)
Max Read:  10550.51 MiB/sec (11063.02 MB/sec)

Summary of all tests:
Operation   Max(MiB)   Min(MiB)  Mean(MiB)     StdDev   Max(OPs)   Min(OPs)  Mean(OPs)     StdDev    Mean(s) Test# #Tasks tPN reps fPP reord reordoff reordrand seed segcnt   blksiz    xsize aggs(MiB)   API RefNum
write        4916.91    3079.82    4112.15     607.66      19.21      12.03      16.06       2.37    0.51046     0      4   1   10   0     1        1         0    0      1 536870912 268435456    2048.0 NCMPI      0
read        10550.51    3749.08    6975.09    1923.28      41.21      14.64      27.25       7.51    0.32352     0      4   1   10   0     1        1         0    0      1 536870912 268435456    2048.0 NCMPI      0
Finished            : Thu Jun  6 16:25:47 2019
