IOR-3.2.0: MPI Coordinated Test of Parallel I/O
Began               : Thu Jun  6 15:52:40 2019
Command line        : /glade/work/kpaul/software/ncar-ior/bin/ior -a Z5 -w -r -C -i10 -g -t 32m -b 32m
Machine             : Linux r11i3n24
TestID              : 0
StartTime           : Thu Jun  6 15:52:40 2019
Path                : /gpfs/fs1/scratch/kpaul/ior_scaling
FS                  : 15000.0 TiB   Used FS: 59.5%   Inodes: 2355.6 Mi   Used Inodes: 62.6%

Options: 
api                 : Z5
apiVersion          : (null)
test filename       : testFile
access              : single-shared-file
type                : independent
segments            : 1
ordering in a file  : sequential
ordering inter file : constant task offset
task offset         : 1
tasks               : 2
clients per node    : 1
repetitions         : 10
xfersize            : 32 MiB
blocksize           : 32 MiB
aggregate filesize  : 64 MiB

Results: 

access    bw(MiB/s)  block(KiB) xfer(KiB)  open(s)    wr/rd(s)   close(s)   total(s)   iter
------    ---------  ---------- ---------  --------   --------   --------   --------   ----
write     597.41     32768      32768      0.008760   0.098338   0.000013   0.107129   0   
read      158.80     32768      32768      0.000002   0.403005   0.000003   0.403025   0   
remove    -          -          -          -          -          -          0.009571   0   
write     448.44     32768      32768      0.070736   0.071956   0.000007   0.142718   1   
read      165.17     32768      32768      0.000001   0.387469   0.000004   0.387489   1   
remove    -          -          -          -          -          -          0.010058   1   
write     841.50     32768      32768      0.000368   0.075652   0.000017   0.076055   2   
read      165.47     32768      32768      0.000001   0.386747   0.000004   0.386766   2   
remove    -          -          -          -          -          -          0.009568   2   
write     850.52     32768      32768      0.000368   0.074857   0.000006   0.075248   3   
read      155.58     32768      32768      0.000001   0.411339   0.000004   0.411357   3   
remove    -          -          -          -          -          -          0.006278   3   
write     861.11     32768      32768      0.000361   0.073938   0.000006   0.074323   4   
read      165.41     32768      32768      0.000001   0.386890   0.000005   0.386909   4   
remove    -          -          -          -          -          -          0.011391   4   
write     851.49     32768      32768      0.000362   0.074778   0.000005   0.075163   5   
read      157.79     32768      32768      0.000001   0.405575   0.000005   0.405598   5   
remove    -          -          -          -          -          -          0.009634   5   
write     896.14     32768      32768      0.000364   0.071032   0.000004   0.071417   6   
read      168.36     32768      32768      0.000001   0.380113   0.000005   0.380131   6   
remove    -          -          -          -          -          -          0.009990   6   
write     817.08     32768      32768      0.000384   0.077916   0.000011   0.078328   7   
read      167.70     32768      32768      0.000001   0.381607   0.000006   0.381627   7   
remove    -          -          -          -          -          -          0.012031   7   
write     822.60     32768      32768      0.000401   0.077380   0.000004   0.077802   8   
read      167.26     32768      32768      0.000001   0.382612   0.000004   0.382635   8   
remove    -          -          -          -          -          -          0.011001   8   
write     808.30     32768      32768      0.001358   0.077798   0.000004   0.079179   9   
read      167.63     32768      32768      0.000002   0.381780   0.000006   0.381799   9   
remove    -          -          -          -          -          -          0.010758   9   
Max Write: 896.14 MiB/sec (939.67 MB/sec)
Max Read:  168.36 MiB/sec (176.54 MB/sec)

Summary of all tests:
Operation   Max(MiB)   Min(MiB)  Mean(MiB)     StdDev   Max(OPs)   Min(OPs)  Mean(OPs)     StdDev    Mean(s) Test# #Tasks tPN reps fPP reord reordoff reordrand seed segcnt   blksiz    xsize aggs(MiB)   API RefNum
write         896.14     448.44     779.46     134.61      28.00      14.01      24.36       4.21    0.08574     0      2   1   10   0     1        1         0    0      1 33554432 33554432      64.0  Z5      0
read          168.36     155.58     163.92       4.45       5.26       4.86       5.12       0.14    0.39073     0      2   1   10   0     1        1         0    0      1 33554432 33554432      64.0  Z5      0
Finished            : Thu Jun  6 15:52:45 2019
